#
# A fatal error has been detected by the Java Runtime Environment:
#
#  EXCEPTION_ACCESS_VIOLATION (0xc0000005) at pc=0x000002566edc8280, pid=15964, tid=1132
#
# JRE version: Java(TM) SE Runtime Environment (12.0.2+10) (build 12.0.2+10)
# Java VM: Java HotSpot(TM) 64-Bit Server VM (12.0.2+10, mixed mode, sharing, tiered, compressed oops, g1 gc, windows-amd64)
# Problematic frame:
# J 2896 c2 org.processmining.framework.plugin.impl.PluginManagerImpl.checkIfRequestedReturnTypeIsPresent(Lorg/processmining/framework/plugin/PluginDescriptor;Ljava/lang/Class;)I (50 bytes) @ 0x000002566edc8280 [0x000002566edc8160+0x0000000000000120]
#
# No core dump will be written. Minidumps are not enabled by default on client versions of Windows
#
# If you would like to submit a bug report, please visit:
#   http://bugreport.java.com/bugreport/crash.jsp
#

---------------  S U M M A R Y ------------

Command Line: -Djava.system.class.loader=org.processmining.framework.util.ProMClassLoader -Dfile.encoding=UTF-8 org.processmining.contexts.uitopia.UI

Host: Intel(R) Core(TM) i7-8565U CPU @ 1.80GHz, 8 cores, 7G,  Windows 10 , 64 bit Build 19041 (10.0.19041.928)
Time: Tue Apr 27 20:25:27 2021 SE Asia Standard Time elapsed time: 25 seconds (0d 0h 0m 25s)

---------------  T H R E A D  ---------------

Current thread (0x000002565d56a800):  JavaThread "main" [_thread_in_Java, id=1132, stack(0x0000008f7c400000,0x0000008f7c500000)]

Stack: [0x0000008f7c400000,0x0000008f7c500000],  sp=0x0000008f7c4fe4b0,  free space=1017k
Native frames: (J=compiled Java code, j=interpreted, Vv=VM code, C=native code)
C  0x000002566edc8280


siginfo: EXCEPTION_ACCESS_VIOLATION (0xc0000005), reading address 0xffffffffffffffff


Register to memory mapping:

RIP=0x000002566edc8280 is at entry_point+288 in (nmethod*)0x000002566edc7f10
RAX=0x000002566edc8190 is at entry_point+48 in (nmethod*)0x000002566edc7f10
RBX=0x0000000000000001 is an unknown value
RCX=0x00000000863d2da0 points into unknown readable memory: 11 00 00 00 00 00 00 00
RDX=0x00000008001219f8 is pointing into metadata
RSP=0x0000008f7c4fe4b0 is pointing into the stack for thread: 0x000002565d56a800
RBP=0x0000008f7c4fe7a8 is pointing into the stack for thread: 0x000002565d56a800
RSI=0x0000000000000001 is an unknown value
RDI=0x00000000863d2da0 points into unknown readable memory: 11 00 00 00 00 00 00 00
R8 =0x00000008001219f8 is pointing into metadata
R9 =0x0000000082ae73f0 points into unknown readable memory: 11 bd 17 6b 7d 00 00 00
R10=0x0000000000053510 is an unknown value
R11=0x82ae75a000000000 is an unknown value
R12=0x0 is NULL
R13=0x00000000863d2d88 points into unknown readable memory: 15 00 00 00 00 00 00 00
R14=0x0000000000000048 is an unknown value
R15=0x000002565d56a800 is a thread


Registers:
RAX=0x000002566edc8190, RBX=0x0000000000000001, RCX=0x00000000863d2da0, RDX=0x00000008001219f8
RSP=0x0000008f7c4fe4b0, RBP=0x0000008f7c4fe7a8, RSI=0x0000000000000001, RDI=0x00000000863d2da0
R8 =0x00000008001219f8, R9 =0x0000000082ae73f0, R10=0x0000000000053510, R11=0x82ae75a000000000
R12=0x0000000000000000, R13=0x00000000863d2d88, R14=0x0000000000000048, R15=0x000002565d56a800
RIP=0x000002566edc8280, EFLAGS=0x0000000000010246

Top of Stack: (sp=0x0000008f7c4fe4b0)
0x0000008f7c4fe4b0:   00000008011cc308 82ae75a000000000
0x0000008f7c4fe4c0:   0000008f7c4fe500 0000008f7c4fe4f0
0x0000008f7c4fe4d0:   000002567e641e40 0000000084d78508
0x0000008f7c4fe4e0:   0000000000000001 000002566edc8190
0x0000008f7c4fe4f0:   0000008f7c4fe7a8 0000000000000206
0x0000008f7c4fe500:   0000008f7c4fe7a8 0000025667c64d44
0x0000008f7c4fe510:   0000000082ae65d8 00000008003d4930
0x0000008f7c4fe520:   000000080120bda8 0000000085432938
0x0000008f7c4fe530:   0000000000000001 00000000853d6160
0x0000008f7c4fe540:   0000008f7c4fe7a8 0000025667c695c4
0x0000008f7c4fe550:   0000000100000000 0000000088422ed0
0x0000008f7c4fe560:   000000004e60f3f4 0000000088423ee0
0x0000008f7c4fe570:   00000000895eea40 000000008201ec40
0x0000008f7c4fe580:   0000000000000000 00000000895eea28
0x0000008f7c4fe590:   0000008f7c4fe5c0 0000000088422f00
0x0000008f7c4fe5a0:   0000000000000000 0000000082ae73f0 

Instructions: (pc=0x000002566edc8280)
0x000002566edc8180:   f8 66 66 90 0f 1f 84 00 00 00 00 00 66 66 66 90
0x000002566edc8190:   89 84 24 00 90 ff ff 55 48 83 ec 50 c4 e1 f9 6e
0x000002566edc81a0:   d2 45 8b 50 08 41 81 fa d3 18 24 00 0f 85 2d 16
0x000002566edc81b0:   00 00 45 8b 58 1c 45 8b 53 08 48 bb 00 00 00 00
0x000002566edc81c0:   08 00 00 00 4a 8d 1c d3 48 8b 53 20 48 b9 f8 19
0x000002566edc81d0:   12 00 08 00 00 00 48 3b d1 0f 85 9b 04 00 00 4d
0x000002566edc81e0:   8b eb 41 81 fa 2a 0d 06 00 74 18 41 81 fa 10 35
0x000002566edc81f0:   05 00 0f 85 cd 16 00 00 49 8b cd 8b 49 10 8b 71
0x000002566edc8200:   0c eb 06 49 8b cd 8b 71 10 85 f6 0f 8e c2 05 00
0x000002566edc8210:   00 49 8b 49 50 44 8b 71 10 41 81 fa 10 35 05 00
0x000002566edc8220:   0f 85 e4 15 00 00 48 89 0c 24 c4 e1 f9 6e c3 49
0x000002566edc8230:   8b cd 8b 49 10 8b 59 0c c5 f9 6e f1 c4 c1 79 6e
0x000002566edc8240:   e3 c4 c1 f9 6e d9 c4 c1 f9 6e c8 4c 8b 1c 24 45
0x000002566edc8250:   8b 5b 08 c4 c1 79 6e eb 45 8b 59 20 4d 63 c6 c4
0x000002566edc8260:   c1 f9 6e f8 49 b8 f8 19 12 00 08 00 00 00 49 3b
0x000002566edc8270:   d0 0f 85 66 05 00 00 4d 8b 5b 50 4c 89 5c 24 08
0x000002566edc8280:   45 8b 5b 10 4d 63 c3 41 81 fa 2a 0d 06 00 0f 84
0x000002566edc8290:   e9 01 00 00 85 db 0f 86 a3 16 00 00 44 8b cb 41
0x000002566edc82a0:   ff c9 44 3b cb 0f 83 85 16 00 00 41 83 fe 20 0f
0x000002566edc82b0:   85 f8 00 00 00 45 33 c9 45 8b e9 41 8b d1 66 90
0x000002566edc82c0:   c4 c1 79 7e f2 47 8b 54 aa 10 45 8b 4a 08 49 8b
0x000002566edc82d0:   c2 41 81 f9 9d 23 07 00 0f 85 0f 18 00 00 48 8b
0x000002566edc82e0:   70 50 48 85 f6 0f 84 4b 15 00 00 c4 c1 f9 7e fa
0x000002566edc82f0:   4e 8b 14 16 4c 8b 0c 24 4d 3b ca 0f 84 dc 0e 00
0x000002566edc8300:   00 49 3b f1 0f 84 16 02 00 00 49 8b c1 50 48 8b
0x000002566edc8310:   c0 48 8b 7e 28 8b 0f 48 83 c7 08 48 85 c0 f2 48
0x000002566edc8320:   af 58 0f 85 04 00 00 00 48 89 46 20 0f 84 a7 05
0x000002566edc8330:   00 00 c4 c1 79 7e e9 45 85 c9 7d 49 4e 8b 14 06
0x000002566edc8340:   48 8b 4c 24 08 49 3b ca 0f 84 e6 02 00 00 41 83
0x000002566edc8350:   fb 20 75 31 48 3b f1 0f 84 b2 0e 00 00 48 8b c1
0x000002566edc8360:   50 48 8b c0 48 8b 7e 28 8b 0f 48 83 c7 08 48 85
0x000002566edc8370:   c0 f2 48 af 58 0f 85 04 00 00 00 48 89 46 20 0f 


Stack slot to memory mapping:
stack at sp + 0 slots: 0x00000008011cc308 is a pointer to class: 
javax.swing.JComponent {0x00000008011cc310}
stack at sp + 1 slots: 0x82ae75a000000000 is an unknown value
stack at sp + 2 slots: 0x0000008f7c4fe500 is pointing into the stack for thread: 0x000002565d56a800
stack at sp + 3 slots: 0x0000008f7c4fe4f0 is pointing into the stack for thread: 0x000002565d56a800
stack at sp + 4 slots: {method} {0x000002567e641e48} 'checkIfRequestedReturnTypeIsPresent' '(Lorg/processmining/framework/plugin/PluginDescriptor;Ljava/lang/Class;)I' in 'org/processmining/framework/plugin/impl/PluginManagerImpl'
stack at sp + 5 slots: 0x0000000084d78508 is an oop: org.processmining.framework.plugin.impl.PluginManagerImpl 
{0x0000000084d78508} - klass: 'org/processmining/framework/plugin/impl/PluginManagerImpl'
stack at sp + 6 slots: 0x0000000000000001 is an unknown value
stack at sp + 7 slots: 0x000002566edc8190 is at entry_point+48 in (nmethod*)0x000002566edc7f10



---------------  P R O C E S S  ---------------

Threads class SMR info:
_java_thread_list=0x0000025605236350, length=14, elements={
0x000002565d56a800, 0x000002567e1b9000, 0x000002567e1b9800, 0x000002567e1d1800,
0x000002567e1d3800, 0x000002567e1d5000, 0x000002567e1e0800, 0x000002567e1e1000,
0x000002567ec55000, 0x000002567ed00000, 0x00000256007b5800, 0x00000256007b7800,
0x00000256014a9800, 0x000002560238e800
}

Java Threads: ( => current thread )
=>0x000002565d56a800 JavaThread "main" [_thread_in_Java, id=1132, stack(0x0000008f7c400000,0x0000008f7c500000)]
  0x000002567e1b9000 JavaThread "Reference Handler" daemon [_thread_blocked, id=14972, stack(0x0000008f7cb00000,0x0000008f7cc00000)]
  0x000002567e1b9800 JavaThread "Finalizer" daemon [_thread_blocked, id=18352, stack(0x0000008f7cc00000,0x0000008f7cd00000)]
  0x000002567e1d1800 JavaThread "Signal Dispatcher" daemon [_thread_blocked, id=10696, stack(0x0000008f7cd00000,0x0000008f7ce00000)]
  0x000002567e1d3800 JavaThread "Attach Listener" daemon [_thread_blocked, id=11688, stack(0x0000008f7ce00000,0x0000008f7cf00000)]
  0x000002567e1d5000 JavaThread "C2 CompilerThread0" daemon [_thread_blocked, id=8164, stack(0x0000008f7cf00000,0x0000008f7d000000)]
  0x000002567e1e0800 JavaThread "C1 CompilerThread0" daemon [_thread_blocked, id=10224, stack(0x0000008f7d000000,0x0000008f7d100000)]
  0x000002567e1e1000 JavaThread "Sweeper thread" daemon [_thread_blocked, id=9168, stack(0x0000008f7d100000,0x0000008f7d200000)]
  0x000002567ec55000 JavaThread "Common-Cleaner" daemon [_thread_blocked, id=7604, stack(0x0000008f7d200000,0x0000008f7d300000)]
  0x000002567ed00000 JavaThread "Service Thread" daemon [_thread_blocked, id=14320, stack(0x0000008f7d300000,0x0000008f7d400000)]
  0x00000256007b5800 JavaThread "Java2D Disposer" daemon [_thread_blocked, id=13164, stack(0x0000008f7d500000,0x0000008f7d600000)]
  0x00000256007b7800 JavaThread "AWT-Windows" daemon [_thread_in_native, id=11312, stack(0x0000008f7da00000,0x0000008f7db00000)]
  0x00000256014a9800 JavaThread "C2 CompilerThread1" daemon [_thread_blocked, id=14828, stack(0x0000008f7d600000,0x0000008f7d700000)]
  0x000002560238e800 JavaThread "C2 CompilerThread2" daemon [_thread_in_native, id=10160, stack(0x0000008f7dc00000,0x0000008f7dd00000)]

Other Threads:
  0x000002567e1b8000 VMThread "VM Thread" [stack: 0x0000008f7ca00000,0x0000008f7cb00000] [id=19712]
  0x000002567ed79800 WatcherThread [stack: 0x0000008f7d400000,0x0000008f7d500000] [id=10060]
  0x000002565d5a6800 GCTaskThread "GC Thread#0" [stack: 0x0000008f7c500000,0x0000008f7c600000] [id=17260]
  0x0000025600a20800 GCTaskThread "GC Thread#1" [stack: 0x0000008f7d700000,0x0000008f7d800000] [id=15916]
  0x0000025600a1f000 GCTaskThread "GC Thread#2" [stack: 0x0000008f7d800000,0x0000008f7d900000] [id=15044]
  0x0000025600a22800 GCTaskThread "GC Thread#3" [stack: 0x0000008f7dd00000,0x0000008f7de00000] [id=16864]
  0x0000025600a1e800 GCTaskThread "GC Thread#4" [stack: 0x0000008f7e400000,0x0000008f7e500000] [id=13912]
  0x0000025600a21800 GCTaskThread "GC Thread#5" [stack: 0x0000008f7e500000,0x0000008f7e600000] [id=13784]
  0x0000025600a22000 GCTaskThread "GC Thread#6" [stack: 0x0000008f7e600000,0x0000008f7e700000] [id=728]
  0x0000025600a20000 GCTaskThread "GC Thread#7" [stack: 0x0000008f7e700000,0x0000008f7e800000] [id=20380]
  0x000002565d5b6000 ConcurrentGCThread "G1 Main Marker" [stack: 0x0000008f7c600000,0x0000008f7c700000] [id=17720]
  0x000002565d5ba800 ConcurrentGCThread "G1 Conc#0" [stack: 0x0000008f7c700000,0x0000008f7c800000] [id=16072]
  0x0000025600a25000 ConcurrentGCThread "G1 Conc#1" [stack: 0x0000008f7db00000,0x0000008f7dc00000] [id=17672]
  0x000002567e030800 ConcurrentGCThread "G1 Refine#0" [stack: 0x0000008f7c800000,0x0000008f7c900000] [id=4928]
  0x000002567ec73000 ConcurrentGCThread "G1 Refine#1" [stack: 0x0000008f7d900000,0x0000008f7da00000] [id=9944]
  0x000002567e031800 ConcurrentGCThread "G1 Young RemSet Sampling" [stack: 0x0000008f7c900000,0x0000008f7ca00000] [id=17012]

Threads with active compile tasks:
C2 CompilerThread2  2862       4       org.processmining.framework.plugin.PluginParameterBinding$Factory::tryToBind (609 bytes)

VM state:not at safepoint (normal execution)

VM Mutex/Monitor currently owned by a thread: None

Heap address: 0x0000000081c00000, size: 2020 MB, Compressed Oops mode: 32-bit
Narrow klass base: 0x0000000800000000, Narrow klass shift: 3
Compressed class space size: 1073741824 Address: 0x0000000801190000

Heap:
 garbage-first heap   total 147456K, used 101290K [0x0000000081c00000, 0x0000000100000000)
  region size 1024K, 25 young (25600K), 1 survivors (1024K)
 Metaspace       used 26873K, capacity 27209K, committed 27264K, reserved 1073152K
  class space    used 4099K, capacity 4205K, committed 4224K, reserved 1048576K
Heap Regions: E=young(eden), S=young(survivor), O=old, HS=humongous(starts), HC=humongous(continues), CS=collection set, F=free, A=archive, TAMS=top-at-mark-start (previous, next)
|   0|0x0000000081c00000, 0x0000000081d00000, 0x0000000081d00000|100%|HS|  |TAMS 0x0000000081d00000, 0x0000000081c00000| Complete 
|   1|0x0000000081d00000, 0x0000000081e00000, 0x0000000081e00000|100%|HC|  |TAMS 0x0000000081e00000, 0x0000000081d00000| Complete 
|   2|0x0000000081e00000, 0x0000000081f00000, 0x0000000081f00000|100%|HS|  |TAMS 0x0000000081f00000, 0x0000000081e00000| Complete 
|   3|0x0000000081f00000, 0x0000000082000000, 0x0000000082000000|100%|HC|  |TAMS 0x0000000082000000, 0x0000000081f00000| Complete 
|   4|0x0000000082000000, 0x0000000082100000, 0x0000000082100000|100%| O|  |TAMS 0x0000000082100000, 0x0000000082000000| Untracked 
|   5|0x0000000082100000, 0x0000000082200000, 0x0000000082200000|100%| O|  |TAMS 0x0000000082200000, 0x0000000082100000| Untracked 
|   6|0x0000000082200000, 0x0000000082300000, 0x0000000082300000|100%| O|  |TAMS 0x0000000082300000, 0x0000000082200000| Untracked 
|   7|0x0000000082300000, 0x0000000082400000, 0x0000000082400000|100%|HS|  |TAMS 0x0000000082400000, 0x0000000082300000| Complete 
|   8|0x0000000082400000, 0x0000000082500000, 0x0000000082500000|100%|HC|  |TAMS 0x0000000082500000, 0x0000000082400000| Complete 
|   9|0x0000000082500000, 0x0000000082600000, 0x0000000082600000|100%|HS|  |TAMS 0x0000000082600000, 0x0000000082500000| Complete 
|  10|0x0000000082600000, 0x0000000082700000, 0x0000000082700000|100%|HC|  |TAMS 0x0000000082700000, 0x0000000082600000| Complete 
|  11|0x0000000082700000, 0x0000000082800000, 0x0000000082800000|100%| O|  |TAMS 0x0000000082800000, 0x0000000082700000| Untracked 
|  12|0x0000000082800000, 0x0000000082900000, 0x0000000082900000|100%| O|  |TAMS 0x0000000082900000, 0x0000000082800000| Untracked 
|  13|0x0000000082900000, 0x0000000082a00000, 0x0000000082a00000|100%| O|  |TAMS 0x0000000082a00000, 0x0000000082900000| Untracked 
|  14|0x0000000082a00000, 0x0000000082b00000, 0x0000000082b00000|100%| O|  |TAMS 0x0000000082b00000, 0x0000000082a00000| Untracked 
|  15|0x0000000082b00000, 0x0000000082c00000, 0x0000000082c00000|100%|HS|  |TAMS 0x0000000082c00000, 0x0000000082b00000| Complete 
|  16|0x0000000082c00000, 0x0000000082d00000, 0x0000000082d00000|100%| O|  |TAMS 0x0000000082d00000, 0x0000000082c00000| Untracked 
|  17|0x0000000082d00000, 0x0000000082e00000, 0x0000000082e00000|100%| O|  |TAMS 0x0000000082e00000, 0x0000000082d00000| Untracked 
|  18|0x0000000082e00000, 0x0000000082f00000, 0x0000000082f00000|100%| O|  |TAMS 0x0000000082f00000, 0x0000000082e00000| Untracked 
|  19|0x0000000082f00000, 0x0000000083000000, 0x0000000083000000|100%| O|  |TAMS 0x0000000083000000, 0x0000000082f00000| Untracked 
|  20|0x0000000083000000, 0x0000000083100000, 0x0000000083100000|100%| O|  |TAMS 0x0000000083100000, 0x0000000083000000| Untracked 
|  21|0x0000000083100000, 0x0000000083200000, 0x0000000083200000|100%|HS|  |TAMS 0x0000000083200000, 0x0000000083100000| Complete 
|  22|0x0000000083200000, 0x0000000083300000, 0x0000000083300000|100%|HC|  |TAMS 0x0000000083300000, 0x0000000083200000| Complete 
|  23|0x0000000083300000, 0x0000000083400000, 0x0000000083400000|100%|HC|  |TAMS 0x0000000083400000, 0x0000000083300000| Complete 
|  24|0x0000000083400000, 0x0000000083500000, 0x0000000083500000|100%| O|  |TAMS 0x0000000083500000, 0x0000000083400000| Untracked 
|  25|0x0000000083500000, 0x0000000083600000, 0x0000000083600000|100%|HS|  |TAMS 0x0000000083600000, 0x0000000083500000| Complete 
|  26|0x0000000083600000, 0x0000000083700000, 0x0000000083700000|100%|HC|  |TAMS 0x0000000083700000, 0x0000000083600000| Complete 
|  27|0x0000000083700000, 0x0000000083800000, 0x0000000083800000|100%|HC|  |TAMS 0x0000000083800000, 0x0000000083700000| Complete 
|  28|0x0000000083800000, 0x0000000083900000, 0x0000000083900000|100%|HC|  |TAMS 0x0000000083900000, 0x0000000083800000| Complete 
|  29|0x0000000083900000, 0x0000000083a00000, 0x0000000083a00000|100%|HC|  |TAMS 0x0000000083a00000, 0x0000000083900000| Complete 
|  30|0x0000000083a00000, 0x0000000083b00000, 0x0000000083b00000|100%|HS|  |TAMS 0x0000000083b00000, 0x0000000083a00000| Complete 
|  31|0x0000000083b00000, 0x0000000083c00000, 0x0000000083c00000|100%|HC|  |TAMS 0x0000000083c00000, 0x0000000083b00000| Complete 
|  32|0x0000000083c00000, 0x0000000083d00000, 0x0000000083d00000|100%|HC|  |TAMS 0x0000000083d00000, 0x0000000083c00000| Complete 
|  33|0x0000000083d00000, 0x0000000083e00000, 0x0000000083e00000|100%|HC|  |TAMS 0x0000000083e00000, 0x0000000083d00000| Complete 
|  34|0x0000000083e00000, 0x0000000083f00000, 0x0000000083f00000|100%|HC|  |TAMS 0x0000000083f00000, 0x0000000083e00000| Complete 
|  35|0x0000000083f00000, 0x0000000084000000, 0x0000000084000000|100%|HS|  |TAMS 0x0000000084000000, 0x0000000083f00000| Complete 
|  36|0x0000000084000000, 0x0000000084100000, 0x0000000084100000|100%|HC|  |TAMS 0x0000000084100000, 0x0000000084000000| Complete 
|  37|0x0000000084100000, 0x0000000084200000, 0x0000000084200000|100%|HC|  |TAMS 0x0000000084200000, 0x0000000084100000| Complete 
|  38|0x0000000084200000, 0x0000000084300000, 0x0000000084300000|100%|HC|  |TAMS 0x0000000084300000, 0x0000000084200000| Complete 
|  39|0x0000000084300000, 0x0000000084400000, 0x0000000084400000|100%|HC|  |TAMS 0x0000000084400000, 0x0000000084300000| Complete 
|  40|0x0000000084400000, 0x0000000084500000, 0x0000000084500000|100%|HS|  |TAMS 0x0000000084500000, 0x0000000084400000| Complete 
|  41|0x0000000084500000, 0x0000000084600000, 0x0000000084600000|100%|HC|  |TAMS 0x0000000084600000, 0x0000000084500000| Complete 
|  42|0x0000000084600000, 0x0000000084700000, 0x0000000084700000|100%|HC|  |TAMS 0x0000000084700000, 0x0000000084600000| Complete 
|  43|0x0000000084700000, 0x0000000084800000, 0x0000000084800000|100%|HC|  |TAMS 0x0000000084800000, 0x0000000084700000| Complete 
|  44|0x0000000084800000, 0x0000000084900000, 0x0000000084900000|100%|HC|  |TAMS 0x0000000084900000, 0x0000000084800000| Complete 
|  45|0x0000000084900000, 0x0000000084a00000, 0x0000000084a00000|100%| O|  |TAMS 0x0000000084a00000, 0x0000000084900000| Untracked 
|  46|0x0000000084a00000, 0x0000000084b00000, 0x0000000084b00000|100%| O|  |TAMS 0x0000000084b00000, 0x0000000084a00000| Untracked 
|  47|0x0000000084b00000, 0x0000000084c00000, 0x0000000084c00000|100%| O|  |TAMS 0x0000000084c00000, 0x0000000084b00000| Untracked 
|  48|0x0000000084c00000, 0x0000000084d00000, 0x0000000084d00000|100%| O|  |TAMS 0x0000000084d00000, 0x0000000084c00000| Untracked 
|  49|0x0000000084d00000, 0x0000000084e00000, 0x0000000084e00000|100%| O|  |TAMS 0x0000000084e00000, 0x0000000084d00000| Untracked 
|  50|0x0000000084e00000, 0x0000000084f00000, 0x0000000084f00000|100%| O|  |TAMS 0x0000000084f00000, 0x0000000084e00000| Untracked 
|  51|0x0000000084f00000, 0x0000000085000000, 0x0000000085000000|100%|HS|  |TAMS 0x0000000085000000, 0x0000000084f00000| Complete 
|  52|0x0000000085000000, 0x0000000085100000, 0x0000000085100000|100%|HS|  |TAMS 0x0000000085100000, 0x0000000085000000| Complete 
|  53|0x0000000085100000, 0x0000000085200000, 0x0000000085200000|100%| O|  |TAMS 0x0000000085200000, 0x0000000085100000| Untracked 
|  54|0x0000000085200000, 0x0000000085300000, 0x0000000085300000|100%| O|  |TAMS 0x0000000085300000, 0x0000000085200000| Untracked 
|  55|0x0000000085300000, 0x0000000085400000, 0x0000000085400000|100%| O|  |TAMS 0x0000000085400000, 0x0000000085300000| Untracked 
|  56|0x0000000085400000, 0x0000000085500000, 0x0000000085500000|100%| O|  |TAMS 0x0000000085500000, 0x0000000085400000| Untracked 
|  57|0x0000000085500000, 0x0000000085600000, 0x0000000085600000|100%| O|  |TAMS 0x0000000085600000, 0x0000000085500000| Untracked 
|  58|0x0000000085600000, 0x0000000085700000, 0x0000000085700000|100%| O|  |TAMS 0x0000000085700000, 0x0000000085600000| Untracked 
|  59|0x0000000085700000, 0x0000000085800000, 0x0000000085800000|100%| O|  |TAMS 0x0000000085800000, 0x0000000085700000| Untracked 
|  60|0x0000000085800000, 0x0000000085900000, 0x0000000085900000|100%| O|  |TAMS 0x0000000085900000, 0x0000000085800000| Untracked 
|  61|0x0000000085900000, 0x0000000085a00000, 0x0000000085a00000|100%| O|  |TAMS 0x0000000085a00000, 0x0000000085900000| Untracked 
|  62|0x0000000085a00000, 0x0000000085b00000, 0x0000000085b00000|100%| O|  |TAMS 0x0000000085b00000, 0x0000000085a00000| Untracked 
|  63|0x0000000085b00000, 0x0000000085c00000, 0x0000000085c00000|100%| O|  |TAMS 0x0000000085c00000, 0x0000000085b00000| Untracked 
|  64|0x0000000085c00000, 0x0000000085d00000, 0x0000000085d00000|100%| O|  |TAMS 0x0000000085d00000, 0x0000000085c00000| Untracked 
|  65|0x0000000085d00000, 0x0000000085e00000, 0x0000000085e00000|100%| O|  |TAMS 0x0000000085e00000, 0x0000000085d00000| Untracked 
|  66|0x0000000085e00000, 0x0000000085f00000, 0x0000000085f00000|100%| O|  |TAMS 0x0000000085f00000, 0x0000000085e00000| Untracked 
|  67|0x0000000085f00000, 0x0000000086000000, 0x0000000086000000|100%|HS|  |TAMS 0x0000000086000000, 0x0000000085f00000| Complete 
|  68|0x0000000086000000, 0x0000000086100000, 0x0000000086100000|100%| O|  |TAMS 0x0000000086100000, 0x0000000086000000| Untracked 
|  69|0x0000000086100000, 0x0000000086200000, 0x0000000086200000|100%| O|  |TAMS 0x0000000086200000, 0x0000000086100000| Untracked 
|  70|0x0000000086200000, 0x0000000086300000, 0x0000000086300000|100%| O|  |TAMS 0x0000000086300000, 0x0000000086200000| Untracked 
|  71|0x0000000086300000, 0x0000000086400000, 0x0000000086400000|100%| O|  |TAMS 0x0000000086400000, 0x0000000086300000| Untracked 
|  72|0x0000000086400000, 0x0000000086500000, 0x0000000086500000|100%| O|  |TAMS 0x0000000086500000, 0x0000000086400000| Untracked 
|  73|0x0000000086500000, 0x0000000086600000, 0x0000000086600000|100%| O|  |TAMS 0x0000000086600000, 0x0000000086500000| Untracked 
|  74|0x0000000086600000, 0x0000000086700000, 0x0000000086700000|100%| O|  |TAMS 0x0000000086700000, 0x0000000086600000| Untracked 
|  75|0x0000000086700000, 0x0000000086757000, 0x0000000086800000| 33%| O|  |TAMS 0x0000000086757000, 0x0000000086700000| Untracked 
|  76|0x0000000086800000, 0x0000000086800000, 0x0000000086900000|  0%| F|  |TAMS 0x0000000086800000, 0x0000000086800000| Untracked 
|  77|0x0000000086900000, 0x0000000086900000, 0x0000000086a00000|  0%| F|  |TAMS 0x0000000086900000, 0x0000000086900000| Untracked 
|  78|0x0000000086a00000, 0x0000000086a00000, 0x0000000086b00000|  0%| F|  |TAMS 0x0000000086a00000, 0x0000000086a00000| Untracked 
|  79|0x0000000086b00000, 0x0000000086b00000, 0x0000000086c00000|  0%| F|  |TAMS 0x0000000086b00000, 0x0000000086b00000| Untracked 
|  80|0x0000000086c00000, 0x0000000086c00000, 0x0000000086d00000|  0%| F|  |TAMS 0x0000000086c00000, 0x0000000086c00000| Untracked 
|  81|0x0000000086d00000, 0x0000000086d00000, 0x0000000086e00000|  0%| F|  |TAMS 0x0000000086d00000, 0x0000000086d00000| Untracked 
|  82|0x0000000086e00000, 0x0000000086e00000, 0x0000000086f00000|  0%| F|  |TAMS 0x0000000086e00000, 0x0000000086e00000| Untracked 
|  83|0x0000000086f00000, 0x0000000086f00000, 0x0000000087000000|  0%| F|  |TAMS 0x0000000086f00000, 0x0000000086f00000| Untracked 
|  84|0x0000000087000000, 0x0000000087000000, 0x0000000087100000|  0%| F|  |TAMS 0x0000000087000000, 0x0000000087000000| Untracked 
|  85|0x0000000087100000, 0x0000000087100000, 0x0000000087200000|  0%| F|  |TAMS 0x0000000087100000, 0x0000000087100000| Untracked 
|  86|0x0000000087200000, 0x0000000087200000, 0x0000000087300000|  0%| F|  |TAMS 0x0000000087200000, 0x0000000087200000| Untracked 
|  87|0x0000000087300000, 0x0000000087300000, 0x0000000087400000|  0%| F|  |TAMS 0x0000000087300000, 0x0000000087300000| Untracked 
|  88|0x0000000087400000, 0x0000000087400000, 0x0000000087500000|  0%| F|  |TAMS 0x0000000087400000, 0x0000000087400000| Untracked 
|  89|0x0000000087500000, 0x0000000087500000, 0x0000000087600000|  0%| F|  |TAMS 0x0000000087500000, 0x0000000087500000| Untracked 
|  90|0x0000000087600000, 0x0000000087600000, 0x0000000087700000|  0%| F|  |TAMS 0x0000000087600000, 0x0000000087600000| Untracked 
|  91|0x0000000087700000, 0x0000000087700000, 0x0000000087800000|  0%| F|  |TAMS 0x0000000087700000, 0x0000000087700000| Untracked 
|  92|0x0000000087800000, 0x0000000087800000, 0x0000000087900000|  0%| F|  |TAMS 0x0000000087800000, 0x0000000087800000| Untracked 
|  93|0x0000000087900000, 0x0000000087900000, 0x0000000087a00000|  0%| F|  |TAMS 0x0000000087900000, 0x0000000087900000| Untracked 
|  94|0x0000000087a00000, 0x0000000087a00000, 0x0000000087b00000|  0%| F|  |TAMS 0x0000000087a00000, 0x0000000087a00000| Untracked 
|  95|0x0000000087b00000, 0x0000000087b00000, 0x0000000087c00000|  0%| F|  |TAMS 0x0000000087b00000, 0x0000000087b00000| Untracked 
|  96|0x0000000087c00000, 0x0000000087c00000, 0x0000000087d00000|  0%| F|  |TAMS 0x0000000087c00000, 0x0000000087c00000| Untracked 
|  97|0x0000000087d00000, 0x0000000087d00000, 0x0000000087e00000|  0%| F|  |TAMS 0x0000000087d00000, 0x0000000087d00000| Untracked 
|  98|0x0000000087e00000, 0x0000000087e00000, 0x0000000087f00000|  0%| F|  |TAMS 0x0000000087e00000, 0x0000000087e00000| Untracked 
|  99|0x0000000087f00000, 0x0000000087f00000, 0x0000000088000000|  0%| F|  |TAMS 0x0000000087f00000, 0x0000000087f00000| Untracked 
| 100|0x0000000088000000, 0x0000000088000000, 0x0000000088100000|  0%| F|  |TAMS 0x0000000088000000, 0x0000000088000000| Untracked 
| 101|0x0000000088100000, 0x0000000088100000, 0x0000000088200000|  0%| F|  |TAMS 0x0000000088100000, 0x0000000088100000| Untracked 
| 102|0x0000000088200000, 0x0000000088200000, 0x0000000088300000|  0%| F|  |TAMS 0x0000000088200000, 0x0000000088200000| Untracked 
| 103|0x0000000088300000, 0x0000000088300000, 0x0000000088400000|  0%| F|  |TAMS 0x0000000088300000, 0x0000000088300000| Untracked 
| 104|0x0000000088400000, 0x0000000088493a68, 0x0000000088500000| 57%| S|CS|TAMS 0x0000000088400000, 0x0000000088400000| Complete 
| 105|0x0000000088500000, 0x0000000088500000, 0x0000000088600000|  0%| F|  |TAMS 0x0000000088500000, 0x0000000088500000| Untracked 
| 106|0x0000000088600000, 0x0000000088600000, 0x0000000088700000|  0%| F|  |TAMS 0x0000000088600000, 0x0000000088600000| Untracked 
| 107|0x0000000088700000, 0x0000000088700000, 0x0000000088800000|  0%| F|  |TAMS 0x0000000088700000, 0x0000000088700000| Untracked 
| 108|0x0000000088800000, 0x0000000088800000, 0x0000000088900000|  0%| F|  |TAMS 0x0000000088800000, 0x0000000088800000| Untracked 
| 109|0x0000000088900000, 0x0000000088900000, 0x0000000088a00000|  0%| F|  |TAMS 0x0000000088900000, 0x0000000088900000| Untracked 
| 110|0x0000000088a00000, 0x0000000088a00000, 0x0000000088b00000|  0%| F|  |TAMS 0x0000000088a00000, 0x0000000088a00000| Untracked 
| 111|0x0000000088b00000, 0x0000000088b00000, 0x0000000088c00000|  0%| F|  |TAMS 0x0000000088b00000, 0x0000000088b00000| Untracked 
| 112|0x0000000088c00000, 0x0000000088c00000, 0x0000000088d00000|  0%| F|  |TAMS 0x0000000088c00000, 0x0000000088c00000| Untracked 
| 113|0x0000000088d00000, 0x0000000088d00000, 0x0000000088e00000|  0%| F|  |TAMS 0x0000000088d00000, 0x0000000088d00000| Untracked 
| 114|0x0000000088e00000, 0x0000000088e00000, 0x0000000088f00000|  0%| F|  |TAMS 0x0000000088e00000, 0x0000000088e00000| Untracked 
| 115|0x0000000088f00000, 0x0000000088f00000, 0x0000000089000000|  0%| F|  |TAMS 0x0000000088f00000, 0x0000000088f00000| Untracked 
| 116|0x0000000089000000, 0x0000000089000000, 0x0000000089100000|  0%| F|  |TAMS 0x0000000089000000, 0x0000000089000000| Untracked 
| 117|0x0000000089100000, 0x0000000089100000, 0x0000000089200000|  0%| F|  |TAMS 0x0000000089100000, 0x0000000089100000| Untracked 
| 118|0x0000000089200000, 0x0000000089200000, 0x0000000089300000|  0%| F|  |TAMS 0x0000000089200000, 0x0000000089200000| Untracked 
| 119|0x0000000089300000, 0x0000000089300000, 0x0000000089400000|  0%| F|  |TAMS 0x0000000089300000, 0x0000000089300000| Untracked 
| 120|0x0000000089400000, 0x0000000089480800, 0x0000000089500000| 50%| E|  |TAMS 0x0000000089400000, 0x0000000089400000| Complete 
| 121|0x0000000089500000, 0x0000000089600000, 0x0000000089600000|100%| E|CS|TAMS 0x0000000089500000, 0x0000000089500000| Complete 
| 122|0x0000000089600000, 0x0000000089700000, 0x0000000089700000|100%| E|CS|TAMS 0x0000000089600000, 0x0000000089600000| Complete 
| 123|0x0000000089700000, 0x0000000089800000, 0x0000000089800000|100%| E|CS|TAMS 0x0000000089700000, 0x0000000089700000| Complete 
| 124|0x0000000089800000, 0x0000000089900000, 0x0000000089900000|100%| E|CS|TAMS 0x0000000089800000, 0x0000000089800000| Complete 
| 125|0x0000000089900000, 0x0000000089a00000, 0x0000000089a00000|100%| E|CS|TAMS 0x0000000089900000, 0x0000000089900000| Complete 
| 126|0x0000000089a00000, 0x0000000089b00000, 0x0000000089b00000|100%| E|CS|TAMS 0x0000000089a00000, 0x0000000089a00000| Complete 
| 127|0x0000000089b00000, 0x0000000089c00000, 0x0000000089c00000|100%| E|CS|TAMS 0x0000000089b00000, 0x0000000089b00000| Complete 
| 128|0x0000000089c00000, 0x0000000089d00000, 0x0000000089d00000|100%| E|CS|TAMS 0x0000000089c00000, 0x0000000089c00000| Complete 
| 129|0x0000000089d00000, 0x0000000089e00000, 0x0000000089e00000|100%| E|CS|TAMS 0x0000000089d00000, 0x0000000089d00000| Complete 
| 130|0x0000000089e00000, 0x0000000089f00000, 0x0000000089f00000|100%| E|CS|TAMS 0x0000000089e00000, 0x0000000089e00000| Complete 
| 131|0x0000000089f00000, 0x000000008a000000, 0x000000008a000000|100%| E|CS|TAMS 0x0000000089f00000, 0x0000000089f00000| Complete 
| 132|0x000000008a000000, 0x000000008a100000, 0x000000008a100000|100%| E|CS|TAMS 0x000000008a000000, 0x000000008a000000| Complete 
| 133|0x000000008a100000, 0x000000008a200000, 0x000000008a200000|100%| E|CS|TAMS 0x000000008a100000, 0x000000008a100000| Complete 
| 134|0x000000008a200000, 0x000000008a300000, 0x000000008a300000|100%| E|CS|TAMS 0x000000008a200000, 0x000000008a200000| Complete 
| 135|0x000000008a300000, 0x000000008a400000, 0x000000008a400000|100%| E|CS|TAMS 0x000000008a300000, 0x000000008a300000| Complete 
| 136|0x000000008a400000, 0x000000008a500000, 0x000000008a500000|100%| E|CS|TAMS 0x000000008a400000, 0x000000008a400000| Complete 
| 137|0x000000008a500000, 0x000000008a600000, 0x000000008a600000|100%| E|CS|TAMS 0x000000008a500000, 0x000000008a500000| Complete 
| 138|0x000000008a600000, 0x000000008a700000, 0x000000008a700000|100%| E|CS|TAMS 0x000000008a600000, 0x000000008a600000| Complete 
| 139|0x000000008a700000, 0x000000008a800000, 0x000000008a800000|100%| E|CS|TAMS 0x000000008a700000, 0x000000008a700000| Complete 
| 140|0x000000008a800000, 0x000000008a900000, 0x000000008a900000|100%| E|CS|TAMS 0x000000008a800000, 0x000000008a800000| Complete 
| 141|0x000000008a900000, 0x000000008aa00000, 0x000000008aa00000|100%| E|CS|TAMS 0x000000008a900000, 0x000000008a900000| Complete 
| 142|0x000000008aa00000, 0x000000008ab00000, 0x000000008ab00000|100%| E|CS|TAMS 0x000000008aa00000, 0x000000008aa00000| Complete 
| 143|0x000000008ab00000, 0x000000008ac00000, 0x000000008ac00000|100%| E|CS|TAMS 0x000000008ab00000, 0x000000008ab00000| Complete 

Card table byte_map: [0x0000025676fd0000,0x00000256773d0000] _byte_map_base: 0x0000025676bc2000

Marking Bits (Prev, Next): (CMBitMap*) 0x000002565d5a8908, (CMBitMap*) 0x000002565d5a88c8
 Prev Bits: [0x0000025679760000, 0x000002567b6f0000)
 Next Bits: [0x00000256777d0000, 0x0000025679760000)

Polling page: 0x000002565d640000

Metaspace:

Usage:
  Non-class:     22.46 MB capacity,    22.24 MB ( 99%) used,   196.07 KB ( <1%) free+waste,    34.31 KB ( <1%) overhead. 
      Class:      4.11 MB capacity,     4.00 MB ( 97%) used,    89.79 KB (  2%) free+waste,    15.56 KB ( <1%) overhead. 
       Both:     26.57 MB capacity,    26.24 MB ( 99%) used,   285.86 KB (  1%) free+waste,    49.88 KB ( <1%) overhead. 

Virtual space:
  Non-class space:       24.00 MB reserved,      22.50 MB ( 94%) committed 
      Class space:        1.00 GB reserved,       4.13 MB ( <1%) committed 
             Both:        1.02 GB reserved,      26.63 MB (  3%) committed 

Chunk freelists:
   Non-Class:  4.50 KB
       Class:  2.38 KB
        Both:  6.88 KB

CodeHeap 'non-profiled nmethods': size=120000Kb used=2018Kb max_used=2065Kb free=117981Kb
 bounds [0x000002566ec20000, 0x000002566ee90000, 0x0000025676150000]
CodeHeap 'profiled nmethods': size=120000Kb used=5618Kb max_used=5618Kb free=114381Kb
 bounds [0x00000256676f0000, 0x0000025667c80000, 0x000002566ec20000]
CodeHeap 'non-nmethods': size=5760Kb used=1200Kb max_used=1305Kb free=4559Kb
 bounds [0x0000025667150000, 0x00000256673c0000, 0x00000256676f0000]
 total_blobs=4435 nmethods=2463 adapters=448
 compilation: enabled
              stopped_count=0, restarted_count=0
 full_count=0

Compilation events (10 events):
Event: 25.228 Thread 0x000002567e1e0800 nmethod 2897 0x0000025667c73010 code [0x0000025667c731e0, 0x0000025667c735f8]
Event: 25.228 Thread 0x000002567e1e0800 2898       3       java.lang.Integer::compareTo (12 bytes)
Event: 25.228 Thread 0x000002567e1e0800 nmethod 2898 0x0000025667c73710 code [0x0000025667c738e0, 0x0000025667c73b78]
Event: 25.228 Thread 0x000002567e1e0800 2899       3       java.lang.Integer::compare (20 bytes)
Event: 25.228 Thread 0x000002567e1e0800 nmethod 2899 0x0000025667c73c90 code [0x0000025667c73e60, 0x0000025667c74058]
Event: 25.228 Thread 0x000002567e1e0800 2900       3       org.processmining.framework.plugin.PluginParameterBinding::compareTo (9 bytes)
Event: 25.228 Thread 0x000002567e1e0800 nmethod 2900 0x0000025667c74110 code [0x0000025667c742e0, 0x0000025667c745b0]
Event: 25.228 Thread 0x000002567e1e0800 2901       3       org.processmining.framework.plugin.PluginParameterBinding::compareTo (59 bytes)
Event: 25.228 Thread 0x000002567e1e0800 nmethod 2901 0x0000025667c74690 code [0x0000025667c748a0, 0x0000025667c74ca0]
Event: 25.291 Thread 0x000002567e1d5000 nmethod 2896 0x000002566edc7f10 code [0x000002566edc8160, 0x000002566edc9c38]

GC Heap History (10 events):
Event: 24.650 GC heap before
{Heap before GC invocations=44 (full 0):
 garbage-first heap   total 132096K, used 105718K [0x0000000081c00000, 0x0000000100000000)
  region size 1024K, 35 young (35840K), 5 survivors (5120K)
 Metaspace       used 26706K, capacity 27081K, committed 27264K, reserved 1073152K
  class space    used 4086K, capacity 4205K, committed 4224K, reserved 1048576K
}
Event: 24.654 GC heap after
{Heap after GC invocations=45 (full 0):
 garbage-first heap   total 132096K, used 77721K [0x0000000081c00000, 0x0000000100000000)
  region size 1024K, 5 young (5120K), 5 survivors (5120K)
 Metaspace       used 26706K, capacity 27081K, committed 27264K, reserved 1073152K
  class space    used 4086K, capacity 4205K, committed 4224K, reserved 1048576K
}
Event: 24.830 GC heap before
{Heap before GC invocations=45 (full 0):
 garbage-first heap   total 132096K, used 108441K [0x0000000081c00000, 0x0000000100000000)
  region size 1024K, 35 young (35840K), 5 survivors (5120K)
 Metaspace       used 26853K, capacity 27145K, committed 27264K, reserved 1073152K
  class space    used 4099K, capacity 4205K, committed 4224K, reserved 1048576K
}
Event: 24.834 GC heap after
{Heap after GC invocations=46 (full 0):
 garbage-first heap   total 132096K, used 78114K [0x0000000081c00000, 0x0000000100000000)
  region size 1024K, 1 young (1024K), 1 survivors (1024K)
 Metaspace       used 26853K, capacity 27145K, committed 27264K, reserved 1073152K
  class space    used 4099K, capacity 4205K, committed 4224K, reserved 1048576K
}
Event: 24.945 GC heap before
{Heap before GC invocations=47 (full 0):
 garbage-first heap   total 145408K, used 109858K [0x0000000081c00000, 0x0000000100000000)
  region size 1024K, 32 young (32768K), 1 survivors (1024K)
 Metaspace       used 26853K, capacity 27145K, committed 27264K, reserved 1073152K
  class space    used 4099K, capacity 4205K, committed 4224K, reserved 1048576K
}
Event: 24.946 GC heap after
{Heap after GC invocations=48 (full 0):
 garbage-first heap   total 145408K, used 77738K [0x0000000081c00000, 0x0000000100000000)
  region size 1024K, 1 young (1024K), 1 survivors (1024K)
 Metaspace       used 26853K, capacity 27145K, committed 27264K, reserved 1073152K
  class space    used 4099K, capacity 4205K, committed 4224K, reserved 1048576K
}
Event: 25.063 GC heap before
{Heap before GC invocations=48 (full 0):
 garbage-first heap   total 145408K, used 116650K [0x0000000081c00000, 0x0000000100000000)
  region size 1024K, 39 young (39936K), 1 survivors (1024K)
 Metaspace       used 26861K, capacity 27209K, committed 27264K, reserved 1073152K
  class space    used 4099K, capacity 4205K, committed 4224K, reserved 1048576K
}
Event: 25.064 GC heap after
{Heap after GC invocations=49 (full 0):
 garbage-first heap   total 145408K, used 77732K [0x0000000081c00000, 0x0000000100000000)
  region size 1024K, 1 young (1024K), 1 survivors (1024K)
 Metaspace       used 26861K, capacity 27209K, committed 27264K, reserved 1073152K
  class space    used 4099K, capacity 4205K, committed 4224K, reserved 1048576K
}
Event: 25.219 GC heap before
{Heap before GC invocations=50 (full 0):
 garbage-first heap   total 147456K, used 117668K [0x0000000081c00000, 0x0000000100000000)
  region size 1024K, 40 young (40960K), 1 survivors (1024K)
 Metaspace       used 26870K, capacity 27209K, committed 27264K, reserved 1073152K
  class space    used 4099K, capacity 4205K, committed 4224K, reserved 1048576K
}
Event: 25.221 GC heap after
{Heap after GC invocations=51 (full 0):
 garbage-first heap   total 147456K, used 77738K [0x0000000081c00000, 0x0000000100000000)
  region size 1024K, 1 young (1024K), 1 survivors (1024K)
 Metaspace       used 26870K, capacity 27209K, committed 27264K, reserved 1073152K
  class space    used 4099K, capacity 4205K, committed 4224K, reserved 1048576K
}

Deoptimization events (10 events):
Event: 23.957 Thread 0x000002565d56a800 Uncommon trap: reason=profile_predicate action=maybe_recompile pc=0x000002566eca0694 method=sun.security.provider.HashDrbg.addBytes([BI[[B)V @ 36 c2
Event: 24.334 Thread 0x000002565d56a800 Uncommon trap: reason=unstable_if action=reinterpret pc=0x000002566ed22bb8 method=java.util.concurrent.ConcurrentHashMap.putVal(Ljava/lang/Object;Ljava/lang/Object;Z)Ljava/lang/Object; @ 231 c2
Event: 24.693 Thread 0x000002565d56a800 Uncommon trap: reason=unstable_if action=reinterpret pc=0x000002566ed45d14 method=java.util.prefs.WindowsPreferences.toJavaValueString([B)Ljava/lang/String; @ 131 c2
Event: 24.835 Thread 0x000002565d56a800 Uncommon trap: reason=bimorphic_or_optimized_type_check action=maybe_recompile pc=0x000002566edd0f40 method=java.util.TreeMap.compare(Ljava/lang/Object;Ljava/lang/Object;)I @ 12 c2
Event: 24.835 Thread 0x000002565d56a800 Uncommon trap: reason=class_check action=maybe_recompile pc=0x000002566edd1138 method=java.util.TreeMap.put(Ljava/lang/Object;Ljava/lang/Object;)Ljava/lang/Object; @ 127 c2
Event: 24.836 Thread 0x000002565d56a800 Uncommon trap: reason=bimorphic_or_optimized_type_check action=maybe_recompile pc=0x000002566edd0f40 method=java.util.TreeMap.compare(Ljava/lang/Object;Ljava/lang/Object;)I @ 12 c2
Event: 24.836 Thread 0x000002565d56a800 Uncommon trap: reason=class_check action=maybe_recompile pc=0x000002566edd1138 method=java.util.TreeMap.put(Ljava/lang/Object;Ljava/lang/Object;)Ljava/lang/Object; @ 127 c2
Event: 24.840 Thread 0x000002565d56a800 Uncommon trap: reason=bimorphic_or_optimized_type_check action=maybe_recompile pc=0x000002566edd0f40 method=java.util.TreeMap.compare(Ljava/lang/Object;Ljava/lang/Object;)I @ 12 c2
Event: 24.840 Thread 0x000002565d56a800 Uncommon trap: reason=class_check action=maybe_recompile pc=0x000002566edd1138 method=java.util.TreeMap.put(Ljava/lang/Object;Ljava/lang/Object;)Ljava/lang/Object; @ 127 c2
Event: 24.840 Thread 0x000002565d56a800 Uncommon trap: reason=class_check action=maybe_recompile pc=0x000002566edd1138 method=java.util.TreeMap.put(Ljava/lang/Object;Ljava/lang/Object;)Ljava/lang/Object; @ 127 c2

Classes redefined (0 events):
No events

Internal exceptions (10 events):
Event: 0.822 Thread 0x000002565d56a800 Exception <a 'java/lang/NoSuchMethodError'{0x000000008906e688}: java.lang.invoke.DirectMethodHandle$Holder.invokeSpecialIFC(Ljava/lang/Object;Ljava/lang/Object;I)I> (0x000000008906e688) thrown at [t:/workspace/open/src/hotspot/share/interpreter/linkResolv
Event: 1.883 Thread 0x00000256007b5000 Exception <a 'java/lang/IncompatibleClassChangeError'{0x000000008895f420}: Found class java.lang.Object, but interface was expected> (0x000000008895f420) thrown at [t:/workspace/open/src/hotspot/share/interpreter/linkResolver.cpp, line 843]
Event: 2.181 Thread 0x00000256007b5000 Exception <a 'java/lang/ClassNotFoundException'{0x0000000087de3560}: sun/awt/resources/spi/awtProvider> (0x0000000087de3560) thrown at [t:/workspace/open/src/hotspot/share/classfile/systemDictionary.cpp, line 235]
Event: 2.192 Thread 0x00000256007b5000 Exception <a 'java/io/FileNotFoundException'{0x0000000087c0ee40}> (0x0000000087c0ee40) thrown at [t:/workspace/open/src/hotspot/share/prims/jni.cpp, line 615]
Event: 2.193 Thread 0x00000256007b5000 Exception <a 'java/io/FileNotFoundException'{0x0000000087c108a0}> (0x0000000087c108a0) thrown at [t:/workspace/open/src/hotspot/share/prims/jni.cpp, line 615]
Event: 2.254 Thread 0x00000256007b5000 Exception <a 'java/lang/NoSuchMethodError'{0x0000000087b70720}: java.lang.invoke.DirectMethodHandle$Holder.invokeStaticInit(Ljava/lang/Object;IIII)Ljava/lang/Object;> (0x0000000087b70720) thrown at [t:/workspace/open/src/hotspot/share/interpreter/linkReso
Event: 2.470 Thread 0x00000256007b5000 Exception <a 'java/lang/NoSuchMethodError'{0x0000000087bdfda0}: java.lang.invoke.DirectMethodHandle$Holder.invokeStaticInit(Ljava/lang/Object;Ljava/lang/Object;IIII)Ljava/lang/Object;> (0x0000000087bdfda0) thrown at [t:/workspace/open/src/hotspot/share/in
Event: 2.521 Thread 0x00000256007b7800 Exception <a 'java/lang/NoSuchMethodError'{0x0000000087a8af50}: java.lang.invoke.DirectMethodHandle$Holder.invokeSpecial(Ljava/lang/Object;Ljava/lang/Object;)V> (0x0000000087a8af50) thrown at [t:/workspace/open/src/hotspot/share/interpreter/linkResolver.c
Event: 2.525 Thread 0x00000256007b5000 Exception <a 'java/lang/NoSuchMethodError'{0x0000000087a76a40}: java.lang.invoke.DirectMethodHandle$Holder.invokeStatic(Ljava/lang/Object;Ljava/lang/Object;Ljava/lang/Object;Ljava/lang/Object;Ljava/lang/Object;Ljava/lang/Object;Ljava/lang/Object;J)Ljava/l
Event: 23.332 Thread 0x000002565d56a800 Implicit null exception at 0x000002566ed27e4a to 0x000002566ed285b2

Events (10 events):
Event: 25.234 Thread 0x000002565d56a800 DEOPT PACKING pc=0x0000025667c5f09d sp=0x0000008f7c4fe320
Event: 25.234 Thread 0x000002565d56a800 DEOPT UNPACKING pc=0x00000256671799ce sp=0x0000008f7c4fd878 mode 0
Event: 25.247 Thread 0x000002565d56a800 DEOPT PACKING pc=0x0000025667c5f0df sp=0x0000008f7c4fe320
Event: 25.247 Thread 0x000002565d56a800 DEOPT UNPACKING pc=0x00000256671799ce sp=0x0000008f7c4fd878 mode 0
Event: 25.260 Thread 0x000002565d56a800 DEOPT PACKING pc=0x0000025667c5f09d sp=0x0000008f7c4fe320
Event: 25.260 Thread 0x000002565d56a800 DEOPT UNPACKING pc=0x00000256671799ce sp=0x0000008f7c4fd878 mode 0
Event: 25.275 Thread 0x000002565d56a800 DEOPT PACKING pc=0x0000025667c5f0df sp=0x0000008f7c4fe320
Event: 25.275 Thread 0x000002565d56a800 DEOPT UNPACKING pc=0x00000256671799ce sp=0x0000008f7c4fd878 mode 0
Event: 25.287 Thread 0x000002565d56a800 DEOPT PACKING pc=0x0000025667c5f09d sp=0x0000008f7c4fe320
Event: 25.287 Thread 0x000002565d56a800 DEOPT UNPACKING pc=0x00000256671799ce sp=0x0000008f7c4fd878 mode 0


Dynamic libraries:
0x00007ff6e9bb0000 - 0x00007ff6e9bbf000 	C:\Program Files\Java\jdk-12.0.2\bin\javaw.exe
0x00007ff883a30000 - 0x00007ff883c25000 	C:\WINDOWS\SYSTEM32\ntdll.dll
0x00007ff883480000 - 0x00007ff88353d000 	C:\WINDOWS\System32\KERNEL32.DLL
0x00007ff8813e0000 - 0x00007ff8816a8000 	C:\WINDOWS\System32\KERNELBASE.dll
0x00007ff881830000 - 0x00007ff881930000 	C:\WINDOWS\System32\ucrtbase.dll
0x00007ff87e9b0000 - 0x00007ff87e9c6000 	C:\Program Files\Java\jdk-12.0.2\bin\VCRUNTIME140.dll
0x00007ff87e9d0000 - 0x00007ff87e9e8000 	C:\Program Files\Java\jdk-12.0.2\bin\jli.dll
0x00007ff8838b0000 - 0x00007ff88395c000 	C:\WINDOWS\System32\ADVAPI32.dll
0x00007ff881c50000 - 0x00007ff881cee000 	C:\WINDOWS\System32\msvcrt.dll
0x00007ff883090000 - 0x00007ff88312b000 	C:\WINDOWS\System32\sechost.dll
0x00007ff8827f0000 - 0x00007ff88291b000 	C:\WINDOWS\System32\RPCRT4.dll
0x00007ff8832d0000 - 0x00007ff883470000 	C:\WINDOWS\System32\USER32.dll
0x00007ff85c140000 - 0x00007ff85c3da000 	C:\WINDOWS\WinSxS\amd64_microsoft.windows.common-controls_6595b64144ccf1df_6.0.19041.844_none_ca00b6081b84eb1d\COMCTL32.dll
0x00007ff8812d0000 - 0x00007ff8812f2000 	C:\WINDOWS\System32\win32u.dll
0x00007ff883060000 - 0x00007ff88308a000 	C:\WINDOWS\System32\GDI32.dll
0x00007ff8811c0000 - 0x00007ff8812cb000 	C:\WINDOWS\System32\gdi32full.dll
0x00007ff881730000 - 0x00007ff8817cd000 	C:\WINDOWS\System32\msvcp_win.dll
0x00007ff87a370000 - 0x00007ff87a37a000 	C:\WINDOWS\SYSTEM32\VERSION.dll
0x00007ff8839c0000 - 0x00007ff8839f0000 	C:\WINDOWS\System32\IMM32.DLL
0x00007ff8655b0000 - 0x00007ff86565a000 	C:\Program Files\Java\jdk-12.0.2\bin\msvcp140.dll
0x00007ff8277e0000 - 0x00007ff828357000 	C:\Program Files\Java\jdk-12.0.2\bin\server\jvm.dll
0x00007ff883540000 - 0x00007ff883548000 	C:\WINDOWS\System32\PSAPI.DLL
0x00007ff860610000 - 0x00007ff860619000 	C:\WINDOWS\SYSTEM32\WSOCK32.dll
0x00007ff862220000 - 0x00007ff862247000 	C:\WINDOWS\SYSTEM32\WINMM.dll
0x00007ff883260000 - 0x00007ff8832cb000 	C:\WINDOWS\System32\WS2_32.dll
0x00007ff87efd0000 - 0x00007ff87efe2000 	C:\WINDOWS\SYSTEM32\kernel.appcore.dll
0x00007ff86b0e0000 - 0x00007ff86b0f1000 	C:\Program Files\Java\jdk-12.0.2\bin\verify.dll
0x00007ff87b290000 - 0x00007ff87b474000 	C:\WINDOWS\SYSTEM32\DBGHELP.DLL
0x00007ff867250000 - 0x00007ff86727c000 	C:\WINDOWS\SYSTEM32\dbgcore.DLL
0x00007ff8816b0000 - 0x00007ff881730000 	C:\WINDOWS\System32\bcryptPrimitives.dll
0x00007ff868d00000 - 0x00007ff868d26000 	C:\Program Files\Java\jdk-12.0.2\bin\java.dll
0x00007ff86a430000 - 0x00007ff86a447000 	C:\Program Files\Java\jdk-12.0.2\bin\zip.dll
0x00007ff86ead0000 - 0x00007ff86eada000 	C:\Program Files\Java\jdk-12.0.2\bin\jimage.dll
0x00007ff881fd0000 - 0x00007ff882712000 	C:\WINDOWS\System32\SHELL32.dll
0x00007ff87f2b0000 - 0x00007ff87fa41000 	C:\WINDOWS\SYSTEM32\windows.storage.dll
0x00007ff883550000 - 0x00007ff8838a5000 	C:\WINDOWS\System32\combase.dll
0x00007ff880b00000 - 0x00007ff880b2c000 	C:\WINDOWS\SYSTEM32\Wldp.dll
0x00007ff881cf0000 - 0x00007ff881d9e000 	C:\WINDOWS\System32\SHCORE.dll
0x00007ff883000000 - 0x00007ff883055000 	C:\WINDOWS\System32\shlwapi.dll
0x00007ff8810b0000 - 0x00007ff8810cf000 	C:\WINDOWS\SYSTEM32\profapi.dll
0x00007ff869bf0000 - 0x00007ff869c09000 	C:\Program Files\Java\jdk-12.0.2\bin\net.dll
0x00007ff869960000 - 0x00007ff869b4e000 	C:\WINDOWS\SYSTEM32\urlmon.dll
0x00007ff865d90000 - 0x00007ff865e9b000 	C:\WINDOWS\SYSTEM32\WINHTTP.dll
0x00007ff869e50000 - 0x00007ff86a100000 	C:\WINDOWS\SYSTEM32\iertutil.dll
0x00007ff880880000 - 0x00007ff8808ea000 	C:\WINDOWS\system32\mswsock.dll
0x00007ff8698a0000 - 0x00007ff8698b3000 	C:\Program Files\Java\jdk-12.0.2\bin\nio.dll
0x00007ff86b0d0000 - 0x00007ff86b0d9000 	C:\Program Files\Java\jdk-12.0.2\bin\prefs.dll
0x00007ff8805b0000 - 0x00007ff88067c000 	C:\WINDOWS\SYSTEM32\DNSAPI.dll
0x00007ff880570000 - 0x00007ff8805ab000 	C:\WINDOWS\SYSTEM32\IPHLPAPI.DLL
0x00007ff883470000 - 0x00007ff883478000 	C:\WINDOWS\System32\NSI.dll
0x00007ff865520000 - 0x00007ff86552a000 	C:\Windows\System32\rasadhlp.dll
0x00007ff8654a0000 - 0x00007ff86551f000 	C:\WINDOWS\System32\fwpuclnt.dll
0x00007ff8813b0000 - 0x00007ff8813d7000 	C:\WINDOWS\System32\bcrypt.dll
0x00007ff83dd90000 - 0x00007ff83df2f000 	C:\Program Files\Java\jdk-12.0.2\bin\awt.dll
0x00007ff882720000 - 0x00007ff8827ed000 	C:\WINDOWS\System32\OLEAUT32.dll
0x00007ff87d720000 - 0x00007ff87dce0000 	C:\WINDOWS\SYSTEM32\d2d1.dll
0x00007ff87ea20000 - 0x00007ff87eab0000 	C:\WINDOWS\SYSTEM32\apphelp.dll
0x00007ff880a50000 - 0x00007ff880a68000 	C:\WINDOWS\SYSTEM32\CRYPTSP.dll
0x00007ff880220000 - 0x00007ff880254000 	C:\WINDOWS\system32\rsaenh.dll
0x00007ff881030000 - 0x00007ff88105e000 	C:\WINDOWS\SYSTEM32\USERENV.dll
0x00007ff880f00000 - 0x00007ff880f0c000 	C:\WINDOWS\SYSTEM32\CRYPTBASE.dll
0x00007ff871780000 - 0x00007ff871797000 	C:\WINDOWS\SYSTEM32\dhcpcsvc6.DLL
0x00007ff874e20000 - 0x00007ff874e3d000 	C:\WINDOWS\SYSTEM32\dhcpcsvc.DLL
0x00007ff87ebd0000 - 0x00007ff87ec6e000 	C:\WINDOWS\system32\uxtheme.dll
0x00007ff882990000 - 0x00007ff882aa5000 	C:\WINDOWS\System32\MSCTF.dll
0x00007ff883130000 - 0x00007ff88325a000 	C:\WINDOWS\System32\ole32.dll

dbghelp: loaded successfully - version: 4.0.5 - missing functions: none
symbol engine: initialized successfully - sym options: 0x614 - pdb path: .;C:\Program Files\Java\jdk-12.0.2\bin;C:\WINDOWS\SYSTEM32;C:\WINDOWS\WinSxS\amd64_microsoft.windows.common-controls_6595b64144ccf1df_6.0.19041.844_none_ca00b6081b84eb1d;C:\Program Files\Java\jdk-12.0.2\bin\server

VM Arguments:
jvm_args: -Djava.system.class.loader=org.processmining.framework.util.ProMClassLoader -Dfile.encoding=UTF-8 
java_command: org.processmining.contexts.uitopia.UI
java_class_path (initial): D:\prom\PromBase\tests\bin-test;D:\prom\PromBase\bin;C:\Users\Rachmadita\.ivy2\cache\prom\ProM-Plugins\jars\ProM-Plugins-latest.jar;C:\Users\Rachmadita\.ivy2\cache\prom\ProM-Contexts\jars\ProM-Contexts-latest.jar;C:\Users\Rachmadita\.ivy2\cache\prom-libs\guava\jars\guava-16.0.1.jar;C:\Users\Rachmadita\.ivy2\cache\junit\junit\jars\junit-4.12.jar;C:\Users\Rachmadita\.ivy2\cache\prom-libs\bsh\jars\bsh-2.0b4.jar;C:\Users\Rachmadita\.ivy2\cache\prom-libs\Spex\jars\Spex-1.1.jar;C:\Users\Rachmadita\.ivy2\cache\prom-libs\Uitopia\jars\Uitopia-0.6-20190913.jar;C:\Users\Rachmadita\.ivy2\cache\prom-libs\UITopiaResources\jars\UITopiaResources-0.6-20190913.jar;C:\Users\Rachmadita\.ivy2\cache\prom\ProM-Framework\jars\ProM-Framework-latest.jar;C:\Users\Rachmadita\.ivy2\cache\org.apache.commons\commons-compress\jars\commons-compress-1.13.jar;C:\Users\Rachmadita\.ivy2\cache\commons-logging\commons-logging\jars\commons-logging-1.1.3.jar;C:\Users\Rachmadita\.ivy2\cache\prom-libs\jgraph\jars\jgraph-5.13.0.4.jar;C:\Users\Rachmadita\.ivy2\cache\com.brsanthu\google-analytics-java\jars\google-analytics-java-1.1.2.jar;C:\Users\Rachmadita\.ivy2\cache\org.apache.httpcomponents\httpclient\jars\httpclient-4.5.3.jar;C:\Users\Rachmadita\.ivy2\cache\org.apache.httpcomponents\httpcore\jars\httpcore-4.4.6.jar;C:\Users\Rachmadita\.ivy2\cache\org.apache.logging.log4j\log4j-api\jars\log4j-api-2.8.1.jar;C:\Users\Rachmadita\.ivy2\cache\org.apache.logging.log4j\log4j-core\jars\log4j-core-2.8.1.jar;C:\Users\Rachmadita\.ivy2\cache\org.apache.logging.log4j\log4j-slf4j-impl\jars\log4j-slf4j-impl-2.8.1.jar;C:\Users\Rachmadita\.ivy2\cache\prom-libs\jargs\jars\jargs-latest.jar;C:\Users\Rachmadita\.ivy2\cache\tablelayout\TableLayout\jars\TableLayout-20050920.jar;C:\Users\Rachmadita\.ivy2\cache\org.slf4j\slf4j-api\jars\slf4j-api-1.7.25.jar;C:\Users\Rachmadita\.ivy2\cache\prom-libs\slickerbox\jars\slickerbox-1.0rc1.jar;C:\Users\Rachmadita\.ivy2\cache\prom\ProM-Models\jars\ProM-Models-lat
Launcher Type: SUN_STANDARD

[Global flags]
     intx CICompilerCount                          = 4                                         {product} {ergonomic}
     uint ConcGCThreads                            = 2                                         {product} {ergonomic}
     uint G1ConcRefinementThreads                  = 8                                         {product} {ergonomic}
   size_t G1HeapRegionSize                         = 1048576                                   {product} {ergonomic}
    uintx GCDrainStackTargetSize                   = 64                                        {product} {ergonomic}
   size_t InitialHeapSize                          = 134217728                                 {product} {ergonomic}
   size_t MarkStackSize                            = 4194304                                   {product} {ergonomic}
   size_t MaxHeapSize                              = 2118123520                                {product} {ergonomic}
   size_t MaxNewSize                               = 1270874112                                {product} {ergonomic}
   size_t MinHeapDeltaBytes                        = 1048576                                   {product} {ergonomic}
    uintx NonNMethodCodeHeapSize                   = 5836300                                {pd product} {ergonomic}
    uintx NonProfiledCodeHeapSize                  = 122910970                              {pd product} {ergonomic}
    uintx ProfiledCodeHeapSize                     = 122910970                              {pd product} {ergonomic}
    uintx ReservedCodeCacheSize                    = 251658240                              {pd product} {ergonomic}
     bool SegmentedCodeCache                       = true                                      {product} {ergonomic}
     bool UseCompressedClassPointers               = true                                 {lp64_product} {ergonomic}
     bool UseCompressedOops                        = true                                 {lp64_product} {ergonomic}
     bool UseG1GC                                  = true                                      {product} {ergonomic}
     bool UseLargePagesIndividualAllocation        = false                                  {pd product} {ergonomic}

Logging:
Log output configuration:
 #0: stdout all=warning uptime,level,tags
 #1: stderr all=off uptime,level,tags

Environment Variables:
JAVA_HOME=C:\Program Files\OpenJDK\openjdk-8u282-b08
PATH=C:/Program Files/Java/jdk-12.0.2/bin/server;C:/Program Files/Java/jdk-12.0.2/bin;C:\ProgramData\Anaconda3;C:\ProgramData\Anaconda3\Library\mingw-w64\bin;C:\ProgramData\Anaconda3\Library\usr\bin;C:\ProgramData\Anaconda3\Library\bin;C:\ProgramData\Anaconda3\Scripts;C:\Program Files (x86)\Common Files\Oracle\Java\javapath;C:\WINDOWS\system32;C:\WINDOWS;C:\WINDOWS\System32\Wbem;C:\WINDOWS\System32\WindowsPowerShell\v1.0\;C:\WINDOWS\System32\OpenSSH\;C:\Program Files\Intel\WiFi\bin\;C:\Program Files\Common Files\Intel\WirelessCommon\;C:\xampp\php;C:\composer;C:\Program Files\SlikSvn\bin;C:\Program Files\TortoiseSVN\bin;C:\Program Files\Git\cmd;C:\Users\Rachmadita\AppData\Roaming\nvm;C:\Program Files\nodejs;C:\Program Files (x86)\adb;C:\Users\Rachmadita\AppData\Local\Android\Sdk;C:\ProgramData\chocolatey\bin;C:\Program Files\OpenJDK\openjdk-8u282-b08\bin;C:\Users\Rachmadita\AppData\Local\Microsoft\WindowsApps;C:\Users\Rachmadita\AppData\Local\atom\bin;C:\Users\Rachmadita\AppData\Roaming\Composer\vendor\bin;C:\Users\Rachmadita\AppData\Roaming\npm;C:\Program Files\heroku\bin;C:\Users\Rachmadita\AppData\Local\Programs\Microsoft VS Code\bin;C:\Users\Rachmadita\AppData\Local\Microsoft\WindowsApps;C:\Users\Rachmadita\AppData\Roaming\nvm;C:\Program Files\nodejs;;C:\WINDOWS\System32;
USERNAME=Rachmadita
OS=Windows_NT
PROCESSOR_IDENTIFIER=Intel64 Family 6 Model 142 Stepping 11, GenuineIntel



---------------  S Y S T E M  ---------------

OS: Windows 10 , 64 bit Build 19041 (10.0.19041.928)

CPU:total 8 (initial active 8) (4 cores per cpu, 2 threads per core) family 6 model 142 stepping 11, cmov, cx8, fxsr, mmx, sse, sse2, sse3, ssse3, sse4.1, sse4.2, popcnt, avx, avx2, aes, clmul, erms, 3dnowpref, lzcnt, ht, tsc, tscinvbit, bmi1, bmi2, adx, fma

Memory: 4k page, system-wide physical 8079M (2543M free)
TotalPageFile size 19343M (AvailPageFile size 10845M)
current process WorkingSet (physical memory assigned to process): 335M, peak: 337M
current process commit charge ("private bytes"): 383M, peak: 385M

vm_info: Java HotSpot(TM) 64-Bit Server VM (12.0.2+10) for windows-amd64 JRE (12.0.2+10), built on Jul 16 2019 01:56:17 by "mach5one" with MS VC++ 15.5 (VS2017)

END.
