#
# A fatal error has been detected by the Java Runtime Environment:
#
#  EXCEPTION_ACCESS_VIOLATION (0xc0000005) at pc=0x00000282d9af93e1, pid=10156, tid=8164
#
# JRE version: Java(TM) SE Runtime Environment (12.0.2+10) (build 12.0.2+10)
# Java VM: Java HotSpot(TM) 64-Bit Server VM (12.0.2+10, mixed mode, sharing, tiered, compressed oops, g1 gc, windows-amd64)
# Problematic frame:
# J 2892 c2 org.processmining.framework.plugin.impl.PluginManagerImpl.checkIfRequestedReturnTypeIsPresent(Lorg/processmining/framework/plugin/PluginDescriptor;Ljava/lang/Class;)I (50 bytes) @ 0x00000282d9af93e1 [0x00000282d9af92a0+0x0000000000000141]
#
# No core dump will be written. Minidumps are not enabled by default on client versions of Windows
#
# If you would like to submit a bug report, please visit:
#   http://bugreport.java.com/bugreport/crash.jsp
#

---------------  S U M M A R Y ------------

Command Line: -Djava.system.class.loader=org.processmining.framework.util.ProMClassLoader -Dfile.encoding=UTF-8 org.processmining.contexts.uitopia.UI

Host: Intel(R) Core(TM) i7-8565U CPU @ 1.80GHz, 8 cores, 7G,  Windows 10 , 64 bit Build 18362 (10.0.18362.1350)
Time: Tue Mar 23 22:27:10 2021 SE Asia Standard Time elapsed time: 21 seconds (0d 0h 0m 21s)

---------------  T H R E A D  ---------------

Current thread (0x00000282c9a8a000):  JavaThread "main" [_thread_in_Java, id=8164, stack(0x000000c0bfb00000,0x000000c0bfc00000)]

Stack: [0x000000c0bfb00000,0x000000c0bfc00000],  sp=0x000000c0bfbfe1e0,  free space=1016k
Native frames: (J=compiled Java code, j=interpreted, Vv=VM code, C=native code)
C  0x00000282d9af93e1


siginfo: EXCEPTION_ACCESS_VIOLATION (0xc0000005), reading address 0xffffffffffffffff


Register to memory mapping:

RIP=0x00000282d9af93e1 is at entry_point+321 in (nmethod*)0x00000282d9af9090
RAX=0x00000282d9af92d0 is at entry_point+48 in (nmethod*)0x00000282d9af9090
RBX=0x0000000000053510 is an unknown value
RCX=0x0000000087492720 points into unknown readable memory: 1d 00 00 00 00 00 00 00
RDX=0x0000000087492720 points into unknown readable memory: 1d 00 00 00 00 00 00 00
RSP=0x000000c0bfbfe1e0 is pointing into the stack for thread: 0x00000282c9a8a000
RBP=0x00000008001219f8 is pointing into metadata
RSI=0x000000080029a880 is pointing into metadata
RDI=0x0000000087492738 points into unknown readable memory: 19 00 00 00 00 00 00 00
R8 =0x0000000082bd9178 points into unknown readable memory: 11 00 00 00 00 00 00 00
R9 =0x0000000000000001 is an unknown value
R10=0x0 is NULL
R11=0x0000000000000048 is an unknown value
R12=0x0 is NULL
R13=0x0000000000000001 is an unknown value
R14=0x82bd91f000000000 is an unknown value
R15=0x00000282c9a8a000 is a thread


Registers:
RAX=0x00000282d9af92d0, RBX=0x0000000000053510, RCX=0x0000000087492720, RDX=0x0000000087492720
RSP=0x000000c0bfbfe1e0, RBP=0x00000008001219f8, RSI=0x000000080029a880, RDI=0x0000000087492738
R8 =0x0000000082bd9178, R9 =0x0000000000000001, R10=0x0000000000000000, R11=0x0000000000000048
R12=0x0000000000000000, R13=0x0000000000000001, R14=0x82bd91f000000000, R15=0x00000282c9a8a000
RIP=0x00000282d9af93e1, EFLAGS=0x0000000000010297

Top of Stack: (sp=0x000000c0bfbfe1e0)
0x000000c0bfbfe1e0:   00000008011cb948 0000000000000001
0x000000c0bfbfe1f0:   000000c0bfbfe230 000000c0bfbfe220
0x000000c0bfbfe200:   00000282e8b91e40 0000000083e256f0
0x000000c0bfbfe210:   0000000000000001 00000282d9af92d0
0x000000c0bfbfe220:   000000c0bfbfe4d8 0000000000000206
0x000000c0bfbfe230:   000000c0bfbfe4d8 00000282d27b51c4
0x000000c0bfbfe240:   0000000000000000 00000008003d4930
0x000000c0bfbfe250:   000000080120bda8 000000008746f550
0x000000c0bfbfe260:   0000000087009190 00000282d9aaf224
0x000000c0bfbfe270:   000000c0bfbfe4d8 00000282d2713cc4
0x000000c0bfbfe280:   000000c0bfbfe4d8 00000282d279b4d0
0x000000c0bfbfe290:   0000000087009190 0000000035366f9a
0x000000c0bfbfe2a0:   0000000084e60ad8 0000000088f994f8
0x000000c0bfbfe2b0:   000000010000039a 00000000870091c0
0x000000c0bfbfe2c0:   00000000891de3f0 00000282eff28dcf
0x000000c0bfbfe2d0:   000000c0bfbfe4d8 0000000082bd9040 

Instructions: (pc=0x00000282d9af93e1)
0x00000282d9af92e1:   45 8b 50 08 41 81 fa d3 18 24 00 0f 85 b2 0a 00
0x00000282d9af92f1:   00 45 8b 50 1c 41 8b 5a 08 48 be 00 00 00 00 08
0x00000282d9af9301:   00 00 00 48 8d 34 de 48 8b 6e 20 49 bb f8 19 12
0x00000282d9af9311:   00 08 00 00 00 49 3b eb 0f 85 a2 04 00 00 49 8b
0x00000282d9af9321:   d2 81 fb 10 35 05 00 74 15 81 fb 2a 0d 06 00 0f
0x00000282d9af9331:   85 50 0b 00 00 4c 8b da 45 8b 6b 10 eb 0b 4c 8b
0x00000282d9af9341:   da 41 8b 4b 10 44 8b 69 0c 45 85 ed 0f 8e bf 04
0x00000282d9af9351:   00 00 49 8b 49 50 44 8b 59 10 81 fb 10 35 05 00
0x00000282d9af9361:   0f 85 65 0a 00 00 48 89 0c 24 c4 e1 f9 6e c6 48
0x00000282d9af9371:   8b ca 44 8b 71 10 c4 c1 79 6e fe 45 8b 76 0c 44
0x00000282d9af9381:   89 74 24 08 45 8b f2 c4 c1 f9 6e d9 c4 c1 f9 6e
0x00000282d9af9391:   c8 4c 8b 14 24 45 8b 52 08 c4 c1 79 6e ea 45 8b
0x00000282d9af93a1:   41 20 4d 63 d3 c4 c1 f9 6e e2 44 8b 54 24 08 41
0x00000282d9af93b1:   ff ca 49 b9 f8 19 12 00 08 00 00 00 49 3b e9 0f
0x00000282d9af93c1:   85 56 04 00 00 44 8b 4c 24 08 45 85 c9 0f 86 1a
0x00000282d9af93d1:   0a 00 00 45 3b d1 0f 83 e5 09 00 00 4d 8b 70 50
0x00000282d9af93e1:   45 8b 46 10 49 63 e8 81 fb 2a 0d 06 00 0f 84 ef
0x00000282d9af93f1:   01 00 00 41 83 fb 20 0f 85 17 01 00 00 45 33 db
0x00000282d9af9401:   45 8b eb 41 8b db 66 0f 1f 84 00 00 00 00 00 c4
0x00000282d9af9411:   c1 79 7e f9 47 8b 54 a9 10 45 8b 5a 08 49 8b ca
0x00000282d9af9421:   41 81 fb 9d 23 07 00 0f 85 2f 0b 00 00 48 8b 71
0x00000282d9af9431:   50 48 85 f6 0f 84 bf 09 00 00 c4 c1 f9 7e e2 4e
0x00000282d9af9441:   8b 14 16 4c 8b 1c 24 4d 3b da 0f 84 2e 03 00 00
0x00000282d9af9451:   49 3b f3 0f 84 25 03 00 00 49 8b c3 50 48 8b c0
0x00000282d9af9461:   48 8b 7e 28 8b 0f 48 83 c7 08 48 85 c0 f2 48 af
0x00000282d9af9471:   58 0f 85 04 00 00 00 48 89 46 20 0f 84 fd 02 00
0x00000282d9af9481:   00 c4 c1 79 7e e9 45 85 c9 7d 50 4c 8b 1c 2e 4d
0x00000282d9af9491:   3b f3 0f 84 e6 02 00 00 41 83 f8 20 75 38 49 3b
0x00000282d9af94a1:   f6 0f 84 d7 02 00 00 49 8b c6 50 48 8b c0 48 8b
0x00000282d9af94b1:   7e 28 8b 0f 48 83 c7 08 48 85 c0 f2 48 af 58 0f
0x00000282d9af94c1:   85 04 00 00 00 48 89 46 20 0f 84 af 02 00 00 c4
0x00000282d9af94d1:   c1 79 7e e9 eb 05 c4 c1 79 7e e9 44 8b 54 24 08 


Stack slot to memory mapping:
stack at sp + 0 slots: 0x00000008011cb948 is a pointer to class: 
javax.swing.JComponent {0x00000008011cb950}
stack at sp + 1 slots: 0x0000000000000001 is an unknown value
stack at sp + 2 slots: 0x000000c0bfbfe230 is pointing into the stack for thread: 0x00000282c9a8a000
stack at sp + 3 slots: 0x000000c0bfbfe220 is pointing into the stack for thread: 0x00000282c9a8a000
stack at sp + 4 slots: {method} {0x00000282e8b91e48} 'checkIfRequestedReturnTypeIsPresent' '(Lorg/processmining/framework/plugin/PluginDescriptor;Ljava/lang/Class;)I' in 'org/processmining/framework/plugin/impl/PluginManagerImpl'
stack at sp + 5 slots: 0x0000000083e256f0 is an oop: org.processmining.framework.plugin.impl.PluginManagerImpl 
{0x0000000083e256f0} - klass: 'org/processmining/framework/plugin/impl/PluginManagerImpl'
stack at sp + 6 slots: 0x0000000000000001 is an unknown value
stack at sp + 7 slots: 0x00000282d9af92d0 is at entry_point+48 in (nmethod*)0x00000282d9af9090



---------------  P R O C E S S  ---------------

Threads class SMR info:
_java_thread_list=0x00000282ea2fc490, length=14, elements={
0x00000282c9a8a000, 0x00000282e8713800, 0x00000282e8717000, 0x00000282e872d800,
0x00000282e8730000, 0x00000282e8732800, 0x00000282e8739000, 0x00000282e8741800,
0x00000282e91aa000, 0x00000282e9270000, 0x00000282ea953000, 0x00000282ea952000,
0x00000282ed0f6000, 0x00000282efa63800
}

Java Threads: ( => current thread )
=>0x00000282c9a8a000 JavaThread "main" [_thread_in_Java, id=8164, stack(0x000000c0bfb00000,0x000000c0bfc00000)]
  0x00000282e8713800 JavaThread "Reference Handler" daemon [_thread_blocked, id=16952, stack(0x000000c0c0200000,0x000000c0c0300000)]
  0x00000282e8717000 JavaThread "Finalizer" daemon [_thread_blocked, id=23780, stack(0x000000c0c0300000,0x000000c0c0400000)]
  0x00000282e872d800 JavaThread "Signal Dispatcher" daemon [_thread_blocked, id=4896, stack(0x000000c0c0400000,0x000000c0c0500000)]
  0x00000282e8730000 JavaThread "Attach Listener" daemon [_thread_blocked, id=22420, stack(0x000000c0c0500000,0x000000c0c0600000)]
  0x00000282e8732800 JavaThread "C2 CompilerThread0" daemon [_thread_blocked, id=22904, stack(0x000000c0c0600000,0x000000c0c0700000)]
  0x00000282e8739000 JavaThread "C1 CompilerThread0" daemon [_thread_blocked, id=3968, stack(0x000000c0c0700000,0x000000c0c0800000)]
  0x00000282e8741800 JavaThread "Sweeper thread" daemon [_thread_blocked, id=304, stack(0x000000c0c0800000,0x000000c0c0900000)]
  0x00000282e91aa000 JavaThread "Common-Cleaner" daemon [_thread_blocked, id=4524, stack(0x000000c0c0900000,0x000000c0c0a00000)]
  0x00000282e9270000 JavaThread "Service Thread" daemon [_thread_blocked, id=19680, stack(0x000000c0c0a00000,0x000000c0c0b00000)]
  0x00000282ea953000 JavaThread "Java2D Disposer" daemon [_thread_blocked, id=1088, stack(0x000000c0c0d00000,0x000000c0c0e00000)]
  0x00000282ea952000 JavaThread "AWT-Windows" daemon [_thread_in_native, id=18684, stack(0x000000c0c1200000,0x000000c0c1300000)]
  0x00000282ed0f6000 JavaThread "C2 CompilerThread1" daemon [_thread_in_native, id=13552, stack(0x000000c0c0c00000,0x000000c0c0d00000)]
  0x00000282efa63800 JavaThread "C2 CompilerThread2" daemon [_thread_in_native, id=15760, stack(0x000000c0c1500000,0x000000c0c1600000)]

Other Threads:
  0x00000282e8711800 VMThread "VM Thread" [stack: 0x000000c0c0100000,0x000000c0c0200000] [id=1976]
  0x00000282e9270800 WatcherThread [stack: 0x000000c0c0b00000,0x000000c0c0c00000] [id=13028]
  0x00000282c9ac8800 GCTaskThread "GC Thread#0" [stack: 0x000000c0bfc00000,0x000000c0bfd00000] [id=1292]
  0x00000282ea8d0000 GCTaskThread "GC Thread#1" [stack: 0x000000c0c0e00000,0x000000c0c0f00000] [id=18416]
  0x00000282ea8d1000 GCTaskThread "GC Thread#2" [stack: 0x000000c0c0f00000,0x000000c0c1000000] [id=14972]
  0x00000282ea2eb000 GCTaskThread "GC Thread#3" [stack: 0x000000c0c1000000,0x000000c0c1100000] [id=3284]
  0x00000282ea3a4800 GCTaskThread "GC Thread#4" [stack: 0x000000c0c1300000,0x000000c0c1400000] [id=15680]
  0x00000282ea3a5800 GCTaskThread "GC Thread#5" [stack: 0x000000c0c1400000,0x000000c0c1500000] [id=6236]
  0x00000282ed070800 GCTaskThread "GC Thread#6" [stack: 0x000000c0c2100000,0x000000c0c2200000] [id=25244]
  0x00000282e9da7000 GCTaskThread "GC Thread#7" [stack: 0x000000c0c2200000,0x000000c0c2300000] [id=10816]
  0x00000282c9ad8000 ConcurrentGCThread "G1 Main Marker" [stack: 0x000000c0bfd00000,0x000000c0bfe00000] [id=18796]
  0x00000282c9adb000 ConcurrentGCThread "G1 Conc#0" [stack: 0x000000c0bfe00000,0x000000c0bff00000] [id=24108]
  0x00000282ea3f0000 ConcurrentGCThread "G1 Conc#1" [stack: 0x000000c0c1100000,0x000000c0c1200000] [id=14040]
  0x00000282e858e800 ConcurrentGCThread "G1 Refine#0" [stack: 0x000000c0bff00000,0x000000c0c0000000] [id=15092]
  0x00000282e858f000 ConcurrentGCThread "G1 Young RemSet Sampling" [stack: 0x000000c0c0000000,0x000000c0c0100000] [id=15052]

Threads with active compile tasks:
C2 CompilerThread1  2856       4       org.processmining.framework.plugin.PluginParameterBinding$Factory::tryToBind (609 bytes)
C2 CompilerThread2  2898 %     4       org.processmining.framework.plugin.impl.PluginManagerImpl::find @ 41 (271 bytes)

VM state:not at safepoint (normal execution)

VM Mutex/Monitor currently owned by a thread: None

Heap address: 0x0000000081c00000, size: 2020 MB, Compressed Oops mode: 32-bit
Narrow klass base: 0x0000000800000000, Narrow klass shift: 3
Compressed class space size: 1073741824 Address: 0x0000000801190000

Heap:
 garbage-first heap   total 157696K, used 109047K [0x0000000081c00000, 0x0000000100000000)
  region size 1024K, 44 young (45056K), 5 survivors (5120K)
 Metaspace       used 26838K, capacity 27145K, committed 27264K, reserved 1073152K
  class space    used 4092K, capacity 4205K, committed 4224K, reserved 1048576K
Heap Regions: E=young(eden), S=young(survivor), O=old, HS=humongous(starts), HC=humongous(continues), CS=collection set, F=free, A=archive, TAMS=top-at-mark-start (previous, next)
|   0|0x0000000081c00000, 0x0000000081d00000, 0x0000000081d00000|100%|HS|  |TAMS 0x0000000081d00000, 0x0000000081c00000| Complete 
|   1|0x0000000081d00000, 0x0000000081e00000, 0x0000000081e00000|100%|HC|  |TAMS 0x0000000081e00000, 0x0000000081d00000| Complete 
|   2|0x0000000081e00000, 0x0000000081f00000, 0x0000000081f00000|100%|HS|  |TAMS 0x0000000081f00000, 0x0000000081e00000| Complete 
|   3|0x0000000081f00000, 0x0000000082000000, 0x0000000082000000|100%|HC|  |TAMS 0x0000000082000000, 0x0000000081f00000| Complete 
|   4|0x0000000082000000, 0x0000000082100000, 0x0000000082100000|100%| O|  |TAMS 0x0000000082100000, 0x0000000082000000| Untracked 
|   5|0x0000000082100000, 0x0000000082200000, 0x0000000082200000|100%| O|  |TAMS 0x0000000082200000, 0x0000000082100000| Untracked 
|   6|0x0000000082200000, 0x0000000082300000, 0x0000000082300000|100%| O|  |TAMS 0x0000000082300000, 0x0000000082200000| Untracked 
|   7|0x0000000082300000, 0x0000000082400000, 0x0000000082400000|100%|HS|  |TAMS 0x0000000082400000, 0x0000000082300000| Complete 
|   8|0x0000000082400000, 0x0000000082500000, 0x0000000082500000|100%|HC|  |TAMS 0x0000000082500000, 0x0000000082400000| Complete 
|   9|0x0000000082500000, 0x0000000082600000, 0x0000000082600000|100%|HS|  |TAMS 0x0000000082600000, 0x0000000082500000| Complete 
|  10|0x0000000082600000, 0x0000000082700000, 0x0000000082700000|100%|HC|  |TAMS 0x0000000082700000, 0x0000000082600000| Complete 
|  11|0x0000000082700000, 0x0000000082800000, 0x0000000082800000|100%|HS|  |TAMS 0x0000000082800000, 0x0000000082700000| Complete 
|  12|0x0000000082800000, 0x0000000082900000, 0x0000000082900000|100%| O|  |TAMS 0x0000000082900000, 0x0000000082800000| Untracked 
|  13|0x0000000082900000, 0x0000000082a00000, 0x0000000082a00000|100%| O|  |TAMS 0x0000000082a00000, 0x0000000082900000| Untracked 
|  14|0x0000000082a00000, 0x0000000082b00000, 0x0000000082b00000|100%| O|  |TAMS 0x0000000082b00000, 0x0000000082a00000| Untracked 
|  15|0x0000000082b00000, 0x0000000082c00000, 0x0000000082c00000|100%| O|  |TAMS 0x0000000082c00000, 0x0000000082b00000| Untracked 
|  16|0x0000000082c00000, 0x0000000082d00000, 0x0000000082d00000|100%| O|  |TAMS 0x0000000082d00000, 0x0000000082c00000| Untracked 
|  17|0x0000000082d00000, 0x0000000082e00000, 0x0000000082e00000|100%| O|  |TAMS 0x0000000082e00000, 0x0000000082d00000| Untracked 
|  18|0x0000000082e00000, 0x0000000082f00000, 0x0000000082f00000|100%|HS|  |TAMS 0x0000000082f00000, 0x0000000082e00000| Complete 
|  19|0x0000000082f00000, 0x0000000083000000, 0x0000000083000000|100%|HC|  |TAMS 0x0000000083000000, 0x0000000082f00000| Complete 
|  20|0x0000000083000000, 0x0000000083100000, 0x0000000083100000|100%|HC|  |TAMS 0x0000000083100000, 0x0000000083000000| Complete 
|  21|0x0000000083100000, 0x0000000083200000, 0x0000000083200000|100%|HS|  |TAMS 0x0000000083200000, 0x0000000083100000| Complete 
|  22|0x0000000083200000, 0x0000000083300000, 0x0000000083300000|100%|HC|  |TAMS 0x0000000083300000, 0x0000000083200000| Complete 
|  23|0x0000000083300000, 0x0000000083400000, 0x0000000083400000|100%|HC|  |TAMS 0x0000000083400000, 0x0000000083300000| Complete 
|  24|0x0000000083400000, 0x0000000083500000, 0x0000000083500000|100%|HS|  |TAMS 0x0000000083500000, 0x0000000083400000| Complete 
|  25|0x0000000083500000, 0x0000000083600000, 0x0000000083600000|100%|HC|  |TAMS 0x0000000083600000, 0x0000000083500000| Complete 
|  26|0x0000000083600000, 0x0000000083700000, 0x0000000083700000|100%|HC|  |TAMS 0x0000000083700000, 0x0000000083600000| Complete 
|  27|0x0000000083700000, 0x0000000083800000, 0x0000000083800000|100%|HS|  |TAMS 0x0000000083800000, 0x0000000083700000| Complete 
|  28|0x0000000083800000, 0x0000000083900000, 0x0000000083900000|100%|HC|  |TAMS 0x0000000083900000, 0x0000000083800000| Complete 
|  29|0x0000000083900000, 0x0000000083a00000, 0x0000000083a00000|100%|HC|  |TAMS 0x0000000083a00000, 0x0000000083900000| Complete 
|  30|0x0000000083a00000, 0x0000000083b00000, 0x0000000083b00000|100%| O|  |TAMS 0x0000000083b00000, 0x0000000083a00000| Untracked 
|  31|0x0000000083b00000, 0x0000000083c00000, 0x0000000083c00000|100%| O|  |TAMS 0x0000000083c00000, 0x0000000083b00000| Untracked 
|  32|0x0000000083c00000, 0x0000000083d00000, 0x0000000083d00000|100%| O|  |TAMS 0x0000000083d00000, 0x0000000083c00000| Untracked 
|  33|0x0000000083d00000, 0x0000000083e00000, 0x0000000083e00000|100%| O|  |TAMS 0x0000000083e00000, 0x0000000083d00000| Untracked 
|  34|0x0000000083e00000, 0x0000000083f00000, 0x0000000083f00000|100%| O|  |TAMS 0x0000000083f00000, 0x0000000083e00000| Untracked 
|  35|0x0000000083f00000, 0x0000000084000000, 0x0000000084000000|100%|HS|  |TAMS 0x0000000084000000, 0x0000000083f00000| Complete 
|  36|0x0000000084000000, 0x0000000084100000, 0x0000000084100000|100%|HC|  |TAMS 0x0000000084100000, 0x0000000084000000| Complete 
|  37|0x0000000084100000, 0x0000000084200000, 0x0000000084200000|100%|HC|  |TAMS 0x0000000084200000, 0x0000000084100000| Complete 
|  38|0x0000000084200000, 0x0000000084300000, 0x0000000084300000|100%| O|  |TAMS 0x0000000084300000, 0x0000000084200000| Untracked 
|  39|0x0000000084300000, 0x0000000084400000, 0x0000000084400000|100%| O|  |TAMS 0x0000000084400000, 0x0000000084300000| Untracked 
|  40|0x0000000084400000, 0x0000000084500000, 0x0000000084500000|100%| O|  |TAMS 0x0000000084500000, 0x0000000084400000| Untracked 
|  41|0x0000000084500000, 0x0000000084600000, 0x0000000084600000|100%| O|  |TAMS 0x0000000084600000, 0x0000000084500000| Untracked 
|  42|0x0000000084600000, 0x0000000084700000, 0x0000000084700000|100%|HS|  |TAMS 0x0000000084700000, 0x0000000084600000| Complete 
|  43|0x0000000084700000, 0x0000000084800000, 0x0000000084800000|100%|HS|  |TAMS 0x0000000084800000, 0x0000000084700000| Complete 
|  44|0x0000000084800000, 0x0000000084900000, 0x0000000084900000|100%| O|  |TAMS 0x0000000084900000, 0x0000000084800000| Untracked 
|  45|0x0000000084900000, 0x0000000084a00000, 0x0000000084a00000|100%| O|  |TAMS 0x0000000084a00000, 0x0000000084900000| Untracked 
|  46|0x0000000084a00000, 0x0000000084b00000, 0x0000000084b00000|100%| O|  |TAMS 0x0000000084b00000, 0x0000000084a00000| Untracked 
|  47|0x0000000084b00000, 0x0000000084c00000, 0x0000000084c00000|100%| O|  |TAMS 0x0000000084bcca00, 0x0000000084b00000| Untracked 
|  48|0x0000000084c00000, 0x0000000084d00000, 0x0000000084d00000|100%| O|  |TAMS 0x0000000084c00000, 0x0000000084c00000| Untracked 
|  49|0x0000000084d00000, 0x0000000084e00000, 0x0000000084e00000|100%| O|  |TAMS 0x0000000084d00000, 0x0000000084d00000| Untracked 
|  50|0x0000000084e00000, 0x0000000084f00000, 0x0000000084f00000|100%| O|  |TAMS 0x0000000084e00000, 0x0000000084e00000| Untracked 
|  51|0x0000000084f00000, 0x0000000085000000, 0x0000000085000000|100%| O|  |TAMS 0x0000000084f00000, 0x0000000084f00000| Untracked 
|  52|0x0000000085000000, 0x0000000085100000, 0x0000000085100000|100%| O|  |TAMS 0x0000000085000000, 0x0000000085000000| Untracked 
|  53|0x0000000085100000, 0x0000000085200000, 0x0000000085200000|100%| O|  |TAMS 0x0000000085100000, 0x0000000085100000| Untracked 
|  54|0x0000000085200000, 0x0000000085300000, 0x0000000085300000|100%| O|  |TAMS 0x0000000085200000, 0x0000000085200000| Untracked 
|  55|0x0000000085300000, 0x0000000085400000, 0x0000000085400000|100%| O|  |TAMS 0x0000000085300000, 0x0000000085300000| Untracked 
|  56|0x0000000085400000, 0x0000000085500000, 0x0000000085500000|100%|HS|  |TAMS 0x0000000085400000, 0x0000000085400000| Complete 
|  57|0x0000000085500000, 0x0000000085600000, 0x0000000085600000|100%| O|  |TAMS 0x0000000085500000, 0x0000000085500000| Untracked 
|  58|0x0000000085600000, 0x0000000085700000, 0x0000000085700000|100%| O|  |TAMS 0x0000000085600000, 0x0000000085600000| Untracked 
|  59|0x0000000085700000, 0x0000000085800000, 0x0000000085800000|100%| O|  |TAMS 0x0000000085700000, 0x0000000085700000| Untracked 
|  60|0x0000000085800000, 0x0000000085900000, 0x0000000085900000|100%| O|  |TAMS 0x0000000085800000, 0x0000000085800000| Untracked 
|  61|0x0000000085900000, 0x0000000085a00000, 0x0000000085a00000|100%| O|  |TAMS 0x0000000085900000, 0x0000000085900000| Untracked 
|  62|0x0000000085a00000, 0x0000000085b00000, 0x0000000085b00000|100%| O|  |TAMS 0x0000000085a00000, 0x0000000085a00000| Untracked 
|  63|0x0000000085b00000, 0x0000000085b7de00, 0x0000000085c00000| 49%| O|  |TAMS 0x0000000085b00000, 0x0000000085b00000| Untracked 
|  64|0x0000000085c00000, 0x0000000085c00000, 0x0000000085d00000|  0%| F|  |TAMS 0x0000000085c00000, 0x0000000085c00000| Untracked 
|  65|0x0000000085d00000, 0x0000000085d00000, 0x0000000085e00000|  0%| F|  |TAMS 0x0000000085d00000, 0x0000000085d00000| Untracked 
|  66|0x0000000085e00000, 0x0000000085e00000, 0x0000000085f00000|  0%| F|  |TAMS 0x0000000085e00000, 0x0000000085e00000| Untracked 
|  67|0x0000000085f00000, 0x0000000085f00000, 0x0000000086000000|  0%| F|  |TAMS 0x0000000085f00000, 0x0000000085f00000| Untracked 
|  68|0x0000000086000000, 0x0000000086000000, 0x0000000086100000|  0%| F|  |TAMS 0x0000000086000000, 0x0000000086000000| Untracked 
|  69|0x0000000086100000, 0x0000000086100000, 0x0000000086200000|  0%| F|  |TAMS 0x0000000086100000, 0x0000000086100000| Untracked 
|  70|0x0000000086200000, 0x0000000086200000, 0x0000000086300000|  0%| F|  |TAMS 0x0000000086200000, 0x0000000086200000| Untracked 
|  71|0x0000000086300000, 0x0000000086300000, 0x0000000086400000|  0%| F|  |TAMS 0x0000000086300000, 0x0000000086300000| Untracked 
|  72|0x0000000086400000, 0x0000000086400000, 0x0000000086500000|  0%| F|  |TAMS 0x0000000086400000, 0x0000000086400000| Untracked 
|  73|0x0000000086500000, 0x0000000086500000, 0x0000000086600000|  0%| F|  |TAMS 0x0000000086500000, 0x0000000086500000| Untracked 
|  74|0x0000000086600000, 0x0000000086600000, 0x0000000086700000|  0%| F|  |TAMS 0x0000000086600000, 0x0000000086600000| Untracked 
|  75|0x0000000086700000, 0x0000000086700000, 0x0000000086800000|  0%| F|  |TAMS 0x0000000086700000, 0x0000000086700000| Untracked 
|  76|0x0000000086800000, 0x0000000086800000, 0x0000000086900000|  0%| F|  |TAMS 0x0000000086800000, 0x0000000086800000| Untracked 
|  77|0x0000000086900000, 0x0000000086900000, 0x0000000086a00000|  0%| F|  |TAMS 0x0000000086900000, 0x0000000086900000| Untracked 
|  78|0x0000000086a00000, 0x0000000086a00000, 0x0000000086b00000|  0%| F|  |TAMS 0x0000000086a00000, 0x0000000086a00000| Untracked 
|  79|0x0000000086b00000, 0x0000000086b00000, 0x0000000086c00000|  0%| F|  |TAMS 0x0000000086b00000, 0x0000000086b00000| Untracked 
|  80|0x0000000086c00000, 0x0000000086c00000, 0x0000000086d00000|  0%| F|  |TAMS 0x0000000086c00000, 0x0000000086c00000| Untracked 
|  81|0x0000000086d00000, 0x0000000086d00000, 0x0000000086e00000|  0%| F|  |TAMS 0x0000000086d00000, 0x0000000086d00000| Untracked 
|  82|0x0000000086e00000, 0x0000000086e00000, 0x0000000086f00000|  0%| F|  |TAMS 0x0000000086e00000, 0x0000000086e00000| Untracked 
|  83|0x0000000086f00000, 0x0000000086f00000, 0x0000000087000000|  0%| F|  |TAMS 0x0000000086f00000, 0x0000000086f00000| Untracked 
|  84|0x0000000087000000, 0x0000000087100000, 0x0000000087100000|100%| S|CS|TAMS 0x0000000087000000, 0x0000000087000000| Complete 
|  85|0x0000000087100000, 0x0000000087200000, 0x0000000087200000|100%| S|CS|TAMS 0x0000000087100000, 0x0000000087100000| Complete 
|  86|0x0000000087200000, 0x0000000087300000, 0x0000000087300000|100%| S|CS|TAMS 0x0000000087200000, 0x0000000087200000| Complete 
|  87|0x0000000087300000, 0x0000000087400000, 0x0000000087400000|100%| S|CS|TAMS 0x0000000087300000, 0x0000000087300000| Complete 
|  88|0x0000000087400000, 0x0000000087500000, 0x0000000087500000|100%| S|CS|TAMS 0x0000000087400000, 0x0000000087400000| Complete 
|  89|0x0000000087500000, 0x0000000087500000, 0x0000000087600000|  0%| F|  |TAMS 0x0000000087500000, 0x0000000087500000| Untracked 
|  90|0x0000000087600000, 0x0000000087600000, 0x0000000087700000|  0%| F|  |TAMS 0x0000000087600000, 0x0000000087600000| Untracked 
|  91|0x0000000087700000, 0x0000000087700000, 0x0000000087800000|  0%| F|  |TAMS 0x0000000087700000, 0x0000000087700000| Untracked 
|  92|0x0000000087800000, 0x0000000087800000, 0x0000000087900000|  0%| F|  |TAMS 0x0000000087800000, 0x0000000087800000| Untracked 
|  93|0x0000000087900000, 0x0000000087900000, 0x0000000087a00000|  0%| F|  |TAMS 0x0000000087900000, 0x0000000087900000| Untracked 
|  94|0x0000000087a00000, 0x0000000087a00000, 0x0000000087b00000|  0%| F|  |TAMS 0x0000000087a00000, 0x0000000087a00000| Untracked 
|  95|0x0000000087b00000, 0x0000000087b00000, 0x0000000087c00000|  0%| F|  |TAMS 0x0000000087b00000, 0x0000000087b00000| Untracked 
|  96|0x0000000087c00000, 0x0000000087c00000, 0x0000000087d00000|  0%| F|  |TAMS 0x0000000087c00000, 0x0000000087c00000| Untracked 
|  97|0x0000000087d00000, 0x0000000087d00000, 0x0000000087e00000|  0%| F|  |TAMS 0x0000000087d00000, 0x0000000087d00000| Untracked 
|  98|0x0000000087e00000, 0x0000000087e00000, 0x0000000087f00000|  0%| F|  |TAMS 0x0000000087e00000, 0x0000000087e00000| Untracked 
|  99|0x0000000087f00000, 0x0000000087f00000, 0x0000000088000000|  0%| F|  |TAMS 0x0000000087f00000, 0x0000000087f00000| Untracked 
| 100|0x0000000088000000, 0x0000000088000000, 0x0000000088100000|  0%| F|  |TAMS 0x0000000088000000, 0x0000000088000000| Untracked 
| 101|0x0000000088100000, 0x0000000088100000, 0x0000000088200000|  0%| F|  |TAMS 0x0000000088100000, 0x0000000088100000| Untracked 
| 102|0x0000000088200000, 0x0000000088200000, 0x0000000088300000|  0%| F|  |TAMS 0x0000000088200000, 0x0000000088200000| Untracked 
| 103|0x0000000088300000, 0x0000000088300000, 0x0000000088400000|  0%| F|  |TAMS 0x0000000088300000, 0x0000000088300000| Untracked 
| 104|0x0000000088400000, 0x0000000088400000, 0x0000000088500000|  0%| F|  |TAMS 0x0000000088400000, 0x0000000088400000| Untracked 
| 105|0x0000000088500000, 0x0000000088500000, 0x0000000088600000|  0%| F|  |TAMS 0x0000000088500000, 0x0000000088500000| Untracked 
| 106|0x0000000088600000, 0x0000000088600000, 0x0000000088700000|  0%| F|  |TAMS 0x0000000088600000, 0x0000000088600000| Untracked 
| 107|0x0000000088700000, 0x0000000088700000, 0x0000000088800000|  0%| F|  |TAMS 0x0000000088700000, 0x0000000088700000| Untracked 
| 108|0x0000000088800000, 0x0000000088800000, 0x0000000088900000|  0%| F|  |TAMS 0x0000000088800000, 0x0000000088800000| Untracked 
| 109|0x0000000088900000, 0x0000000088900000, 0x0000000088a00000|  0%| F|  |TAMS 0x0000000088900000, 0x0000000088900000| Untracked 
| 110|0x0000000088a00000, 0x0000000088a00000, 0x0000000088b00000|  0%| F|  |TAMS 0x0000000088a00000, 0x0000000088a00000| Untracked 
| 111|0x0000000088b00000, 0x0000000088b00000, 0x0000000088c00000|  0%| F|  |TAMS 0x0000000088b00000, 0x0000000088b00000| Untracked 
| 112|0x0000000088c00000, 0x0000000088c00000, 0x0000000088d00000|  0%| F|  |TAMS 0x0000000088c00000, 0x0000000088c00000| Untracked 
| 113|0x0000000088d00000, 0x0000000088d00000, 0x0000000088e00000|  0%| F|  |TAMS 0x0000000088d00000, 0x0000000088d00000| Untracked 
| 114|0x0000000088e00000, 0x0000000088e00000, 0x0000000088f00000|  0%| F|  |TAMS 0x0000000088e00000, 0x0000000088e00000| Untracked 
| 115|0x0000000088f00000, 0x0000000089000000, 0x0000000089000000|100%| E|  |TAMS 0x0000000088f00000, 0x0000000088f00000| Complete 
| 116|0x0000000089000000, 0x0000000089100000, 0x0000000089100000|100%| E|CS|TAMS 0x0000000089000000, 0x0000000089000000| Complete 
| 117|0x0000000089100000, 0x0000000089200000, 0x0000000089200000|100%| E|CS|TAMS 0x0000000089100000, 0x0000000089100000| Complete 
| 118|0x0000000089200000, 0x0000000089300000, 0x0000000089300000|100%| E|CS|TAMS 0x0000000089200000, 0x0000000089200000| Complete 
| 119|0x0000000089300000, 0x0000000089400000, 0x0000000089400000|100%| E|CS|TAMS 0x0000000089300000, 0x0000000089300000| Complete 
| 120|0x0000000089400000, 0x0000000089500000, 0x0000000089500000|100%| E|CS|TAMS 0x0000000089400000, 0x0000000089400000| Complete 
| 121|0x0000000089500000, 0x0000000089600000, 0x0000000089600000|100%| E|CS|TAMS 0x0000000089500000, 0x0000000089500000| Complete 
| 122|0x0000000089600000, 0x0000000089700000, 0x0000000089700000|100%| E|CS|TAMS 0x0000000089600000, 0x0000000089600000| Complete 
| 123|0x0000000089700000, 0x0000000089800000, 0x0000000089800000|100%| E|CS|TAMS 0x0000000089700000, 0x0000000089700000| Complete 
| 124|0x0000000089800000, 0x0000000089900000, 0x0000000089900000|100%| E|CS|TAMS 0x0000000089800000, 0x0000000089800000| Complete 
| 125|0x0000000089900000, 0x0000000089a00000, 0x0000000089a00000|100%| E|CS|TAMS 0x0000000089900000, 0x0000000089900000| Complete 
| 126|0x0000000089a00000, 0x0000000089b00000, 0x0000000089b00000|100%| E|CS|TAMS 0x0000000089a00000, 0x0000000089a00000| Complete 
| 127|0x0000000089b00000, 0x0000000089c00000, 0x0000000089c00000|100%| E|CS|TAMS 0x0000000089b00000, 0x0000000089b00000| Complete 
| 128|0x0000000089c00000, 0x0000000089d00000, 0x0000000089d00000|100%| E|CS|TAMS 0x0000000089c00000, 0x0000000089c00000| Complete 
| 129|0x0000000089d00000, 0x0000000089e00000, 0x0000000089e00000|100%| E|CS|TAMS 0x0000000089d00000, 0x0000000089d00000| Complete 
| 130|0x0000000089e00000, 0x0000000089f00000, 0x0000000089f00000|100%| E|CS|TAMS 0x0000000089e00000, 0x0000000089e00000| Complete 
| 131|0x0000000089f00000, 0x000000008a000000, 0x000000008a000000|100%| E|CS|TAMS 0x0000000089f00000, 0x0000000089f00000| Complete 
| 132|0x000000008a000000, 0x000000008a100000, 0x000000008a100000|100%| E|CS|TAMS 0x000000008a000000, 0x000000008a000000| Complete 
| 133|0x000000008a100000, 0x000000008a200000, 0x000000008a200000|100%| E|CS|TAMS 0x000000008a100000, 0x000000008a100000| Complete 
| 134|0x000000008a200000, 0x000000008a300000, 0x000000008a300000|100%| E|CS|TAMS 0x000000008a200000, 0x000000008a200000| Complete 
| 135|0x000000008a300000, 0x000000008a400000, 0x000000008a400000|100%| E|CS|TAMS 0x000000008a300000, 0x000000008a300000| Complete 
| 136|0x000000008a400000, 0x000000008a500000, 0x000000008a500000|100%| E|CS|TAMS 0x000000008a400000, 0x000000008a400000| Complete 
| 137|0x000000008a500000, 0x000000008a600000, 0x000000008a600000|100%| E|CS|TAMS 0x000000008a500000, 0x000000008a500000| Complete 
| 138|0x000000008a600000, 0x000000008a700000, 0x000000008a700000|100%| E|CS|TAMS 0x000000008a600000, 0x000000008a600000| Complete 
| 139|0x000000008a700000, 0x000000008a800000, 0x000000008a800000|100%| E|CS|TAMS 0x000000008a700000, 0x000000008a700000| Complete 
| 140|0x000000008a800000, 0x000000008a900000, 0x000000008a900000|100%| E|CS|TAMS 0x000000008a800000, 0x000000008a800000| Complete 
| 141|0x000000008a900000, 0x000000008aa00000, 0x000000008aa00000|100%| E|CS|TAMS 0x000000008a900000, 0x000000008a900000| Complete 
| 142|0x000000008aa00000, 0x000000008ab00000, 0x000000008ab00000|100%| E|CS|TAMS 0x000000008aa00000, 0x000000008aa00000| Complete 
| 143|0x000000008ab00000, 0x000000008ac00000, 0x000000008ac00000|100%| E|CS|TAMS 0x000000008ab00000, 0x000000008ab00000| Complete 
| 144|0x000000008ac00000, 0x000000008ad00000, 0x000000008ad00000|100%| E|CS|TAMS 0x000000008ac00000, 0x000000008ac00000| Complete 
| 145|0x000000008ad00000, 0x000000008ae00000, 0x000000008ae00000|100%| E|CS|TAMS 0x000000008ad00000, 0x000000008ad00000| Complete 
| 146|0x000000008ae00000, 0x000000008af00000, 0x000000008af00000|100%| E|CS|TAMS 0x000000008ae00000, 0x000000008ae00000| Complete 
| 147|0x000000008af00000, 0x000000008b000000, 0x000000008b000000|100%| E|CS|TAMS 0x000000008af00000, 0x000000008af00000| Complete 
| 148|0x000000008b000000, 0x000000008b100000, 0x000000008b100000|100%| E|CS|TAMS 0x000000008b000000, 0x000000008b000000| Complete 
| 149|0x000000008b100000, 0x000000008b200000, 0x000000008b200000|100%| E|CS|TAMS 0x000000008b100000, 0x000000008b100000| Complete 
| 150|0x000000008b200000, 0x000000008b300000, 0x000000008b300000|100%| E|CS|TAMS 0x000000008b200000, 0x000000008b200000| Complete 
| 151|0x000000008b300000, 0x000000008b400000, 0x000000008b400000|100%| E|CS|TAMS 0x000000008b300000, 0x000000008b300000| Complete 
| 152|0x000000008b400000, 0x000000008b500000, 0x000000008b500000|100%| E|CS|TAMS 0x000000008b400000, 0x000000008b400000| Complete 
| 153|0x000000008b500000, 0x000000008b600000, 0x000000008b600000|100%| E|CS|TAMS 0x000000008b500000, 0x000000008b500000| Complete 

Card table byte_map: [0x00000282e15b0000,0x00000282e19b0000] _byte_map_base: 0x00000282e11a2000

Marking Bits (Prev, Next): (CMBitMap*) 0x00000282c9aca7e8, (CMBitMap*) 0x00000282c9aca7a8
 Prev Bits: [0x00000282e3d40000, 0x00000282e5cd0000)
 Next Bits: [0x00000282e1db0000, 0x00000282e3d40000)

Polling page: 0x00000282c7870000

Metaspace:

Usage:
  Non-class:     22.40 MB capacity,    22.21 MB (>99%) used,   158.88 KB ( <1%) free+waste,    34.25 KB ( <1%) overhead. 
      Class:      4.11 MB capacity,     4.00 MB ( 97%) used,    97.35 KB (  2%) free+waste,    15.56 KB ( <1%) overhead. 
       Both:     26.51 MB capacity,    26.21 MB ( 99%) used,   256.23 KB ( <1%) free+waste,    49.81 KB ( <1%) overhead. 

Virtual space:
  Non-class space:       24.00 MB reserved,      22.50 MB ( 94%) committed 
      Class space:        1.00 GB reserved,       4.13 MB ( <1%) committed 
             Both:        1.02 GB reserved,      26.63 MB (  3%) committed 

Chunk freelists:
   Non-Class:  4.50 KB
       Class:  2.38 KB
        Both:  6.88 KB

CodeHeap 'non-profiled nmethods': size=120000Kb used=1952Kb max_used=2148Kb free=118047Kb
 bounds [0x00000282d9950000, 0x00000282d9bc0000, 0x00000282e0e80000]
CodeHeap 'profiled nmethods': size=120000Kb used=5644Kb max_used=5644Kb free=114355Kb
 bounds [0x00000282d2420000, 0x00000282d29c0000, 0x00000282d9950000]
CodeHeap 'non-nmethods': size=5760Kb used=1198Kb max_used=1285Kb free=4561Kb
 bounds [0x00000282d1e80000, 0x00000282d20f0000, 0x00000282d2420000]
 total_blobs=4385 nmethods=2445 adapters=448
 compilation: enabled
              stopped_count=0, restarted_count=0
 full_count=0

Compilation events (10 events):
Event: 21.622 Thread 0x00000282e8739000 nmethod 2894 0x00000282d2755590 code [0x00000282d2755760, 0x00000282d27559f8]
Event: 21.622 Thread 0x00000282e8739000 2895       3       java.lang.Integer::compare (20 bytes)
Event: 21.622 Thread 0x00000282e8739000 nmethod 2895 0x00000282d2656790 code [0x00000282d2656960, 0x00000282d2656b58]
Event: 21.622 Thread 0x00000282e8739000 2896       3       org.processmining.framework.plugin.PluginParameterBinding::compareTo (9 bytes)
Event: 21.622 Thread 0x00000282e8739000 nmethod 2896 0x00000282d2799890 code [0x00000282d2799a60, 0x00000282d2799d30]
Event: 21.622 Thread 0x00000282e8739000 2897       3       org.processmining.framework.plugin.PluginParameterBinding::compareTo (59 bytes)
Event: 21.622 Thread 0x00000282e8739000 nmethod 2897 0x00000282d2799110 code [0x00000282d2799320, 0x00000282d2799720]
Event: 21.636 Thread 0x00000282efa63800 nmethod 2871% 0x00000282d9afa410 code [0x00000282d9afa880, 0x00000282d9afff18]
Event: 21.640 Thread 0x00000282efa63800 2898 %     4       org.processmining.framework.plugin.impl.PluginManagerImpl::find @ 41 (271 bytes)
Event: 21.640 Thread 0x00000282e8732800 nmethod 2892 0x00000282d9af9090 code [0x00000282d9af92a0, 0x00000282d9afa078]

GC Heap History (10 events):
Event: 18.408 GC heap before
{Heap before GC invocations=21 (full 0):
 garbage-first heap   total 157696K, used 134318K [0x0000000081c00000, 0x0000000100000000)
  region size 1024K, 77 young (78848K), 5 survivors (5120K)
 Metaspace       used 24731K, capacity 25017K, committed 25216K, reserved 1071104K
  class space    used 3778K, capacity 3884K, committed 3968K, reserved 1048576K
}
Event: 18.411 GC heap after
{Heap after GC invocations=22 (full 0):
 garbage-first heap   total 157696K, used 62445K [0x0000000081c00000, 0x0000000100000000)
  region size 1024K, 6 young (6144K), 6 survivors (6144K)
 Metaspace       used 24731K, capacity 25017K, committed 25216K, reserved 1071104K
  class space    used 3778K, capacity 3884K, committed 3968K, reserved 1048576K
}
Event: 19.252 GC heap before
{Heap before GC invocations=22 (full 0):
 garbage-first heap   total 157696K, used 134125K [0x0000000081c00000, 0x0000000100000000)
  region size 1024K, 76 young (77824K), 6 survivors (6144K)
 Metaspace       used 25190K, capacity 25497K, committed 25856K, reserved 1071104K
  class space    used 3867K, capacity 3980K, committed 4096K, reserved 1048576K
}
Event: 19.262 GC heap after
{Heap after GC invocations=23 (full 0):
 garbage-first heap   total 157696K, used 65508K [0x0000000081c00000, 0x0000000100000000)
  region size 1024K, 8 young (8192K), 8 survivors (8192K)
 Metaspace       used 25190K, capacity 25497K, committed 25856K, reserved 1071104K
  class space    used 3867K, capacity 3980K, committed 4096K, reserved 1048576K
}
Event: 20.621 GC heap before
{Heap before GC invocations=23 (full 0):
 garbage-first heap   total 157696K, used 131044K [0x0000000081c00000, 0x0000000100000000)
  region size 1024K, 73 young (74752K), 8 survivors (8192K)
 Metaspace       used 26523K, capacity 26856K, committed 27008K, reserved 1073152K
  class space    used 4077K, capacity 4173K, committed 4224K, reserved 1048576K
}
Event: 20.642 GC heap after
{Heap after GC invocations=24 (full 0):
 garbage-first heap   total 157696K, used 68211K [0x0000000081c00000, 0x0000000100000000)
  region size 1024K, 8 young (8192K), 8 survivors (8192K)
 Metaspace       used 26523K, capacity 26856K, committed 27008K, reserved 1073152K
  class space    used 4077K, capacity 4173K, committed 4224K, reserved 1048576K
}
Event: 21.373 GC heap before
{Heap before GC invocations=24 (full 0):
 garbage-first heap   total 157696K, used 131699K [0x0000000081c00000, 0x0000000100000000)
  region size 1024K, 70 young (71680K), 8 survivors (8192K)
 Metaspace       used 26817K, capacity 27145K, committed 27264K, reserved 1073152K
  class space    used 4092K, capacity 4205K, committed 4224K, reserved 1048576K
}
Event: 21.380 GC heap after
{Heap after GC invocations=25 (full 0):
 garbage-first heap   total 157696K, used 69732K [0x0000000081c00000, 0x0000000100000000)
  region size 1024K, 7 young (7168K), 7 survivors (7168K)
 Metaspace       used 26817K, capacity 27145K, committed 27264K, reserved 1073152K
  class space    used 4092K, capacity 4205K, committed 4224K, reserved 1048576K
}
Event: 21.538 GC heap before
{Heap before GC invocations=25 (full 0):
 garbage-first heap   total 157696K, used 133220K [0x0000000081c00000, 0x0000000100000000)
  region size 1024K, 69 young (70656K), 7 survivors (7168K)
 Metaspace       used 26833K, capacity 27145K, committed 27264K, reserved 1073152K
  class space    used 4092K, capacity 4205K, committed 4224K, reserved 1048576K
}
Event: 21.541 GC heap after
{Heap after GC invocations=26 (full 0):
 garbage-first heap   total 157696K, used 70135K [0x0000000081c00000, 0x0000000100000000)
  region size 1024K, 5 young (5120K), 5 survivors (5120K)
 Metaspace       used 26833K, capacity 27145K, committed 27264K, reserved 1073152K
  class space    used 4092K, capacity 4205K, committed 4224K, reserved 1048576K
}

Deoptimization events (10 events):
Event: 21.203 Thread 0x00000282c9a8a000 Uncommon trap: reason=unstable_if action=reinterpret pc=0x00000282d9a6e610 method=java.util.prefs.WindowsPreferences.toJavaValueString([B)Ljava/lang/String; @ 131 c2
Event: 21.210 Thread 0x00000282c9a8a000 Uncommon trap: reason=bimorphic_or_optimized_type_check action=maybe_recompile pc=0x00000282d9b2de1c method=java.util.TreeMap.compare(Ljava/lang/Object;Ljava/lang/Object;)I @ 12 c2
Event: 21.211 Thread 0x00000282c9a8a000 Uncommon trap: reason=class_check action=maybe_recompile pc=0x00000282d9b2dfa0 method=java.util.TreeMap.put(Ljava/lang/Object;Ljava/lang/Object;)Ljava/lang/Object; @ 127 c2
Event: 21.211 Thread 0x00000282c9a8a000 Uncommon trap: reason=class_check action=maybe_recompile pc=0x00000282d9b2dfa0 method=java.util.TreeMap.put(Ljava/lang/Object;Ljava/lang/Object;)Ljava/lang/Object; @ 127 c2
Event: 21.211 Thread 0x00000282c9a8a000 Uncommon trap: reason=class_check action=maybe_recompile pc=0x00000282d9b2dfa0 method=java.util.TreeMap.put(Ljava/lang/Object;Ljava/lang/Object;)Ljava/lang/Object; @ 127 c2
Event: 21.211 Thread 0x00000282c9a8a000 Uncommon trap: reason=class_check action=maybe_recompile pc=0x00000282d9b2dfa0 method=java.util.TreeMap.put(Ljava/lang/Object;Ljava/lang/Object;)Ljava/lang/Object; @ 127 c2
Event: 21.354 Thread 0x00000282c9a8a000 Uncommon trap: reason=profile_predicate action=maybe_recompile pc=0x00000282d9ab8720 method=java.util.TreeMap.put(Ljava/lang/Object;Ljava/lang/Object;)Ljava/lang/Object; @ 132 c2
Event: 21.354 Thread 0x00000282c9a8a000 Uncommon trap: reason=profile_predicate action=maybe_recompile pc=0x00000282d9ab8720 method=java.util.TreeMap.put(Ljava/lang/Object;Ljava/lang/Object;)Ljava/lang/Object; @ 132 c2
Event: 21.354 Thread 0x00000282c9a8a000 Uncommon trap: reason=profile_predicate action=maybe_recompile pc=0x00000282d9ab8720 method=java.util.TreeMap.put(Ljava/lang/Object;Ljava/lang/Object;)Ljava/lang/Object; @ 132 c2
Event: 21.369 Thread 0x00000282c9a8a000 Uncommon trap: reason=profile_predicate action=maybe_recompile pc=0x00000282d9ab8720 method=java.util.TreeMap.put(Ljava/lang/Object;Ljava/lang/Object;)Ljava/lang/Object; @ 132 c2

Classes redefined (0 events):
No events

Internal exceptions (10 events):
Event: 0.624 Thread 0x00000282c9a8a000 Exception <a 'java/lang/NoSuchMethodError'{0x000000008906c668}: java.lang.invoke.DirectMethodHandle$Holder.invokeSpecialIFC(Ljava/lang/Object;Ljava/lang/Object;I)I> (0x000000008906c668) thrown at [t:/workspace/open/src/hotspot/share/interpreter/linkResolv
Event: 1.410 Thread 0x00000282ea956000 Exception <a 'java/lang/IncompatibleClassChangeError'{0x00000000891a9270}: Found class java.lang.Object, but interface was expected> (0x00000000891a9270) thrown at [t:/workspace/open/src/hotspot/share/interpreter/linkResolver.cpp, line 843]
Event: 1.689 Thread 0x00000282ea956000 Exception <a 'java/lang/ClassNotFoundException'{0x00000000882d4920}: sun/awt/resources/spi/awtProvider> (0x00000000882d4920) thrown at [t:/workspace/open/src/hotspot/share/classfile/systemDictionary.cpp, line 235]
Event: 1.705 Thread 0x00000282ea956000 Exception <a 'java/io/FileNotFoundException'{0x00000000882ffc90}> (0x00000000882ffc90) thrown at [t:/workspace/open/src/hotspot/share/prims/jni.cpp, line 615]
Event: 1.706 Thread 0x00000282ea956000 Exception <a 'java/io/FileNotFoundException'{0x000000008815f2d8}> (0x000000008815f2d8) thrown at [t:/workspace/open/src/hotspot/share/prims/jni.cpp, line 615]
Event: 1.788 Thread 0x00000282ea956000 Exception <a 'java/lang/NoSuchMethodError'{0x00000000880be890}: java.lang.invoke.DirectMethodHandle$Holder.invokeStaticInit(Ljava/lang/Object;IIII)Ljava/lang/Object;> (0x00000000880be890) thrown at [t:/workspace/open/src/hotspot/share/interpreter/linkReso
Event: 2.074 Thread 0x00000282ea956000 Exception <a 'java/lang/NoSuchMethodError'{0x0000000087f19988}: java.lang.invoke.DirectMethodHandle$Holder.invokeStaticInit(Ljava/lang/Object;Ljava/lang/Object;IIII)Ljava/lang/Object;> (0x0000000087f19988) thrown at [t:/workspace/open/src/hotspot/share/in
Event: 2.118 Thread 0x00000282ea952000 Exception <a 'java/lang/NoSuchMethodError'{0x0000000087fe6e88}: java.lang.invoke.DirectMethodHandle$Holder.invokeSpecial(Ljava/lang/Object;Ljava/lang/Object;)V> (0x0000000087fe6e88) thrown at [t:/workspace/open/src/hotspot/share/interpreter/linkResolver.c
Event: 2.121 Thread 0x00000282ea956000 Exception <a 'java/lang/NoSuchMethodError'{0x0000000087fafc40}: java.lang.invoke.DirectMethodHandle$Holder.invokeStatic(Ljava/lang/Object;Ljava/lang/Object;Ljava/lang/Object;Ljava/lang/Object;Ljava/lang/Object;Ljava/lang/Object;Ljava/lang/Object;J)Ljava/l
Event: 19.951 Thread 0x00000282c9a8a000 Implicit null exception at 0x00000282d9a51b4a to 0x00000282d9a522b2

Events (10 events):
Event: 21.586 Thread 0x00000282c9a8a000 DEOPT PACKING pc=0x00000282d29b762f sp=0x000000c0bfbfe050
Event: 21.586 Thread 0x00000282c9a8a000 DEOPT UNPACKING pc=0x00000282d1ea99ce sp=0x000000c0bfbfd5a8 mode 0
Event: 21.595 Thread 0x00000282c9a8a000 DEOPT PACKING pc=0x00000282d29b75ed sp=0x000000c0bfbfe050
Event: 21.595 Thread 0x00000282c9a8a000 DEOPT UNPACKING pc=0x00000282d1ea99ce sp=0x000000c0bfbfd5a8 mode 0
Event: 21.605 Thread 0x00000282c9a8a000 DEOPT PACKING pc=0x00000282d29b762f sp=0x000000c0bfbfe050
Event: 21.605 Thread 0x00000282c9a8a000 DEOPT UNPACKING pc=0x00000282d1ea99ce sp=0x000000c0bfbfd5a8 mode 0
Event: 21.621 Thread 0x00000282c9a8a000 DEOPT PACKING pc=0x00000282d29b75ed sp=0x000000c0bfbfe050
Event: 21.621 Thread 0x00000282c9a8a000 DEOPT UNPACKING pc=0x00000282d1ea99ce sp=0x000000c0bfbfd5a8 mode 0
Event: 21.636 Thread 0x00000282c9a8a000 DEOPT PACKING pc=0x00000282d29b762f sp=0x000000c0bfbfe050
Event: 21.636 Thread 0x00000282c9a8a000 DEOPT UNPACKING pc=0x00000282d1ea99ce sp=0x000000c0bfbfd5a8 mode 0


Dynamic libraries:
0x00007ff6156f0000 - 0x00007ff6156ff000 	C:\Program Files\Java\jdk-12.0.2\bin\javaw.exe
0x00007ffdbab20000 - 0x00007ffdbad10000 	C:\WINDOWS\SYSTEM32\ntdll.dll
0x00007ffdb9240000 - 0x00007ffdb92f2000 	C:\WINDOWS\System32\KERNEL32.DLL
0x00007ffdb84e0000 - 0x00007ffdb8785000 	C:\WINDOWS\System32\KERNELBASE.dll
0x00007ffdb7be0000 - 0x00007ffdb7cda000 	C:\WINDOWS\System32\ucrtbase.dll
0x00007ffdab8b0000 - 0x00007ffdab8c8000 	C:\Program Files\Java\jdk-12.0.2\bin\jli.dll
0x00007ffdab890000 - 0x00007ffdab8a6000 	C:\Program Files\Java\jdk-12.0.2\bin\VCRUNTIME140.dll
0x00007ffdb8c90000 - 0x00007ffdb8d33000 	C:\WINDOWS\System32\ADVAPI32.dll
0x00007ffdb9b00000 - 0x00007ffdb9b9e000 	C:\WINDOWS\System32\msvcrt.dll
0x00007ffdba510000 - 0x00007ffdba5a7000 	C:\WINDOWS\System32\sechost.dll
0x00007ffdb9720000 - 0x00007ffdb983f000 	C:\WINDOWS\System32\RPCRT4.dll
0x00007ffdba300000 - 0x00007ffdba494000 	C:\WINDOWS\System32\USER32.dll
0x00007ffdb84b0000 - 0x00007ffdb84d1000 	C:\WINDOWS\System32\win32u.dll
0x00007ffdb9550000 - 0x00007ffdb9576000 	C:\WINDOWS\System32\GDI32.dll
0x00007ffd933a0000 - 0x00007ffd93624000 	C:\WINDOWS\WinSxS\amd64_microsoft.windows.common-controls_6595b64144ccf1df_6.0.18362.1440_none_9e7dbfb9e45e8e67\COMCTL32.dll
0x00007ffdb8a30000 - 0x00007ffdb8bc8000 	C:\WINDOWS\System32\gdi32full.dll
0x00007ffdb8d40000 - 0x00007ffdb9076000 	C:\WINDOWS\System32\combase.dll
0x00007ffdb7a90000 - 0x00007ffdb7b2e000 	C:\WINDOWS\System32\msvcp_win.dll
0x00007ffdb89a0000 - 0x00007ffdb8a21000 	C:\WINDOWS\System32\bcryptPrimitives.dll
0x00007ffdb3930000 - 0x00007ffdb393a000 	C:\WINDOWS\SYSTEM32\VERSION.dll
0x00007ffdb9520000 - 0x00007ffdb954e000 	C:\WINDOWS\System32\IMM32.DLL
0x00007ffd7b740000 - 0x00007ffd7b7ea000 	C:\Program Files\Java\jdk-12.0.2\bin\msvcp140.dll
0x00007ffd4e460000 - 0x00007ffd4efd7000 	C:\Program Files\Java\jdk-12.0.2\bin\server\jvm.dll
0x00007ffdba5b0000 - 0x00007ffdba5b8000 	C:\WINDOWS\System32\PSAPI.DLL
0x00007ffda4db0000 - 0x00007ffda4dd4000 	C:\WINDOWS\SYSTEM32\WINMM.dll
0x00007ffd95350000 - 0x00007ffd95359000 	C:\WINDOWS\SYSTEM32\WSOCK32.dll
0x00007ffdba290000 - 0x00007ffdba2ff000 	C:\WINDOWS\System32\WS2_32.dll
0x00007ffda4d80000 - 0x00007ffda4dad000 	C:\WINDOWS\SYSTEM32\WINMMBASE.dll
0x00007ffdb8460000 - 0x00007ffdb84aa000 	C:\WINDOWS\System32\cfgmgr32.dll
0x00007ffdb7a30000 - 0x00007ffdb7a41000 	C:\WINDOWS\System32\kernel.appcore.dll
0x00007ffdab010000 - 0x00007ffdab021000 	C:\Program Files\Java\jdk-12.0.2\bin\verify.dll
0x00007ffdadef0000 - 0x00007ffdae0e4000 	C:\WINDOWS\SYSTEM32\DBGHELP.DLL
0x00007ffda7440000 - 0x00007ffda746a000 	C:\WINDOWS\SYSTEM32\dbgcore.DLL
0x00007ffd939b0000 - 0x00007ffd939d6000 	C:\Program Files\Java\jdk-12.0.2\bin\java.dll
0x00007ffdaafc0000 - 0x00007ffdaafd7000 	C:\Program Files\Java\jdk-12.0.2\bin\zip.dll
0x00007ffdb33d0000 - 0x00007ffdb33da000 	C:\Program Files\Java\jdk-12.0.2\bin\jimage.dll
0x00007ffdb9ba0000 - 0x00007ffdba288000 	C:\WINDOWS\System32\SHELL32.dll
0x00007ffdb99f0000 - 0x00007ffdb9a97000 	C:\WINDOWS\System32\shcore.dll
0x00007ffdb7ce0000 - 0x00007ffdb845b000 	C:\WINDOWS\System32\windows.storage.dll
0x00007ffdb7a70000 - 0x00007ffdb7a8e000 	C:\WINDOWS\System32\profapi.dll
0x00007ffdb79e0000 - 0x00007ffdb7a2a000 	C:\WINDOWS\System32\powrprof.dll
0x00007ffdb79d0000 - 0x00007ffdb79e0000 	C:\WINDOWS\System32\UMPDC.dll
0x00007ffdb9aa0000 - 0x00007ffdb9af2000 	C:\WINDOWS\System32\shlwapi.dll
0x00007ffdb8820000 - 0x00007ffdb8837000 	C:\WINDOWS\System32\cryptsp.dll
0x00007ffdaa680000 - 0x00007ffdaa699000 	C:\Program Files\Java\jdk-12.0.2\bin\net.dll
0x00007ffdb3b40000 - 0x00007ffdb3c3a000 	C:\WINDOWS\SYSTEM32\WINHTTP.dll
0x00007ffd9cc90000 - 0x00007ffd9ce67000 	C:\WINDOWS\SYSTEM32\urlmon.dll
0x00007ffd9e910000 - 0x00007ffd9ebb7000 	C:\WINDOWS\SYSTEM32\iertutil.dll
0x00007ffdb7380000 - 0x00007ffdb738c000 	C:\WINDOWS\SYSTEM32\CRYPTBASE.DLL
0x00007ffdb71b0000 - 0x00007ffdb7217000 	C:\WINDOWS\system32\mswsock.dll
0x00007ffd99d50000 - 0x00007ffd99d63000 	C:\Program Files\Java\jdk-12.0.2\bin\nio.dll
0x00007ffdab880000 - 0x00007ffdab889000 	C:\Program Files\Java\jdk-12.0.2\bin\prefs.dll
0x00007ffdb6f00000 - 0x00007ffdb6fcb000 	C:\WINDOWS\SYSTEM32\DNSAPI.dll
0x00007ffdb9510000 - 0x00007ffdb9518000 	C:\WINDOWS\System32\NSI.dll
0x00007ffdb6ec0000 - 0x00007ffdb6efa000 	C:\WINDOWS\SYSTEM32\IPHLPAPI.DLL
0x00007ffda6440000 - 0x00007ffda644a000 	C:\Windows\System32\rasadhlp.dll
0x00007ffdabaf0000 - 0x00007ffdabb67000 	C:\WINDOWS\System32\fwpuclnt.dll
0x00007ffdb8790000 - 0x00007ffdb87b6000 	C:\WINDOWS\System32\bcrypt.dll
0x00007ffd7b5a0000 - 0x00007ffd7b73f000 	C:\Program Files\Java\jdk-12.0.2\bin\awt.dll
0x00007ffdb9650000 - 0x00007ffdb9715000 	C:\WINDOWS\System32\OLEAUT32.dll
0x00007ffdb47a0000 - 0x00007ffdb4d60000 	C:\WINDOWS\SYSTEM32\d2d1.dll
0x00007ffdb5c50000 - 0x00007ffdb5cdf000 	C:\WINDOWS\SYSTEM32\apphelp.dll
0x00007ffdb6d30000 - 0x00007ffdb6d63000 	C:\WINDOWS\system32\rsaenh.dll
0x00007ffdb78b0000 - 0x00007ffdb78d5000 	C:\WINDOWS\SYSTEM32\USERENV.dll
0x00007ffdac170000 - 0x00007ffdac186000 	C:\WINDOWS\SYSTEM32\dhcpcsvc6.DLL
0x00007ffdac420000 - 0x00007ffdac43c000 	C:\WINDOWS\SYSTEM32\dhcpcsvc.DLL
0x00007ffdb5d20000 - 0x00007ffdb5db9000 	C:\WINDOWS\system32\uxtheme.dll
0x00007ffdb9080000 - 0x00007ffdb91b5000 	C:\WINDOWS\System32\MSCTF.dll
0x00007ffdb93b0000 - 0x00007ffdb9507000 	C:\WINDOWS\System32\ole32.dll

dbghelp: loaded successfully - version: 4.0.5 - missing functions: none
symbol engine: initialized successfully - sym options: 0x614 - pdb path: .;C:\Program Files\Java\jdk-12.0.2\bin;C:\WINDOWS\SYSTEM32;C:\WINDOWS\WinSxS\amd64_microsoft.windows.common-controls_6595b64144ccf1df_6.0.18362.1440_none_9e7dbfb9e45e8e67;C:\Program Files\Java\jdk-12.0.2\bin\server

VM Arguments:
jvm_args: -Djava.system.class.loader=org.processmining.framework.util.ProMClassLoader -Dfile.encoding=UTF-8 
java_command: org.processmining.contexts.uitopia.UI
java_class_path (initial): D:\prom\PromBase\tests\bin-test;D:\prom\PromBase\bin;C:\Users\Rachmadita\.ivy2\cache\prom\ProM-Plugins\jars\ProM-Plugins-latest.jar;C:\Users\Rachmadita\.ivy2\cache\prom\ProM-Contexts\jars\ProM-Contexts-latest.jar;C:\Users\Rachmadita\.ivy2\cache\prom-libs\guava\jars\guava-16.0.1.jar;C:\Users\Rachmadita\.ivy2\cache\junit\junit\jars\junit-4.12.jar;C:\Users\Rachmadita\.ivy2\cache\prom-libs\bsh\jars\bsh-2.0b4.jar;C:\Users\Rachmadita\.ivy2\cache\prom-libs\Spex\jars\Spex-1.1.jar;C:\Users\Rachmadita\.ivy2\cache\prom-libs\Uitopia\jars\Uitopia-0.6-20190913.jar;C:\Users\Rachmadita\.ivy2\cache\prom-libs\UITopiaResources\jars\UITopiaResources-0.6-20190913.jar;C:\Users\Rachmadita\.ivy2\cache\prom\ProM-Framework\jars\ProM-Framework-latest.jar;C:\Users\Rachmadita\.ivy2\cache\org.apache.commons\commons-compress\jars\commons-compress-1.13.jar;C:\Users\Rachmadita\.ivy2\cache\commons-logging\commons-logging\jars\commons-logging-1.1.3.jar;C:\Users\Rachmadita\.ivy2\cache\prom-libs\jgraph\jars\jgraph-5.13.0.4.jar;C:\Users\Rachmadita\.ivy2\cache\com.brsanthu\google-analytics-java\jars\google-analytics-java-1.1.2.jar;C:\Users\Rachmadita\.ivy2\cache\org.apache.httpcomponents\httpclient\jars\httpclient-4.5.3.jar;C:\Users\Rachmadita\.ivy2\cache\org.apache.httpcomponents\httpcore\jars\httpcore-4.4.6.jar;C:\Users\Rachmadita\.ivy2\cache\org.apache.logging.log4j\log4j-api\jars\log4j-api-2.8.1.jar;C:\Users\Rachmadita\.ivy2\cache\org.apache.logging.log4j\log4j-core\jars\log4j-core-2.8.1.jar;C:\Users\Rachmadita\.ivy2\cache\org.apache.logging.log4j\log4j-slf4j-impl\jars\log4j-slf4j-impl-2.8.1.jar;C:\Users\Rachmadita\.ivy2\cache\prom-libs\jargs\jars\jargs-latest.jar;C:\Users\Rachmadita\.ivy2\cache\tablelayout\TableLayout\jars\TableLayout-20050920.jar;C:\Users\Rachmadita\.ivy2\cache\org.slf4j\slf4j-api\jars\slf4j-api-1.7.25.jar;C:\Users\Rachmadita\.ivy2\cache\prom-libs\slickerbox\jars\slickerbox-1.0rc1.jar;C:\Users\Rachmadita\.ivy2\cache\prom\ProM-Models\jars\ProM-Models-lat
Launcher Type: SUN_STANDARD

[Global flags]
     intx CICompilerCount                          = 4                                         {product} {ergonomic}
     uint ConcGCThreads                            = 2                                         {product} {ergonomic}
     uint G1ConcRefinementThreads                  = 8                                         {product} {ergonomic}
   size_t G1HeapRegionSize                         = 1048576                                   {product} {ergonomic}
    uintx GCDrainStackTargetSize                   = 64                                        {product} {ergonomic}
   size_t InitialHeapSize                          = 134217728                                 {product} {ergonomic}
   size_t MarkStackSize                            = 4194304                                   {product} {ergonomic}
   size_t MaxHeapSize                              = 2118123520                                {product} {ergonomic}
   size_t MaxNewSize                               = 1270874112                                {product} {ergonomic}
   size_t MinHeapDeltaBytes                        = 1048576                                   {product} {ergonomic}
    uintx NonNMethodCodeHeapSize                   = 5836300                                {pd product} {ergonomic}
    uintx NonProfiledCodeHeapSize                  = 122910970                              {pd product} {ergonomic}
    uintx ProfiledCodeHeapSize                     = 122910970                              {pd product} {ergonomic}
    uintx ReservedCodeCacheSize                    = 251658240                              {pd product} {ergonomic}
     bool SegmentedCodeCache                       = true                                      {product} {ergonomic}
     bool UseCompressedClassPointers               = true                                 {lp64_product} {ergonomic}
     bool UseCompressedOops                        = true                                 {lp64_product} {ergonomic}
     bool UseG1GC                                  = true                                      {product} {ergonomic}
     bool UseLargePagesIndividualAllocation        = false                                  {pd product} {ergonomic}

Logging:
Log output configuration:
 #0: stdout all=warning uptime,level,tags
 #1: stderr all=off uptime,level,tags

Environment Variables:
JAVA_HOME=C:\Program Files\OpenJDK\openjdk-8u282-b08
PATH=C:/Program Files/Java/jdk-12.0.2/bin/server;C:/Program Files/Java/jdk-12.0.2/bin;C:\ProgramData\Anaconda3;C:\ProgramData\Anaconda3\Library\mingw-w64\bin;C:\ProgramData\Anaconda3\Library\usr\bin;C:\ProgramData\Anaconda3\Library\bin;C:\ProgramData\Anaconda3\Scripts;C:\Program Files (x86)\Common Files\Oracle\Java\javapath;C:\WINDOWS\system32;C:\WINDOWS;C:\WINDOWS\System32\Wbem;C:\WINDOWS\System32\WindowsPowerShell\v1.0\;C:\WINDOWS\System32\OpenSSH\;C:\Program Files\Intel\WiFi\bin\;C:\Program Files\Common Files\Intel\WirelessCommon\;C:\xampp\php;C:\composer;C:\Program Files\SlikSvn\bin;C:\Program Files\TortoiseSVN\bin;C:\Program Files\Git\cmd;C:\Users\Rachmadita\AppData\Roaming\nvm;C:\Program Files\nodejs;C:\Program Files (x86)\adb;C:\Users\Rachmadita\AppData\Local\Android\Sdk;C:\ProgramData\chocolatey\bin;C:\Program Files\OpenJDK\openjdk-8u282-b08\bin;C:\Users\Rachmadita\AppData\Local\Microsoft\WindowsApps;C:\Users\Rachmadita\AppData\Local\atom\bin;C:\Users\Rachmadita\AppData\Roaming\Composer\vendor\bin;C:\Users\Rachmadita\AppData\Roaming\npm;C:\Program Files\heroku\bin;C:\Users\Rachmadita\AppData\Local\Programs\Microsoft VS Code\bin;C:\Users\Rachmadita\AppData\Local\Microsoft\WindowsApps;C:\Users\Rachmadita\AppData\Roaming\nvm;C:\Program Files\nodejs;C:\WINDOWS\System32;
USERNAME=Rachmadita
OS=Windows_NT
PROCESSOR_IDENTIFIER=Intel64 Family 6 Model 142 Stepping 11, GenuineIntel



---------------  S Y S T E M  ---------------

OS: Windows 10 , 64 bit Build 18362 (10.0.18362.1350)

CPU:total 8 (initial active 8) (4 cores per cpu, 2 threads per core) family 6 model 142 stepping 11, cmov, cx8, fxsr, mmx, sse, sse2, sse3, ssse3, sse4.1, sse4.2, popcnt, avx, avx2, aes, clmul, erms, 3dnowpref, lzcnt, ht, tsc, tscinvbit, bmi1, bmi2, adx, fma

Memory: 4k page, system-wide physical 8079M (1588M free)
TotalPageFile size 16783M (AvailPageFile size 5363M)
current process WorkingSet (physical memory assigned to process): 313M, peak: 316M
current process commit charge ("private bytes"): 365M, peak: 372M

vm_info: Java HotSpot(TM) 64-Bit Server VM (12.0.2+10) for windows-amd64 JRE (12.0.2+10), built on Jul 16 2019 01:56:17 by "mach5one" with MS VC++ 15.5 (VS2017)

END.
