#
# A fatal error has been detected by the Java Runtime Environment:
#
#  EXCEPTION_ACCESS_VIOLATION (0xc0000005) at pc=0x000001b65314927b, pid=6604, tid=16980
#
# JRE version: Java(TM) SE Runtime Environment (12.0.2+10) (build 12.0.2+10)
# Java VM: Java HotSpot(TM) 64-Bit Server VM (12.0.2+10, mixed mode, sharing, tiered, compressed oops, g1 gc, windows-amd64)
# Problematic frame:
# J 2908 c2 org.processmining.framework.plugin.impl.PluginManagerImpl.checkIfRequestedReturnTypeIsPresent(Lorg/processmining/framework/plugin/PluginDescriptor;Ljava/lang/Class;)I (50 bytes) @ 0x000001b65314927b [0x000001b653149180+0x00000000000000fb]
#
# No core dump will be written. Minidumps are not enabled by default on client versions of Windows
#
# If you would like to submit a bug report, please visit:
#   http://bugreport.java.com/bugreport/crash.jsp
#

---------------  S U M M A R Y ------------

Command Line: -Djava.system.class.loader=org.processmining.framework.util.ProMClassLoader -Dfile.encoding=UTF-8 org.processmining.contexts.uitopia.UI

Host: Intel(R) Core(TM) i7-8565U CPU @ 1.80GHz, 8 cores, 7G,  Windows 10 , 64 bit Build 19041 (10.0.19041.928)
Time: Tue Apr 27 20:41:42 2021 SE Asia Standard Time elapsed time: 21 seconds (0d 0h 0m 21s)

---------------  T H R E A D  ---------------

Current thread (0x000001b6430a6000):  JavaThread "main" [_thread_in_Java, id=16980, stack(0x0000008cc3100000,0x0000008cc3200000)]

Stack: [0x0000008cc3100000,0x0000008cc3200000],  sp=0x0000008cc31fe2b0,  free space=1016k
Native frames: (J=compiled Java code, j=interpreted, Vv=VM code, C=native code)
C  0x000001b65314927b


siginfo: EXCEPTION_ACCESS_VIOLATION (0xc0000005), reading address 0xffffffffffffffff


Register to memory mapping:

RIP=0x000001b65314927b is at entry_point+251 in (nmethod*)0x000001b653148f10
RAX=0x000001b6531491b0 is at entry_point+48 in (nmethod*)0x000001b653148f10
RBX=0x0000000086490970 points into unknown readable memory: 15 00 00 00 00 00 00 00
RCX=0x00000008011cc850 is a pointer to class: 
javax.swing.JComponent {0x00000008011cc858}
RDX=0x00000008001219f8 is pointing into metadata
RSP=0x0000008cc31fe2b0 is pointing into the stack for thread: 0x000001b6430a6000
RBP=0x0000000000000048 is an unknown value
RSI=0x000000080029a880 is pointing into metadata
RDI=0x0000000086490988 points into unknown readable memory: 11 00 00 00 00 00 00 00
R8 =0x0000000082b1f800 points into unknown readable memory: 11 00 00 00 00 00 00 00
R9 =0x00000008001219f8 is pointing into metadata
R10=0x0000000000053510 is an unknown value
R11=0x0000000000000001 is an unknown value
R12=0x0 is NULL
R13=0x0000000082b07800 points into unknown readable memory: 11 00 00 00 00 00 00 00
R14=0x82b1f87800000000 is an unknown value
R15=0x000001b6430a6000 is a thread


Registers:
RAX=0x000001b6531491b0, RBX=0x0000000086490970, RCX=0x00000008011cc850, RDX=0x00000008001219f8
RSP=0x0000008cc31fe2b0, RBP=0x0000000000000048, RSI=0x000000080029a880, RDI=0x0000000086490988
R8 =0x0000000082b1f800, R9 =0x00000008001219f8, R10=0x0000000000053510, R11=0x0000000000000001
R12=0x0000000000000000, R13=0x0000000082b07800, R14=0x82b1f87800000000, R15=0x000001b6430a6000
RIP=0x000001b65314927b, EFLAGS=0x0000000000010246

Top of Stack: (sp=0x0000008cc31fe2b0)
0x0000008cc31fe2b0:   00000008011cc850 00000000ffffffff
0x0000008cc31fe2c0:   0000008cc31fe300 0000008cc31fe2f0
0x0000008cc31fe2d0:   000001b6621b1e40 0000000084d33010
0x0000008cc31fe2e0:   0000000000000001 000001b6531491b0
0x0000008cc31fe2f0:   0000008c00000001 0000000000000206
0x0000008cc31fe300:   0000008cc31fe5a8 000001b64be753c4
0x0000008cc31fe310:   0000000000000000 00000008003d4930
0x0000008cc31fe320:   000000080120bda8 0000000082e7cd68
0x0000008cc31fe330:   0000000087cda890 000001b65311af50
0x0000008cc31fe340:   0000008cc31fe5a8 000001b64bdfc9c4
0x0000008cc31fe350:   000000008850b840 000001b64be7e250
0x0000008cc31fe360:   0000000087cda890 000000007a78afbd
0x0000008cc31fe370:   00000000854aabc8 00000000885c91b8
0x0000008cc31fe380:   00000001000003bd 0000000087cda8c0
0x0000008cc31fe390:   00000000887ce718 00000000887ce5c8
0x0000008cc31fe3a0:   0000008cc31fe5a8 0000000082b1f6c8 

Instructions: (pc=0x000001b65314927b)
0x000001b65314917b:   00 08 00 00 00 44 8b 52 08 49 c1 e2 03 49 bc 00
0x000001b65314918b:   00 00 00 08 00 00 00 4d 03 d4 4d 33 e4 49 3b c2
0x000001b65314919b:   0f 85 df ec 38 f8 66 66 90 0f 1f 84 00 00 00 00
0x000001b6531491ab:   00 66 66 66 90 89 84 24 00 90 ff ff 55 48 83 ec
0x000001b6531491bb:   50 c4 e1 f9 6e da 45 8b 58 08 41 81 fb d3 18 24
0x000001b6531491cb:   00 0f 85 d9 16 00 00 45 8b 70 1c 45 8b 56 08 48
0x000001b6531491db:   be 00 00 00 00 08 00 00 00 4a 8d 34 d6 48 8b 56
0x000001b6531491eb:   20 49 bb f8 19 12 00 08 00 00 00 49 3b d3 0f 85
0x000001b6531491fb:   ae 02 00 00 49 8b de 41 81 fa 2a 0d 06 00 74 1a
0x000001b65314920b:   41 81 fa 10 35 05 00 0f 85 a9 18 00 00 4c 8b db
0x000001b65314921b:   45 8b 5b 10 45 8b 5b 0c eb 07 4c 8b db 45 8b 5b
0x000001b65314922b:   10 45 85 db 0f 8e 90 03 00 00 49 8b 49 50 8b 69
0x000001b65314923b:   10 c4 c1 f9 6e d0 c4 e1 f9 6e c6 44 8b 41 08 c4
0x000001b65314924b:   c1 79 6e e8 48 89 0c 24 45 8b 41 20 c4 c1 f9 6e
0x000001b65314925b:   e1 4c 63 cd c4 c1 f9 6e f1 49 b9 f8 19 12 00 08
0x000001b65314926b:   00 00 00 49 3b d1 0f 85 58 03 00 00 4d 8b 70 50
0x000001b65314927b:   45 8b 4e 10 41 81 fa 10 35 05 00 0f 85 bb 16 00
0x000001b65314928b:   00 4c 8b c3 45 8b 40 10 41 8b 50 0c 4d 63 e9 41
0x000001b65314929b:   81 fa 2a 0d 06 00 0f 85 0a 0a 00 00 44 8b 53 10
0x000001b6531492ab:   45 85 d2 0f 8c fe 16 00 00 45 85 d2 0f 84 b1 16
0x000001b6531492bb:   00 00 4d 63 c2 49 8b c8 48 ff c9 49 3b c8 0f 83
0x000001b6531492cb:   cb 16 00 00 8b 5b 14 44 8b 43 0c 45 85 c0 0f 86
0x000001b6531492db:   df 16 00 00 4d 63 c0 49 3b c8 0f 83 bb 16 00 00
0x000001b6531492eb:   83 fd 20 0f 85 10 01 00 00 45 33 db c4 c1 79 6e
0x000001b6531492fb:   cb 0f 1f 40 00 c4 c1 79 7e c8 46 8b 44 83 10 41
0x000001b65314930b:   8b 78 08 49 8b c0 81 ff 9d 23 07 00 0f 85 16 1b
0x000001b65314931b:   00 00 48 8b 70 50 48 85 f6 0f 84 a0 15 00 00 c4
0x000001b65314932b:   c1 f9 7e f0 4e 8b 04 06 48 8b 0c 24 49 3b c8 0f
0x000001b65314933b:   84 f3 08 00 00 48 3b f1 75 09 c5 f9 7e c8 e9 1d
0x000001b65314934b:   01 00 00 48 8b c1 50 48 8b c0 48 8b 7e 28 8b 0f
0x000001b65314935b:   48 83 c7 08 48 85 c0 f2 48 af 58 0f 85 04 00 00
0x000001b65314936b:   00 48 89 46 20 0f 84 49 03 00 00 c4 c1 79 7e e8 


Stack slot to memory mapping:
stack at sp + 0 slots: 0x00000008011cc850 is a pointer to class: 
javax.swing.JComponent {0x00000008011cc858}
stack at sp + 1 slots: 
[error occurred during error reporting (inspecting top of stack), id 0xc0000005, EXCEPTION_ACCESS_VIOLATION (0xc0000005) at pc=0x00007ff827ad98df]



---------------  P R O C E S S  ---------------

Threads class SMR info:
_java_thread_list=0x000001b666fdfcc0, length=14, elements={
0x000001b6430a6000, 0x000001b661d27000, 0x000001b661d28000, 0x000001b661d3d800,
0x000001b661d3f800, 0x000001b661d41800, 0x000001b661d52000, 0x000001b661d63000,
0x000001b6627a7000, 0x000001b662866000, 0x000001b663400000, 0x000001b663405800,
0x000001b6649b7800, 0x000001b66a8f5800
}

Java Threads: ( => current thread )
=>0x000001b6430a6000 JavaThread "main" [_thread_in_Java, id=16980, stack(0x0000008cc3100000,0x0000008cc3200000)]
  0x000001b661d27000 JavaThread "Reference Handler" daemon [_thread_blocked, id=3764, stack(0x0000008cc3800000,0x0000008cc3900000)]
  0x000001b661d28000 JavaThread "Finalizer" daemon [_thread_blocked, id=15044, stack(0x0000008cc3900000,0x0000008cc3a00000)]
  0x000001b661d3d800 JavaThread "Signal Dispatcher" daemon [_thread_blocked, id=1808, stack(0x0000008cc3a00000,0x0000008cc3b00000)]
  0x000001b661d3f800 JavaThread "Attach Listener" daemon [_thread_blocked, id=3664, stack(0x0000008cc3b00000,0x0000008cc3c00000)]
  0x000001b661d41800 JavaThread "C2 CompilerThread0" daemon [_thread_in_native, id=14708, stack(0x0000008cc3c00000,0x0000008cc3d00000)]
  0x000001b661d52000 JavaThread "C1 CompilerThread0" daemon [_thread_blocked, id=10948, stack(0x0000008cc3d00000,0x0000008cc3e00000)]
  0x000001b661d63000 JavaThread "Sweeper thread" daemon [_thread_blocked, id=17068, stack(0x0000008cc3e00000,0x0000008cc3f00000)]
  0x000001b6627a7000 JavaThread "Common-Cleaner" daemon [_thread_blocked, id=16284, stack(0x0000008cc3f00000,0x0000008cc4000000)]
  0x000001b662866000 JavaThread "Service Thread" daemon [_thread_blocked, id=13200, stack(0x0000008cc4000000,0x0000008cc4100000)]
  0x000001b663400000 JavaThread "Java2D Disposer" daemon [_thread_blocked, id=17612, stack(0x0000008cc4300000,0x0000008cc4400000)]
  0x000001b663405800 JavaThread "AWT-Windows" daemon [_thread_in_native, id=16332, stack(0x0000008cc4700000,0x0000008cc4800000)]
  0x000001b6649b7800 JavaThread "C2 CompilerThread1" daemon [_thread_blocked, id=13564, stack(0x0000008cc4200000,0x0000008cc4300000)]
  0x000001b66a8f5800 JavaThread "C2 CompilerThread2" daemon [_thread_in_native, id=9640, stack(0x0000008cc4600000,0x0000008cc4700000)]

Other Threads:
  0x000001b661d26000 VMThread "VM Thread" [stack: 0x0000008cc3700000,0x0000008cc3800000] [id=12800]
  0x000001b66287e800 WatcherThread [stack: 0x0000008cc4100000,0x0000008cc4200000] [id=9972]
  0x000001b6430e5000 GCTaskThread "GC Thread#0" [stack: 0x0000008cc3200000,0x0000008cc3300000] [id=9096]
  0x000001b663c97800 GCTaskThread "GC Thread#1" [stack: 0x0000008cc4400000,0x0000008cc4500000] [id=1440]
  0x000001b663548800 GCTaskThread "GC Thread#2" [stack: 0x0000008cc4500000,0x0000008cc4600000] [id=3464]
  0x000001b663763800 GCTaskThread "GC Thread#3" [stack: 0x0000008cc4900000,0x0000008cc4a00000] [id=18112]
  0x000001b663721000 GCTaskThread "GC Thread#4" [stack: 0x0000008cc4a00000,0x0000008cc4b00000] [id=2364]
  0x000001b663721800 GCTaskThread "GC Thread#5" [stack: 0x0000008cc4b00000,0x0000008cc4c00000] [id=19828]
  0x000001b663761800 GCTaskThread "GC Thread#6" [stack: 0x0000008cc4c00000,0x0000008cc4d00000] [id=10448]
  0x000001b663762800 GCTaskThread "GC Thread#7" [stack: 0x0000008cc4f00000,0x0000008cc5000000] [id=1532]
  0x000001b6430f6800 ConcurrentGCThread "G1 Main Marker" [stack: 0x0000008cc3300000,0x0000008cc3400000] [id=12128]
  0x000001b6430f8000 ConcurrentGCThread "G1 Conc#0" [stack: 0x0000008cc3400000,0x0000008cc3500000] [id=9016]
  0x000001b664689000 ConcurrentGCThread "G1 Conc#1" [stack: 0x0000008cc4e00000,0x0000008cc4f00000] [id=15472]
  0x000001b661ba0800 ConcurrentGCThread "G1 Refine#0" [stack: 0x0000008cc3500000,0x0000008cc3600000] [id=6488]
  0x000001b661ba1800 ConcurrentGCThread "G1 Young RemSet Sampling" [stack: 0x0000008cc3600000,0x0000008cc3700000] [id=17868]

Threads with active compile tasks:
C2 CompilerThread0  2914       4       org.processmining.framework.plugin.PluginParameterBinding$Factory::tryToBind (609 bytes)
C2 CompilerThread2  2906       4       org.processmining.framework.plugin.impl.PluginManagerImpl::find (271 bytes)

VM state:not at safepoint (normal execution)

VM Mutex/Monitor currently owned by a thread: None

Heap address: 0x0000000081c00000, size: 2020 MB, Compressed Oops mode: 32-bit
Narrow klass base: 0x0000000800000000, Narrow klass shift: 3
Compressed class space size: 1073741824 Address: 0x0000000801190000

Heap:
 garbage-first heap   total 145408K, used 115073K [0x0000000081c00000, 0x0000000100000000)
  region size 1024K, 40 young (40960K), 3 survivors (3072K)
 Metaspace       used 26853K, capacity 27144K, committed 27264K, reserved 1073152K
  class space    used 4099K, capacity 4205K, committed 4224K, reserved 1048576K
Heap Regions: E=young(eden), S=young(survivor), O=old, HS=humongous(starts), HC=humongous(continues), CS=collection set, F=free, A=archive, TAMS=top-at-mark-start (previous, next)
|   0|0x0000000081c00000, 0x0000000081d00000, 0x0000000081d00000|100%|HS|  |TAMS 0x0000000081d00000, 0x0000000081c00000| Complete 
|   1|0x0000000081d00000, 0x0000000081e00000, 0x0000000081e00000|100%|HC|  |TAMS 0x0000000081e00000, 0x0000000081d00000| Complete 
|   2|0x0000000081e00000, 0x0000000081f00000, 0x0000000081f00000|100%|HS|  |TAMS 0x0000000081f00000, 0x0000000081e00000| Complete 
|   3|0x0000000081f00000, 0x0000000082000000, 0x0000000082000000|100%|HC|  |TAMS 0x0000000082000000, 0x0000000081f00000| Complete 
|   4|0x0000000082000000, 0x0000000082100000, 0x0000000082100000|100%| O|  |TAMS 0x0000000082100000, 0x0000000082000000| Untracked 
|   5|0x0000000082100000, 0x0000000082200000, 0x0000000082200000|100%| O|  |TAMS 0x0000000082200000, 0x0000000082100000| Untracked 
|   6|0x0000000082200000, 0x0000000082300000, 0x0000000082300000|100%| O|  |TAMS 0x0000000082300000, 0x0000000082200000| Untracked 
|   7|0x0000000082300000, 0x0000000082400000, 0x0000000082400000|100%|HS|  |TAMS 0x0000000082400000, 0x0000000082300000| Complete 
|   8|0x0000000082400000, 0x0000000082500000, 0x0000000082500000|100%|HC|  |TAMS 0x0000000082500000, 0x0000000082400000| Complete 
|   9|0x0000000082500000, 0x0000000082600000, 0x0000000082600000|100%|HS|  |TAMS 0x0000000082600000, 0x0000000082500000| Complete 
|  10|0x0000000082600000, 0x0000000082700000, 0x0000000082700000|100%|HC|  |TAMS 0x0000000082700000, 0x0000000082600000| Complete 
|  11|0x0000000082700000, 0x0000000082800000, 0x0000000082800000|100%| O|  |TAMS 0x0000000082800000, 0x0000000082700000| Untracked 
|  12|0x0000000082800000, 0x0000000082900000, 0x0000000082900000|100%| O|  |TAMS 0x0000000082900000, 0x0000000082800000| Untracked 
|  13|0x0000000082900000, 0x0000000082a00000, 0x0000000082a00000|100%| O|  |TAMS 0x0000000082a00000, 0x0000000082900000| Untracked 
|  14|0x0000000082a00000, 0x0000000082b00000, 0x0000000082b00000|100%|HS|  |TAMS 0x0000000082b00000, 0x0000000082a00000| Complete 
|  15|0x0000000082b00000, 0x0000000082c00000, 0x0000000082c00000|100%| O|  |TAMS 0x0000000082c00000, 0x0000000082b00000| Untracked 
|  16|0x0000000082c00000, 0x0000000082d00000, 0x0000000082d00000|100%| O|  |TAMS 0x0000000082d00000, 0x0000000082c00000| Untracked 
|  17|0x0000000082d00000, 0x0000000082e00000, 0x0000000082e00000|100%| O|  |TAMS 0x0000000082e00000, 0x0000000082d00000| Untracked 
|  18|0x0000000082e00000, 0x0000000082f00000, 0x0000000082f00000|100%| O|  |TAMS 0x0000000082f00000, 0x0000000082e00000| Untracked 
|  19|0x0000000082f00000, 0x0000000083000000, 0x0000000083000000|100%| O|  |TAMS 0x0000000083000000, 0x0000000082f00000| Untracked 
|  20|0x0000000083000000, 0x0000000083100000, 0x0000000083100000|100%| O|  |TAMS 0x0000000083100000, 0x0000000083000000| Untracked 
|  21|0x0000000083100000, 0x0000000083200000, 0x0000000083200000|100%| O|  |TAMS 0x0000000083200000, 0x0000000083100000| Untracked 
|  22|0x0000000083200000, 0x0000000083300000, 0x0000000083300000|100%|HS|  |TAMS 0x0000000083300000, 0x0000000083200000| Complete 
|  23|0x0000000083300000, 0x0000000083400000, 0x0000000083400000|100%|HC|  |TAMS 0x0000000083400000, 0x0000000083300000| Complete 
|  24|0x0000000083400000, 0x0000000083500000, 0x0000000083500000|100%|HC|  |TAMS 0x0000000083500000, 0x0000000083400000| Complete 
|  25|0x0000000083500000, 0x0000000083600000, 0x0000000083600000|100%|HS|  |TAMS 0x0000000083600000, 0x0000000083500000| Complete 
|  26|0x0000000083600000, 0x0000000083700000, 0x0000000083700000|100%|HC|  |TAMS 0x0000000083700000, 0x0000000083600000| Complete 
|  27|0x0000000083700000, 0x0000000083800000, 0x0000000083800000|100%|HC|  |TAMS 0x0000000083800000, 0x0000000083700000| Complete 
|  28|0x0000000083800000, 0x0000000083900000, 0x0000000083900000|100%|HC|  |TAMS 0x0000000083900000, 0x0000000083800000| Complete 
|  29|0x0000000083900000, 0x0000000083a00000, 0x0000000083a00000|100%|HC|  |TAMS 0x0000000083a00000, 0x0000000083900000| Complete 
|  30|0x0000000083a00000, 0x0000000083b00000, 0x0000000083b00000|100%|HS|  |TAMS 0x0000000083b00000, 0x0000000083a00000| Complete 
|  31|0x0000000083b00000, 0x0000000083c00000, 0x0000000083c00000|100%|HC|  |TAMS 0x0000000083c00000, 0x0000000083b00000| Complete 
|  32|0x0000000083c00000, 0x0000000083d00000, 0x0000000083d00000|100%|HC|  |TAMS 0x0000000083d00000, 0x0000000083c00000| Complete 
|  33|0x0000000083d00000, 0x0000000083e00000, 0x0000000083e00000|100%|HC|  |TAMS 0x0000000083e00000, 0x0000000083d00000| Complete 
|  34|0x0000000083e00000, 0x0000000083f00000, 0x0000000083f00000|100%|HC|  |TAMS 0x0000000083f00000, 0x0000000083e00000| Complete 
|  35|0x0000000083f00000, 0x0000000084000000, 0x0000000084000000|100%|HS|  |TAMS 0x0000000084000000, 0x0000000083f00000| Complete 
|  36|0x0000000084000000, 0x0000000084100000, 0x0000000084100000|100%|HC|  |TAMS 0x0000000084100000, 0x0000000084000000| Complete 
|  37|0x0000000084100000, 0x0000000084200000, 0x0000000084200000|100%|HC|  |TAMS 0x0000000084200000, 0x0000000084100000| Complete 
|  38|0x0000000084200000, 0x0000000084300000, 0x0000000084300000|100%|HC|  |TAMS 0x0000000084300000, 0x0000000084200000| Complete 
|  39|0x0000000084300000, 0x0000000084400000, 0x0000000084400000|100%|HC|  |TAMS 0x0000000084400000, 0x0000000084300000| Complete 
|  40|0x0000000084400000, 0x0000000084500000, 0x0000000084500000|100%|HS|  |TAMS 0x0000000084500000, 0x0000000084400000| Complete 
|  41|0x0000000084500000, 0x0000000084600000, 0x0000000084600000|100%|HC|  |TAMS 0x0000000084600000, 0x0000000084500000| Complete 
|  42|0x0000000084600000, 0x0000000084700000, 0x0000000084700000|100%|HC|  |TAMS 0x0000000084700000, 0x0000000084600000| Complete 
|  43|0x0000000084700000, 0x0000000084800000, 0x0000000084800000|100%|HC|  |TAMS 0x0000000084800000, 0x0000000084700000| Complete 
|  44|0x0000000084800000, 0x0000000084900000, 0x0000000084900000|100%|HC|  |TAMS 0x0000000084900000, 0x0000000084800000| Complete 
|  45|0x0000000084900000, 0x0000000084a00000, 0x0000000084a00000|100%| O|  |TAMS 0x0000000084a00000, 0x0000000084900000| Untracked 
|  46|0x0000000084a00000, 0x0000000084b00000, 0x0000000084b00000|100%| O|  |TAMS 0x0000000084b00000, 0x0000000084a00000| Untracked 
|  47|0x0000000084b00000, 0x0000000084c00000, 0x0000000084c00000|100%| O|  |TAMS 0x0000000084c00000, 0x0000000084b00000| Untracked 
|  48|0x0000000084c00000, 0x0000000084d00000, 0x0000000084d00000|100%| O|  |TAMS 0x0000000084d00000, 0x0000000084c00000| Untracked 
|  49|0x0000000084d00000, 0x0000000084e00000, 0x0000000084e00000|100%| O|  |TAMS 0x0000000084e00000, 0x0000000084d00000| Untracked 
|  50|0x0000000084e00000, 0x0000000084f00000, 0x0000000084f00000|100%|HS|  |TAMS 0x0000000084f00000, 0x0000000084e00000| Complete 
|  51|0x0000000084f00000, 0x0000000085000000, 0x0000000085000000|100%| O|  |TAMS 0x0000000085000000, 0x0000000084f00000| Untracked 
|  52|0x0000000085000000, 0x0000000085100000, 0x0000000085100000|100%|HS|  |TAMS 0x0000000085100000, 0x0000000085000000| Complete 
|  53|0x0000000085100000, 0x0000000085200000, 0x0000000085200000|100%| O|  |TAMS 0x0000000085200000, 0x0000000085100000| Untracked 
|  54|0x0000000085200000, 0x0000000085300000, 0x0000000085300000|100%| O|  |TAMS 0x0000000085300000, 0x0000000085200000| Untracked 
|  55|0x0000000085300000, 0x0000000085400000, 0x0000000085400000|100%| O|  |TAMS 0x0000000085400000, 0x0000000085300000| Untracked 
|  56|0x0000000085400000, 0x0000000085500000, 0x0000000085500000|100%| O|  |TAMS 0x0000000085500000, 0x0000000085400000| Untracked 
|  57|0x0000000085500000, 0x0000000085600000, 0x0000000085600000|100%| O|  |TAMS 0x0000000085600000, 0x0000000085500000| Untracked 
|  58|0x0000000085600000, 0x0000000085700000, 0x0000000085700000|100%| O|  |TAMS 0x0000000085700000, 0x0000000085600000| Untracked 
|  59|0x0000000085700000, 0x0000000085800000, 0x0000000085800000|100%| O|  |TAMS 0x0000000085800000, 0x0000000085700000| Untracked 
|  60|0x0000000085800000, 0x0000000085900000, 0x0000000085900000|100%| O|  |TAMS 0x0000000085900000, 0x0000000085800000| Untracked 
|  61|0x0000000085900000, 0x0000000085a00000, 0x0000000085a00000|100%| O|  |TAMS 0x0000000085a00000, 0x0000000085900000| Untracked 
|  62|0x0000000085a00000, 0x0000000085b00000, 0x0000000085b00000|100%| O|  |TAMS 0x0000000085b00000, 0x0000000085a00000| Untracked 
|  63|0x0000000085b00000, 0x0000000085c00000, 0x0000000085c00000|100%| O|  |TAMS 0x0000000085c00000, 0x0000000085b00000| Untracked 
|  64|0x0000000085c00000, 0x0000000085d00000, 0x0000000085d00000|100%| O|  |TAMS 0x0000000085d00000, 0x0000000085c00000| Untracked 
|  65|0x0000000085d00000, 0x0000000085e00000, 0x0000000085e00000|100%| O|  |TAMS 0x0000000085e00000, 0x0000000085d00000| Untracked 
|  66|0x0000000085e00000, 0x0000000085f00000, 0x0000000085f00000|100%| O|  |TAMS 0x0000000085f00000, 0x0000000085e00000| Untracked 
|  67|0x0000000085f00000, 0x0000000086000000, 0x0000000086000000|100%|HS|  |TAMS 0x0000000086000000, 0x0000000085f00000| Complete 
|  68|0x0000000086000000, 0x0000000086100000, 0x0000000086100000|100%| O|  |TAMS 0x0000000086100000, 0x0000000086000000| Untracked 
|  69|0x0000000086100000, 0x0000000086200000, 0x0000000086200000|100%| O|  |TAMS 0x0000000086200000, 0x0000000086100000| Untracked 
|  70|0x0000000086200000, 0x0000000086300000, 0x0000000086300000|100%| O|  |TAMS 0x0000000086300000, 0x0000000086200000| Untracked 
|  71|0x0000000086300000, 0x0000000086400000, 0x0000000086400000|100%| O|  |TAMS 0x0000000086400000, 0x0000000086300000| Untracked 
|  72|0x0000000086400000, 0x0000000086500000, 0x0000000086500000|100%| O|  |TAMS 0x0000000086500000, 0x0000000086400000| Untracked 
|  73|0x0000000086500000, 0x0000000086600000, 0x0000000086600000|100%| O|  |TAMS 0x0000000086600000, 0x0000000086500000| Untracked 
|  74|0x0000000086600000, 0x0000000086614e00, 0x0000000086700000|  8%| O|  |TAMS 0x0000000086614e00, 0x0000000086600000| Untracked 
|  75|0x0000000086700000, 0x0000000086700000, 0x0000000086800000|  0%| F|  |TAMS 0x0000000086700000, 0x0000000086700000| Untracked 
|  76|0x0000000086800000, 0x0000000086800000, 0x0000000086900000|  0%| F|  |TAMS 0x0000000086800000, 0x0000000086800000| Untracked 
|  77|0x0000000086900000, 0x0000000086900000, 0x0000000086a00000|  0%| F|  |TAMS 0x0000000086900000, 0x0000000086900000| Untracked 
|  78|0x0000000086a00000, 0x0000000086a00000, 0x0000000086b00000|  0%| F|  |TAMS 0x0000000086a00000, 0x0000000086a00000| Untracked 
|  79|0x0000000086b00000, 0x0000000086b00000, 0x0000000086c00000|  0%| F|  |TAMS 0x0000000086b00000, 0x0000000086b00000| Untracked 
|  80|0x0000000086c00000, 0x0000000086c00000, 0x0000000086d00000|  0%| F|  |TAMS 0x0000000086c00000, 0x0000000086c00000| Untracked 
|  81|0x0000000086d00000, 0x0000000086d00000, 0x0000000086e00000|  0%| F|  |TAMS 0x0000000086d00000, 0x0000000086d00000| Untracked 
|  82|0x0000000086e00000, 0x0000000086e00000, 0x0000000086f00000|  0%| F|  |TAMS 0x0000000086e00000, 0x0000000086e00000| Untracked 
|  83|0x0000000086f00000, 0x0000000086f00000, 0x0000000087000000|  0%| F|  |TAMS 0x0000000086f00000, 0x0000000086f00000| Untracked 
|  84|0x0000000087000000, 0x0000000087000000, 0x0000000087100000|  0%| F|  |TAMS 0x0000000087000000, 0x0000000087000000| Untracked 
|  85|0x0000000087100000, 0x0000000087100000, 0x0000000087200000|  0%| F|  |TAMS 0x0000000087100000, 0x0000000087100000| Untracked 
|  86|0x0000000087200000, 0x0000000087200000, 0x0000000087300000|  0%| F|  |TAMS 0x0000000087200000, 0x0000000087200000| Untracked 
|  87|0x0000000087300000, 0x0000000087300000, 0x0000000087400000|  0%| F|  |TAMS 0x0000000087300000, 0x0000000087300000| Untracked 
|  88|0x0000000087400000, 0x0000000087400000, 0x0000000087500000|  0%| F|  |TAMS 0x0000000087400000, 0x0000000087400000| Untracked 
|  89|0x0000000087500000, 0x0000000087500000, 0x0000000087600000|  0%| F|  |TAMS 0x0000000087500000, 0x0000000087500000| Untracked 
|  90|0x0000000087600000, 0x0000000087600000, 0x0000000087700000|  0%| F|  |TAMS 0x0000000087600000, 0x0000000087600000| Untracked 
|  91|0x0000000087700000, 0x0000000087700000, 0x0000000087800000|  0%| F|  |TAMS 0x0000000087700000, 0x0000000087700000| Untracked 
|  92|0x0000000087800000, 0x0000000087800000, 0x0000000087900000|  0%| F|  |TAMS 0x0000000087800000, 0x0000000087800000| Untracked 
|  93|0x0000000087900000, 0x0000000087900000, 0x0000000087a00000|  0%| F|  |TAMS 0x0000000087900000, 0x0000000087900000| Untracked 
|  94|0x0000000087a00000, 0x0000000087a00000, 0x0000000087b00000|  0%| F|  |TAMS 0x0000000087a00000, 0x0000000087a00000| Untracked 
|  95|0x0000000087b00000, 0x0000000087b4b690, 0x0000000087c00000| 29%| S|CS|TAMS 0x0000000087b00000, 0x0000000087b00000| Complete 
|  96|0x0000000087c00000, 0x0000000087d00000, 0x0000000087d00000|100%| S|CS|TAMS 0x0000000087c00000, 0x0000000087c00000| Complete 
|  97|0x0000000087d00000, 0x0000000087e00000, 0x0000000087e00000|100%| S|CS|TAMS 0x0000000087d00000, 0x0000000087d00000| Complete 
|  98|0x0000000087e00000, 0x0000000087e00000, 0x0000000087f00000|  0%| F|  |TAMS 0x0000000087e00000, 0x0000000087e00000| Untracked 
|  99|0x0000000087f00000, 0x0000000087f00000, 0x0000000088000000|  0%| F|  |TAMS 0x0000000087f00000, 0x0000000087f00000| Untracked 
| 100|0x0000000088000000, 0x0000000088000000, 0x0000000088100000|  0%| F|  |TAMS 0x0000000088000000, 0x0000000088000000| Untracked 
| 101|0x0000000088100000, 0x0000000088100000, 0x0000000088200000|  0%| F|  |TAMS 0x0000000088100000, 0x0000000088100000| Untracked 
| 102|0x0000000088200000, 0x0000000088200000, 0x0000000088300000|  0%| F|  |TAMS 0x0000000088200000, 0x0000000088200000| Untracked 
| 103|0x0000000088300000, 0x0000000088300000, 0x0000000088400000|  0%| F|  |TAMS 0x0000000088300000, 0x0000000088300000| Untracked 
| 104|0x0000000088400000, 0x0000000088400000, 0x0000000088500000|  0%| F|  |TAMS 0x0000000088400000, 0x0000000088400000| Untracked 
| 105|0x0000000088500000, 0x0000000088600000, 0x0000000088600000|100%| E|  |TAMS 0x0000000088500000, 0x0000000088500000| Complete 
| 106|0x0000000088600000, 0x0000000088700000, 0x0000000088700000|100%| E|CS|TAMS 0x0000000088600000, 0x0000000088600000| Complete 
| 107|0x0000000088700000, 0x0000000088800000, 0x0000000088800000|100%| E|CS|TAMS 0x0000000088700000, 0x0000000088700000| Complete 
| 108|0x0000000088800000, 0x0000000088900000, 0x0000000088900000|100%| E|CS|TAMS 0x0000000088800000, 0x0000000088800000| Complete 
| 109|0x0000000088900000, 0x0000000088a00000, 0x0000000088a00000|100%| E|CS|TAMS 0x0000000088900000, 0x0000000088900000| Complete 
| 110|0x0000000088a00000, 0x0000000088b00000, 0x0000000088b00000|100%| E|CS|TAMS 0x0000000088a00000, 0x0000000088a00000| Complete 
| 111|0x0000000088b00000, 0x0000000088c00000, 0x0000000088c00000|100%| E|CS|TAMS 0x0000000088b00000, 0x0000000088b00000| Complete 
| 112|0x0000000088c00000, 0x0000000088d00000, 0x0000000088d00000|100%| E|CS|TAMS 0x0000000088c00000, 0x0000000088c00000| Complete 
| 113|0x0000000088d00000, 0x0000000088e00000, 0x0000000088e00000|100%| E|CS|TAMS 0x0000000088d00000, 0x0000000088d00000| Complete 
| 114|0x0000000088e00000, 0x0000000088f00000, 0x0000000088f00000|100%| E|CS|TAMS 0x0000000088e00000, 0x0000000088e00000| Complete 
| 115|0x0000000088f00000, 0x0000000089000000, 0x0000000089000000|100%| E|CS|TAMS 0x0000000088f00000, 0x0000000088f00000| Complete 
| 116|0x0000000089000000, 0x0000000089100000, 0x0000000089100000|100%| E|CS|TAMS 0x0000000089000000, 0x0000000089000000| Complete 
| 117|0x0000000089100000, 0x0000000089200000, 0x0000000089200000|100%| E|CS|TAMS 0x0000000089100000, 0x0000000089100000| Complete 
| 118|0x0000000089200000, 0x0000000089300000, 0x0000000089300000|100%| E|CS|TAMS 0x0000000089200000, 0x0000000089200000| Complete 
| 119|0x0000000089300000, 0x0000000089400000, 0x0000000089400000|100%| E|CS|TAMS 0x0000000089300000, 0x0000000089300000| Complete 
| 120|0x0000000089400000, 0x0000000089500000, 0x0000000089500000|100%| E|CS|TAMS 0x0000000089400000, 0x0000000089400000| Complete 
| 121|0x0000000089500000, 0x0000000089600000, 0x0000000089600000|100%| E|CS|TAMS 0x0000000089500000, 0x0000000089500000| Complete 
| 122|0x0000000089600000, 0x0000000089700000, 0x0000000089700000|100%| E|CS|TAMS 0x0000000089600000, 0x0000000089600000| Complete 
| 123|0x0000000089700000, 0x0000000089800000, 0x0000000089800000|100%| E|CS|TAMS 0x0000000089700000, 0x0000000089700000| Complete 
| 124|0x0000000089800000, 0x0000000089900000, 0x0000000089900000|100%| E|CS|TAMS 0x0000000089800000, 0x0000000089800000| Complete 
| 125|0x0000000089900000, 0x0000000089a00000, 0x0000000089a00000|100%| E|CS|TAMS 0x0000000089900000, 0x0000000089900000| Complete 
| 126|0x0000000089a00000, 0x0000000089b00000, 0x0000000089b00000|100%| E|CS|TAMS 0x0000000089a00000, 0x0000000089a00000| Complete 
| 127|0x0000000089b00000, 0x0000000089c00000, 0x0000000089c00000|100%| E|CS|TAMS 0x0000000089b00000, 0x0000000089b00000| Complete 
| 128|0x0000000089c00000, 0x0000000089d00000, 0x0000000089d00000|100%| E|CS|TAMS 0x0000000089c00000, 0x0000000089c00000| Complete 
| 129|0x0000000089d00000, 0x0000000089e00000, 0x0000000089e00000|100%| E|CS|TAMS 0x0000000089d00000, 0x0000000089d00000| Complete 
| 130|0x0000000089e00000, 0x0000000089f00000, 0x0000000089f00000|100%| E|CS|TAMS 0x0000000089e00000, 0x0000000089e00000| Complete 
| 131|0x0000000089f00000, 0x000000008a000000, 0x000000008a000000|100%| E|CS|TAMS 0x0000000089f00000, 0x0000000089f00000| Complete 
| 132|0x000000008a000000, 0x000000008a100000, 0x000000008a100000|100%| E|CS|TAMS 0x000000008a000000, 0x000000008a000000| Complete 
| 133|0x000000008a100000, 0x000000008a200000, 0x000000008a200000|100%| E|CS|TAMS 0x000000008a100000, 0x000000008a100000| Complete 
| 134|0x000000008a200000, 0x000000008a300000, 0x000000008a300000|100%| E|CS|TAMS 0x000000008a200000, 0x000000008a200000| Complete 
| 135|0x000000008a300000, 0x000000008a400000, 0x000000008a400000|100%| E|CS|TAMS 0x000000008a300000, 0x000000008a300000| Complete 
| 136|0x000000008a400000, 0x000000008a500000, 0x000000008a500000|100%| E|CS|TAMS 0x000000008a400000, 0x000000008a400000| Complete 
| 137|0x000000008a500000, 0x000000008a600000, 0x000000008a600000|100%| E|CS|TAMS 0x000000008a500000, 0x000000008a500000| Complete 
| 138|0x000000008a600000, 0x000000008a700000, 0x000000008a700000|100%| E|CS|TAMS 0x000000008a600000, 0x000000008a600000| Complete 
| 139|0x000000008a700000, 0x000000008a800000, 0x000000008a800000|100%| E|CS|TAMS 0x000000008a700000, 0x000000008a700000| Complete 
| 140|0x000000008a800000, 0x000000008a900000, 0x000000008a900000|100%| E|CS|TAMS 0x000000008a800000, 0x000000008a800000| Complete 
| 141|0x000000008a900000, 0x000000008aa00000, 0x000000008aa00000|100%| E|CS|TAMS 0x000000008a900000, 0x000000008a900000| Complete 

Card table byte_map: [0x000001b65abe0000,0x000001b65afe0000] _byte_map_base: 0x000001b65a7d2000

Marking Bits (Prev, Next): (CMBitMap*) 0x000001b6430e8418, (CMBitMap*) 0x000001b6430e83d8
 Prev Bits: [0x000001b65d370000, 0x000001b65f300000)
 Next Bits: [0x000001b65b3e0000, 0x000001b65d370000)

Polling page: 0x000001b642880000

Metaspace:

Usage:
  Non-class:     22.40 MB capacity,    22.22 MB (>99%) used,   150.86 KB ( <1%) free+waste,    34.19 KB ( <1%) overhead. 
      Class:      4.11 MB capacity,     4.00 MB ( 97%) used,    90.03 KB (  2%) free+waste,    15.56 KB ( <1%) overhead. 
       Both:     26.51 MB capacity,    26.22 MB ( 99%) used,   240.89 KB ( <1%) free+waste,    49.75 KB ( <1%) overhead. 

Virtual space:
  Non-class space:       24.00 MB reserved,      22.50 MB ( 94%) committed 
      Class space:        1.00 GB reserved,       4.13 MB ( <1%) committed 
             Both:        1.02 GB reserved,      26.63 MB (  3%) committed 

Chunk freelists:
   Non-Class:  4.63 KB
       Class:  2.38 KB
        Both:  7.00 KB

CodeHeap 'non-profiled nmethods': size=120000Kb used=1983Kb max_used=1994Kb free=118017Kb
 bounds [0x000001b652f80000, 0x000001b6531f0000, 0x000001b65a4b0000]
CodeHeap 'profiled nmethods': size=120000Kb used=5733Kb max_used=5733Kb free=114266Kb
 bounds [0x000001b64ba50000, 0x000001b64c000000, 0x000001b652f80000]
CodeHeap 'non-nmethods': size=5760Kb used=1200Kb max_used=1285Kb free=4559Kb
 bounds [0x000001b64b4b0000, 0x000001b64b720000, 0x000001b64ba50000]
 total_blobs=4441 nmethods=2475 adapters=448
 compilation: enabled
              stopped_count=0, restarted_count=0
 full_count=0

Compilation events (10 events):
Event: 21.149 Thread 0x000001b661d52000 nmethod 2910 0x000001b64be30d90 code [0x000001b64be30f60, 0x000001b64be311f8]
Event: 21.149 Thread 0x000001b661d52000 2911       3       java.lang.Integer::compare (20 bytes)
Event: 21.149 Thread 0x000001b661d52000 nmethod 2911 0x000001b64bcaf310 code [0x000001b64bcaf4e0, 0x000001b64bcaf6d8]
Event: 21.149 Thread 0x000001b661d52000 2912       3       org.processmining.framework.plugin.PluginParameterBinding::compareTo (9 bytes)
Event: 21.149 Thread 0x000001b661d52000 nmethod 2912 0x000001b64be7cd10 code [0x000001b64be7cee0, 0x000001b64be7d1b0]
Event: 21.149 Thread 0x000001b661d52000 2913       3       org.processmining.framework.plugin.PluginParameterBinding::compareTo (59 bytes)
Event: 21.150 Thread 0x000001b661d52000 nmethod 2913 0x000001b64be89410 code [0x000001b64be89620, 0x000001b64be89a20]
Event: 21.158 Thread 0x000001b661d41800 nmethod 2900 0x000001b65314b610 code [0x000001b65314ba40, 0x000001b65314fa40]
Event: 21.165 Thread 0x000001b661d41800 2914       4       org.processmining.framework.plugin.PluginParameterBinding$Factory::tryToBind (609 bytes)
Event: 21.197 Thread 0x000001b6649b7800 nmethod 2908 0x000001b653148f10 code [0x000001b653149180, 0x000001b65314afd8]

GC Heap History (10 events):
Event: 20.015 GC heap before
{Heap before GC invocations=41 (full 0):
 garbage-first heap   total 131072K, used 109501K [0x0000000081c00000, 0x0000000100000000)
  region size 1024K, 41 young (41984K), 5 survivors (5120K)
 Metaspace       used 26549K, capacity 26850K, committed 27008K, reserved 1073152K
  class space    used 4084K, capacity 4172K, committed 4224K, reserved 1048576K
}
Event: 20.019 GC heap after
{Heap after GC invocations=42 (full 0):
 garbage-first heap   total 131072K, used 76026K [0x0000000081c00000, 0x0000000100000000)
  region size 1024K, 6 young (6144K), 6 survivors (6144K)
 Metaspace       used 26549K, capacity 26850K, committed 27008K, reserved 1073152K
  class space    used 4084K, capacity 4172K, committed 4224K, reserved 1048576K
}
Event: 20.741 GC heap before
{Heap before GC invocations=43 (full 0):
 garbage-first heap   total 132096K, used 110842K [0x0000000081c00000, 0x0000000100000000)
  region size 1024K, 40 young (40960K), 6 survivors (6144K)
 Metaspace       used 26825K, capacity 27144K, committed 27264K, reserved 1073152K
  class space    used 4099K, capacity 4205K, committed 4224K, reserved 1048576K
}
Event: 20.751 GC heap after
{Heap after GC invocations=44 (full 0):
 garbage-first heap   total 132096K, used 78409K [0x0000000081c00000, 0x0000000100000000)
  region size 1024K, 5 young (5120K), 5 survivors (5120K)
 Metaspace       used 26825K, capacity 27144K, committed 27264K, reserved 1073152K
  class space    used 4099K, capacity 4205K, committed 4224K, reserved 1048576K
}
Event: 20.839 GC heap before
{Heap before GC invocations=44 (full 0):
 garbage-first heap   total 132096K, used 112201K [0x0000000081c00000, 0x0000000100000000)
  region size 1024K, 38 young (38912K), 5 survivors (5120K)
 Metaspace       used 26834K, capacity 27144K, committed 27264K, reserved 1073152K
  class space    used 4099K, capacity 4205K, committed 4224K, reserved 1048576K
}
Event: 20.842 GC heap after
{Heap after GC invocations=45 (full 0):
 garbage-first heap   total 132096K, used 78459K [0x0000000081c00000, 0x0000000100000000)
  region size 1024K, 3 young (3072K), 3 survivors (3072K)
 Metaspace       used 26834K, capacity 27144K, committed 27264K, reserved 1073152K
  class space    used 4099K, capacity 4205K, committed 4224K, reserved 1048576K
}
Event: 20.991 GC heap before
{Heap before GC invocations=46 (full 0):
 garbage-first heap   total 142336K, used 112251K [0x0000000081c00000, 0x0000000100000000)
  region size 1024K, 36 young (36864K), 3 survivors (3072K)
 Metaspace       used 26841K, capacity 27144K, committed 27264K, reserved 1073152K
  class space    used 4099K, capacity 4205K, committed 4224K, reserved 1048576K
}
Event: 20.993 GC heap after
{Heap after GC invocations=47 (full 0):
 garbage-first heap   total 142336K, used 78257K [0x0000000081c00000, 0x0000000100000000)
  region size 1024K, 3 young (3072K), 3 survivors (3072K)
 Metaspace       used 26841K, capacity 27144K, committed 27264K, reserved 1073152K
  class space    used 4099K, capacity 4205K, committed 4224K, reserved 1048576K
}
Event: 21.072 GC heap before
{Heap before GC invocations=47 (full 0):
 garbage-first heap   total 142336K, used 117169K [0x0000000081c00000, 0x0000000100000000)
  region size 1024K, 41 young (41984K), 3 survivors (3072K)
 Metaspace       used 26848K, capacity 27144K, committed 27264K, reserved 1073152K
  class space    used 4099K, capacity 4205K, committed 4224K, reserved 1048576K
}
Event: 21.074 GC heap after
{Heap after GC invocations=48 (full 0):
 garbage-first heap   total 142336K, used 78209K [0x0000000081c00000, 0x0000000100000000)
  region size 1024K, 3 young (3072K), 3 survivors (3072K)
 Metaspace       used 26848K, capacity 27144K, committed 27264K, reserved 1073152K
  class space    used 4099K, capacity 4205K, committed 4224K, reserved 1048576K
}

Deoptimization events (10 events):
Event: 20.674 Thread 0x000001b6430a6000 Uncommon trap: reason=class_check action=maybe_recompile pc=0x000001b6530111c0 method=java.util.TreeMap.put(Ljava/lang/Object;Ljava/lang/Object;)Ljava/lang/Object; @ 127 c2
Event: 20.674 Thread 0x000001b6430a6000 Uncommon trap: reason=class_check action=maybe_recompile pc=0x000001b6530111c0 method=java.util.TreeMap.put(Ljava/lang/Object;Ljava/lang/Object;)Ljava/lang/Object; @ 127 c2
Event: 20.822 Thread 0x000001b6430a6000 Uncommon trap: reason=predicate action=maybe_recompile pc=0x000001b653130ea0 method=java.util.TreeMap.put(Ljava/lang/Object;Ljava/lang/Object;)Ljava/lang/Object; @ 132 c2
Event: 20.847 Thread 0x000001b6430a6000 Uncommon trap: reason=profile_predicate action=maybe_recompile pc=0x000001b65312a3b4 method=org.processmining.framework.plugin.PluginParameterBinding$Factory.tryToBind(Lorg/processmining/framework/plugin/PluginManager;Lorg/processmining/framework/plugin/P
Event: 20.847 Thread 0x000001b6430a6000 Uncommon trap: reason=profile_predicate action=maybe_recompile pc=0x000001b65312a3b4 method=org.processmining.framework.plugin.PluginParameterBinding$Factory.tryToBind(Lorg/processmining/framework/plugin/PluginManager;Lorg/processmining/framework/plugin/P
Event: 20.848 Thread 0x000001b6430a6000 Uncommon trap: reason=profile_predicate action=maybe_recompile pc=0x000001b65312a3b4 method=org.processmining.framework.plugin.PluginParameterBinding$Factory.tryToBind(Lorg/processmining/framework/plugin/PluginManager;Lorg/processmining/framework/plugin/P
Event: 20.848 Thread 0x000001b6430a6000 Uncommon trap: reason=profile_predicate action=maybe_recompile pc=0x000001b65312a3b4 method=org.processmining.framework.plugin.PluginParameterBinding$Factory.tryToBind(Lorg/processmining/framework/plugin/PluginManager;Lorg/processmining/framework/plugin/P
Event: 20.998 Thread 0x000001b6430a6000 Uncommon trap: reason=unstable_if action=reinterpret pc=0x000001b65315bb40 method=org.processmining.framework.plugin.PluginParameterBinding$Factory.tryToBind(Lorg/processmining/framework/plugin/PluginManager;Lorg/processmining/framework/plugin/PluginDescr
Event: 21.165 Thread 0x000001b6430a6000 Uncommon trap: reason=null_check action=make_not_entrant pc=0x000001b65314d930 method=org.processmining.framework.plugin.impl.PluginManagerImpl.isParameterAssignable(Ljava/lang/Class;Ljava/lang/Class;)Z @ 2 c2
Event: 21.165 Thread 0x000001b6430a6000 Uncommon trap: reason=null_check action=make_not_entrant pc=0x000001b6531270d8 method=org.processmining.framework.plugin.impl.PluginManagerImpl.isParameterAssignable(Ljava/lang/Class;Ljava/lang/Class;)Z @ 2 c2

Classes redefined (0 events):
No events

Internal exceptions (10 events):
Event: 0.557 Thread 0x000001b6430a6000 Exception <a 'java/lang/NoSuchMethodError'{0x000000008906ec68}: java.lang.invoke.DirectMethodHandle$Holder.invokeSpecialIFC(Ljava/lang/Object;Ljava/lang/Object;I)I> (0x000000008906ec68) thrown at [t:/workspace/open/src/hotspot/share/interpreter/linkResolv
Event: 1.428 Thread 0x000001b663404000 Exception <a 'java/lang/IncompatibleClassChangeError'{0x00000000890d2e10}: Found class java.lang.Object, but interface was expected> (0x00000000890d2e10) thrown at [t:/workspace/open/src/hotspot/share/interpreter/linkResolver.cpp, line 843]
Event: 1.641 Thread 0x000001b663404000 Exception <a 'java/lang/ClassNotFoundException'{0x0000000087f1b8f8}: sun/awt/resources/spi/awtProvider> (0x0000000087f1b8f8) thrown at [t:/workspace/open/src/hotspot/share/classfile/systemDictionary.cpp, line 235]
Event: 1.651 Thread 0x000001b663404000 Exception <a 'java/io/FileNotFoundException'{0x0000000087f46c10}> (0x0000000087f46c10) thrown at [t:/workspace/open/src/hotspot/share/prims/jni.cpp, line 615]
Event: 1.651 Thread 0x000001b663404000 Exception <a 'java/io/FileNotFoundException'{0x0000000087f48408}> (0x0000000087f48408) thrown at [t:/workspace/open/src/hotspot/share/prims/jni.cpp, line 615]
Event: 1.716 Thread 0x000001b663404000 Exception <a 'java/lang/NoSuchMethodError'{0x0000000087ea7ab0}: java.lang.invoke.DirectMethodHandle$Holder.invokeStaticInit(Ljava/lang/Object;IIII)Ljava/lang/Object;> (0x0000000087ea7ab0) thrown at [t:/workspace/open/src/hotspot/share/interpreter/linkReso
Event: 1.936 Thread 0x000001b663404000 Exception <a 'java/lang/NoSuchMethodError'{0x0000000087d18248}: java.lang.invoke.DirectMethodHandle$Holder.invokeStaticInit(Ljava/lang/Object;Ljava/lang/Object;IIII)Ljava/lang/Object;> (0x0000000087d18248) thrown at [t:/workspace/open/src/hotspot/share/in
Event: 1.984 Thread 0x000001b663405800 Exception <a 'java/lang/NoSuchMethodError'{0x0000000087da9530}: java.lang.invoke.DirectMethodHandle$Holder.invokeSpecial(Ljava/lang/Object;Ljava/lang/Object;)V> (0x0000000087da9530) thrown at [t:/workspace/open/src/hotspot/share/interpreter/linkResolver.c
Event: 1.986 Thread 0x000001b663404000 Exception <a 'java/lang/NoSuchMethodError'{0x0000000087def128}: java.lang.invoke.DirectMethodHandle$Holder.invokeStatic(Ljava/lang/Object;Ljava/lang/Object;Ljava/lang/Object;Ljava/lang/Object;Ljava/lang/Object;Ljava/lang/Object;Ljava/lang/Object;J)Ljava/l
Event: 19.615 Thread 0x000001b6430a6000 Implicit null exception at 0x000001b6530a10a6 to 0x000001b6530a17aa

Events (10 events):
Event: 21.165 Thread 0x000001b6430a6000 Uncommon trap: trap_request=0xfffffff4 fr.pc=0x000001b65314d930 relative=0x0000000000001ef0
Event: 21.165 Thread 0x000001b6430a6000 DEOPT PACKING pc=0x000001b65314d930 sp=0x0000008cc31fe240
Event: 21.165 Thread 0x000001b6430a6000 DEOPT UNPACKING pc=0x000001b64b4d9baf sp=0x0000008cc31fe180 mode 2
Event: 21.165 Thread 0x000001b6430a6000 Uncommon trap: trap_request=0xfffffff4 fr.pc=0x000001b6531270d8 relative=0x0000000000000118
Event: 21.165 Thread 0x000001b6430a6000 DEOPT PACKING pc=0x000001b6531270d8 sp=0x0000008cc31fe1c0
Event: 21.165 Thread 0x000001b6430a6000 DEOPT UNPACKING pc=0x000001b64b4d9baf sp=0x0000008cc31fe168 mode 2
Event: 21.167 Thread 0x000001b6430a6000 DEOPT PACKING pc=0x000001b64be76582 sp=0x0000008cc31fe310
Event: 21.167 Thread 0x000001b6430a6000 DEOPT UNPACKING pc=0x000001b64b4d99ce sp=0x0000008cc31fd7f0 mode 0
Event: 21.186 Thread 0x000001b6430a6000 DEOPT PACKING pc=0x000001b64be76582 sp=0x0000008cc31fe310
Event: 21.186 Thread 0x000001b6430a6000 DEOPT UNPACKING pc=0x000001b64b4d99ce sp=0x0000008cc31fd7f0 mode 0


Dynamic libraries:
0x00007ff6e9bb0000 - 0x00007ff6e9bbf000 	C:\Program Files\Java\jdk-12.0.2\bin\javaw.exe
0x00007ff883a30000 - 0x00007ff883c25000 	C:\WINDOWS\SYSTEM32\ntdll.dll
0x00007ff883480000 - 0x00007ff88353d000 	C:\WINDOWS\System32\KERNEL32.DLL
0x00007ff8813e0000 - 0x00007ff8816a8000 	C:\WINDOWS\System32\KERNELBASE.dll
0x00007ff881830000 - 0x00007ff881930000 	C:\WINDOWS\System32\ucrtbase.dll
0x00007ff87e9d0000 - 0x00007ff87e9e6000 	C:\Program Files\Java\jdk-12.0.2\bin\VCRUNTIME140.dll
0x00007ff87e9b0000 - 0x00007ff87e9c8000 	C:\Program Files\Java\jdk-12.0.2\bin\jli.dll
0x00007ff8838b0000 - 0x00007ff88395c000 	C:\WINDOWS\System32\ADVAPI32.dll
0x00007ff881c50000 - 0x00007ff881cee000 	C:\WINDOWS\System32\msvcrt.dll
0x00007ff883090000 - 0x00007ff88312b000 	C:\WINDOWS\System32\sechost.dll
0x00007ff8827f0000 - 0x00007ff88291b000 	C:\WINDOWS\System32\RPCRT4.dll
0x00007ff8832d0000 - 0x00007ff883470000 	C:\WINDOWS\System32\USER32.dll
0x00007ff8812d0000 - 0x00007ff8812f2000 	C:\WINDOWS\System32\win32u.dll
0x00007ff883060000 - 0x00007ff88308a000 	C:\WINDOWS\System32\GDI32.dll
0x00007ff85c140000 - 0x00007ff85c3da000 	C:\WINDOWS\WinSxS\amd64_microsoft.windows.common-controls_6595b64144ccf1df_6.0.19041.844_none_ca00b6081b84eb1d\COMCTL32.dll
0x00007ff8811c0000 - 0x00007ff8812cb000 	C:\WINDOWS\System32\gdi32full.dll
0x00007ff881730000 - 0x00007ff8817cd000 	C:\WINDOWS\System32\msvcp_win.dll
0x00007ff87a370000 - 0x00007ff87a37a000 	C:\WINDOWS\SYSTEM32\VERSION.dll
0x00007ff8839c0000 - 0x00007ff8839f0000 	C:\WINDOWS\System32\IMM32.DLL
0x00007ff8655b0000 - 0x00007ff86565a000 	C:\Program Files\Java\jdk-12.0.2\bin\msvcp140.dll
0x00007ff8277e0000 - 0x00007ff828357000 	C:\Program Files\Java\jdk-12.0.2\bin\server\jvm.dll
0x00007ff883540000 - 0x00007ff883548000 	C:\WINDOWS\System32\PSAPI.DLL
0x00007ff860610000 - 0x00007ff860619000 	C:\WINDOWS\SYSTEM32\WSOCK32.dll
0x00007ff862220000 - 0x00007ff862247000 	C:\WINDOWS\SYSTEM32\WINMM.dll
0x00007ff883260000 - 0x00007ff8832cb000 	C:\WINDOWS\System32\WS2_32.dll
0x00007ff87efd0000 - 0x00007ff87efe2000 	C:\WINDOWS\SYSTEM32\kernel.appcore.dll
0x00007ff86b0e0000 - 0x00007ff86b0f1000 	C:\Program Files\Java\jdk-12.0.2\bin\verify.dll
0x00007ff87b290000 - 0x00007ff87b474000 	C:\WINDOWS\SYSTEM32\DBGHELP.DLL
0x00007ff867250000 - 0x00007ff86727c000 	C:\WINDOWS\SYSTEM32\dbgcore.DLL
0x00007ff8816b0000 - 0x00007ff881730000 	C:\WINDOWS\System32\bcryptPrimitives.dll
0x00007ff868d00000 - 0x00007ff868d26000 	C:\Program Files\Java\jdk-12.0.2\bin\java.dll
0x00007ff86a430000 - 0x00007ff86a447000 	C:\Program Files\Java\jdk-12.0.2\bin\zip.dll
0x00007ff86ead0000 - 0x00007ff86eada000 	C:\Program Files\Java\jdk-12.0.2\bin\jimage.dll
0x00007ff881fd0000 - 0x00007ff882712000 	C:\WINDOWS\System32\SHELL32.dll
0x00007ff87f2b0000 - 0x00007ff87fa41000 	C:\WINDOWS\SYSTEM32\windows.storage.dll
0x00007ff883550000 - 0x00007ff8838a5000 	C:\WINDOWS\System32\combase.dll
0x00007ff880b00000 - 0x00007ff880b2c000 	C:\WINDOWS\SYSTEM32\Wldp.dll
0x00007ff881cf0000 - 0x00007ff881d9e000 	C:\WINDOWS\System32\SHCORE.dll
0x00007ff883000000 - 0x00007ff883055000 	C:\WINDOWS\System32\shlwapi.dll
0x00007ff8810b0000 - 0x00007ff8810cf000 	C:\WINDOWS\SYSTEM32\profapi.dll
0x00007ff869bf0000 - 0x00007ff869c09000 	C:\Program Files\Java\jdk-12.0.2\bin\net.dll
0x00007ff865d90000 - 0x00007ff865e9b000 	C:\WINDOWS\SYSTEM32\WINHTTP.dll
0x00007ff869960000 - 0x00007ff869b4e000 	C:\WINDOWS\SYSTEM32\urlmon.dll
0x00007ff869e50000 - 0x00007ff86a100000 	C:\WINDOWS\SYSTEM32\iertutil.dll
0x00007ff880880000 - 0x00007ff8808ea000 	C:\WINDOWS\system32\mswsock.dll
0x00007ff8698a0000 - 0x00007ff8698b3000 	C:\Program Files\Java\jdk-12.0.2\bin\nio.dll
0x00007ff876bc0000 - 0x00007ff876bc9000 	C:\Program Files\Java\jdk-12.0.2\bin\prefs.dll
0x00007ff8805b0000 - 0x00007ff88067c000 	C:\WINDOWS\SYSTEM32\DNSAPI.dll
0x00007ff880570000 - 0x00007ff8805ab000 	C:\WINDOWS\SYSTEM32\IPHLPAPI.DLL
0x00007ff883470000 - 0x00007ff883478000 	C:\WINDOWS\System32\NSI.dll
0x00007ff865520000 - 0x00007ff86552a000 	C:\Windows\System32\rasadhlp.dll
0x00007ff8654a0000 - 0x00007ff86551f000 	C:\WINDOWS\System32\fwpuclnt.dll
0x00007ff8813b0000 - 0x00007ff8813d7000 	C:\WINDOWS\System32\bcrypt.dll
0x00007ff83dd90000 - 0x00007ff83df2f000 	C:\Program Files\Java\jdk-12.0.2\bin\awt.dll
0x00007ff882720000 - 0x00007ff8827ed000 	C:\WINDOWS\System32\OLEAUT32.dll
0x00007ff87d720000 - 0x00007ff87dce0000 	C:\WINDOWS\SYSTEM32\d2d1.dll
0x00007ff87ea20000 - 0x00007ff87eab0000 	C:\WINDOWS\SYSTEM32\apphelp.dll
0x00007ff880a50000 - 0x00007ff880a68000 	C:\WINDOWS\SYSTEM32\CRYPTSP.dll
0x00007ff880220000 - 0x00007ff880254000 	C:\WINDOWS\system32\rsaenh.dll
0x00007ff881030000 - 0x00007ff88105e000 	C:\WINDOWS\SYSTEM32\USERENV.dll
0x00007ff880f00000 - 0x00007ff880f0c000 	C:\WINDOWS\SYSTEM32\CRYPTBASE.dll
0x00007ff871780000 - 0x00007ff871797000 	C:\WINDOWS\SYSTEM32\dhcpcsvc6.DLL
0x00007ff874e20000 - 0x00007ff874e3d000 	C:\WINDOWS\SYSTEM32\dhcpcsvc.DLL
0x00007ff87ebd0000 - 0x00007ff87ec6e000 	C:\WINDOWS\system32\uxtheme.dll
0x00007ff882990000 - 0x00007ff882aa5000 	C:\WINDOWS\System32\MSCTF.dll
0x00007ff883130000 - 0x00007ff88325a000 	C:\WINDOWS\System32\ole32.dll

dbghelp: loaded successfully - version: 4.0.5 - missing functions: none
symbol engine: initialized successfully - sym options: 0x614 - pdb path: .;C:\Program Files\Java\jdk-12.0.2\bin;C:\WINDOWS\SYSTEM32;C:\WINDOWS\WinSxS\amd64_microsoft.windows.common-controls_6595b64144ccf1df_6.0.19041.844_none_ca00b6081b84eb1d;C:\Program Files\Java\jdk-12.0.2\bin\server

VM Arguments:
jvm_args: -Djava.system.class.loader=org.processmining.framework.util.ProMClassLoader -Dfile.encoding=UTF-8 
java_command: org.processmining.contexts.uitopia.UI
java_class_path (initial): D:\prom\PromBase\tests\bin-test;D:\prom\PromBase\bin;C:\Users\Rachmadita\.ivy2\cache\prom\ProM-Plugins\jars\ProM-Plugins-latest.jar;C:\Users\Rachmadita\.ivy2\cache\prom\ProM-Contexts\jars\ProM-Contexts-latest.jar;C:\Users\Rachmadita\.ivy2\cache\prom-libs\guava\jars\guava-16.0.1.jar;C:\Users\Rachmadita\.ivy2\cache\junit\junit\jars\junit-4.12.jar;C:\Users\Rachmadita\.ivy2\cache\prom-libs\bsh\jars\bsh-2.0b4.jar;C:\Users\Rachmadita\.ivy2\cache\prom-libs\Spex\jars\Spex-1.1.jar;C:\Users\Rachmadita\.ivy2\cache\prom-libs\Uitopia\jars\Uitopia-0.6-20190913.jar;C:\Users\Rachmadita\.ivy2\cache\prom-libs\UITopiaResources\jars\UITopiaResources-0.6-20190913.jar;C:\Users\Rachmadita\.ivy2\cache\prom\ProM-Framework\jars\ProM-Framework-latest.jar;C:\Users\Rachmadita\.ivy2\cache\org.apache.commons\commons-compress\jars\commons-compress-1.13.jar;C:\Users\Rachmadita\.ivy2\cache\commons-logging\commons-logging\jars\commons-logging-1.1.3.jar;C:\Users\Rachmadita\.ivy2\cache\prom-libs\jgraph\jars\jgraph-5.13.0.4.jar;C:\Users\Rachmadita\.ivy2\cache\com.brsanthu\google-analytics-java\jars\google-analytics-java-1.1.2.jar;C:\Users\Rachmadita\.ivy2\cache\org.apache.httpcomponents\httpclient\jars\httpclient-4.5.3.jar;C:\Users\Rachmadita\.ivy2\cache\org.apache.httpcomponents\httpcore\jars\httpcore-4.4.6.jar;C:\Users\Rachmadita\.ivy2\cache\org.apache.logging.log4j\log4j-api\jars\log4j-api-2.8.1.jar;C:\Users\Rachmadita\.ivy2\cache\org.apache.logging.log4j\log4j-core\jars\log4j-core-2.8.1.jar;C:\Users\Rachmadita\.ivy2\cache\org.apache.logging.log4j\log4j-slf4j-impl\jars\log4j-slf4j-impl-2.8.1.jar;C:\Users\Rachmadita\.ivy2\cache\prom-libs\jargs\jars\jargs-latest.jar;C:\Users\Rachmadita\.ivy2\cache\tablelayout\TableLayout\jars\TableLayout-20050920.jar;C:\Users\Rachmadita\.ivy2\cache\org.slf4j\slf4j-api\jars\slf4j-api-1.7.25.jar;C:\Users\Rachmadita\.ivy2\cache\prom-libs\slickerbox\jars\slickerbox-1.0rc1.jar;C:\Users\Rachmadita\.ivy2\cache\prom\ProM-Models\jars\ProM-Models-lat
Launcher Type: SUN_STANDARD

[Global flags]
     intx CICompilerCount                          = 4                                         {product} {ergonomic}
     uint ConcGCThreads                            = 2                                         {product} {ergonomic}
     uint G1ConcRefinementThreads                  = 8                                         {product} {ergonomic}
   size_t G1HeapRegionSize                         = 1048576                                   {product} {ergonomic}
    uintx GCDrainStackTargetSize                   = 64                                        {product} {ergonomic}
   size_t InitialHeapSize                          = 134217728                                 {product} {ergonomic}
   size_t MarkStackSize                            = 4194304                                   {product} {ergonomic}
   size_t MaxHeapSize                              = 2118123520                                {product} {ergonomic}
   size_t MaxNewSize                               = 1270874112                                {product} {ergonomic}
   size_t MinHeapDeltaBytes                        = 1048576                                   {product} {ergonomic}
    uintx NonNMethodCodeHeapSize                   = 5836300                                {pd product} {ergonomic}
    uintx NonProfiledCodeHeapSize                  = 122910970                              {pd product} {ergonomic}
    uintx ProfiledCodeHeapSize                     = 122910970                              {pd product} {ergonomic}
    uintx ReservedCodeCacheSize                    = 251658240                              {pd product} {ergonomic}
     bool SegmentedCodeCache                       = true                                      {product} {ergonomic}
     bool UseCompressedClassPointers               = true                                 {lp64_product} {ergonomic}
     bool UseCompressedOops                        = true                                 {lp64_product} {ergonomic}
     bool UseG1GC                                  = true                                      {product} {ergonomic}
     bool UseLargePagesIndividualAllocation        = false                                  {pd product} {ergonomic}

Logging:
Log output configuration:
 #0: stdout all=warning uptime,level,tags
 #1: stderr all=off uptime,level,tags

Environment Variables:
JAVA_HOME=C:\Program Files\OpenJDK\openjdk-8u282-b08
PATH=C:/Program Files/Java/jdk-12.0.2/bin/server;C:/Program Files/Java/jdk-12.0.2/bin;C:\ProgramData\Anaconda3;C:\ProgramData\Anaconda3\Library\mingw-w64\bin;C:\ProgramData\Anaconda3\Library\usr\bin;C:\ProgramData\Anaconda3\Library\bin;C:\ProgramData\Anaconda3\Scripts;C:\Program Files (x86)\Common Files\Oracle\Java\javapath;C:\WINDOWS\system32;C:\WINDOWS;C:\WINDOWS\System32\Wbem;C:\WINDOWS\System32\WindowsPowerShell\v1.0\;C:\WINDOWS\System32\OpenSSH\;C:\Program Files\Intel\WiFi\bin\;C:\Program Files\Common Files\Intel\WirelessCommon\;C:\xampp\php;C:\composer;C:\Program Files\SlikSvn\bin;C:\Program Files\TortoiseSVN\bin;C:\Program Files\Git\cmd;C:\Users\Rachmadita\AppData\Roaming\nvm;C:\Program Files\nodejs;C:\Program Files (x86)\adb;C:\Users\Rachmadita\AppData\Local\Android\Sdk;C:\ProgramData\chocolatey\bin;C:\Program Files\OpenJDK\openjdk-8u282-b08\bin;C:\Users\Rachmadita\AppData\Local\Microsoft\WindowsApps;C:\Users\Rachmadita\AppData\Local\atom\bin;C:\Users\Rachmadita\AppData\Roaming\Composer\vendor\bin;C:\Users\Rachmadita\AppData\Roaming\npm;C:\Program Files\heroku\bin;C:\Users\Rachmadita\AppData\Local\Programs\Microsoft VS Code\bin;C:\Users\Rachmadita\AppData\Local\Microsoft\WindowsApps;C:\Users\Rachmadita\AppData\Roaming\nvm;C:\Program Files\nodejs;;C:\WINDOWS\System32;
USERNAME=Rachmadita
OS=Windows_NT
PROCESSOR_IDENTIFIER=Intel64 Family 6 Model 142 Stepping 11, GenuineIntel



---------------  S Y S T E M  ---------------

OS: Windows 10 , 64 bit Build 19041 (10.0.19041.928)

CPU:total 8 (initial active 8) (4 cores per cpu, 2 threads per core) family 6 model 142 stepping 11, cmov, cx8, fxsr, mmx, sse, sse2, sse3, ssse3, sse4.1, sse4.2, popcnt, avx, avx2, aes, clmul, erms, 3dnowpref, lzcnt, ht, tsc, tscinvbit, bmi1, bmi2, adx, fma

Memory: 4k page, system-wide physical 8079M (2655M free)
TotalPageFile size 19343M (AvailPageFile size 10701M)
current process WorkingSet (physical memory assigned to process): 293M, peak: 296M
current process commit charge ("private bytes"): 342M, peak: 346M

vm_info: Java HotSpot(TM) 64-Bit Server VM (12.0.2+10) for windows-amd64 JRE (12.0.2+10), built on Jul 16 2019 01:56:17 by "mach5one" with MS VC++ 15.5 (VS2017)

END.
