#
# A fatal error has been detected by the Java Runtime Environment:
#
#  EXCEPTION_ACCESS_VIOLATION (0xc0000005) at pc=0x0000024db680cc10, pid=23540, tid=18556
#
# JRE version: Java(TM) SE Runtime Environment (12.0.2+10) (build 12.0.2+10)
# Java VM: Java HotSpot(TM) 64-Bit Server VM (12.0.2+10, mixed mode, sharing, tiered, compressed oops, g1 gc, windows-amd64)
# Problematic frame:
# J 2904 c2 org.processmining.framework.plugin.impl.PluginManagerImpl.checkIfRequestedReturnTypeIsPresent(Lorg/processmining/framework/plugin/PluginDescriptor;Ljava/lang/Class;)I (50 bytes) @ 0x0000024db680cc10 [0x0000024db680cb00+0x0000000000000110]
#
# No core dump will be written. Minidumps are not enabled by default on client versions of Windows
#
# If you would like to submit a bug report, please visit:
#   http://bugreport.java.com/bugreport/crash.jsp
#

---------------  S U M M A R Y ------------

Command Line: -Djava.system.class.loader=org.processmining.framework.util.ProMClassLoader -Dfile.encoding=UTF-8 org.processmining.contexts.uitopia.UI

Host: Intel(R) Core(TM) i7-8565U CPU @ 1.80GHz, 8 cores, 7G,  Windows 10 , 64 bit Build 19041 (10.0.19041.804)
Time: Thu Apr 15 16:18:36 2021 SE Asia Standard Time elapsed time: 28 seconds (0d 0h 0m 28s)

---------------  T H R E A D  ---------------

Current thread (0x0000024da4f55000):  JavaThread "main" [_thread_in_Java, id=18556, stack(0x00000085c4000000,0x00000085c4100000)]

Stack: [0x00000085c4000000,0x00000085c4100000],  sp=0x00000085c40fe6b0,  free space=1017k
Native frames: (J=compiled Java code, j=interpreted, Vv=VM code, C=native code)
C  0x0000024db680cc10


siginfo: EXCEPTION_ACCESS_VIOLATION (0xc0000005), reading address 0xffffffffffffffff


Register to memory mapping:

RIP=0x0000024db680cc10 is at entry_point+272 in (nmethod*)0x0000024db680c890
RAX=0x0000024db680cb30 is at entry_point+48 in (nmethod*)0x0000024db680c890
RBX=0x0000000000000001 is an unknown value
RCX=0x000000008225b3b8 points into unknown readable memory: 09 00 00 00 00 00 00 00
RDX=0x0000000000000001 is an unknown value
RSP=0x00000085c40fe6b0 is pointing into the stack for thread: 0x0000024da4f55000
RBP=0x00000085c40fe9a8 is pointing into the stack for thread: 0x0000024da4f55000
RSI=0x000000080029a880 is pointing into metadata
RDI=0x00000000863a2b88 points into unknown readable memory: 09 00 00 00 00 00 00 00
R8 =0x00000000863a2b88 points into unknown readable memory: 09 00 00 00 00 00 00 00
R9 =0x000000008225b280 points into unknown readable memory: 09 9f d0 51 3b 00 00 00
R10=0x0000000000053510 is an unknown value
R11=0x00000000863a2b70 points into unknown readable memory: 0d 00 00 00 00 00 00 00
R12=0x0 is NULL
R13=0x8225b43000000000 is an unknown value
R14=0x0000000000000048 is an unknown value
R15=0x0000024da4f55000 is a thread


Registers:
RAX=0x0000024db680cb30, RBX=0x0000000000000001, RCX=0x000000008225b3b8, RDX=0x0000000000000001
RSP=0x00000085c40fe6b0, RBP=0x00000085c40fe9a8, RSI=0x000000080029a880, RDI=0x00000000863a2b88
R8 =0x00000000863a2b88, R9 =0x000000008225b280, R10=0x0000000000053510, R11=0x00000000863a2b70
R12=0x0000000000000000, R13=0x8225b43000000000, R14=0x0000000000000048, R15=0x0000024da4f55000
RIP=0x0000024db680cc10, EFLAGS=0x0000000000010246

Top of Stack: (sp=0x00000085c40fe6b0)
0x00000085c40fe6b0:   00000008011cb740 00000000ffffffff
0x00000085c40fe6c0:   00000085c40fe700 00000085c40fe6f0
0x00000085c40fe6d0:   0000024dc6001e40 0000000084d40e40
0x00000085c40fe6e0:   0000000000000001 0000024db680cb30
0x00000085c40fe6f0:   00000085c40fe9a8 0000000000000202
0x00000085c40fe700:   00000085c40fe9a8 0000024daf4ac344
0x00000085c40fe710:   0000000000000000 00000008003d4930
0x00000085c40fe720:   000000080120bda8 0000000085823fe0
0x00000085c40fe730:   0000000087d5a9f0 0000024db67a3e54
0x00000085c40fe740:   00000085c40fe9a8 0000024daf4236c4
0x00000085c40fe750:   00000085c40fe9a8 0000024daf561438
0x00000085c40fe760:   0000000087d5a9f0 8834010823cee3fa
0x00000085c40fe770:   00000000852bb3c8 000000008837f538
0x00000085c40fe780:   00000001000003fa 0000000087d5aa20
0x00000085c40fe790:   00000000885c3120 0000000088686c98
0x00000085c40fe7a0:   00000085c40fe9a8 000000008225b280 

Instructions: (pc=0x0000024db680cc10)
0x0000024db680cb10:   00 00 4d 03 d4 4d 33 e4 49 3b c2 0f 85 5f b3 34
0x0000024db680cb20:   f8 66 66 90 0f 1f 84 00 00 00 00 00 66 66 66 90
0x0000024db680cb30:   89 84 24 00 90 ff ff 55 48 83 ec 50 c4 e1 f9 6e
0x0000024db680cb40:   e2 45 8b 50 08 41 81 fa d3 18 24 00 0f 85 37 18
0x0000024db680cb50:   00 00 45 8b 68 1c 45 8b 55 08 48 be 00 00 00 00
0x0000024db680cb60:   08 00 00 00 4a 8d 34 d6 48 8b 56 20 49 bb f8 19
0x0000024db680cb70:   12 00 08 00 00 00 49 3b d3 0f 85 99 02 00 00 4d
0x0000024db680cb80:   8b dd 41 81 fa 2a 0d 06 00 74 18 41 81 fa 10 35
0x0000024db680cb90:   05 00 0f 85 0e 19 00 00 49 8b cb 8b 49 10 8b 59
0x0000024db680cba0:   0c eb 06 49 8b cb 8b 59 10 85 db 0f 8e 87 03 00
0x0000024db680cbb0:   00 49 8b 49 50 44 8b 71 10 c4 c1 f9 6e d8 c4 e1
0x0000024db680cbc0:   f9 6e c6 44 8b 41 08 c4 c1 79 6e d0 48 89 0c 24
0x0000024db680cbd0:   41 8b 49 20 c4 c1 f9 6e e9 4d 63 c6 c4 c1 f9 6e
0x0000024db680cbe0:   f0 49 b8 f8 19 12 00 08 00 00 00 49 3b d0 0f 85
0x0000024db680cbf0:   4e 03 00 00 41 81 fa 10 35 05 00 0f 85 dd 17 00
0x0000024db680cc00:   00 4d 8b c3 45 8b 40 10 41 8b 50 0c 4c 8b 69 50
0x0000024db680cc10:   45 8b 4d 10 49 63 e9 41 81 fa 2a 0d 06 00 0f 85
0x0000024db680cc20:   4a 09 00 00 45 8b 53 10 45 85 d2 0f 8c 5d 18 00
0x0000024db680cc30:   00 45 85 d2 0f 84 10 18 00 00 4d 63 c2 49 8b c8
0x0000024db680cc40:   48 ff c9 49 3b c8 0f 83 2a 18 00 00 45 8b 43 14
0x0000024db680cc50:   45 8b 58 0c 45 85 db 0f 86 3d 18 00 00 4d 63 db
0x0000024db680cc60:   49 3b cb 0f 83 19 18 00 00 41 83 fe 20 0f 85 fc
0x0000024db680cc70:   00 00 00 45 33 db c4 c1 79 6e cb 0f 1f 44 00 00
0x0000024db680cc80:   c5 f9 7e cb 41 8b 4c 98 10 8b 79 08 48 8b c1 81
0x0000024db680cc90:   ff 9d 23 07 00 0f 85 08 1b 00 00 48 8b 70 50 48
0x0000024db680cca0:   85 f6 0f 84 02 17 00 00 c4 e1 f9 7e f1 48 8b 0c
0x0000024db680ccb0:   0e 48 8b 1c 24 48 3b d9 0f 84 bd 0a 00 00 48 3b
0x0000024db680ccc0:   f3 75 09 c5 f9 7e c8 e9 0b 01 00 00 48 8b c3 50
0x0000024db680ccd0:   48 8b c0 48 8b 7e 28 8b 0f 48 83 c7 08 48 85 c0
0x0000024db680cce0:   f2 48 af 58 0f 85 04 00 00 00 48 89 46 20 0f 84
0x0000024db680ccf0:   3f 03 00 00 c5 f9 7e d3 85 db 7d 44 48 8b 0c 2e
0x0000024db680cd00:   4c 3b e9 0f 84 ca 00 00 00 41 83 f9 20 75 31 49 


Stack slot to memory mapping:
stack at sp + 0 slots: 0x00000008011cb740 is a pointer to class: 
javax.swing.JComponent {0x00000008011cb748}
stack at sp + 1 slots: 
[error occurred during error reporting (inspecting top of stack), id 0xc0000005, EXCEPTION_ACCESS_VIOLATION (0xc0000005) at pc=0x00007ffdecd698df]



---------------  P R O C E S S  ---------------

Threads class SMR info:
_java_thread_list=0x0000024dc8fddf20, length=14, elements={
0x0000024da4f55000, 0x0000024dc5b75000, 0x0000024dc5b76000, 0x0000024dc5b8c800,
0x0000024dc5b8f000, 0x0000024dc5b91000, 0x0000024dc5b98800, 0x0000024dc5ba2000,
0x0000024dc65fc000, 0x0000024dc66d3000, 0x0000024dc7822800, 0x0000024dc7828000,
0x0000024dcbf68800, 0x0000024dcb41d000
}

Java Threads: ( => current thread )
=>0x0000024da4f55000 JavaThread "main" [_thread_in_Java, id=18556, stack(0x00000085c4000000,0x00000085c4100000)]
  0x0000024dc5b75000 JavaThread "Reference Handler" daemon [_thread_blocked, id=2108, stack(0x00000085c4700000,0x00000085c4800000)]
  0x0000024dc5b76000 JavaThread "Finalizer" daemon [_thread_blocked, id=19980, stack(0x00000085c4800000,0x00000085c4900000)]
  0x0000024dc5b8c800 JavaThread "Signal Dispatcher" daemon [_thread_blocked, id=21600, stack(0x00000085c4900000,0x00000085c4a00000)]
  0x0000024dc5b8f000 JavaThread "Attach Listener" daemon [_thread_blocked, id=8800, stack(0x00000085c4a00000,0x00000085c4b00000)]
  0x0000024dc5b91000 JavaThread "C2 CompilerThread0" daemon [_thread_in_native, id=19768, stack(0x00000085c4b00000,0x00000085c4c00000)]
  0x0000024dc5b98800 JavaThread "C1 CompilerThread0" daemon [_thread_blocked, id=13840, stack(0x00000085c4c00000,0x00000085c4d00000)]
  0x0000024dc5ba2000 JavaThread "Sweeper thread" daemon [_thread_blocked, id=15632, stack(0x00000085c4d00000,0x00000085c4e00000)]
  0x0000024dc65fc000 JavaThread "Common-Cleaner" daemon [_thread_blocked, id=15792, stack(0x00000085c4e00000,0x00000085c4f00000)]
  0x0000024dc66d3000 JavaThread "Service Thread" daemon [_thread_blocked, id=19320, stack(0x00000085c4f00000,0x00000085c5000000)]
  0x0000024dc7822800 JavaThread "Java2D Disposer" daemon [_thread_blocked, id=21788, stack(0x00000085c5200000,0x00000085c5300000)]
  0x0000024dc7828000 JavaThread "AWT-Windows" daemon [_thread_in_native, id=7972, stack(0x00000085c5600000,0x00000085c5700000)]
  0x0000024dcbf68800 JavaThread "C2 CompilerThread1" daemon [_thread_blocked, id=8528, stack(0x00000085c5100000,0x00000085c5200000)]
  0x0000024dcb41d000 JavaThread "C2 CompilerThread2" daemon [_thread_in_native, id=17800, stack(0x00000085c5800000,0x00000085c5900000)]

Other Threads:
  0x0000024dc5b73800 VMThread "VM Thread" [stack: 0x00000085c4600000,0x00000085c4700000] [id=2600]
  0x0000024dc66f3800 WatcherThread [stack: 0x00000085c5000000,0x00000085c5100000] [id=17936]
  0x0000024da4f95000 GCTaskThread "GC Thread#0" [stack: 0x00000085c4100000,0x00000085c4200000] [id=1716]
  0x0000024dc71ae000 GCTaskThread "GC Thread#1" [stack: 0x00000085c5300000,0x00000085c5400000] [id=20136]
  0x0000024dc7800800 GCTaskThread "GC Thread#2" [stack: 0x00000085c5400000,0x00000085c5500000] [id=20476]
  0x0000024dc7c9a000 GCTaskThread "GC Thread#3" [stack: 0x00000085c5700000,0x00000085c5800000] [id=10636]
  0x0000024dc7c0d000 GCTaskThread "GC Thread#4" [stack: 0x00000085c5900000,0x00000085c5a00000] [id=20816]
  0x0000024dc7c0d800 GCTaskThread "GC Thread#5" [stack: 0x00000085c5c00000,0x00000085c5d00000] [id=13424]
  0x0000024dc7c0e800 GCTaskThread "GC Thread#6" [stack: 0x00000085c5d00000,0x00000085c5e00000] [id=2964]
  0x0000024dc7e48800 GCTaskThread "GC Thread#7" [stack: 0x00000085c5e00000,0x00000085c5f00000] [id=22628]
  0x0000024da4fa5000 ConcurrentGCThread "G1 Main Marker" [stack: 0x00000085c4200000,0x00000085c4300000] [id=13100]
  0x0000024da4fa7800 ConcurrentGCThread "G1 Conc#0" [stack: 0x00000085c4300000,0x00000085c4400000] [id=20760]
  0x0000024dc80ab800 ConcurrentGCThread "G1 Conc#1" [stack: 0x00000085c5500000,0x00000085c5600000] [id=20300]
  0x0000024da502e800 ConcurrentGCThread "G1 Refine#0" [stack: 0x00000085c4400000,0x00000085c4500000] [id=5584]
  0x0000024dc59ec800 ConcurrentGCThread "G1 Young RemSet Sampling" [stack: 0x00000085c4500000,0x00000085c4600000] [id=2060]

Threads with active compile tasks:
C2 CompilerThread0  2896 %     4       org.processmining.framework.plugin.impl.PluginManagerImpl::find @ 41 (271 bytes)
C2 CompilerThread2  2872       4       org.processmining.framework.plugin.PluginParameterBinding$Factory::tryToBind (609 bytes)

VM state:not at safepoint (normal execution)

VM Mutex/Monitor currently owned by a thread: None

Heap address: 0x0000000081c00000, size: 2020 MB, Compressed Oops mode: 32-bit
Narrow klass base: 0x0000000800000000, Narrow klass shift: 3
Compressed class space size: 1073741824 Address: 0x0000000801190000

Heap:
 garbage-first heap   total 145408K, used 116547K [0x0000000081c00000, 0x0000000100000000)
  region size 1024K, 41 young (41984K), 2 survivors (2048K)
 Metaspace       used 26859K, capacity 27209K, committed 27264K, reserved 1073152K
  class space    used 4093K, capacity 4205K, committed 4224K, reserved 1048576K
Heap Regions: E=young(eden), S=young(survivor), O=old, HS=humongous(starts), HC=humongous(continues), CS=collection set, F=free, A=archive, TAMS=top-at-mark-start (previous, next)
|   0|0x0000000081c00000, 0x0000000081d00000, 0x0000000081d00000|100%|HS|  |TAMS 0x0000000081d00000, 0x0000000081c00000| Complete 
|   1|0x0000000081d00000, 0x0000000081e00000, 0x0000000081e00000|100%|HC|  |TAMS 0x0000000081e00000, 0x0000000081d00000| Complete 
|   2|0x0000000081e00000, 0x0000000081f00000, 0x0000000081f00000|100%|HS|  |TAMS 0x0000000081f00000, 0x0000000081e00000| Complete 
|   3|0x0000000081f00000, 0x0000000082000000, 0x0000000082000000|100%|HC|  |TAMS 0x0000000082000000, 0x0000000081f00000| Complete 
|   4|0x0000000082000000, 0x0000000082100000, 0x0000000082100000|100%| O|  |TAMS 0x0000000082100000, 0x0000000082000000| Untracked 
|   5|0x0000000082100000, 0x0000000082200000, 0x0000000082200000|100%| O|  |TAMS 0x0000000082200000, 0x0000000082100000| Untracked 
|   6|0x0000000082200000, 0x0000000082300000, 0x0000000082300000|100%| O|  |TAMS 0x0000000082300000, 0x0000000082200000| Untracked 
|   7|0x0000000082300000, 0x0000000082400000, 0x0000000082400000|100%|HS|  |TAMS 0x0000000082400000, 0x0000000082300000| Complete 
|   8|0x0000000082400000, 0x0000000082500000, 0x0000000082500000|100%|HC|  |TAMS 0x0000000082500000, 0x0000000082400000| Complete 
|   9|0x0000000082500000, 0x0000000082600000, 0x0000000082600000|100%|HS|  |TAMS 0x0000000082600000, 0x0000000082500000| Complete 
|  10|0x0000000082600000, 0x0000000082700000, 0x0000000082700000|100%|HC|  |TAMS 0x0000000082700000, 0x0000000082600000| Complete 
|  11|0x0000000082700000, 0x0000000082800000, 0x0000000082800000|100%| O|  |TAMS 0x0000000082800000, 0x0000000082700000| Untracked 
|  12|0x0000000082800000, 0x0000000082900000, 0x0000000082900000|100%| O|  |TAMS 0x0000000082900000, 0x0000000082800000| Untracked 
|  13|0x0000000082900000, 0x0000000082a00000, 0x0000000082a00000|100%| O|  |TAMS 0x0000000082a00000, 0x0000000082900000| Untracked 
|  14|0x0000000082a00000, 0x0000000082b00000, 0x0000000082b00000|100%| O|  |TAMS 0x0000000082b00000, 0x0000000082a00000| Untracked 
|  15|0x0000000082b00000, 0x0000000082c00000, 0x0000000082c00000|100%|HS|  |TAMS 0x0000000082c00000, 0x0000000082b00000| Complete 
|  16|0x0000000082c00000, 0x0000000082d00000, 0x0000000082d00000|100%| O|  |TAMS 0x0000000082d00000, 0x0000000082c00000| Untracked 
|  17|0x0000000082d00000, 0x0000000082e00000, 0x0000000082e00000|100%| O|  |TAMS 0x0000000082e00000, 0x0000000082d00000| Untracked 
|  18|0x0000000082e00000, 0x0000000082f00000, 0x0000000082f00000|100%| O|  |TAMS 0x0000000082f00000, 0x0000000082e00000| Untracked 
|  19|0x0000000082f00000, 0x0000000083000000, 0x0000000083000000|100%| O|  |TAMS 0x0000000083000000, 0x0000000082f00000| Untracked 
|  20|0x0000000083000000, 0x0000000083100000, 0x0000000083100000|100%| O|  |TAMS 0x0000000083100000, 0x0000000083000000| Untracked 
|  21|0x0000000083100000, 0x0000000083200000, 0x0000000083200000|100%|HS|  |TAMS 0x0000000083200000, 0x0000000083100000| Complete 
|  22|0x0000000083200000, 0x0000000083300000, 0x0000000083300000|100%|HC|  |TAMS 0x0000000083300000, 0x0000000083200000| Complete 
|  23|0x0000000083300000, 0x0000000083400000, 0x0000000083400000|100%|HC|  |TAMS 0x0000000083400000, 0x0000000083300000| Complete 
|  24|0x0000000083400000, 0x0000000083500000, 0x0000000083500000|100%|HS|  |TAMS 0x0000000083500000, 0x0000000083400000| Complete 
|  25|0x0000000083500000, 0x0000000083600000, 0x0000000083600000|100%|HS|  |TAMS 0x0000000083600000, 0x0000000083500000| Complete 
|  26|0x0000000083600000, 0x0000000083700000, 0x0000000083700000|100%|HC|  |TAMS 0x0000000083700000, 0x0000000083600000| Complete 
|  27|0x0000000083700000, 0x0000000083800000, 0x0000000083800000|100%|HC|  |TAMS 0x0000000083800000, 0x0000000083700000| Complete 
|  28|0x0000000083800000, 0x0000000083900000, 0x0000000083900000|100%|HC|  |TAMS 0x0000000083900000, 0x0000000083800000| Complete 
|  29|0x0000000083900000, 0x0000000083a00000, 0x0000000083a00000|100%|HC|  |TAMS 0x0000000083a00000, 0x0000000083900000| Complete 
|  30|0x0000000083a00000, 0x0000000083b00000, 0x0000000083b00000|100%|HS|  |TAMS 0x0000000083b00000, 0x0000000083a00000| Complete 
|  31|0x0000000083b00000, 0x0000000083c00000, 0x0000000083c00000|100%|HC|  |TAMS 0x0000000083c00000, 0x0000000083b00000| Complete 
|  32|0x0000000083c00000, 0x0000000083d00000, 0x0000000083d00000|100%|HC|  |TAMS 0x0000000083d00000, 0x0000000083c00000| Complete 
|  33|0x0000000083d00000, 0x0000000083e00000, 0x0000000083e00000|100%|HC|  |TAMS 0x0000000083e00000, 0x0000000083d00000| Complete 
|  34|0x0000000083e00000, 0x0000000083f00000, 0x0000000083f00000|100%|HC|  |TAMS 0x0000000083f00000, 0x0000000083e00000| Complete 
|  35|0x0000000083f00000, 0x0000000084000000, 0x0000000084000000|100%|HS|  |TAMS 0x0000000084000000, 0x0000000083f00000| Complete 
|  36|0x0000000084000000, 0x0000000084100000, 0x0000000084100000|100%|HC|  |TAMS 0x0000000084100000, 0x0000000084000000| Complete 
|  37|0x0000000084100000, 0x0000000084200000, 0x0000000084200000|100%|HC|  |TAMS 0x0000000084200000, 0x0000000084100000| Complete 
|  38|0x0000000084200000, 0x0000000084300000, 0x0000000084300000|100%|HC|  |TAMS 0x0000000084300000, 0x0000000084200000| Complete 
|  39|0x0000000084300000, 0x0000000084400000, 0x0000000084400000|100%|HC|  |TAMS 0x0000000084400000, 0x0000000084300000| Complete 
|  40|0x0000000084400000, 0x0000000084500000, 0x0000000084500000|100%|HS|  |TAMS 0x0000000084500000, 0x0000000084400000| Complete 
|  41|0x0000000084500000, 0x0000000084600000, 0x0000000084600000|100%|HC|  |TAMS 0x0000000084600000, 0x0000000084500000| Complete 
|  42|0x0000000084600000, 0x0000000084700000, 0x0000000084700000|100%|HC|  |TAMS 0x0000000084700000, 0x0000000084600000| Complete 
|  43|0x0000000084700000, 0x0000000084800000, 0x0000000084800000|100%|HC|  |TAMS 0x0000000084800000, 0x0000000084700000| Complete 
|  44|0x0000000084800000, 0x0000000084900000, 0x0000000084900000|100%|HC|  |TAMS 0x0000000084900000, 0x0000000084800000| Complete 
|  45|0x0000000084900000, 0x0000000084a00000, 0x0000000084a00000|100%| O|  |TAMS 0x0000000084a00000, 0x0000000084900000| Untracked 
|  46|0x0000000084a00000, 0x0000000084b00000, 0x0000000084b00000|100%| O|  |TAMS 0x0000000084b00000, 0x0000000084a00000| Untracked 
|  47|0x0000000084b00000, 0x0000000084c00000, 0x0000000084c00000|100%| O|  |TAMS 0x0000000084c00000, 0x0000000084b00000| Untracked 
|  48|0x0000000084c00000, 0x0000000084d00000, 0x0000000084d00000|100%| O|  |TAMS 0x0000000084d00000, 0x0000000084c00000| Untracked 
|  49|0x0000000084d00000, 0x0000000084e00000, 0x0000000084e00000|100%| O|  |TAMS 0x0000000084e00000, 0x0000000084d00000| Untracked 
|  50|0x0000000084e00000, 0x0000000084f00000, 0x0000000084f00000|100%|HS|  |TAMS 0x0000000084f00000, 0x0000000084e00000| Complete 
|  51|0x0000000084f00000, 0x0000000085000000, 0x0000000085000000|100%| O|  |TAMS 0x0000000085000000, 0x0000000084f00000| Untracked 
|  52|0x0000000085000000, 0x0000000085100000, 0x0000000085100000|100%| O|  |TAMS 0x0000000085100000, 0x0000000085000000| Untracked 
|  53|0x0000000085100000, 0x0000000085200000, 0x0000000085200000|100%| O|  |TAMS 0x0000000085200000, 0x0000000085100000| Untracked 
|  54|0x0000000085200000, 0x0000000085300000, 0x0000000085300000|100%| O|  |TAMS 0x0000000085300000, 0x0000000085200000| Untracked 
|  55|0x0000000085300000, 0x0000000085400000, 0x0000000085400000|100%| O|  |TAMS 0x0000000085400000, 0x0000000085300000| Untracked 
|  56|0x0000000085400000, 0x0000000085500000, 0x0000000085500000|100%| O|  |TAMS 0x0000000085500000, 0x0000000085400000| Untracked 
|  57|0x0000000085500000, 0x0000000085600000, 0x0000000085600000|100%| O|  |TAMS 0x0000000085600000, 0x0000000085500000| Untracked 
|  58|0x0000000085600000, 0x0000000085700000, 0x0000000085700000|100%| O|  |TAMS 0x0000000085700000, 0x0000000085600000| Untracked 
|  59|0x0000000085700000, 0x0000000085800000, 0x0000000085800000|100%| O|  |TAMS 0x0000000085800000, 0x0000000085700000| Untracked 
|  60|0x0000000085800000, 0x0000000085900000, 0x0000000085900000|100%| O|  |TAMS 0x0000000085900000, 0x0000000085800000| Untracked 
|  61|0x0000000085900000, 0x0000000085a00000, 0x0000000085a00000|100%| O|  |TAMS 0x0000000085a00000, 0x0000000085900000| Untracked 
|  62|0x0000000085a00000, 0x0000000085b00000, 0x0000000085b00000|100%| O|  |TAMS 0x0000000085b00000, 0x0000000085a00000| Untracked 
|  63|0x0000000085b00000, 0x0000000085c00000, 0x0000000085c00000|100%| O|  |TAMS 0x0000000085c00000, 0x0000000085b00000| Untracked 
|  64|0x0000000085c00000, 0x0000000085d00000, 0x0000000085d00000|100%| O|  |TAMS 0x0000000085d00000, 0x0000000085c00000| Untracked 
|  65|0x0000000085d00000, 0x0000000085e00000, 0x0000000085e00000|100%| O|  |TAMS 0x0000000085e00000, 0x0000000085d00000| Untracked 
|  66|0x0000000085e00000, 0x0000000085f00000, 0x0000000085f00000|100%| O|  |TAMS 0x0000000085f00000, 0x0000000085e00000| Untracked 
|  67|0x0000000085f00000, 0x0000000086000000, 0x0000000086000000|100%|HS|  |TAMS 0x0000000086000000, 0x0000000085f00000| Complete 
|  68|0x0000000086000000, 0x0000000086100000, 0x0000000086100000|100%| O|  |TAMS 0x0000000086100000, 0x0000000086000000| Untracked 
|  69|0x0000000086100000, 0x0000000086200000, 0x0000000086200000|100%| O|  |TAMS 0x0000000086200000, 0x0000000086100000| Untracked 
|  70|0x0000000086200000, 0x0000000086300000, 0x0000000086300000|100%| O|  |TAMS 0x0000000086300000, 0x0000000086200000| Untracked 
|  71|0x0000000086300000, 0x0000000086400000, 0x0000000086400000|100%| O|  |TAMS 0x0000000086400000, 0x0000000086300000| Untracked 
|  72|0x0000000086400000, 0x0000000086500000, 0x0000000086500000|100%| O|  |TAMS 0x0000000086500000, 0x0000000086400000| Untracked 
|  73|0x0000000086500000, 0x00000000865d2a00, 0x0000000086600000| 82%| O|  |TAMS 0x00000000865d2a00, 0x0000000086500000| Untracked 
|  74|0x0000000086600000, 0x0000000086600000, 0x0000000086700000|  0%| F|  |TAMS 0x0000000086600000, 0x0000000086600000| Untracked 
|  75|0x0000000086700000, 0x0000000086700000, 0x0000000086800000|  0%| F|  |TAMS 0x0000000086700000, 0x0000000086700000| Untracked 
|  76|0x0000000086800000, 0x0000000086800000, 0x0000000086900000|  0%| F|  |TAMS 0x0000000086800000, 0x0000000086800000| Untracked 
|  77|0x0000000086900000, 0x0000000086900000, 0x0000000086a00000|  0%| F|  |TAMS 0x0000000086900000, 0x0000000086900000| Untracked 
|  78|0x0000000086a00000, 0x0000000086a00000, 0x0000000086b00000|  0%| F|  |TAMS 0x0000000086a00000, 0x0000000086a00000| Untracked 
|  79|0x0000000086b00000, 0x0000000086b00000, 0x0000000086c00000|  0%| F|  |TAMS 0x0000000086b00000, 0x0000000086b00000| Untracked 
|  80|0x0000000086c00000, 0x0000000086c00000, 0x0000000086d00000|  0%| F|  |TAMS 0x0000000086c00000, 0x0000000086c00000| Untracked 
|  81|0x0000000086d00000, 0x0000000086d00000, 0x0000000086e00000|  0%| F|  |TAMS 0x0000000086d00000, 0x0000000086d00000| Untracked 
|  82|0x0000000086e00000, 0x0000000086e00000, 0x0000000086f00000|  0%| F|  |TAMS 0x0000000086e00000, 0x0000000086e00000| Untracked 
|  83|0x0000000086f00000, 0x0000000086f00000, 0x0000000087000000|  0%| F|  |TAMS 0x0000000086f00000, 0x0000000086f00000| Untracked 
|  84|0x0000000087000000, 0x0000000087000000, 0x0000000087100000|  0%| F|  |TAMS 0x0000000087000000, 0x0000000087000000| Untracked 
|  85|0x0000000087100000, 0x0000000087100000, 0x0000000087200000|  0%| F|  |TAMS 0x0000000087100000, 0x0000000087100000| Untracked 
|  86|0x0000000087200000, 0x0000000087200000, 0x0000000087300000|  0%| F|  |TAMS 0x0000000087200000, 0x0000000087200000| Untracked 
|  87|0x0000000087300000, 0x0000000087300000, 0x0000000087400000|  0%| F|  |TAMS 0x0000000087300000, 0x0000000087300000| Untracked 
|  88|0x0000000087400000, 0x0000000087400000, 0x0000000087500000|  0%| F|  |TAMS 0x0000000087400000, 0x0000000087400000| Untracked 
|  89|0x0000000087500000, 0x0000000087500000, 0x0000000087600000|  0%| F|  |TAMS 0x0000000087500000, 0x0000000087500000| Untracked 
|  90|0x0000000087600000, 0x0000000087600000, 0x0000000087700000|  0%| F|  |TAMS 0x0000000087600000, 0x0000000087600000| Untracked 
|  91|0x0000000087700000, 0x0000000087700000, 0x0000000087800000|  0%| F|  |TAMS 0x0000000087700000, 0x0000000087700000| Untracked 
|  92|0x0000000087800000, 0x0000000087800000, 0x0000000087900000|  0%| F|  |TAMS 0x0000000087800000, 0x0000000087800000| Untracked 
|  93|0x0000000087900000, 0x0000000087900000, 0x0000000087a00000|  0%| F|  |TAMS 0x0000000087900000, 0x0000000087900000| Untracked 
|  94|0x0000000087a00000, 0x0000000087a00000, 0x0000000087b00000|  0%| F|  |TAMS 0x0000000087a00000, 0x0000000087a00000| Untracked 
|  95|0x0000000087b00000, 0x0000000087b00000, 0x0000000087c00000|  0%| F|  |TAMS 0x0000000087b00000, 0x0000000087b00000| Untracked 
|  96|0x0000000087c00000, 0x0000000087cfe4c0, 0x0000000087d00000| 99%| S|CS|TAMS 0x0000000087c00000, 0x0000000087c00000| Complete 
|  97|0x0000000087d00000, 0x0000000087e00000, 0x0000000087e00000|100%| S|CS|TAMS 0x0000000087d00000, 0x0000000087d00000| Complete 
|  98|0x0000000087e00000, 0x0000000087e00000, 0x0000000087f00000|  0%| F|  |TAMS 0x0000000087e00000, 0x0000000087e00000| Untracked 
|  99|0x0000000087f00000, 0x0000000087f00000, 0x0000000088000000|  0%| F|  |TAMS 0x0000000087f00000, 0x0000000087f00000| Untracked 
| 100|0x0000000088000000, 0x0000000088000000, 0x0000000088100000|  0%| F|  |TAMS 0x0000000088000000, 0x0000000088000000| Untracked 
| 101|0x0000000088100000, 0x0000000088100000, 0x0000000088200000|  0%| F|  |TAMS 0x0000000088100000, 0x0000000088100000| Untracked 
| 102|0x0000000088200000, 0x0000000088200000, 0x0000000088300000|  0%| F|  |TAMS 0x0000000088200000, 0x0000000088200000| Untracked 
| 103|0x0000000088300000, 0x0000000088400000, 0x0000000088400000|100%| E|  |TAMS 0x0000000088300000, 0x0000000088300000| Complete 
| 104|0x0000000088400000, 0x0000000088500000, 0x0000000088500000|100%| E|CS|TAMS 0x0000000088400000, 0x0000000088400000| Complete 
| 105|0x0000000088500000, 0x0000000088600000, 0x0000000088600000|100%| E|CS|TAMS 0x0000000088500000, 0x0000000088500000| Complete 
| 106|0x0000000088600000, 0x0000000088700000, 0x0000000088700000|100%| E|CS|TAMS 0x0000000088600000, 0x0000000088600000| Complete 
| 107|0x0000000088700000, 0x0000000088800000, 0x0000000088800000|100%| E|CS|TAMS 0x0000000088700000, 0x0000000088700000| Complete 
| 108|0x0000000088800000, 0x0000000088900000, 0x0000000088900000|100%| E|CS|TAMS 0x0000000088800000, 0x0000000088800000| Complete 
| 109|0x0000000088900000, 0x0000000088a00000, 0x0000000088a00000|100%| E|CS|TAMS 0x0000000088900000, 0x0000000088900000| Complete 
| 110|0x0000000088a00000, 0x0000000088b00000, 0x0000000088b00000|100%| E|CS|TAMS 0x0000000088a00000, 0x0000000088a00000| Complete 
| 111|0x0000000088b00000, 0x0000000088c00000, 0x0000000088c00000|100%| E|CS|TAMS 0x0000000088b00000, 0x0000000088b00000| Complete 
| 112|0x0000000088c00000, 0x0000000088d00000, 0x0000000088d00000|100%| E|CS|TAMS 0x0000000088c00000, 0x0000000088c00000| Complete 
| 113|0x0000000088d00000, 0x0000000088e00000, 0x0000000088e00000|100%| E|CS|TAMS 0x0000000088d00000, 0x0000000088d00000| Complete 
| 114|0x0000000088e00000, 0x0000000088f00000, 0x0000000088f00000|100%| E|CS|TAMS 0x0000000088e00000, 0x0000000088e00000| Complete 
| 115|0x0000000088f00000, 0x0000000089000000, 0x0000000089000000|100%| E|CS|TAMS 0x0000000088f00000, 0x0000000088f00000| Complete 
| 116|0x0000000089000000, 0x0000000089100000, 0x0000000089100000|100%| E|CS|TAMS 0x0000000089000000, 0x0000000089000000| Complete 
| 117|0x0000000089100000, 0x0000000089200000, 0x0000000089200000|100%| E|CS|TAMS 0x0000000089100000, 0x0000000089100000| Complete 
| 118|0x0000000089200000, 0x0000000089300000, 0x0000000089300000|100%| E|CS|TAMS 0x0000000089200000, 0x0000000089200000| Complete 
| 119|0x0000000089300000, 0x0000000089400000, 0x0000000089400000|100%| E|CS|TAMS 0x0000000089300000, 0x0000000089300000| Complete 
| 120|0x0000000089400000, 0x0000000089500000, 0x0000000089500000|100%| E|CS|TAMS 0x0000000089400000, 0x0000000089400000| Complete 
| 121|0x0000000089500000, 0x0000000089600000, 0x0000000089600000|100%| E|CS|TAMS 0x0000000089500000, 0x0000000089500000| Complete 
| 122|0x0000000089600000, 0x0000000089700000, 0x0000000089700000|100%| E|CS|TAMS 0x0000000089600000, 0x0000000089600000| Complete 
| 123|0x0000000089700000, 0x0000000089800000, 0x0000000089800000|100%| E|CS|TAMS 0x0000000089700000, 0x0000000089700000| Complete 
| 124|0x0000000089800000, 0x0000000089900000, 0x0000000089900000|100%| E|CS|TAMS 0x0000000089800000, 0x0000000089800000| Complete 
| 125|0x0000000089900000, 0x0000000089a00000, 0x0000000089a00000|100%| E|CS|TAMS 0x0000000089900000, 0x0000000089900000| Complete 
| 126|0x0000000089a00000, 0x0000000089b00000, 0x0000000089b00000|100%| E|CS|TAMS 0x0000000089a00000, 0x0000000089a00000| Complete 
| 127|0x0000000089b00000, 0x0000000089c00000, 0x0000000089c00000|100%| E|CS|TAMS 0x0000000089b00000, 0x0000000089b00000| Complete 
| 128|0x0000000089c00000, 0x0000000089d00000, 0x0000000089d00000|100%| E|CS|TAMS 0x0000000089c00000, 0x0000000089c00000| Complete 
| 129|0x0000000089d00000, 0x0000000089e00000, 0x0000000089e00000|100%| E|CS|TAMS 0x0000000089d00000, 0x0000000089d00000| Complete 
| 130|0x0000000089e00000, 0x0000000089f00000, 0x0000000089f00000|100%| E|CS|TAMS 0x0000000089e00000, 0x0000000089e00000| Complete 
| 131|0x0000000089f00000, 0x000000008a000000, 0x000000008a000000|100%| E|CS|TAMS 0x0000000089f00000, 0x0000000089f00000| Complete 
| 132|0x000000008a000000, 0x000000008a100000, 0x000000008a100000|100%| E|CS|TAMS 0x000000008a000000, 0x000000008a000000| Complete 
| 133|0x000000008a100000, 0x000000008a200000, 0x000000008a200000|100%| E|CS|TAMS 0x000000008a100000, 0x000000008a100000| Complete 
| 134|0x000000008a200000, 0x000000008a300000, 0x000000008a300000|100%| E|CS|TAMS 0x000000008a200000, 0x000000008a200000| Complete 
| 135|0x000000008a300000, 0x000000008a400000, 0x000000008a400000|100%| E|CS|TAMS 0x000000008a300000, 0x000000008a300000| Complete 
| 136|0x000000008a400000, 0x000000008a500000, 0x000000008a500000|100%| E|CS|TAMS 0x000000008a400000, 0x000000008a400000| Complete 
| 137|0x000000008a500000, 0x000000008a600000, 0x000000008a600000|100%| E|CS|TAMS 0x000000008a500000, 0x000000008a500000| Complete 
| 138|0x000000008a600000, 0x000000008a700000, 0x000000008a700000|100%| E|CS|TAMS 0x000000008a600000, 0x000000008a600000| Complete 
| 139|0x000000008a700000, 0x000000008a800000, 0x000000008a800000|100%| E|CS|TAMS 0x000000008a700000, 0x000000008a700000| Complete 
| 140|0x000000008a800000, 0x000000008a900000, 0x000000008a900000|100%| E|CS|TAMS 0x000000008a800000, 0x000000008a800000| Complete 
| 141|0x000000008a900000, 0x000000008aa00000, 0x000000008aa00000|100%| E|CS|TAMS 0x000000008a900000, 0x000000008a900000| Complete 

Card table byte_map: [0x0000024dbe9a0000,0x0000024dbeda0000] _byte_map_base: 0x0000024dbe592000

Marking Bits (Prev, Next): (CMBitMap*) 0x0000024da4f97208, (CMBitMap*) 0x0000024da4f971c8
 Prev Bits: [0x0000024dc1130000, 0x0000024dc30c0000)
 Next Bits: [0x0000024dbf1a0000, 0x0000024dc1130000)

Polling page: 0x0000024da67e0000

Metaspace:

Usage:
  Non-class:     22.46 MB capacity,    22.23 MB ( 99%) used,   203.48 KB ( <1%) free+waste,    34.31 KB ( <1%) overhead. 
      Class:      4.11 MB capacity,     4.00 MB ( 97%) used,    96.02 KB (  2%) free+waste,    15.56 KB ( <1%) overhead. 
       Both:     26.57 MB capacity,    26.23 MB ( 99%) used,   299.50 KB (  1%) free+waste,    49.88 KB ( <1%) overhead. 

Virtual space:
  Non-class space:       24.00 MB reserved,      22.50 MB ( 94%) committed 
      Class space:        1.00 GB reserved,       4.13 MB ( <1%) committed 
             Both:        1.02 GB reserved,      26.63 MB (  3%) committed 

Chunk freelists:
   Non-Class:  4.50 KB
       Class:  2.38 KB
        Both:  6.88 KB

CodeHeap 'non-profiled nmethods': size=120000Kb used=2105Kb max_used=2105Kb free=117894Kb
 bounds [0x0000024db6600000, 0x0000024db6870000, 0x0000024dbdb30000]
CodeHeap 'profiled nmethods': size=120000Kb used=5744Kb max_used=5744Kb free=114255Kb
 bounds [0x0000024daf0d0000, 0x0000024daf680000, 0x0000024db6600000]
CodeHeap 'non-nmethods': size=5760Kb used=1196Kb max_used=1283Kb free=4563Kb
 bounds [0x0000024daeb30000, 0x0000024daeda0000, 0x0000024daf0d0000]
 total_blobs=4420 nmethods=2468 adapters=448
 compilation: enabled
              stopped_count=0, restarted_count=0
 full_count=0

Compilation events (10 events):
Event: 28.605 Thread 0x0000024dc5b98800 nmethod 2910 0x0000024daf560490 code [0x0000024daf560720, 0x0000024daf561590]
Event: 28.613 Thread 0x0000024dc5b98800 2911       3       java.lang.Integer::compareTo (9 bytes)
Event: 28.613 Thread 0x0000024dc5b98800 nmethod 2911 0x0000024daf4a8990 code [0x0000024daf4a8b60, 0x0000024daf4a8f78]
Event: 28.613 Thread 0x0000024dc5b98800 2912       3       java.lang.Integer::compareTo (12 bytes)
Event: 28.613 Thread 0x0000024dc5b98800 nmethod 2912 0x0000024daf4a8410 code [0x0000024daf4a85e0, 0x0000024daf4a8878]
Event: 28.613 Thread 0x0000024dc5b98800 2913       3       java.lang.Integer::compare (20 bytes)
Event: 28.613 Thread 0x0000024dc5b98800 nmethod 2913 0x0000024daf332690 code [0x0000024daf332860, 0x0000024daf332a58]
Event: 28.613 Thread 0x0000024dc5b98800 2914       3       org.processmining.framework.plugin.PluginParameterBinding::compareTo (9 bytes)
Event: 28.614 Thread 0x0000024dc5b98800 nmethod 2914 0x0000024daf4a7e90 code [0x0000024daf4a8060, 0x0000024daf4a8330]
Event: 28.693 Thread 0x0000024dcbf68800 nmethod 2904 0x0000024db680c890 code [0x0000024db680cb00, 0x0000024db680e938]

GC Heap History (10 events):
Event: 27.277 GC heap before
{Heap before GC invocations=41 (full 0):
 garbage-first heap   total 131072K, used 110383K [0x0000000081c00000, 0x0000000100000000)
  region size 1024K, 42 young (43008K), 5 survivors (5120K)
 Metaspace       used 26573K, capacity 26914K, committed 27008K, reserved 1073152K
  class space    used 4078K, capacity 4172K, committed 4224K, reserved 1048576K
}
Event: 27.283 GC heap after
{Heap after GC invocations=42 (full 0):
 garbage-first heap   total 131072K, used 76007K [0x0000000081c00000, 0x0000000100000000)
  region size 1024K, 6 young (6144K), 6 survivors (6144K)
 Metaspace       used 26573K, capacity 26914K, committed 27008K, reserved 1073152K
  class space    used 4078K, capacity 4172K, committed 4224K, reserved 1048576K
}
Event: 28.127 GC heap before
{Heap before GC invocations=43 (full 0):
 garbage-first heap   total 131072K, used 110823K [0x0000000081c00000, 0x0000000100000000)
  region size 1024K, 40 young (40960K), 6 survivors (6144K)
 Metaspace       used 26832K, capacity 27145K, committed 27264K, reserved 1073152K
  class space    used 4093K, capacity 4205K, committed 4224K, reserved 1048576K
}
Event: 28.136 GC heap after
{Heap after GC invocations=44 (full 0):
 garbage-first heap   total 131072K, used 77876K [0x0000000081c00000, 0x0000000100000000)
  region size 1024K, 3 young (3072K), 3 survivors (3072K)
 Metaspace       used 26832K, capacity 27145K, committed 27264K, reserved 1073152K
  class space    used 4093K, capacity 4205K, committed 4224K, reserved 1048576K
}
Event: 28.241 GC heap before
{Heap before GC invocations=44 (full 0):
 garbage-first heap   total 131072K, used 111668K [0x0000000081c00000, 0x0000000100000000)
  region size 1024K, 36 young (36864K), 3 survivors (3072K)
 Metaspace       used 26840K, capacity 27145K, committed 27264K, reserved 1073152K
  class space    used 4093K, capacity 4205K, committed 4224K, reserved 1048576K
}
Event: 28.243 GC heap after
{Heap after GC invocations=45 (full 0):
 garbage-first heap   total 131072K, used 77590K [0x0000000081c00000, 0x0000000100000000)
  region size 1024K, 2 young (2048K), 2 survivors (2048K)
 Metaspace       used 26840K, capacity 27145K, committed 27264K, reserved 1073152K
  class space    used 4093K, capacity 4205K, committed 4224K, reserved 1048576K
}
Event: 28.409 GC heap before
{Heap before GC invocations=46 (full 0):
 garbage-first heap   total 142336K, used 112406K [0x0000000081c00000, 0x0000000100000000)
  region size 1024K, 36 young (36864K), 2 survivors (2048K)
 Metaspace       used 26850K, capacity 27145K, committed 27264K, reserved 1073152K
  class space    used 4093K, capacity 4205K, committed 4224K, reserved 1048576K
}
Event: 28.411 GC heap after
{Heap after GC invocations=47 (full 0):
 garbage-first heap   total 142336K, used 77642K [0x0000000081c00000, 0x0000000100000000)
  region size 1024K, 2 young (2048K), 2 survivors (2048K)
 Metaspace       used 26850K, capacity 27145K, committed 27264K, reserved 1073152K
  class space    used 4093K, capacity 4205K, committed 4224K, reserved 1048576K
}
Event: 28.533 GC heap before
{Heap before GC invocations=47 (full 0):
 garbage-first heap   total 142336K, used 117578K [0x0000000081c00000, 0x0000000100000000)
  region size 1024K, 41 young (41984K), 2 survivors (2048K)
 Metaspace       used 26855K, capacity 27145K, committed 27264K, reserved 1073152K
  class space    used 4093K, capacity 4205K, committed 4224K, reserved 1048576K
}
Event: 28.535 GC heap after
{Heap after GC invocations=48 (full 0):
 garbage-first heap   total 142336K, used 77635K [0x0000000081c00000, 0x0000000100000000)
  region size 1024K, 2 young (2048K), 2 survivors (2048K)
 Metaspace       used 26855K, capacity 27145K, committed 27264K, reserved 1073152K
  class space    used 4093K, capacity 4205K, committed 4224K, reserved 1048576K
}

Deoptimization events (10 events):
Event: 27.248 Thread 0x0000024da4f55000 Uncommon trap: reason=profile_predicate action=maybe_recompile pc=0x0000024db680b71c method=sun.security.provider.HashDrbg.addBytes([BI[[B)V @ 36 c2
Event: 27.248 Thread 0x0000024da4f55000 Uncommon trap: reason=profile_predicate action=maybe_recompile pc=0x0000024db680b71c method=sun.security.provider.HashDrbg.addBytes([BI[[B)V @ 36 c2
Event: 27.638 Thread 0x0000024da4f55000 Uncommon trap: reason=unstable_if action=reinterpret pc=0x0000024db6730dd4 method=java.util.concurrent.ConcurrentHashMap.putVal(Ljava/lang/Object;Ljava/lang/Object;Z)Ljava/lang/Object; @ 231 c2
Event: 28.011 Thread 0x0000024da4f55000 Uncommon trap: reason=unstable_if action=reinterpret pc=0x0000024db6758714 method=java.util.prefs.WindowsPreferences.toJavaValueString([B)Ljava/lang/String; @ 131 c2
Event: 28.021 Thread 0x0000024da4f55000 Uncommon trap: reason=bimorphic_or_optimized_type_check action=maybe_recompile pc=0x0000024db668d450 method=java.util.TreeMap.compare(Ljava/lang/Object;Ljava/lang/Object;)I @ 12 c2
Event: 28.021 Thread 0x0000024da4f55000 Uncommon trap: reason=class_check action=maybe_recompile pc=0x0000024db668d5d4 method=java.util.TreeMap.put(Ljava/lang/Object;Ljava/lang/Object;)Ljava/lang/Object; @ 127 c2
Event: 28.021 Thread 0x0000024da4f55000 Uncommon trap: reason=class_check action=maybe_recompile pc=0x0000024db668d5d4 method=java.util.TreeMap.put(Ljava/lang/Object;Ljava/lang/Object;)Ljava/lang/Object; @ 127 c2
Event: 28.021 Thread 0x0000024da4f55000 Uncommon trap: reason=class_check action=maybe_recompile pc=0x0000024db668d5d4 method=java.util.TreeMap.put(Ljava/lang/Object;Ljava/lang/Object;)Ljava/lang/Object; @ 127 c2
Event: 28.021 Thread 0x0000024da4f55000 Uncommon trap: reason=class_check action=maybe_recompile pc=0x0000024db668d5d4 method=java.util.TreeMap.put(Ljava/lang/Object;Ljava/lang/Object;)Ljava/lang/Object; @ 127 c2
Event: 28.193 Thread 0x0000024da4f55000 Uncommon trap: reason=predicate action=maybe_recompile pc=0x0000024db67d1fe8 method=java.util.TreeMap.put(Ljava/lang/Object;Ljava/lang/Object;)Ljava/lang/Object; @ 132 c2

Classes redefined (0 events):
No events

Internal exceptions (10 events):
Event: 1.533 Thread 0x0000024da4f55000 Exception <a 'java/lang/NoSuchMethodError'{0x000000008906e928}: java.lang.invoke.DirectMethodHandle$Holder.invokeSpecialIFC(Ljava/lang/Object;Ljava/lang/Object;I)I> (0x000000008906e928) thrown at [t:/workspace/open/src/hotspot/share/interpreter/linkResolv
Event: 2.992 Thread 0x0000024dc7829000 Exception <a 'java/lang/IncompatibleClassChangeError'{0x00000000893e0d58}: Found class java.lang.Object, but interface was expected> (0x00000000893e0d58) thrown at [t:/workspace/open/src/hotspot/share/interpreter/linkResolver.cpp, line 843]
Event: 3.645 Thread 0x0000024dc7829000 Exception <a 'java/lang/ClassNotFoundException'{0x000000008853e398}: sun/awt/resources/spi/awtProvider> (0x000000008853e398) thrown at [t:/workspace/open/src/hotspot/share/classfile/systemDictionary.cpp, line 235]
Event: 3.670 Thread 0x0000024dc7829000 Exception <a 'java/io/FileNotFoundException'{0x000000008858e948}> (0x000000008858e948) thrown at [t:/workspace/open/src/hotspot/share/prims/jni.cpp, line 615]
Event: 3.671 Thread 0x0000024dc7829000 Exception <a 'java/io/FileNotFoundException'{0x00000000885903a8}> (0x00000000885903a8) thrown at [t:/workspace/open/src/hotspot/share/prims/jni.cpp, line 615]
Event: 3.887 Thread 0x0000024dc7829000 Exception <a 'java/lang/NoSuchMethodError'{0x00000000884f0108}: java.lang.invoke.DirectMethodHandle$Holder.invokeStaticInit(Ljava/lang/Object;IIII)Ljava/lang/Object;> (0x00000000884f0108) thrown at [t:/workspace/open/src/hotspot/share/interpreter/linkReso
Event: 4.228 Thread 0x0000024dc7829000 Exception <a 'java/lang/NoSuchMethodError'{0x0000000088347990}: java.lang.invoke.DirectMethodHandle$Holder.invokeStaticInit(Ljava/lang/Object;Ljava/lang/Object;IIII)Ljava/lang/Object;> (0x0000000088347990) thrown at [t:/workspace/open/src/hotspot/share/in
Event: 4.301 Thread 0x0000024dc7828000 Exception <a 'java/lang/NoSuchMethodError'{0x00000000883dad40}: java.lang.invoke.DirectMethodHandle$Holder.invokeSpecial(Ljava/lang/Object;Ljava/lang/Object;)V> (0x00000000883dad40) thrown at [t:/workspace/open/src/hotspot/share/interpreter/linkResolver.c
Event: 4.305 Thread 0x0000024dc7829000 Exception <a 'java/lang/NoSuchMethodError'{0x0000000088208458}: java.lang.invoke.DirectMethodHandle$Holder.invokeStatic(Ljava/lang/Object;Ljava/lang/Object;Ljava/lang/Object;Ljava/lang/Object;Ljava/lang/Object;Ljava/lang/Object;Ljava/lang/Object;J)Ljava/l
Event: 26.504 Thread 0x0000024da4f55000 Implicit null exception at 0x0000024db673513d to 0x0000024db673587a

Events (10 events):
Event: 28.647 Thread 0x0000024da4f55000 DEOPT PACKING pc=0x0000024daf679f2d sp=0x00000085c40fe520
Event: 28.647 Thread 0x0000024da4f55000 DEOPT UNPACKING pc=0x0000024daeb599ce sp=0x00000085c40fda78 mode 0
Event: 28.656 Thread 0x0000024da4f55000 DEOPT PACKING pc=0x0000024daf4ad502 sp=0x00000085c40fe710
Event: 28.657 Thread 0x0000024da4f55000 DEOPT UNPACKING pc=0x0000024daeb599ce sp=0x00000085c40fdbf0 mode 0
Event: 28.665 Thread 0x0000024da4f55000 DEOPT PACKING pc=0x0000024daf679f2d sp=0x00000085c40fe520
Event: 28.665 Thread 0x0000024da4f55000 DEOPT UNPACKING pc=0x0000024daeb599ce sp=0x00000085c40fda78 mode 0
Event: 28.681 Thread 0x0000024da4f55000 DEOPT PACKING pc=0x0000024daf4ad502 sp=0x00000085c40fe710
Event: 28.681 Thread 0x0000024da4f55000 DEOPT UNPACKING pc=0x0000024daeb599ce sp=0x00000085c40fdbf0 mode 0
Event: 28.685 Thread 0x0000024da4f55000 DEOPT PACKING pc=0x0000024daf679f2d sp=0x00000085c40fe520
Event: 28.685 Thread 0x0000024da4f55000 DEOPT UNPACKING pc=0x0000024daeb599ce sp=0x00000085c40fda78 mode 0


Dynamic libraries:
0x00007ff607530000 - 0x00007ff60753f000 	C:\Program Files\Java\jdk-12.0.2\bin\javaw.exe
0x00007ffe4fbf0000 - 0x00007ffe4fde5000 	C:\WINDOWS\SYSTEM32\ntdll.dll
0x00007ffe4f8c0000 - 0x00007ffe4f97d000 	C:\WINDOWS\System32\KERNEL32.DLL
0x00007ffe4d690000 - 0x00007ffe4d958000 	C:\WINDOWS\System32\KERNELBASE.dll
0x00007ffe4d960000 - 0x00007ffe4da60000 	C:\WINDOWS\System32\ucrtbase.dll
0x00007ffe26be0000 - 0x00007ffe26bf8000 	C:\Program Files\Java\jdk-12.0.2\bin\jli.dll
0x00007ffe100f0000 - 0x00007ffe10106000 	C:\Program Files\Java\jdk-12.0.2\bin\VCRUNTIME140.dll
0x00007ffe4f2a0000 - 0x00007ffe4f34c000 	C:\WINDOWS\System32\ADVAPI32.dll
0x00007ffe4f7c0000 - 0x00007ffe4f85e000 	C:\WINDOWS\System32\msvcrt.dll
0x00007ffe4e900000 - 0x00007ffe4e99b000 	C:\WINDOWS\System32\sechost.dll
0x00007ffe4e3a0000 - 0x00007ffe4e4cb000 	C:\WINDOWS\System32\RPCRT4.dll
0x00007ffe4e6b0000 - 0x00007ffe4e850000 	C:\WINDOWS\System32\USER32.dll
0x00007ffe4dc20000 - 0x00007ffe4dc42000 	C:\WINDOWS\System32\win32u.dll
0x00007ffe4f980000 - 0x00007ffe4f9aa000 	C:\WINDOWS\System32\GDI32.dll
0x00007ffe4da60000 - 0x00007ffe4db6b000 	C:\WINDOWS\System32\gdi32full.dll
0x00007ffe4d5f0000 - 0x00007ffe4d68d000 	C:\WINDOWS\System32\msvcp_win.dll
0x00007ffe29550000 - 0x00007ffe297ea000 	C:\WINDOWS\WinSxS\amd64_microsoft.windows.common-controls_6595b64144ccf1df_6.0.19041.844_none_ca00b6081b84eb1d\COMCTL32.dll
0x00007ffe42f70000 - 0x00007ffe42f7a000 	C:\WINDOWS\SYSTEM32\VERSION.dll
0x00007ffe4efc0000 - 0x00007ffe4eff0000 	C:\WINDOWS\System32\IMM32.DLL
0x00007ffe0ffa0000 - 0x00007ffe1004a000 	C:\Program Files\Java\jdk-12.0.2\bin\msvcp140.dll
0x00007ffdeca70000 - 0x00007ffded5e7000 	C:\Program Files\Java\jdk-12.0.2\bin\server\jvm.dll
0x00007ffe4f070000 - 0x00007ffe4f078000 	C:\WINDOWS\System32\PSAPI.DLL
0x00007ffe2cdc0000 - 0x00007ffe2cdc9000 	C:\WINDOWS\SYSTEM32\WSOCK32.dll
0x00007ffe4e9a0000 - 0x00007ffe4ea0b000 	C:\WINDOWS\System32\WS2_32.dll
0x00007ffe323a0000 - 0x00007ffe323c7000 	C:\WINDOWS\SYSTEM32\WINMM.dll
0x00007ffe4bc00000 - 0x00007ffe4bc12000 	C:\WINDOWS\SYSTEM32\kernel.appcore.dll
0x00007ffe42d40000 - 0x00007ffe42d51000 	C:\Program Files\Java\jdk-12.0.2\bin\verify.dll
0x00007ffe4b920000 - 0x00007ffe4bb04000 	C:\WINDOWS\SYSTEM32\DBGHELP.DLL
0x00007ffe359c0000 - 0x00007ffe359ec000 	C:\WINDOWS\SYSTEM32\dbgcore.DLL
0x00007ffe4dba0000 - 0x00007ffe4dc20000 	C:\WINDOWS\System32\bcryptPrimitives.dll
0x00007ffe26b70000 - 0x00007ffe26b96000 	C:\Program Files\Java\jdk-12.0.2\bin\java.dll
0x00007ffe0ff80000 - 0x00007ffe0ff97000 	C:\Program Files\Java\jdk-12.0.2\bin\zip.dll
0x00007ffe35720000 - 0x00007ffe3572a000 	C:\Program Files\Java\jdk-12.0.2\bin\jimage.dll
0x00007ffe4dc50000 - 0x00007ffe4e392000 	C:\WINDOWS\System32\SHELL32.dll
0x00007ffe4b0b0000 - 0x00007ffe4b841000 	C:\WINDOWS\SYSTEM32\windows.storage.dll
0x00007ffe4eb40000 - 0x00007ffe4ee95000 	C:\WINDOWS\System32\combase.dll
0x00007ffe4ccd0000 - 0x00007ffe4ccfc000 	C:\WINDOWS\SYSTEM32\Wldp.dll
0x00007ffe4e850000 - 0x00007ffe4e8fe000 	C:\WINDOWS\System32\SHCORE.dll
0x00007ffe4e4d0000 - 0x00007ffe4e525000 	C:\WINDOWS\System32\shlwapi.dll
0x00007ffe4d270000 - 0x00007ffe4d28f000 	C:\WINDOWS\SYSTEM32\profapi.dll
0x00007ffe0bc80000 - 0x00007ffe0bc99000 	C:\Program Files\Java\jdk-12.0.2\bin\net.dll
0x00007ffe30e60000 - 0x00007ffe3104e000 	C:\WINDOWS\SYSTEM32\urlmon.dll
0x00007ffe34a50000 - 0x00007ffe34b5b000 	C:\WINDOWS\SYSTEM32\WINHTTP.dll
0x00007ffe36280000 - 0x00007ffe36530000 	C:\WINDOWS\SYSTEM32\iertutil.dll
0x00007ffe4ca40000 - 0x00007ffe4caaa000 	C:\WINDOWS\system32\mswsock.dll
0x00007ffe0ad20000 - 0x00007ffe0ad33000 	C:\Program Files\Java\jdk-12.0.2\bin\nio.dll
0x00007ffe43200000 - 0x00007ffe43209000 	C:\Program Files\Java\jdk-12.0.2\bin\prefs.dll
0x00007ffe4c770000 - 0x00007ffe4c83c000 	C:\WINDOWS\SYSTEM32\DNSAPI.dll
0x00007ffe4c730000 - 0x00007ffe4c76b000 	C:\WINDOWS\SYSTEM32\IPHLPAPI.DLL
0x00007ffe4e530000 - 0x00007ffe4e538000 	C:\WINDOWS\System32\NSI.dll
0x00007ffe348d0000 - 0x00007ffe348da000 	C:\Windows\System32\rasadhlp.dll
0x00007ffe349d0000 - 0x00007ffe34a4f000 	C:\WINDOWS\System32\fwpuclnt.dll
0x00007ffe4db70000 - 0x00007ffe4db97000 	C:\WINDOWS\System32\bcrypt.dll
0x00007ffdff960000 - 0x00007ffdffaff000 	C:\Program Files\Java\jdk-12.0.2\bin\awt.dll
0x00007ffe4fae0000 - 0x00007ffe4fbad000 	C:\WINDOWS\System32\OLEAUT32.dll
0x00007ffe48fd0000 - 0x00007ffe49590000 	C:\WINDOWS\SYSTEM32\d2d1.dll
0x00007ffe4a840000 - 0x00007ffe4a8d0000 	C:\WINDOWS\SYSTEM32\apphelp.dll
0x00007ffe4cc10000 - 0x00007ffe4cc28000 	C:\WINDOWS\SYSTEM32\CRYPTSP.dll
0x00007ffe4c3e0000 - 0x00007ffe4c414000 	C:\WINDOWS\system32\rsaenh.dll
0x00007ffe4d1f0000 - 0x00007ffe4d21e000 	C:\WINDOWS\SYSTEM32\USERENV.dll
0x00007ffe4cc30000 - 0x00007ffe4cc3c000 	C:\WINDOWS\SYSTEM32\CRYPTBASE.dll
0x00007ffe41340000 - 0x00007ffe41357000 	C:\WINDOWS\SYSTEM32\dhcpcsvc6.DLL
0x00007ffe415e0000 - 0x00007ffe415fd000 	C:\WINDOWS\SYSTEM32\dhcpcsvc.DLL
0x00007ffe4aa10000 - 0x00007ffe4aaae000 	C:\WINDOWS\system32\uxtheme.dll
0x00007ffe4eea0000 - 0x00007ffe4efb5000 	C:\WINDOWS\System32\MSCTF.dll
0x00007ffe4ea10000 - 0x00007ffe4eb3a000 	C:\WINDOWS\System32\ole32.dll

dbghelp: loaded successfully - version: 4.0.5 - missing functions: none
symbol engine: initialized successfully - sym options: 0x614 - pdb path: .;C:\Program Files\Java\jdk-12.0.2\bin;C:\WINDOWS\SYSTEM32;C:\WINDOWS\WinSxS\amd64_microsoft.windows.common-controls_6595b64144ccf1df_6.0.19041.844_none_ca00b6081b84eb1d;C:\Program Files\Java\jdk-12.0.2\bin\server

VM Arguments:
jvm_args: -Djava.system.class.loader=org.processmining.framework.util.ProMClassLoader -Dfile.encoding=UTF-8 
java_command: org.processmining.contexts.uitopia.UI
java_class_path (initial): D:\prom\PromBase\tests\bin-test;D:\prom\PromBase\bin;C:\Users\Rachmadita\.ivy2\cache\prom\ProM-Plugins\jars\ProM-Plugins-latest.jar;C:\Users\Rachmadita\.ivy2\cache\prom\ProM-Contexts\jars\ProM-Contexts-latest.jar;C:\Users\Rachmadita\.ivy2\cache\prom-libs\guava\jars\guava-16.0.1.jar;C:\Users\Rachmadita\.ivy2\cache\junit\junit\jars\junit-4.12.jar;C:\Users\Rachmadita\.ivy2\cache\prom-libs\bsh\jars\bsh-2.0b4.jar;C:\Users\Rachmadita\.ivy2\cache\prom-libs\Spex\jars\Spex-1.1.jar;C:\Users\Rachmadita\.ivy2\cache\prom-libs\Uitopia\jars\Uitopia-0.6-20190913.jar;C:\Users\Rachmadita\.ivy2\cache\prom-libs\UITopiaResources\jars\UITopiaResources-0.6-20190913.jar;C:\Users\Rachmadita\.ivy2\cache\prom\ProM-Framework\jars\ProM-Framework-latest.jar;C:\Users\Rachmadita\.ivy2\cache\org.apache.commons\commons-compress\jars\commons-compress-1.13.jar;C:\Users\Rachmadita\.ivy2\cache\commons-logging\commons-logging\jars\commons-logging-1.1.3.jar;C:\Users\Rachmadita\.ivy2\cache\prom-libs\jgraph\jars\jgraph-5.13.0.4.jar;C:\Users\Rachmadita\.ivy2\cache\com.brsanthu\google-analytics-java\jars\google-analytics-java-1.1.2.jar;C:\Users\Rachmadita\.ivy2\cache\org.apache.httpcomponents\httpclient\jars\httpclient-4.5.3.jar;C:\Users\Rachmadita\.ivy2\cache\org.apache.httpcomponents\httpcore\jars\httpcore-4.4.6.jar;C:\Users\Rachmadita\.ivy2\cache\org.apache.logging.log4j\log4j-api\jars\log4j-api-2.8.1.jar;C:\Users\Rachmadita\.ivy2\cache\org.apache.logging.log4j\log4j-core\jars\log4j-core-2.8.1.jar;C:\Users\Rachmadita\.ivy2\cache\org.apache.logging.log4j\log4j-slf4j-impl\jars\log4j-slf4j-impl-2.8.1.jar;C:\Users\Rachmadita\.ivy2\cache\prom-libs\jargs\jars\jargs-latest.jar;C:\Users\Rachmadita\.ivy2\cache\tablelayout\TableLayout\jars\TableLayout-20050920.jar;C:\Users\Rachmadita\.ivy2\cache\org.slf4j\slf4j-api\jars\slf4j-api-1.7.25.jar;C:\Users\Rachmadita\.ivy2\cache\prom-libs\slickerbox\jars\slickerbox-1.0rc1.jar;C:\Users\Rachmadita\.ivy2\cache\prom\ProM-Models\jars\ProM-Models-lat
Launcher Type: SUN_STANDARD

[Global flags]
     intx CICompilerCount                          = 4                                         {product} {ergonomic}
     uint ConcGCThreads                            = 2                                         {product} {ergonomic}
     uint G1ConcRefinementThreads                  = 8                                         {product} {ergonomic}
   size_t G1HeapRegionSize                         = 1048576                                   {product} {ergonomic}
    uintx GCDrainStackTargetSize                   = 64                                        {product} {ergonomic}
   size_t InitialHeapSize                          = 134217728                                 {product} {ergonomic}
   size_t MarkStackSize                            = 4194304                                   {product} {ergonomic}
   size_t MaxHeapSize                              = 2118123520                                {product} {ergonomic}
   size_t MaxNewSize                               = 1270874112                                {product} {ergonomic}
   size_t MinHeapDeltaBytes                        = 1048576                                   {product} {ergonomic}
    uintx NonNMethodCodeHeapSize                   = 5836300                                {pd product} {ergonomic}
    uintx NonProfiledCodeHeapSize                  = 122910970                              {pd product} {ergonomic}
    uintx ProfiledCodeHeapSize                     = 122910970                              {pd product} {ergonomic}
    uintx ReservedCodeCacheSize                    = 251658240                              {pd product} {ergonomic}
     bool SegmentedCodeCache                       = true                                      {product} {ergonomic}
     bool UseCompressedClassPointers               = true                                 {lp64_product} {ergonomic}
     bool UseCompressedOops                        = true                                 {lp64_product} {ergonomic}
     bool UseG1GC                                  = true                                      {product} {ergonomic}
     bool UseLargePagesIndividualAllocation        = false                                  {pd product} {ergonomic}

Logging:
Log output configuration:
 #0: stdout all=warning uptime,level,tags
 #1: stderr all=off uptime,level,tags

Environment Variables:
JAVA_HOME=C:\Program Files\OpenJDK\openjdk-8u282-b08
PATH=C:/Program Files/Java/jdk-12.0.2/bin/server;C:/Program Files/Java/jdk-12.0.2/bin;C:\ProgramData\Anaconda3;C:\ProgramData\Anaconda3\Library\mingw-w64\bin;C:\ProgramData\Anaconda3\Library\usr\bin;C:\ProgramData\Anaconda3\Library\bin;C:\ProgramData\Anaconda3\Scripts;C:\Program Files (x86)\Common Files\Oracle\Java\javapath;C:\WINDOWS\system32;C:\WINDOWS;C:\WINDOWS\System32\Wbem;C:\WINDOWS\System32\WindowsPowerShell\v1.0\;C:\WINDOWS\System32\OpenSSH\;C:\Program Files\Intel\WiFi\bin\;C:\Program Files\Common Files\Intel\WirelessCommon\;C:\xampp\php;C:\composer;C:\Program Files\SlikSvn\bin;C:\Program Files\TortoiseSVN\bin;C:\Program Files\Git\cmd;C:\Users\Rachmadita\AppData\Roaming\nvm;C:\Program Files\nodejs;C:\Program Files (x86)\adb;C:\Users\Rachmadita\AppData\Local\Android\Sdk;C:\ProgramData\chocolatey\bin;C:\Program Files\OpenJDK\openjdk-8u282-b08\bin;C:\Users\Rachmadita\AppData\Local\Microsoft\WindowsApps;C:\Users\Rachmadita\AppData\Local\atom\bin;C:\Users\Rachmadita\AppData\Roaming\Composer\vendor\bin;C:\Users\Rachmadita\AppData\Roaming\npm;C:\Program Files\heroku\bin;C:\Users\Rachmadita\AppData\Local\Programs\Microsoft VS Code\bin;C:\Users\Rachmadita\AppData\Local\Microsoft\WindowsApps;C:\Users\Rachmadita\AppData\Roaming\nvm;C:\Program Files\nodejs;;C:\WINDOWS\System32;
USERNAME=Rachmadita
OS=Windows_NT
PROCESSOR_IDENTIFIER=Intel64 Family 6 Model 142 Stepping 11, GenuineIntel



---------------  S Y S T E M  ---------------

OS: Windows 10 , 64 bit Build 19041 (10.0.19041.804)

CPU:total 8 (initial active 8) (4 cores per cpu, 2 threads per core) family 6 model 142 stepping 11, cmov, cx8, fxsr, mmx, sse, sse2, sse3, ssse3, sse4.1, sse4.2, popcnt, avx, avx2, aes, clmul, erms, 3dnowpref, lzcnt, ht, tsc, tscinvbit, bmi1, bmi2, adx, fma

Memory: 4k page, system-wide physical 8079M (1154M free)
TotalPageFile size 19855M (AvailPageFile size 11218M)
current process WorkingSet (physical memory assigned to process): 306M, peak: 307M
current process commit charge ("private bytes"): 355M, peak: 356M

vm_info: Java HotSpot(TM) 64-Bit Server VM (12.0.2+10) for windows-amd64 JRE (12.0.2+10), built on Jul 16 2019 01:56:17 by "mach5one" with MS VC++ 15.5 (VS2017)

END.
