#
# A fatal error has been detected by the Java Runtime Environment:
#
#  EXCEPTION_ACCESS_VIOLATION (0xc0000005) at pc=0x0000028d07cf7100, pid=8888, tid=17376
#
# JRE version: Java(TM) SE Runtime Environment (12.0.2+10) (build 12.0.2+10)
# Java VM: Java HotSpot(TM) 64-Bit Server VM (12.0.2+10, mixed mode, sharing, tiered, compressed oops, g1 gc, windows-amd64)
# Problematic frame:
# J 2911 c2 org.processmining.framework.plugin.impl.PluginManagerImpl.checkIfRequestedReturnTypeIsPresent(Lorg/processmining/framework/plugin/PluginDescriptor;Ljava/lang/Class;)I (50 bytes) @ 0x0000028d07cf7100 [0x0000028d07cf6fe0+0x0000000000000120]
#
# No core dump will be written. Minidumps are not enabled by default on client versions of Windows
#
# If you would like to submit a bug report, please visit:
#   http://bugreport.java.com/bugreport/crash.jsp
#

---------------  S U M M A R Y ------------

Command Line: -Djava.system.class.loader=org.processmining.framework.util.ProMClassLoader -Dfile.encoding=UTF-8 org.processmining.contexts.uitopia.UI

Host: Intel(R) Core(TM) i7-8565U CPU @ 1.80GHz, 8 cores, 7G,  Windows 10 , 64 bit Build 19041 (10.0.19041.928)
Time: Tue Apr 27 20:26:04 2021 SE Asia Standard Time elapsed time: 25 seconds (0d 0h 0m 25s)

---------------  T H R E A D  ---------------

Current thread (0x0000028d6b875000):  JavaThread "main" [_thread_in_Java, id=17376, stack(0x000000eb6d200000,0x000000eb6d300000)]

Stack: [0x000000eb6d200000,0x000000eb6d300000],  sp=0x000000eb6d2fe490,  free space=1017k
Native frames: (J=compiled Java code, j=interpreted, Vv=VM code, C=native code)
C  0x0000028d07cf7100


siginfo: EXCEPTION_ACCESS_VIOLATION (0xc0000005), reading address 0xffffffffffffffff


Register to memory mapping:

RIP=0x0000028d07cf7100 is at entry_point+288 in (nmethod*)0x0000028d07cf6d90
RAX=0x0000028d07cf7010 is at entry_point+48 in (nmethod*)0x0000028d07cf6d90
RBX=0x0000000000000001 is an unknown value
RCX=0x00000000864073e0 points into unknown readable memory: 11 00 00 00 00 00 00 00
RDX=0x00000008001219f8 is pointing into metadata
RSP=0x000000eb6d2fe490 is pointing into the stack for thread: 0x0000028d6b875000
RBP=0x000000eb6d2fe788 is pointing into the stack for thread: 0x0000028d6b875000
RSI=0x0000000000000001 is an unknown value
RDI=0x00000000864073e0 points into unknown readable memory: 11 00 00 00 00 00 00 00
R8 =0x00000008001219f8 is pointing into metadata
R9 =0x000000008246be98 points into unknown readable memory: 09 eb f9 9e 21 00 00 00
R10=0x0000000000053510 is an unknown value
R11=0x8246c04800000000 is an unknown value
R12=0x0 is NULL
R13=0x00000000864073c8 points into unknown readable memory: 15 00 00 00 00 00 00 00
R14=0x0000000000000048 is an unknown value
R15=0x0000028d6b875000 is a thread


Registers:
RAX=0x0000028d07cf7010, RBX=0x0000000000000001, RCX=0x00000000864073e0, RDX=0x00000008001219f8
RSP=0x000000eb6d2fe490, RBP=0x000000eb6d2fe788, RSI=0x0000000000000001, RDI=0x00000000864073e0
R8 =0x00000008001219f8, R9 =0x000000008246be98, R10=0x0000000000053510, R11=0x8246c04800000000
R12=0x0000000000000000, R13=0x00000000864073c8, R14=0x0000000000000048, R15=0x0000028d6b875000
RIP=0x0000028d07cf7100, EFLAGS=0x0000000000010246

Top of Stack: (sp=0x000000eb6d2fe490)
0x000000eb6d2fe490:   00000008011cbde8 8246c04800000000
0x000000eb6d2fe4a0:   000000eb6d2fe4e0 000000eb6d2fe4d0
0x000000eb6d2fe4b0:   0000028d7b981e40 0000000084c65760
0x000000eb6d2fe4c0:   0000000000000001 0000028d07cf7010
0x000000eb6d2fe4d0:   0000000000000000 0000000000000202
0x000000eb6d2fe4e0:   000000eb6d2fe788 0000028d00b34cc4
0x000000eb6d2fe4f0:   0000000088d7e5d0 0000028d7b981968
0x000000eb6d2fe500:   000000080120bda8 00000000862a2c28
0x000000eb6d2fe510:   0000000000000000 0000000088d3a060
0x000000eb6d2fe520:   000000eb88d79318 00000000853582a8
0x000000eb6d2fe530:   0000000088d3a060 33d75be800b4c650
0x000000eb6d2fe540:   0000000100000000 00000000883743d8
0x000000eb6d2fe550:   000000eb6d2fe5f0 0000000084c8eb28
0x000000eb6d2fe560:   0000000088d79318 0000000088d79300
0x000000eb6d2fe570:   0000000088e3cfc8 0000000088373428
0x000000eb6d2fe580:   0000000088365bb0 000000008246be98 

Instructions: (pc=0x0000028d07cf7100)
0x0000028d07cf7000:   f8 66 66 90 0f 1f 84 00 00 00 00 00 66 66 66 90
0x0000028d07cf7010:   89 84 24 00 90 ff ff 55 48 83 ec 50 c4 e1 f9 6e
0x0000028d07cf7020:   d2 45 8b 58 08 41 81 fb d3 18 24 00 0f 85 35 16
0x0000028d07cf7030:   00 00 45 8b 58 1c 45 8b 53 08 48 bb 00 00 00 00
0x0000028d07cf7040:   08 00 00 00 4a 8d 1c d3 48 8b 53 20 48 b9 f8 19
0x0000028d07cf7050:   12 00 08 00 00 00 48 3b d1 0f 85 ab 02 00 00 4d
0x0000028d07cf7060:   8b eb 41 81 fa 2a 0d 06 00 74 18 41 81 fa 10 35
0x0000028d07cf7070:   05 00 0f 85 cd 16 00 00 49 8b cd 8b 49 10 8b 71
0x0000028d07cf7080:   0c eb 06 49 8b cd 8b 71 10 85 f6 0f 8e d2 03 00
0x0000028d07cf7090:   00 49 8b 49 50 44 8b 71 10 41 81 fa 10 35 05 00
0x0000028d07cf70a0:   0f 85 ec 15 00 00 48 89 0c 24 c4 e1 f9 6e c3 49
0x0000028d07cf70b0:   8b cd 8b 49 10 8b 59 0c c5 f9 6e f1 c4 c1 79 6e
0x0000028d07cf70c0:   e3 c4 c1 f9 6e d9 c4 c1 f9 6e c8 4c 8b 1c 24 45
0x0000028d07cf70d0:   8b 5b 08 c4 c1 79 6e eb 45 8b 59 20 4d 63 c6 c4
0x0000028d07cf70e0:   c1 f9 6e f8 49 b8 f8 19 12 00 08 00 00 00 49 3b
0x0000028d07cf70f0:   d0 0f 85 76 03 00 00 4d 8b 5b 50 4c 89 5c 24 08
0x0000028d07cf7100:   45 8b 5b 10 4d 63 c3 41 81 fa 2a 0d 06 00 0f 85
0x0000028d07cf7110:   b9 09 00 00 45 8b 55 10 45 85 d2 0f 8c 11 16 00
0x0000028d07cf7120:   00 45 85 d2 0f 84 c8 15 00 00 4d 63 ca 49 8b c9
0x0000028d07cf7130:   48 ff c9 49 3b c9 0f 83 de 15 00 00 41 8b 5d 14
0x0000028d07cf7140:   44 8b 4b 0c 45 85 c9 0f 86 ec 15 00 00 4d 63 c9
0x0000028d07cf7150:   49 3b c9 0f 83 cd 15 00 00 41 83 fe 20 0f 85 fe
0x0000028d07cf7160:   00 00 00 45 33 c9 45 8b e9 41 8b e9 0f 1f 40 00
0x0000028d07cf7170:   46 8b 4c ab 10 41 8b 49 08 49 8b c1 81 f9 9d 23
0x0000028d07cf7180:   07 00 0f 85 ef 17 00 00 48 8b 70 50 48 85 f6 0f
0x0000028d07cf7190:   84 21 15 00 00 c4 c1 f9 7e f9 4e 8b 0c 0e 48 8b
0x0000028d07cf71a0:   0c 24 49 3b c9 0f 84 3d 0b 00 00 48 3b f1 75 08
0x0000028d07cf71b0:   41 8b c5 e9 0f 01 00 00 48 8b c1 50 48 8b c0 48
0x0000028d07cf71c0:   8b 7e 28 8b 0f 48 83 c7 08 48 85 c0 f2 48 af 58
0x0000028d07cf71d0:   0f 85 04 00 00 00 48 89 46 20 0f 84 7a 03 00 00
0x0000028d07cf71e0:   c5 f9 7e ea 85 d2 7d 49 4e 8b 0c 06 48 8b 4c 24
0x0000028d07cf71f0:   08 49 3b c9 0f 84 ca 00 00 00 41 83 fb 20 75 31 


Stack slot to memory mapping:
stack at sp + 0 slots: 0x00000008011cbde8 is a pointer to class: 
javax.swing.JComponent {0x00000008011cbdf0}
stack at sp + 1 slots: 0x8246c04800000000 is an unknown value
stack at sp + 2 slots: 0x000000eb6d2fe4e0 is pointing into the stack for thread: 0x0000028d6b875000
stack at sp + 3 slots: 0x000000eb6d2fe4d0 is pointing into the stack for thread: 0x0000028d6b875000
stack at sp + 4 slots: {method} {0x0000028d7b981e48} 'checkIfRequestedReturnTypeIsPresent' '(Lorg/processmining/framework/plugin/PluginDescriptor;Ljava/lang/Class;)I' in 'org/processmining/framework/plugin/impl/PluginManagerImpl'
stack at sp + 5 slots: 0x0000000084c65760 is an oop: org.processmining.framework.plugin.impl.PluginManagerImpl 
{0x0000000084c65760} - klass: 'org/processmining/framework/plugin/impl/PluginManagerImpl'
stack at sp + 6 slots: 0x0000000000000001 is an unknown value
stack at sp + 7 slots: 0x0000028d07cf7010 is at entry_point+48 in (nmethod*)0x0000028d07cf6d90



---------------  P R O C E S S  ---------------

Threads class SMR info:
_java_thread_list=0x0000028d7f442c60, length=14, elements={
0x0000028d6b875000, 0x0000028d7b4f7000, 0x0000028d7b4f8000, 0x0000028d7b50d800,
0x0000028d7b50f800, 0x0000028d7b512000, 0x0000028d7b525000, 0x0000028d7be58800,
0x0000028d7bf88800, 0x0000028d7c05a800, 0x0000028d7d0d7000, 0x0000028d7d0d8800,
0x0000028d7db47800, 0x0000028d7e767800
}

Java Threads: ( => current thread )
=>0x0000028d6b875000 JavaThread "main" [_thread_in_Java, id=17376, stack(0x000000eb6d200000,0x000000eb6d300000)]
  0x0000028d7b4f7000 JavaThread "Reference Handler" daemon [_thread_blocked, id=9204, stack(0x000000eb6d900000,0x000000eb6da00000)]
  0x0000028d7b4f8000 JavaThread "Finalizer" daemon [_thread_blocked, id=7800, stack(0x000000eb6da00000,0x000000eb6db00000)]
  0x0000028d7b50d800 JavaThread "Signal Dispatcher" daemon [_thread_blocked, id=18764, stack(0x000000eb6db00000,0x000000eb6dc00000)]
  0x0000028d7b50f800 JavaThread "Attach Listener" daemon [_thread_blocked, id=15928, stack(0x000000eb6dc00000,0x000000eb6dd00000)]
  0x0000028d7b512000 JavaThread "C2 CompilerThread0" daemon [_thread_blocked, id=14776, stack(0x000000eb6dd00000,0x000000eb6de00000)]
  0x0000028d7b525000 JavaThread "C1 CompilerThread0" daemon [_thread_blocked, id=4060, stack(0x000000eb6de00000,0x000000eb6df00000)]
  0x0000028d7be58800 JavaThread "Sweeper thread" daemon [_thread_blocked, id=14920, stack(0x000000eb6df00000,0x000000eb6e000000)]
  0x0000028d7bf88800 JavaThread "Common-Cleaner" daemon [_thread_blocked, id=17964, stack(0x000000eb6e000000,0x000000eb6e100000)]
  0x0000028d7c05a800 JavaThread "Service Thread" daemon [_thread_blocked, id=15880, stack(0x000000eb6e100000,0x000000eb6e200000)]
  0x0000028d7d0d7000 JavaThread "Java2D Disposer" daemon [_thread_blocked, id=14372, stack(0x000000eb6e400000,0x000000eb6e500000)]
  0x0000028d7d0d8800 JavaThread "AWT-Windows" daemon [_thread_in_native, id=20376, stack(0x000000eb6ea00000,0x000000eb6eb00000)]
  0x0000028d7db47800 JavaThread "C2 CompilerThread1" daemon [_thread_in_native, id=9888, stack(0x000000eb6e300000,0x000000eb6e400000)]
  0x0000028d7e767800 JavaThread "C2 CompilerThread2" daemon [_thread_in_native, id=15688, stack(0x000000eb6ed00000,0x000000eb6ee00000)]

Other Threads:
  0x0000028d7b4f3800 VMThread "VM Thread" [stack: 0x000000eb6d800000,0x000000eb6d900000] [id=10128]
  0x0000028d7c08b000 WatcherThread [stack: 0x000000eb6e200000,0x000000eb6e300000] [id=17192]
  0x0000028d6b8b6800 GCTaskThread "GC Thread#0" [stack: 0x000000eb6d300000,0x000000eb6d400000] [id=8708]
  0x0000028d7ce0c000 GCTaskThread "GC Thread#1" [stack: 0x000000eb6e500000,0x000000eb6e600000] [id=8132]
  0x0000028d7ce0c800 GCTaskThread "GC Thread#2" [stack: 0x000000eb6e600000,0x000000eb6e700000] [id=14060]
  0x0000028d7cf6d000 GCTaskThread "GC Thread#3" [stack: 0x000000eb6e900000,0x000000eb6ea00000] [id=1332]
  0x0000028d7d055000 GCTaskThread "GC Thread#4" [stack: 0x000000eb6eb00000,0x000000eb6ec00000] [id=8092]
  0x0000028d7d055800 GCTaskThread "GC Thread#5" [stack: 0x000000eb6ec00000,0x000000eb6ed00000] [id=11356]
  0x0000028d7e2a0800 GCTaskThread "GC Thread#6" [stack: 0x000000eb6ef00000,0x000000eb6f000000] [id=14388]
  0x0000028d7f3f7000 GCTaskThread "GC Thread#7" [stack: 0x000000eb6fb00000,0x000000eb6fc00000] [id=17432]
  0x0000028d6b8c6000 ConcurrentGCThread "G1 Main Marker" [stack: 0x000000eb6d400000,0x000000eb6d500000] [id=4484]
  0x0000028d6b8c8000 ConcurrentGCThread "G1 Conc#0" [stack: 0x000000eb6d500000,0x000000eb6d600000] [id=18944]
  0x0000028d0f110000 ConcurrentGCThread "G1 Conc#1" [stack: 0x000000eb6e800000,0x000000eb6e900000] [id=8628]
  0x0000028d6b94e800 ConcurrentGCThread "G1 Refine#0" [stack: 0x000000eb6d600000,0x000000eb6d700000] [id=14848]
  0x0000028d7c059000 ConcurrentGCThread "G1 Refine#1" [stack: 0x000000eb6e700000,0x000000eb6e800000] [id=11472]
  0x0000028d7b370800 ConcurrentGCThread "G1 Young RemSet Sampling" [stack: 0x000000eb6d700000,0x000000eb6d800000] [id=12960]

Threads with active compile tasks:
C2 CompilerThread1  2908       4       org.processmining.framework.plugin.impl.PluginManagerImpl::find (271 bytes)
C2 CompilerThread2  2919       4       org.processmining.framework.plugin.PluginParameterBinding$Factory::tryToBind (609 bytes)

VM state:not at safepoint (normal execution)

VM Mutex/Monitor currently owned by a thread: None

Heap address: 0x0000000081c00000, size: 2020 MB, Compressed Oops mode: 32-bit
Narrow klass base: 0x0000000800000000, Narrow klass shift: 3
Compressed class space size: 1073741824 Address: 0x0000000801190000

Heap:
 garbage-first heap   total 145408K, used 106139K [0x0000000081c00000, 0x0000000100000000)
  region size 1024K, 30 young (30720K), 1 survivors (1024K)
 Metaspace       used 26854K, capacity 27145K, committed 27264K, reserved 1073152K
  class space    used 4103K, capacity 4205K, committed 4224K, reserved 1048576K
Heap Regions: E=young(eden), S=young(survivor), O=old, HS=humongous(starts), HC=humongous(continues), CS=collection set, F=free, A=archive, TAMS=top-at-mark-start (previous, next)
|   0|0x0000000081c00000, 0x0000000081d00000, 0x0000000081d00000|100%|HS|  |TAMS 0x0000000081d00000, 0x0000000081c00000| Complete 
|   1|0x0000000081d00000, 0x0000000081e00000, 0x0000000081e00000|100%|HC|  |TAMS 0x0000000081e00000, 0x0000000081d00000| Complete 
|   2|0x0000000081e00000, 0x0000000081f00000, 0x0000000081f00000|100%|HS|  |TAMS 0x0000000081f00000, 0x0000000081e00000| Complete 
|   3|0x0000000081f00000, 0x0000000082000000, 0x0000000082000000|100%|HC|  |TAMS 0x0000000082000000, 0x0000000081f00000| Complete 
|   4|0x0000000082000000, 0x0000000082100000, 0x0000000082100000|100%|HS|  |TAMS 0x0000000082100000, 0x0000000082000000| Complete 
|   5|0x0000000082100000, 0x0000000082200000, 0x0000000082200000|100%|HC|  |TAMS 0x0000000082200000, 0x0000000082100000| Complete 
|   6|0x0000000082200000, 0x0000000082300000, 0x0000000082300000|100%| O|  |TAMS 0x0000000082300000, 0x0000000082200000| Untracked 
|   7|0x0000000082300000, 0x0000000082400000, 0x0000000082400000|100%| O|  |TAMS 0x0000000082400000, 0x0000000082300000| Untracked 
|   8|0x0000000082400000, 0x0000000082500000, 0x0000000082500000|100%| O|  |TAMS 0x0000000082500000, 0x0000000082400000| Untracked 
|   9|0x0000000082500000, 0x0000000082600000, 0x0000000082600000|100%|HS|  |TAMS 0x0000000082600000, 0x0000000082500000| Complete 
|  10|0x0000000082600000, 0x0000000082700000, 0x0000000082700000|100%|HC|  |TAMS 0x0000000082700000, 0x0000000082600000| Complete 
|  11|0x0000000082700000, 0x0000000082800000, 0x0000000082800000|100%| O|  |TAMS 0x0000000082800000, 0x0000000082700000| Untracked 
|  12|0x0000000082800000, 0x0000000082900000, 0x0000000082900000|100%| O|  |TAMS 0x0000000082900000, 0x0000000082800000| Untracked 
|  13|0x0000000082900000, 0x0000000082a00000, 0x0000000082a00000|100%| O|  |TAMS 0x0000000082a00000, 0x0000000082900000| Untracked 
|  14|0x0000000082a00000, 0x0000000082b00000, 0x0000000082b00000|100%| O|  |TAMS 0x0000000082b00000, 0x0000000082a00000| Untracked 
|  15|0x0000000082b00000, 0x0000000082c00000, 0x0000000082c00000|100%| O|  |TAMS 0x0000000082c00000, 0x0000000082b00000| Untracked 
|  16|0x0000000082c00000, 0x0000000082d00000, 0x0000000082d00000|100%|HS|  |TAMS 0x0000000082d00000, 0x0000000082c00000| Complete 
|  17|0x0000000082d00000, 0x0000000082e00000, 0x0000000082e00000|100%| O|  |TAMS 0x0000000082e00000, 0x0000000082d00000| Untracked 
|  18|0x0000000082e00000, 0x0000000082f00000, 0x0000000082f00000|100%| O|  |TAMS 0x0000000082f00000, 0x0000000082e00000| Untracked 
|  19|0x0000000082f00000, 0x0000000083000000, 0x0000000083000000|100%| O|  |TAMS 0x0000000083000000, 0x0000000082f00000| Untracked 
|  20|0x0000000083000000, 0x0000000083100000, 0x0000000083100000|100%| O|  |TAMS 0x0000000083100000, 0x0000000083000000| Untracked 
|  21|0x0000000083100000, 0x0000000083200000, 0x0000000083200000|100%|HS|  |TAMS 0x0000000083200000, 0x0000000083100000| Complete 
|  22|0x0000000083200000, 0x0000000083300000, 0x0000000083300000|100%|HC|  |TAMS 0x0000000083300000, 0x0000000083200000| Complete 
|  23|0x0000000083300000, 0x0000000083400000, 0x0000000083400000|100%|HC|  |TAMS 0x0000000083400000, 0x0000000083300000| Complete 
|  24|0x0000000083400000, 0x0000000083500000, 0x0000000083500000|100%|HS|  |TAMS 0x0000000083500000, 0x0000000083400000| Complete 
|  25|0x0000000083500000, 0x0000000083600000, 0x0000000083600000|100%|HS|  |TAMS 0x0000000083600000, 0x0000000083500000| Complete 
|  26|0x0000000083600000, 0x0000000083700000, 0x0000000083700000|100%|HC|  |TAMS 0x0000000083700000, 0x0000000083600000| Complete 
|  27|0x0000000083700000, 0x0000000083800000, 0x0000000083800000|100%|HC|  |TAMS 0x0000000083800000, 0x0000000083700000| Complete 
|  28|0x0000000083800000, 0x0000000083900000, 0x0000000083900000|100%|HC|  |TAMS 0x0000000083900000, 0x0000000083800000| Complete 
|  29|0x0000000083900000, 0x0000000083a00000, 0x0000000083a00000|100%|HC|  |TAMS 0x0000000083a00000, 0x0000000083900000| Complete 
|  30|0x0000000083a00000, 0x0000000083b00000, 0x0000000083b00000|100%|HS|  |TAMS 0x0000000083b00000, 0x0000000083a00000| Complete 
|  31|0x0000000083b00000, 0x0000000083c00000, 0x0000000083c00000|100%|HC|  |TAMS 0x0000000083c00000, 0x0000000083b00000| Complete 
|  32|0x0000000083c00000, 0x0000000083d00000, 0x0000000083d00000|100%|HC|  |TAMS 0x0000000083d00000, 0x0000000083c00000| Complete 
|  33|0x0000000083d00000, 0x0000000083e00000, 0x0000000083e00000|100%|HC|  |TAMS 0x0000000083e00000, 0x0000000083d00000| Complete 
|  34|0x0000000083e00000, 0x0000000083f00000, 0x0000000083f00000|100%|HC|  |TAMS 0x0000000083f00000, 0x0000000083e00000| Complete 
|  35|0x0000000083f00000, 0x0000000084000000, 0x0000000084000000|100%|HS|  |TAMS 0x0000000084000000, 0x0000000083f00000| Complete 
|  36|0x0000000084000000, 0x0000000084100000, 0x0000000084100000|100%|HC|  |TAMS 0x0000000084100000, 0x0000000084000000| Complete 
|  37|0x0000000084100000, 0x0000000084200000, 0x0000000084200000|100%|HC|  |TAMS 0x0000000084200000, 0x0000000084100000| Complete 
|  38|0x0000000084200000, 0x0000000084300000, 0x0000000084300000|100%|HC|  |TAMS 0x0000000084300000, 0x0000000084200000| Complete 
|  39|0x0000000084300000, 0x0000000084400000, 0x0000000084400000|100%|HC|  |TAMS 0x0000000084400000, 0x0000000084300000| Complete 
|  40|0x0000000084400000, 0x0000000084500000, 0x0000000084500000|100%|HS|  |TAMS 0x0000000084500000, 0x0000000084400000| Complete 
|  41|0x0000000084500000, 0x0000000084600000, 0x0000000084600000|100%|HC|  |TAMS 0x0000000084600000, 0x0000000084500000| Complete 
|  42|0x0000000084600000, 0x0000000084700000, 0x0000000084700000|100%|HC|  |TAMS 0x0000000084700000, 0x0000000084600000| Complete 
|  43|0x0000000084700000, 0x0000000084800000, 0x0000000084800000|100%|HC|  |TAMS 0x0000000084800000, 0x0000000084700000| Complete 
|  44|0x0000000084800000, 0x0000000084900000, 0x0000000084900000|100%|HC|  |TAMS 0x0000000084900000, 0x0000000084800000| Complete 
|  45|0x0000000084900000, 0x0000000084a00000, 0x0000000084a00000|100%| O|  |TAMS 0x0000000084a00000, 0x0000000084900000| Untracked 
|  46|0x0000000084a00000, 0x0000000084b00000, 0x0000000084b00000|100%| O|  |TAMS 0x0000000084b00000, 0x0000000084a00000| Untracked 
|  47|0x0000000084b00000, 0x0000000084c00000, 0x0000000084c00000|100%| O|  |TAMS 0x0000000084c00000, 0x0000000084b00000| Untracked 
|  48|0x0000000084c00000, 0x0000000084d00000, 0x0000000084d00000|100%| O|  |TAMS 0x0000000084d00000, 0x0000000084c00000| Untracked 
|  49|0x0000000084d00000, 0x0000000084e00000, 0x0000000084e00000|100%| O|  |TAMS 0x0000000084e00000, 0x0000000084d00000| Untracked 
|  50|0x0000000084e00000, 0x0000000084f00000, 0x0000000084f00000|100%|HS|  |TAMS 0x0000000084f00000, 0x0000000084e00000| Complete 
|  51|0x0000000084f00000, 0x0000000085000000, 0x0000000085000000|100%| O|  |TAMS 0x0000000085000000, 0x0000000084f00000| Untracked 
|  52|0x0000000085000000, 0x0000000085100000, 0x0000000085100000|100%| O|  |TAMS 0x0000000085100000, 0x0000000085000000| Untracked 
|  53|0x0000000085100000, 0x0000000085200000, 0x0000000085200000|100%| O|  |TAMS 0x0000000085200000, 0x0000000085100000| Untracked 
|  54|0x0000000085200000, 0x0000000085300000, 0x0000000085300000|100%| O|  |TAMS 0x0000000085300000, 0x0000000085200000| Untracked 
|  55|0x0000000085300000, 0x0000000085400000, 0x0000000085400000|100%| O|  |TAMS 0x0000000085400000, 0x0000000085300000| Untracked 
|  56|0x0000000085400000, 0x0000000085500000, 0x0000000085500000|100%| O|  |TAMS 0x0000000085500000, 0x0000000085400000| Untracked 
|  57|0x0000000085500000, 0x0000000085600000, 0x0000000085600000|100%| O|  |TAMS 0x0000000085600000, 0x0000000085500000| Untracked 
|  58|0x0000000085600000, 0x0000000085700000, 0x0000000085700000|100%| O|  |TAMS 0x0000000085700000, 0x0000000085600000| Untracked 
|  59|0x0000000085700000, 0x0000000085800000, 0x0000000085800000|100%| O|  |TAMS 0x0000000085800000, 0x0000000085700000| Untracked 
|  60|0x0000000085800000, 0x0000000085900000, 0x0000000085900000|100%| O|  |TAMS 0x0000000085900000, 0x0000000085800000| Untracked 
|  61|0x0000000085900000, 0x0000000085a00000, 0x0000000085a00000|100%| O|  |TAMS 0x0000000085a00000, 0x0000000085900000| Untracked 
|  62|0x0000000085a00000, 0x0000000085b00000, 0x0000000085b00000|100%| O|  |TAMS 0x0000000085b00000, 0x0000000085a00000| Untracked 
|  63|0x0000000085b00000, 0x0000000085c00000, 0x0000000085c00000|100%| O|  |TAMS 0x0000000085c00000, 0x0000000085b00000| Untracked 
|  64|0x0000000085c00000, 0x0000000085d00000, 0x0000000085d00000|100%| O|  |TAMS 0x0000000085d00000, 0x0000000085c00000| Untracked 
|  65|0x0000000085d00000, 0x0000000085e00000, 0x0000000085e00000|100%| O|  |TAMS 0x0000000085e00000, 0x0000000085d00000| Untracked 
|  66|0x0000000085e00000, 0x0000000085f00000, 0x0000000085f00000|100%| O|  |TAMS 0x0000000085f00000, 0x0000000085e00000| Untracked 
|  67|0x0000000085f00000, 0x0000000086000000, 0x0000000086000000|100%|HS|  |TAMS 0x0000000086000000, 0x0000000085f00000| Complete 
|  68|0x0000000086000000, 0x0000000086100000, 0x0000000086100000|100%| O|  |TAMS 0x0000000086100000, 0x0000000086000000| Untracked 
|  69|0x0000000086100000, 0x0000000086200000, 0x0000000086200000|100%| O|  |TAMS 0x0000000086200000, 0x0000000086100000| Untracked 
|  70|0x0000000086200000, 0x0000000086300000, 0x0000000086300000|100%| O|  |TAMS 0x0000000086300000, 0x0000000086200000| Untracked 
|  71|0x0000000086300000, 0x0000000086400000, 0x0000000086400000|100%| O|  |TAMS 0x0000000086400000, 0x0000000086300000| Untracked 
|  72|0x0000000086400000, 0x0000000086500000, 0x0000000086500000|100%| O|  |TAMS 0x0000000086500000, 0x0000000086400000| Untracked 
|  73|0x0000000086500000, 0x0000000086600000, 0x0000000086600000|100%| O|  |TAMS 0x0000000086600000, 0x0000000086500000| Untracked 
|  74|0x0000000086600000, 0x00000000866da000, 0x0000000086700000| 85%| O|  |TAMS 0x00000000866da000, 0x0000000086600000| Untracked 
|  75|0x0000000086700000, 0x0000000086700000, 0x0000000086800000|  0%| F|  |TAMS 0x0000000086700000, 0x0000000086700000| Untracked 
|  76|0x0000000086800000, 0x0000000086800000, 0x0000000086900000|  0%| F|  |TAMS 0x0000000086800000, 0x0000000086800000| Untracked 
|  77|0x0000000086900000, 0x0000000086900000, 0x0000000086a00000|  0%| F|  |TAMS 0x0000000086900000, 0x0000000086900000| Untracked 
|  78|0x0000000086a00000, 0x0000000086a00000, 0x0000000086b00000|  0%| F|  |TAMS 0x0000000086a00000, 0x0000000086a00000| Untracked 
|  79|0x0000000086b00000, 0x0000000086b00000, 0x0000000086c00000|  0%| F|  |TAMS 0x0000000086b00000, 0x0000000086b00000| Untracked 
|  80|0x0000000086c00000, 0x0000000086c00000, 0x0000000086d00000|  0%| F|  |TAMS 0x0000000086c00000, 0x0000000086c00000| Untracked 
|  81|0x0000000086d00000, 0x0000000086d00000, 0x0000000086e00000|  0%| F|  |TAMS 0x0000000086d00000, 0x0000000086d00000| Untracked 
|  82|0x0000000086e00000, 0x0000000086e00000, 0x0000000086f00000|  0%| F|  |TAMS 0x0000000086e00000, 0x0000000086e00000| Untracked 
|  83|0x0000000086f00000, 0x0000000086f00000, 0x0000000087000000|  0%| F|  |TAMS 0x0000000086f00000, 0x0000000086f00000| Untracked 
|  84|0x0000000087000000, 0x0000000087000000, 0x0000000087100000|  0%| F|  |TAMS 0x0000000087000000, 0x0000000087000000| Untracked 
|  85|0x0000000087100000, 0x0000000087100000, 0x0000000087200000|  0%| F|  |TAMS 0x0000000087100000, 0x0000000087100000| Untracked 
|  86|0x0000000087200000, 0x0000000087200000, 0x0000000087300000|  0%| F|  |TAMS 0x0000000087200000, 0x0000000087200000| Untracked 
|  87|0x0000000087300000, 0x0000000087300000, 0x0000000087400000|  0%| F|  |TAMS 0x0000000087300000, 0x0000000087300000| Untracked 
|  88|0x0000000087400000, 0x0000000087400000, 0x0000000087500000|  0%| F|  |TAMS 0x0000000087400000, 0x0000000087400000| Untracked 
|  89|0x0000000087500000, 0x0000000087500000, 0x0000000087600000|  0%| F|  |TAMS 0x0000000087500000, 0x0000000087500000| Untracked 
|  90|0x0000000087600000, 0x0000000087600000, 0x0000000087700000|  0%| F|  |TAMS 0x0000000087600000, 0x0000000087600000| Untracked 
|  91|0x0000000087700000, 0x0000000087700000, 0x0000000087800000|  0%| F|  |TAMS 0x0000000087700000, 0x0000000087700000| Untracked 
|  92|0x0000000087800000, 0x0000000087800000, 0x0000000087900000|  0%| F|  |TAMS 0x0000000087800000, 0x0000000087800000| Untracked 
|  93|0x0000000087900000, 0x0000000087900000, 0x0000000087a00000|  0%| F|  |TAMS 0x0000000087900000, 0x0000000087900000| Untracked 
|  94|0x0000000087a00000, 0x0000000087a00000, 0x0000000087b00000|  0%| F|  |TAMS 0x0000000087a00000, 0x0000000087a00000| Untracked 
|  95|0x0000000087b00000, 0x0000000087b00000, 0x0000000087c00000|  0%| F|  |TAMS 0x0000000087b00000, 0x0000000087b00000| Untracked 
|  96|0x0000000087c00000, 0x0000000087c00000, 0x0000000087d00000|  0%| F|  |TAMS 0x0000000087c00000, 0x0000000087c00000| Untracked 
|  97|0x0000000087d00000, 0x0000000087d00000, 0x0000000087e00000|  0%| F|  |TAMS 0x0000000087d00000, 0x0000000087d00000| Untracked 
|  98|0x0000000087e00000, 0x0000000087e00000, 0x0000000087f00000|  0%| F|  |TAMS 0x0000000087e00000, 0x0000000087e00000| Untracked 
|  99|0x0000000087f00000, 0x0000000087f00000, 0x0000000088000000|  0%| F|  |TAMS 0x0000000087f00000, 0x0000000087f00000| Untracked 
| 100|0x0000000088000000, 0x0000000088000000, 0x0000000088100000|  0%| F|  |TAMS 0x0000000088000000, 0x0000000088000000| Untracked 
| 101|0x0000000088100000, 0x0000000088100000, 0x0000000088200000|  0%| F|  |TAMS 0x0000000088100000, 0x0000000088100000| Untracked 
| 102|0x0000000088200000, 0x0000000088200000, 0x0000000088300000|  0%| F|  |TAMS 0x0000000088200000, 0x0000000088200000| Untracked 
| 103|0x0000000088300000, 0x00000000883cce80, 0x0000000088400000| 80%| S|CS|TAMS 0x0000000088300000, 0x0000000088300000| Complete 
| 104|0x0000000088400000, 0x0000000088400000, 0x0000000088500000|  0%| F|  |TAMS 0x0000000088400000, 0x0000000088400000| Untracked 
| 105|0x0000000088500000, 0x0000000088500000, 0x0000000088600000|  0%| F|  |TAMS 0x0000000088500000, 0x0000000088500000| Untracked 
| 106|0x0000000088600000, 0x0000000088600000, 0x0000000088700000|  0%| F|  |TAMS 0x0000000088600000, 0x0000000088600000| Untracked 
| 107|0x0000000088700000, 0x0000000088700000, 0x0000000088800000|  0%| F|  |TAMS 0x0000000088700000, 0x0000000088700000| Untracked 
| 108|0x0000000088800000, 0x0000000088800000, 0x0000000088900000|  0%| F|  |TAMS 0x0000000088800000, 0x0000000088800000| Untracked 
| 109|0x0000000088900000, 0x0000000088900000, 0x0000000088a00000|  0%| F|  |TAMS 0x0000000088900000, 0x0000000088900000| Untracked 
| 110|0x0000000088a00000, 0x0000000088a00000, 0x0000000088b00000|  0%| F|  |TAMS 0x0000000088a00000, 0x0000000088a00000| Untracked 
| 111|0x0000000088b00000, 0x0000000088b00000, 0x0000000088c00000|  0%| F|  |TAMS 0x0000000088b00000, 0x0000000088b00000| Untracked 
| 112|0x0000000088c00000, 0x0000000088c00000, 0x0000000088d00000|  0%| F|  |TAMS 0x0000000088c00000, 0x0000000088c00000| Untracked 
| 113|0x0000000088d00000, 0x0000000088d80800, 0x0000000088e00000| 50%| E|  |TAMS 0x0000000088d00000, 0x0000000088d00000| Complete 
| 114|0x0000000088e00000, 0x0000000088f00000, 0x0000000088f00000|100%| E|CS|TAMS 0x0000000088e00000, 0x0000000088e00000| Complete 
| 115|0x0000000088f00000, 0x0000000089000000, 0x0000000089000000|100%| E|CS|TAMS 0x0000000088f00000, 0x0000000088f00000| Complete 
| 116|0x0000000089000000, 0x0000000089100000, 0x0000000089100000|100%| E|CS|TAMS 0x0000000089000000, 0x0000000089000000| Complete 
| 117|0x0000000089100000, 0x0000000089200000, 0x0000000089200000|100%| E|CS|TAMS 0x0000000089100000, 0x0000000089100000| Complete 
| 118|0x0000000089200000, 0x0000000089300000, 0x0000000089300000|100%| E|CS|TAMS 0x0000000089200000, 0x0000000089200000| Complete 
| 119|0x0000000089300000, 0x0000000089400000, 0x0000000089400000|100%| E|CS|TAMS 0x0000000089300000, 0x0000000089300000| Complete 
| 120|0x0000000089400000, 0x0000000089500000, 0x0000000089500000|100%| E|CS|TAMS 0x0000000089400000, 0x0000000089400000| Complete 
| 121|0x0000000089500000, 0x0000000089600000, 0x0000000089600000|100%| E|CS|TAMS 0x0000000089500000, 0x0000000089500000| Complete 
| 122|0x0000000089600000, 0x0000000089700000, 0x0000000089700000|100%| E|CS|TAMS 0x0000000089600000, 0x0000000089600000| Complete 
| 123|0x0000000089700000, 0x0000000089800000, 0x0000000089800000|100%| E|CS|TAMS 0x0000000089700000, 0x0000000089700000| Complete 
| 124|0x0000000089800000, 0x0000000089900000, 0x0000000089900000|100%| E|CS|TAMS 0x0000000089800000, 0x0000000089800000| Complete 
| 125|0x0000000089900000, 0x0000000089a00000, 0x0000000089a00000|100%| E|CS|TAMS 0x0000000089900000, 0x0000000089900000| Complete 
| 126|0x0000000089a00000, 0x0000000089b00000, 0x0000000089b00000|100%| E|CS|TAMS 0x0000000089a00000, 0x0000000089a00000| Complete 
| 127|0x0000000089b00000, 0x0000000089c00000, 0x0000000089c00000|100%| E|CS|TAMS 0x0000000089b00000, 0x0000000089b00000| Complete 
| 128|0x0000000089c00000, 0x0000000089d00000, 0x0000000089d00000|100%| E|CS|TAMS 0x0000000089c00000, 0x0000000089c00000| Complete 
| 129|0x0000000089d00000, 0x0000000089e00000, 0x0000000089e00000|100%| E|CS|TAMS 0x0000000089d00000, 0x0000000089d00000| Complete 
| 130|0x0000000089e00000, 0x0000000089f00000, 0x0000000089f00000|100%| E|CS|TAMS 0x0000000089e00000, 0x0000000089e00000| Complete 
| 131|0x0000000089f00000, 0x000000008a000000, 0x000000008a000000|100%| E|CS|TAMS 0x0000000089f00000, 0x0000000089f00000| Complete 
| 132|0x000000008a000000, 0x000000008a100000, 0x000000008a100000|100%| E|CS|TAMS 0x000000008a000000, 0x000000008a000000| Complete 
| 133|0x000000008a100000, 0x000000008a200000, 0x000000008a200000|100%| E|CS|TAMS 0x000000008a100000, 0x000000008a100000| Complete 
| 134|0x000000008a200000, 0x000000008a300000, 0x000000008a300000|100%| E|CS|TAMS 0x000000008a200000, 0x000000008a200000| Complete 
| 135|0x000000008a300000, 0x000000008a400000, 0x000000008a400000|100%| E|CS|TAMS 0x000000008a300000, 0x000000008a300000| Complete 
| 136|0x000000008a400000, 0x000000008a500000, 0x000000008a500000|100%| E|CS|TAMS 0x000000008a400000, 0x000000008a400000| Complete 
| 137|0x000000008a500000, 0x000000008a600000, 0x000000008a600000|100%| E|CS|TAMS 0x000000008a500000, 0x000000008a500000| Complete 
| 138|0x000000008a600000, 0x000000008a700000, 0x000000008a700000|100%| E|CS|TAMS 0x000000008a600000, 0x000000008a600000| Complete 
| 139|0x000000008a700000, 0x000000008a800000, 0x000000008a800000|100%| E|CS|TAMS 0x000000008a700000, 0x000000008a700000| Complete 
| 140|0x000000008a800000, 0x000000008a900000, 0x000000008a900000|100%| E|CS|TAMS 0x000000008a800000, 0x000000008a800000| Complete 
| 141|0x000000008a900000, 0x000000008aa00000, 0x000000008aa00000|100%| E|CS|TAMS 0x000000008a900000, 0x000000008a900000| Complete 

Card table byte_map: [0x0000028d743b0000,0x0000028d747b0000] _byte_map_base: 0x0000028d73fa2000

Marking Bits (Prev, Next): (CMBitMap*) 0x0000028d6b8b86b8, (CMBitMap*) 0x0000028d6b8b8678
 Prev Bits: [0x0000028d76b40000, 0x0000028d78ad0000)
 Next Bits: [0x0000028d74bb0000, 0x0000028d76b40000)

Polling page: 0x0000028d69820000

Metaspace:

Usage:
  Non-class:     22.40 MB capacity,    22.22 MB (>99%) used,   154.30 KB ( <1%) free+waste,    34.25 KB ( <1%) overhead. 
      Class:      4.11 MB capacity,     4.01 MB ( 98%) used,    85.97 KB (  2%) free+waste,    15.56 KB ( <1%) overhead. 
       Both:     26.51 MB capacity,    26.23 MB ( 99%) used,   240.27 KB ( <1%) free+waste,    49.81 KB ( <1%) overhead. 

Virtual space:
  Non-class space:       24.00 MB reserved,      22.50 MB ( 94%) committed 
      Class space:        1.00 GB reserved,       4.13 MB ( <1%) committed 
             Both:        1.02 GB reserved,      26.63 MB (  3%) committed 

Chunk freelists:
   Non-Class:  4.50 KB
       Class:  2.38 KB
        Both:  6.88 KB

CodeHeap 'non-profiled nmethods': size=120000Kb used=2211Kb max_used=2211Kb free=117789Kb
 bounds [0x0000028d07ad0000, 0x0000028d07d40000, 0x0000028d0f000000]
CodeHeap 'profiled nmethods': size=120000Kb used=5828Kb max_used=5828Kb free=114171Kb
 bounds [0x0000028d005a0000, 0x0000028d00b60000, 0x0000028d07ad0000]
CodeHeap 'non-nmethods': size=5760Kb used=1199Kb max_used=1285Kb free=4560Kb
 bounds [0x0000028d00000000, 0x0000028d00270000, 0x0000028d005a0000]
 total_blobs=4429 nmethods=2489 adapters=448
 compilation: enabled
              stopped_count=0, restarted_count=0
 full_count=0

Compilation events (10 events):
Event: 25.129 Thread 0x0000028d7b525000 2915       3       org.processmining.framework.plugin.PluginParameterBinding::compareTo (9 bytes)
Event: 25.130 Thread 0x0000028d7b525000 nmethod 2915 0x0000028d00b4dd10 code [0x0000028d00b4dee0, 0x0000028d00b4e1b0]
Event: 25.130 Thread 0x0000028d7b525000 2916       3       org.processmining.framework.plugin.PluginParameterBinding::compareTo (59 bytes)
Event: 25.130 Thread 0x0000028d7b525000 nmethod 2916 0x0000028d00b4e290 code [0x0000028d00b4e4a0, 0x0000028d00b4e8a0]
Event: 25.144 Thread 0x0000028d7e767800 nmethod 2904 0x0000028d07cf0310 code [0x0000028d07cf0740, 0x0000028d07cf47c0]
Event: 25.151 Thread 0x0000028d7b525000 2917 %     3       org.processmining.framework.plugin.PluginParameterBinding$Factory::tryToBind @ 300 (609 bytes)
Event: 25.155 Thread 0x0000028d7b525000 nmethod 2917% 0x0000028d00b4ea10 code [0x0000028d00b4f000, 0x0000028d00b52d30]
Event: 25.155 Thread 0x0000028d7b525000 2918       3       org.processmining.framework.plugin.PluginParameterBinding$Factory::tryToBind (609 bytes)
Event: 25.160 Thread 0x0000028d7b525000 nmethod 2918 0x0000028d00b54110 code [0x0000028d00b54780, 0x0000028d00b58b50]
Event: 25.162 Thread 0x0000028d7e767800 2919       4       org.processmining.framework.plugin.PluginParameterBinding$Factory::tryToBind (609 bytes)

GC Heap History (10 events):
Event: 24.286 GC heap before
{Heap before GC invocations=43 (full 0):
 garbage-first heap   total 131072K, used 104153K [0x0000000081c00000, 0x0000000100000000)
  region size 1024K, 34 young (34816K), 4 survivors (4096K)
 Metaspace       used 26683K, capacity 27080K, committed 27264K, reserved 1073152K
  class space    used 4089K, capacity 4205K, committed 4224K, reserved 1048576K
}
Event: 24.292 GC heap after
{Heap after GC invocations=44 (full 0):
 garbage-first heap   total 131072K, used 77066K [0x0000000081c00000, 0x0000000100000000)
  region size 1024K, 5 young (5120K), 5 survivors (5120K)
 Metaspace       used 26683K, capacity 27080K, committed 27264K, reserved 1073152K
  class space    used 4089K, capacity 4205K, committed 4224K, reserved 1048576K
}
Event: 24.643 GC heap before
{Heap before GC invocations=44 (full 0):
 garbage-first heap   total 131072K, used 106762K [0x0000000081c00000, 0x0000000100000000)
  region size 1024K, 34 young (34816K), 5 survivors (5120K)
 Metaspace       used 26833K, capacity 27145K, committed 27264K, reserved 1073152K
  class space    used 4103K, capacity 4205K, committed 4224K, reserved 1048576K
}
Event: 24.647 GC heap after
{Heap after GC invocations=45 (full 0):
 garbage-first heap   total 131072K, used 77911K [0x0000000081c00000, 0x0000000100000000)
  region size 1024K, 2 young (2048K), 2 survivors (2048K)
 Metaspace       used 26833K, capacity 27145K, committed 27264K, reserved 1073152K
  class space    used 4103K, capacity 4205K, committed 4224K, reserved 1048576K
}
Event: 24.791 GC heap before
{Heap before GC invocations=46 (full 0):
 garbage-first heap   total 145408K, used 107607K [0x0000000081c00000, 0x0000000100000000)
  region size 1024K, 31 young (31744K), 2 survivors (2048K)
 Metaspace       used 26835K, capacity 27145K, committed 27264K, reserved 1073152K
  class space    used 4103K, capacity 4205K, committed 4224K, reserved 1048576K
}
Event: 24.793 GC heap after
{Heap after GC invocations=47 (full 0):
 garbage-first heap   total 145408K, used 77424K [0x0000000081c00000, 0x0000000100000000)
  region size 1024K, 1 young (1024K), 1 survivors (1024K)
 Metaspace       used 26835K, capacity 27145K, committed 27264K, reserved 1073152K
  class space    used 4103K, capacity 4205K, committed 4224K, reserved 1048576K
}
Event: 24.945 GC heap before
{Heap before GC invocations=47 (full 0):
 garbage-first heap   total 145408K, used 114288K [0x0000000081c00000, 0x0000000100000000)
  region size 1024K, 37 young (37888K), 1 survivors (1024K)
 Metaspace       used 26843K, capacity 27145K, committed 27264K, reserved 1073152K
  class space    used 4103K, capacity 4205K, committed 4224K, reserved 1048576K
}
Event: 24.947 GC heap after
{Heap after GC invocations=48 (full 0):
 garbage-first heap   total 145408K, used 77484K [0x0000000081c00000, 0x0000000100000000)
  region size 1024K, 1 young (1024K), 1 survivors (1024K)
 Metaspace       used 26843K, capacity 27145K, committed 27264K, reserved 1073152K
  class space    used 4103K, capacity 4205K, committed 4224K, reserved 1048576K
}
Event: 25.072 GC heap before
{Heap before GC invocations=49 (full 0):
 garbage-first heap   total 145408K, used 115372K [0x0000000081c00000, 0x0000000100000000)
  region size 1024K, 38 young (38912K), 1 survivors (1024K)
 Metaspace       used 26850K, capacity 27145K, committed 27264K, reserved 1073152K
  class space    used 4103K, capacity 4205K, committed 4224K, reserved 1048576K
}
Event: 25.074 GC heap after
{Heap after GC invocations=50 (full 0):
 garbage-first heap   total 145408K, used 77467K [0x0000000081c00000, 0x0000000100000000)
  region size 1024K, 1 young (1024K), 1 survivors (1024K)
 Metaspace       used 26850K, capacity 27145K, committed 27264K, reserved 1073152K
  class space    used 4103K, capacity 4205K, committed 4224K, reserved 1048576K
}

Deoptimization events (10 events):
Event: 24.491 Thread 0x0000028d6b875000 Uncommon trap: reason=class_check action=maybe_recompile pc=0x0000028d07cbf910 method=java.util.TreeMap.put(Ljava/lang/Object;Ljava/lang/Object;)Ljava/lang/Object; @ 127 c2
Event: 24.491 Thread 0x0000028d6b875000 Uncommon trap: reason=class_check action=maybe_recompile pc=0x0000028d07cbf910 method=java.util.TreeMap.put(Ljava/lang/Object;Ljava/lang/Object;)Ljava/lang/Object; @ 127 c2
Event: 24.491 Thread 0x0000028d6b875000 Uncommon trap: reason=class_check action=maybe_recompile pc=0x0000028d07cbf910 method=java.util.TreeMap.put(Ljava/lang/Object;Ljava/lang/Object;)Ljava/lang/Object; @ 127 c2
Event: 24.680 Thread 0x0000028d6b875000 Uncommon trap: reason=predicate action=maybe_recompile pc=0x0000028d07cd7034 method=java.util.TreeMap.put(Ljava/lang/Object;Ljava/lang/Object;)Ljava/lang/Object; @ 132 c2
Event: 24.725 Thread 0x0000028d6b875000 Uncommon trap: reason=profile_predicate action=maybe_recompile pc=0x0000028d07cdae14 method=org.processmining.framework.plugin.PluginParameterBinding$Factory.tryToBind(Lorg/processmining/framework/plugin/PluginManager;Lorg/processmining/framework/plugin/P
Event: 24.725 Thread 0x0000028d6b875000 Uncommon trap: reason=profile_predicate action=maybe_recompile pc=0x0000028d07cdae14 method=org.processmining.framework.plugin.PluginParameterBinding$Factory.tryToBind(Lorg/processmining/framework/plugin/PluginManager;Lorg/processmining/framework/plugin/P
Event: 24.725 Thread 0x0000028d6b875000 Uncommon trap: reason=profile_predicate action=maybe_recompile pc=0x0000028d07cdae14 method=org.processmining.framework.plugin.PluginParameterBinding$Factory.tryToBind(Lorg/processmining/framework/plugin/PluginManager;Lorg/processmining/framework/plugin/P
Event: 24.725 Thread 0x0000028d6b875000 Uncommon trap: reason=profile_predicate action=maybe_recompile pc=0x0000028d07cdae14 method=org.processmining.framework.plugin.PluginParameterBinding$Factory.tryToBind(Lorg/processmining/framework/plugin/PluginManager;Lorg/processmining/framework/plugin/P
Event: 24.912 Thread 0x0000028d6b875000 Uncommon trap: reason=unstable_if action=reinterpret pc=0x0000028d07ce4bf4 method=org.processmining.framework.plugin.PluginParameterBinding$Factory.tryToBind(Lorg/processmining/framework/plugin/PluginManager;Lorg/processmining/framework/plugin/PluginDescr
Event: 25.151 Thread 0x0000028d6b875000 Uncommon trap: reason=unstable_if action=reinterpret pc=0x0000028d07cf3b14 method=org.processmining.framework.plugin.PluginParameterBinding$Factory.tryToBind(Lorg/processmining/framework/plugin/PluginManager;Lorg/processmining/framework/plugin/PluginDescr

Classes redefined (0 events):
No events

Internal exceptions (10 events):
Event: 0.459 Thread 0x0000028d6b875000 Exception <a 'java/lang/NoSuchMethodError'{0x000000008906e688}: java.lang.invoke.DirectMethodHandle$Holder.invokeSpecialIFC(Ljava/lang/Object;Ljava/lang/Object;I)I> (0x000000008906e688) thrown at [t:/workspace/open/src/hotspot/share/interpreter/linkResolv
Event: 1.084 Thread 0x0000028d7d0d9800 Exception <a 'java/lang/IncompatibleClassChangeError'{0x00000000893b7a28}: Found class java.lang.Object, but interface was expected> (0x00000000893b7a28) thrown at [t:/workspace/open/src/hotspot/share/interpreter/linkResolver.cpp, line 843]
Event: 1.298 Thread 0x0000028d7d0d9800 Exception <a 'java/lang/ClassNotFoundException'{0x000000008864c508}: sun/awt/resources/spi/awtProvider> (0x000000008864c508) thrown at [t:/workspace/open/src/hotspot/share/classfile/systemDictionary.cpp, line 235]
Event: 1.309 Thread 0x0000028d7d0d9800 Exception <a 'java/io/FileNotFoundException'{0x00000000886775b8}> (0x00000000886775b8) thrown at [t:/workspace/open/src/hotspot/share/prims/jni.cpp, line 615]
Event: 1.310 Thread 0x0000028d7d0d9800 Exception <a 'java/io/FileNotFoundException'{0x0000000088678db0}> (0x0000000088678db0) thrown at [t:/workspace/open/src/hotspot/share/prims/jni.cpp, line 615]
Event: 1.363 Thread 0x0000028d7d0d9800 Exception <a 'java/lang/NoSuchMethodError'{0x0000000088436128}: java.lang.invoke.DirectMethodHandle$Holder.invokeStaticInit(Ljava/lang/Object;IIII)Ljava/lang/Object;> (0x0000000088436128) thrown at [t:/workspace/open/src/hotspot/share/interpreter/linkReso
Event: 1.570 Thread 0x0000028d7d0d9800 Exception <a 'java/lang/NoSuchMethodError'{0x00000000884a5858}: java.lang.invoke.DirectMethodHandle$Holder.invokeStaticInit(Ljava/lang/Object;Ljava/lang/Object;IIII)Ljava/lang/Object;> (0x00000000884a5858) thrown at [t:/workspace/open/src/hotspot/share/in
Event: 1.621 Thread 0x0000028d7d0d8800 Exception <a 'java/lang/NoSuchMethodError'{0x000000008835f388}: java.lang.invoke.DirectMethodHandle$Holder.invokeSpecial(Ljava/lang/Object;Ljava/lang/Object;)V> (0x000000008835f388) thrown at [t:/workspace/open/src/hotspot/share/interpreter/linkResolver.c
Event: 1.623 Thread 0x0000028d7d0d9800 Exception <a 'java/lang/NoSuchMethodError'{0x000000008833bd98}: java.lang.invoke.DirectMethodHandle$Holder.invokeStatic(Ljava/lang/Object;Ljava/lang/Object;Ljava/lang/Object;Ljava/lang/Object;Ljava/lang/Object;Ljava/lang/Object;Ljava/lang/Object;J)Ljava/l
Event: 23.042 Thread 0x0000028d6b875000 Implicit null exception at 0x0000028d07be8cca to 0x0000028d07be9432

Events (10 events):
Event: 25.124 Thread 0x0000028d6b875000 DEOPT UNPACKING pc=0x0000028d000299ce sp=0x000000eb6d2fd9d0 mode 0
Event: 25.138 Thread 0x0000028d6b875000 DEOPT PACKING pc=0x0000028d00b35e82 sp=0x000000eb6d2fe4f0
Event: 25.138 Thread 0x0000028d6b875000 DEOPT UNPACKING pc=0x0000028d000299ce sp=0x000000eb6d2fd9d0 mode 0
Event: 25.148 Thread 0x0000028d6b875000 DEOPT PACKING pc=0x0000028d00b35e82 sp=0x000000eb6d2fe4f0
Event: 25.148 Thread 0x0000028d6b875000 DEOPT UNPACKING pc=0x0000028d000299ce sp=0x000000eb6d2fd9d0 mode 0
Event: 25.151 Thread 0x0000028d6b875000 Uncommon trap: trap_request=0xffffff4d fr.pc=0x0000028d07cf3b14 relative=0x00000000000033d4
Event: 25.151 Thread 0x0000028d6b875000 DEOPT PACKING pc=0x0000028d07cf3b14 sp=0x000000eb6d2fe420
Event: 25.151 Thread 0x0000028d6b875000 DEOPT UNPACKING pc=0x0000028d00029baf sp=0x000000eb6d2fe3c8 mode 2
Event: 25.162 Thread 0x0000028d6b875000 DEOPT PACKING pc=0x0000028d00b35e82 sp=0x000000eb6d2fe4f0
Event: 25.162 Thread 0x0000028d6b875000 DEOPT UNPACKING pc=0x0000028d000299ce sp=0x000000eb6d2fd9d0 mode 0


Dynamic libraries:
0x00007ff6e9bb0000 - 0x00007ff6e9bbf000 	C:\Program Files\Java\jdk-12.0.2\bin\javaw.exe
0x00007ff883a30000 - 0x00007ff883c25000 	C:\WINDOWS\SYSTEM32\ntdll.dll
0x00007ff883480000 - 0x00007ff88353d000 	C:\WINDOWS\System32\KERNEL32.DLL
0x00007ff8813e0000 - 0x00007ff8816a8000 	C:\WINDOWS\System32\KERNELBASE.dll
0x00007ff881830000 - 0x00007ff881930000 	C:\WINDOWS\System32\ucrtbase.dll
0x00007ff87e9d0000 - 0x00007ff87e9e8000 	C:\Program Files\Java\jdk-12.0.2\bin\jli.dll
0x00007ff87e9b0000 - 0x00007ff87e9c6000 	C:\Program Files\Java\jdk-12.0.2\bin\VCRUNTIME140.dll
0x00007ff8838b0000 - 0x00007ff88395c000 	C:\WINDOWS\System32\ADVAPI32.dll
0x00007ff881c50000 - 0x00007ff881cee000 	C:\WINDOWS\System32\msvcrt.dll
0x00007ff883090000 - 0x00007ff88312b000 	C:\WINDOWS\System32\sechost.dll
0x00007ff8827f0000 - 0x00007ff88291b000 	C:\WINDOWS\System32\RPCRT4.dll
0x00007ff8832d0000 - 0x00007ff883470000 	C:\WINDOWS\System32\USER32.dll
0x00007ff85c140000 - 0x00007ff85c3da000 	C:\WINDOWS\WinSxS\amd64_microsoft.windows.common-controls_6595b64144ccf1df_6.0.19041.844_none_ca00b6081b84eb1d\COMCTL32.dll
0x00007ff8812d0000 - 0x00007ff8812f2000 	C:\WINDOWS\System32\win32u.dll
0x00007ff883060000 - 0x00007ff88308a000 	C:\WINDOWS\System32\GDI32.dll
0x00007ff8811c0000 - 0x00007ff8812cb000 	C:\WINDOWS\System32\gdi32full.dll
0x00007ff881730000 - 0x00007ff8817cd000 	C:\WINDOWS\System32\msvcp_win.dll
0x00007ff87a370000 - 0x00007ff87a37a000 	C:\WINDOWS\SYSTEM32\VERSION.dll
0x00007ff8839c0000 - 0x00007ff8839f0000 	C:\WINDOWS\System32\IMM32.DLL
0x00007ff8655b0000 - 0x00007ff86565a000 	C:\Program Files\Java\jdk-12.0.2\bin\msvcp140.dll
0x00007ff8277e0000 - 0x00007ff828357000 	C:\Program Files\Java\jdk-12.0.2\bin\server\jvm.dll
0x00007ff883540000 - 0x00007ff883548000 	C:\WINDOWS\System32\PSAPI.DLL
0x00007ff860610000 - 0x00007ff860619000 	C:\WINDOWS\SYSTEM32\WSOCK32.dll
0x00007ff862220000 - 0x00007ff862247000 	C:\WINDOWS\SYSTEM32\WINMM.dll
0x00007ff883260000 - 0x00007ff8832cb000 	C:\WINDOWS\System32\WS2_32.dll
0x00007ff87efd0000 - 0x00007ff87efe2000 	C:\WINDOWS\SYSTEM32\kernel.appcore.dll
0x00007ff86b0e0000 - 0x00007ff86b0f1000 	C:\Program Files\Java\jdk-12.0.2\bin\verify.dll
0x00007ff87b290000 - 0x00007ff87b474000 	C:\WINDOWS\SYSTEM32\DBGHELP.DLL
0x00007ff867250000 - 0x00007ff86727c000 	C:\WINDOWS\SYSTEM32\dbgcore.DLL
0x00007ff8816b0000 - 0x00007ff881730000 	C:\WINDOWS\System32\bcryptPrimitives.dll
0x00007ff868d00000 - 0x00007ff868d26000 	C:\Program Files\Java\jdk-12.0.2\bin\java.dll
0x00007ff86a430000 - 0x00007ff86a447000 	C:\Program Files\Java\jdk-12.0.2\bin\zip.dll
0x00007ff86ead0000 - 0x00007ff86eada000 	C:\Program Files\Java\jdk-12.0.2\bin\jimage.dll
0x00007ff881fd0000 - 0x00007ff882712000 	C:\WINDOWS\System32\SHELL32.dll
0x00007ff87f2b0000 - 0x00007ff87fa41000 	C:\WINDOWS\SYSTEM32\windows.storage.dll
0x00007ff883550000 - 0x00007ff8838a5000 	C:\WINDOWS\System32\combase.dll
0x00007ff880b00000 - 0x00007ff880b2c000 	C:\WINDOWS\SYSTEM32\Wldp.dll
0x00007ff881cf0000 - 0x00007ff881d9e000 	C:\WINDOWS\System32\SHCORE.dll
0x00007ff883000000 - 0x00007ff883055000 	C:\WINDOWS\System32\shlwapi.dll
0x00007ff8810b0000 - 0x00007ff8810cf000 	C:\WINDOWS\SYSTEM32\profapi.dll
0x00007ff869bf0000 - 0x00007ff869c09000 	C:\Program Files\Java\jdk-12.0.2\bin\net.dll
0x00007ff869960000 - 0x00007ff869b4e000 	C:\WINDOWS\SYSTEM32\urlmon.dll
0x00007ff865d90000 - 0x00007ff865e9b000 	C:\WINDOWS\SYSTEM32\WINHTTP.dll
0x00007ff869e50000 - 0x00007ff86a100000 	C:\WINDOWS\SYSTEM32\iertutil.dll
0x00007ff880880000 - 0x00007ff8808ea000 	C:\WINDOWS\system32\mswsock.dll
0x00007ff8698a0000 - 0x00007ff8698b3000 	C:\Program Files\Java\jdk-12.0.2\bin\nio.dll
0x00007ff876bc0000 - 0x00007ff876bc9000 	C:\Program Files\Java\jdk-12.0.2\bin\prefs.dll
0x00007ff8805b0000 - 0x00007ff88067c000 	C:\WINDOWS\SYSTEM32\DNSAPI.dll
0x00007ff880570000 - 0x00007ff8805ab000 	C:\WINDOWS\SYSTEM32\IPHLPAPI.DLL
0x00007ff883470000 - 0x00007ff883478000 	C:\WINDOWS\System32\NSI.dll
0x00007ff865520000 - 0x00007ff86552a000 	C:\Windows\System32\rasadhlp.dll
0x00007ff8654a0000 - 0x00007ff86551f000 	C:\WINDOWS\System32\fwpuclnt.dll
0x00007ff8813b0000 - 0x00007ff8813d7000 	C:\WINDOWS\System32\bcrypt.dll
0x00007ff83dd90000 - 0x00007ff83df2f000 	C:\Program Files\Java\jdk-12.0.2\bin\awt.dll
0x00007ff882720000 - 0x00007ff8827ed000 	C:\WINDOWS\System32\OLEAUT32.dll
0x00007ff87d720000 - 0x00007ff87dce0000 	C:\WINDOWS\SYSTEM32\d2d1.dll
0x00007ff87ea20000 - 0x00007ff87eab0000 	C:\WINDOWS\SYSTEM32\apphelp.dll
0x00007ff880a50000 - 0x00007ff880a68000 	C:\WINDOWS\SYSTEM32\CRYPTSP.dll
0x00007ff880220000 - 0x00007ff880254000 	C:\WINDOWS\system32\rsaenh.dll
0x00007ff881030000 - 0x00007ff88105e000 	C:\WINDOWS\SYSTEM32\USERENV.dll
0x00007ff880f00000 - 0x00007ff880f0c000 	C:\WINDOWS\SYSTEM32\CRYPTBASE.dll
0x00007ff871780000 - 0x00007ff871797000 	C:\WINDOWS\SYSTEM32\dhcpcsvc6.DLL
0x00007ff874e20000 - 0x00007ff874e3d000 	C:\WINDOWS\SYSTEM32\dhcpcsvc.DLL
0x00007ff87ebd0000 - 0x00007ff87ec6e000 	C:\WINDOWS\system32\uxtheme.dll
0x00007ff882990000 - 0x00007ff882aa5000 	C:\WINDOWS\System32\MSCTF.dll
0x00007ff883130000 - 0x00007ff88325a000 	C:\WINDOWS\System32\ole32.dll

dbghelp: loaded successfully - version: 4.0.5 - missing functions: none
symbol engine: initialized successfully - sym options: 0x614 - pdb path: .;C:\Program Files\Java\jdk-12.0.2\bin;C:\WINDOWS\SYSTEM32;C:\WINDOWS\WinSxS\amd64_microsoft.windows.common-controls_6595b64144ccf1df_6.0.19041.844_none_ca00b6081b84eb1d;C:\Program Files\Java\jdk-12.0.2\bin\server

VM Arguments:
jvm_args: -Djava.system.class.loader=org.processmining.framework.util.ProMClassLoader -Dfile.encoding=UTF-8 
java_command: org.processmining.contexts.uitopia.UI
java_class_path (initial): D:\prom\PromBase\tests\bin-test;D:\prom\PromBase\bin;C:\Users\Rachmadita\.ivy2\cache\prom\ProM-Plugins\jars\ProM-Plugins-latest.jar;C:\Users\Rachmadita\.ivy2\cache\prom\ProM-Contexts\jars\ProM-Contexts-latest.jar;C:\Users\Rachmadita\.ivy2\cache\prom-libs\guava\jars\guava-16.0.1.jar;C:\Users\Rachmadita\.ivy2\cache\junit\junit\jars\junit-4.12.jar;C:\Users\Rachmadita\.ivy2\cache\prom-libs\bsh\jars\bsh-2.0b4.jar;C:\Users\Rachmadita\.ivy2\cache\prom-libs\Spex\jars\Spex-1.1.jar;C:\Users\Rachmadita\.ivy2\cache\prom-libs\Uitopia\jars\Uitopia-0.6-20190913.jar;C:\Users\Rachmadita\.ivy2\cache\prom-libs\UITopiaResources\jars\UITopiaResources-0.6-20190913.jar;C:\Users\Rachmadita\.ivy2\cache\prom\ProM-Framework\jars\ProM-Framework-latest.jar;C:\Users\Rachmadita\.ivy2\cache\org.apache.commons\commons-compress\jars\commons-compress-1.13.jar;C:\Users\Rachmadita\.ivy2\cache\commons-logging\commons-logging\jars\commons-logging-1.1.3.jar;C:\Users\Rachmadita\.ivy2\cache\prom-libs\jgraph\jars\jgraph-5.13.0.4.jar;C:\Users\Rachmadita\.ivy2\cache\com.brsanthu\google-analytics-java\jars\google-analytics-java-1.1.2.jar;C:\Users\Rachmadita\.ivy2\cache\org.apache.httpcomponents\httpclient\jars\httpclient-4.5.3.jar;C:\Users\Rachmadita\.ivy2\cache\org.apache.httpcomponents\httpcore\jars\httpcore-4.4.6.jar;C:\Users\Rachmadita\.ivy2\cache\org.apache.logging.log4j\log4j-api\jars\log4j-api-2.8.1.jar;C:\Users\Rachmadita\.ivy2\cache\org.apache.logging.log4j\log4j-core\jars\log4j-core-2.8.1.jar;C:\Users\Rachmadita\.ivy2\cache\org.apache.logging.log4j\log4j-slf4j-impl\jars\log4j-slf4j-impl-2.8.1.jar;C:\Users\Rachmadita\.ivy2\cache\prom-libs\jargs\jars\jargs-latest.jar;C:\Users\Rachmadita\.ivy2\cache\tablelayout\TableLayout\jars\TableLayout-20050920.jar;C:\Users\Rachmadita\.ivy2\cache\org.slf4j\slf4j-api\jars\slf4j-api-1.7.25.jar;C:\Users\Rachmadita\.ivy2\cache\prom-libs\slickerbox\jars\slickerbox-1.0rc1.jar;C:\Users\Rachmadita\.ivy2\cache\prom\ProM-Models\jars\ProM-Models-lat
Launcher Type: SUN_STANDARD

[Global flags]
     intx CICompilerCount                          = 4                                         {product} {ergonomic}
     uint ConcGCThreads                            = 2                                         {product} {ergonomic}
     uint G1ConcRefinementThreads                  = 8                                         {product} {ergonomic}
   size_t G1HeapRegionSize                         = 1048576                                   {product} {ergonomic}
    uintx GCDrainStackTargetSize                   = 64                                        {product} {ergonomic}
   size_t InitialHeapSize                          = 134217728                                 {product} {ergonomic}
   size_t MarkStackSize                            = 4194304                                   {product} {ergonomic}
   size_t MaxHeapSize                              = 2118123520                                {product} {ergonomic}
   size_t MaxNewSize                               = 1270874112                                {product} {ergonomic}
   size_t MinHeapDeltaBytes                        = 1048576                                   {product} {ergonomic}
    uintx NonNMethodCodeHeapSize                   = 5836300                                {pd product} {ergonomic}
    uintx NonProfiledCodeHeapSize                  = 122910970                              {pd product} {ergonomic}
    uintx ProfiledCodeHeapSize                     = 122910970                              {pd product} {ergonomic}
    uintx ReservedCodeCacheSize                    = 251658240                              {pd product} {ergonomic}
     bool SegmentedCodeCache                       = true                                      {product} {ergonomic}
     bool UseCompressedClassPointers               = true                                 {lp64_product} {ergonomic}
     bool UseCompressedOops                        = true                                 {lp64_product} {ergonomic}
     bool UseG1GC                                  = true                                      {product} {ergonomic}
     bool UseLargePagesIndividualAllocation        = false                                  {pd product} {ergonomic}

Logging:
Log output configuration:
 #0: stdout all=warning uptime,level,tags
 #1: stderr all=off uptime,level,tags

Environment Variables:
JAVA_HOME=C:\Program Files\OpenJDK\openjdk-8u282-b08
PATH=C:/Program Files/Java/jdk-12.0.2/bin/server;C:/Program Files/Java/jdk-12.0.2/bin;C:\ProgramData\Anaconda3;C:\ProgramData\Anaconda3\Library\mingw-w64\bin;C:\ProgramData\Anaconda3\Library\usr\bin;C:\ProgramData\Anaconda3\Library\bin;C:\ProgramData\Anaconda3\Scripts;C:\Program Files (x86)\Common Files\Oracle\Java\javapath;C:\WINDOWS\system32;C:\WINDOWS;C:\WINDOWS\System32\Wbem;C:\WINDOWS\System32\WindowsPowerShell\v1.0\;C:\WINDOWS\System32\OpenSSH\;C:\Program Files\Intel\WiFi\bin\;C:\Program Files\Common Files\Intel\WirelessCommon\;C:\xampp\php;C:\composer;C:\Program Files\SlikSvn\bin;C:\Program Files\TortoiseSVN\bin;C:\Program Files\Git\cmd;C:\Users\Rachmadita\AppData\Roaming\nvm;C:\Program Files\nodejs;C:\Program Files (x86)\adb;C:\Users\Rachmadita\AppData\Local\Android\Sdk;C:\ProgramData\chocolatey\bin;C:\Program Files\OpenJDK\openjdk-8u282-b08\bin;C:\Users\Rachmadita\AppData\Local\Microsoft\WindowsApps;C:\Users\Rachmadita\AppData\Local\atom\bin;C:\Users\Rachmadita\AppData\Roaming\Composer\vendor\bin;C:\Users\Rachmadita\AppData\Roaming\npm;C:\Program Files\heroku\bin;C:\Users\Rachmadita\AppData\Local\Programs\Microsoft VS Code\bin;C:\Users\Rachmadita\AppData\Local\Microsoft\WindowsApps;C:\Users\Rachmadita\AppData\Roaming\nvm;C:\Program Files\nodejs;;C:\WINDOWS\System32;
USERNAME=Rachmadita
OS=Windows_NT
PROCESSOR_IDENTIFIER=Intel64 Family 6 Model 142 Stepping 11, GenuineIntel



---------------  S Y S T E M  ---------------

OS: Windows 10 , 64 bit Build 19041 (10.0.19041.928)

CPU:total 8 (initial active 8) (4 cores per cpu, 2 threads per core) family 6 model 142 stepping 11, cmov, cx8, fxsr, mmx, sse, sse2, sse3, ssse3, sse4.1, sse4.2, popcnt, avx, avx2, aes, clmul, erms, 3dnowpref, lzcnt, ht, tsc, tscinvbit, bmi1, bmi2, adx, fma

Memory: 4k page, system-wide physical 8079M (2559M free)
TotalPageFile size 19343M (AvailPageFile size 10859M)
current process WorkingSet (physical memory assigned to process): 320M, peak: 323M
current process commit charge ("private bytes"): 366M, peak: 370M

vm_info: Java HotSpot(TM) 64-Bit Server VM (12.0.2+10) for windows-amd64 JRE (12.0.2+10), built on Jul 16 2019 01:56:17 by "mach5one" with MS VC++ 15.5 (VS2017)

END.
