#
# A fatal error has been detected by the Java Runtime Environment:
#
#  EXCEPTION_ACCESS_VIOLATION (0xc0000005) at pc=0x0000024507c67704, pid=11428, tid=15284
#
# JRE version: Java(TM) SE Runtime Environment (12.0.2+10) (build 12.0.2+10)
# Java VM: Java HotSpot(TM) 64-Bit Server VM (12.0.2+10, mixed mode, sharing, tiered, compressed oops, g1 gc, windows-amd64)
# Problematic frame:
# J 2881 c2 org.processmining.framework.plugin.impl.PluginManagerImpl.checkIfRequestedReturnTypeIsPresent(Lorg/processmining/framework/plugin/PluginDescriptor;Ljava/lang/Class;)I (50 bytes) @ 0x0000024507c67704 [0x0000024507c675e0+0x0000000000000124]
#
# No core dump will be written. Minidumps are not enabled by default on client versions of Windows
#
# If you would like to submit a bug report, please visit:
#   http://bugreport.java.com/bugreport/crash.jsp
#

---------------  S U M M A R Y ------------

Command Line: -Djava.system.class.loader=org.processmining.framework.util.ProMClassLoader -Dfile.encoding=UTF-8 org.processmining.contexts.uitopia.UI

Host: Intel(R) Core(TM) i7-8565U CPU @ 1.80GHz, 8 cores, 7G,  Windows 10 , 64 bit Build 18362 (10.0.18362.1350)
Time: Tue Mar 23 22:25:49 2021 SE Asia Standard Time elapsed time: 21 seconds (0d 0h 0m 21s)

---------------  T H R E A D  ---------------

Current thread (0x000002456fab3800):  JavaThread "main" [_thread_in_Java, id=15284, stack(0x000000a701500000,0x000000a701600000)]

Stack: [0x000000a701500000,0x000000a701600000],  sp=0x000000a7015fe2a0,  free space=1016k
Native frames: (J=compiled Java code, j=interpreted, Vv=VM code, C=native code)
C  0x0000024507c67704


siginfo: EXCEPTION_ACCESS_VIOLATION (0xc0000005), reading address 0xffffffffffffffff


Register to memory mapping:

RIP=0x0000024507c67704 is at entry_point+292 in (nmethod*)0x0000024507c67390
RAX=0x0000024507c67610 is at entry_point+48 in (nmethod*)0x0000024507c67390
RBX=0x00000008001219f8 is pointing into metadata
RCX=0x0000000000000001 is an unknown value
RDX=0x00000000877bba80 points into unknown readable memory: 19 00 00 00 00 00 00 00
RSP=0x000000a7015fe2a0 is pointing into the stack for thread: 0x000002456fab3800
RBP=0x000000a7015fe598 is pointing into the stack for thread: 0x000002456fab3800
RSI=0x0000000000000001 is an unknown value
RDI=0x00000000877bba80 points into unknown readable memory: 19 00 00 00 00 00 00 00
R8 =0x00000008001219f8 is pointing into metadata
R9 =0x00000000824beb90 points into unknown readable memory: 09 14 1a be 60 00 00 00
R10=0x0000000000053510 is an unknown value
R11=0x824bed4000000000 is an unknown value
R12=0x0 is NULL
R13=0x00000000877bba68 points into unknown readable memory: 1d 00 00 00 00 00 00 00
R14=0x0000000000000048 is an unknown value
R15=0x000002456fab3800 is a thread


Registers:
RAX=0x0000024507c67610, RBX=0x00000008001219f8, RCX=0x0000000000000001, RDX=0x00000000877bba80
RSP=0x000000a7015fe2a0, RBP=0x000000a7015fe598, RSI=0x0000000000000001, RDI=0x00000000877bba80
R8 =0x00000008001219f8, R9 =0x00000000824beb90, R10=0x0000000000053510, R11=0x824bed4000000000
R12=0x0000000000000000, R13=0x00000000877bba68, R14=0x0000000000000048, R15=0x000002456fab3800
RIP=0x0000024507c67704, EFLAGS=0x0000000000010246

Top of Stack: (sp=0x000000a7015fe2a0)
0x000000a7015fe2a0:   00000008011cc308 824bed4000000000
0x000000a7015fe2b0:   000000a700000001 000000a7015fe2e0
0x000000a7015fe2c0:   000002457fb61e40 0000000083e59260
0x000000a7015fe2d0:   0000000000000001 0000024507c67610
0x000000a7015fe2e0:   000000a7015fe598 0000000000000206
0x000000a7015fe2f0:   000000a7015fe598 0000024500b2c2c4
0x000000a7015fe300:   000000008851bd80 00000008003d4930
0x000000a7015fe310:   000000080120bda8 0000000082917c48
0x000000a7015fe320:   0000000000000000 000000008851bd80
0x000000a7015fe330:   000000a7015fe598 000000008579b268
0x000000a7015fe340:   000000008851bd80 0000024500b3a3d0
0x000000a7015fe350:   0000000100000000 00000000877a02a4
0x000000a7015fe360:   000000007a92cbe9 0000000083bd45d0
0x000000a7015fe370:   000000008855b008 000000008855aff0
0x000000a7015fe380:   000000a7015fe380 000000008779f2f0
0x000000a7015fe390:   000000008779f2c0 00000000824beb90 

Instructions: (pc=0x0000024507c67704)
0x0000024507c67604:   0f 1f 84 00 00 00 00 00 66 66 66 90 89 84 24 00
0x0000024507c67614:   90 ff ff 55 48 83 ec 50 c4 e1 f9 6e d2 45 8b 50
0x0000024507c67624:   08 41 81 fa d3 18 24 00 0f 85 58 16 00 00 45 8b
0x0000024507c67634:   58 1c 45 8b 53 08 48 ba 00 00 00 00 08 00 00 00
0x0000024507c67644:   4a 8d 14 d2 48 8b 5a 20 48 b9 f8 19 12 00 08 00
0x0000024507c67654:   00 00 48 3b d9 0f 85 8b 04 00 00 4d 8b eb 41 81
0x0000024507c67664:   fa 2a 0d 06 00 74 18 41 81 fa 10 35 05 00 0f 85
0x0000024507c67674:   f1 16 00 00 49 8b cd 8b 79 10 8b 77 0c eb 06 49
0x0000024507c67684:   8b cd 8b 71 10 85 f6 0f 8e b2 05 00 00 49 8b 49
0x0000024507c67694:   50 44 8b 71 10 41 81 fa 10 35 05 00 0f 85 10 16
0x0000024507c676a4:   00 00 48 89 0c 24 c4 e1 f9 6e c2 49 8b cd 8b 51
0x0000024507c676b4:   10 8b 4a 0c 89 4c 24 10 c5 f9 6e e2 c4 c1 79 6e
0x0000024507c676c4:   eb c4 c1 f9 6e d9 c4 c1 f9 6e c8 4c 8b 1c 24 45
0x0000024507c676d4:   8b 5b 08 c4 c1 79 6e fb 45 8b 59 20 4d 63 c6 c4
0x0000024507c676e4:   c1 f9 6e f0 49 b8 f8 19 12 00 08 00 00 00 49 3b
0x0000024507c676f4:   d8 0f 85 52 05 00 00 4d 8b 5b 50 4c 89 5c 24 08
0x0000024507c67704:   45 8b 43 10 4d 63 d8 41 81 fa 2a 0d 06 00 0f 84
0x0000024507c67714:   f0 01 00 00 85 c9 0f 86 d2 16 00 00 44 8b d1 41
0x0000024507c67724:   ff ca 44 3b d1 0f 83 b9 16 00 00 41 83 fe 20 0f
0x0000024507c67734:   85 00 01 00 00 45 33 c9 45 8b e9 41 8b d1 c4 c1
0x0000024507c67744:   79 7e e1 47 8b 4c a9 10 45 8b 51 08 49 8b c1 41
0x0000024507c67754:   81 fa 9d 23 07 00 0f 85 41 18 00 00 48 8b 70 50
0x0000024507c67764:   48 85 f6 0f 84 74 15 00 00 c4 c1 f9 7e f2 4e 8b
0x0000024507c67774:   14 16 4c 8b 0c 24 4d 3b ca 0f 84 f5 0e 00 00 49
0x0000024507c67784:   3b f1 0f 84 13 02 00 00 49 8b c1 50 48 8b c0 48
0x0000024507c67794:   8b 7e 28 8b 0f 48 83 c7 08 48 85 c0 f2 48 af 58
0x0000024507c677a4:   0f 85 04 00 00 00 48 89 46 20 0f 84 9b 05 00 00
0x0000024507c677b4:   c4 c1 79 7e f9 45 85 c9 7d 49 4e 8b 14 1e 48 8b
0x0000024507c677c4:   4c 24 08 49 3b ca 0f 84 d7 02 00 00 41 83 f8 20
0x0000024507c677d4:   75 31 48 3b f1 0f 84 c9 0e 00 00 48 8b c1 50 48
0x0000024507c677e4:   8b c0 48 8b 7e 28 8b 0f 48 83 c7 08 48 85 c0 f2
0x0000024507c677f4:   48 af 58 0f 85 04 00 00 00 48 89 46 20 0f 84 d1 


Stack slot to memory mapping:
stack at sp + 0 slots: 0x00000008011cc308 is a pointer to class: 
javax.swing.JComponent {0x00000008011cc310}
stack at sp + 1 slots: 0x824bed4000000000 is an unknown value
stack at sp + 2 slots: 0x000000a700000001 is an unknown value
stack at sp + 3 slots: 0x000000a7015fe2e0 is pointing into the stack for thread: 0x000002456fab3800
stack at sp + 4 slots: {method} {0x000002457fb61e48} 'checkIfRequestedReturnTypeIsPresent' '(Lorg/processmining/framework/plugin/PluginDescriptor;Ljava/lang/Class;)I' in 'org/processmining/framework/plugin/impl/PluginManagerImpl'
stack at sp + 5 slots: 0x0000000083e59260 is an oop: org.processmining.framework.plugin.impl.PluginManagerImpl 
{0x0000000083e59260} - klass: 'org/processmining/framework/plugin/impl/PluginManagerImpl'
stack at sp + 6 slots: 0x0000000000000001 is an unknown value
stack at sp + 7 slots: 0x0000024507c67610 is at entry_point+48 in (nmethod*)0x0000024507c67390



---------------  P R O C E S S  ---------------

Threads class SMR info:
_java_thread_list=0x00000245142cacf0, length=14, elements={
0x000002456fab3800, 0x000002457f6ed000, 0x000002457f6ee800, 0x000002457f704000,
0x000002457f705000, 0x000002457f708000, 0x000002457f70f800, 0x0000024511120800,
0x000002451124d800, 0x000002451130c800, 0x0000024512141000, 0x0000024512142800,
0x00000245152a0000, 0x0000024515428800
}

Java Threads: ( => current thread )
=>0x000002456fab3800 JavaThread "main" [_thread_in_Java, id=15284, stack(0x000000a701500000,0x000000a701600000)]
  0x000002457f6ed000 JavaThread "Reference Handler" daemon [_thread_blocked, id=21064, stack(0x000000a701c00000,0x000000a701d00000)]
  0x000002457f6ee800 JavaThread "Finalizer" daemon [_thread_blocked, id=5292, stack(0x000000a701d00000,0x000000a701e00000)]
  0x000002457f704000 JavaThread "Signal Dispatcher" daemon [_thread_blocked, id=24432, stack(0x000000a701e00000,0x000000a701f00000)]
  0x000002457f705000 JavaThread "Attach Listener" daemon [_thread_blocked, id=12692, stack(0x000000a701f00000,0x000000a702000000)]
  0x000002457f708000 JavaThread "C2 CompilerThread0" daemon [_thread_blocked, id=9968, stack(0x000000a702000000,0x000000a702100000)]
  0x000002457f70f800 JavaThread "C1 CompilerThread0" daemon [_thread_blocked, id=2388, stack(0x000000a702100000,0x000000a702200000)]
  0x0000024511120800 JavaThread "Sweeper thread" daemon [_thread_blocked, id=9636, stack(0x000000a702200000,0x000000a702300000)]
  0x000002451124d800 JavaThread "Common-Cleaner" daemon [_thread_blocked, id=8748, stack(0x000000a702300000,0x000000a702400000)]
  0x000002451130c800 JavaThread "Service Thread" daemon [_thread_blocked, id=25440, stack(0x000000a702400000,0x000000a702500000)]
  0x0000024512141000 JavaThread "Java2D Disposer" daemon [_thread_blocked, id=20900, stack(0x000000a702700000,0x000000a702800000)]
  0x0000024512142800 JavaThread "AWT-Windows" daemon [_thread_in_native, id=544, stack(0x000000a702d00000,0x000000a702e00000)]
  0x00000245152a0000 JavaThread "C2 CompilerThread1" daemon [_thread_in_native, id=20268, stack(0x000000a702c00000,0x000000a702d00000)]
  0x0000024515428800 JavaThread "C2 CompilerThread2" daemon [_thread_in_native, id=9364, stack(0x000000a703000000,0x000000a703100000)]

Other Threads:
  0x000002457f6ea000 VMThread "VM Thread" [stack: 0x000000a701b00000,0x000000a701c00000] [id=7500]
  0x000002451130d800 WatcherThread [stack: 0x000000a702500000,0x000000a702600000] [id=22228]
  0x000002456faec800 GCTaskThread "GC Thread#0" [stack: 0x000000a701600000,0x000000a701700000] [id=8144]
  0x0000024512853000 GCTaskThread "GC Thread#1" [stack: 0x000000a702800000,0x000000a702900000] [id=5060]
  0x0000024511ef7800 GCTaskThread "GC Thread#2" [stack: 0x000000a702900000,0x000000a702a00000] [id=8464]
  0x0000024512852000 GCTaskThread "GC Thread#3" [stack: 0x000000a702b00000,0x000000a702c00000] [id=3120]
  0x0000024511a24800 GCTaskThread "GC Thread#4" [stack: 0x000000a702e00000,0x000000a702f00000] [id=17304]
  0x0000024512583000 GCTaskThread "GC Thread#5" [stack: 0x000000a702f00000,0x000000a703000000] [id=10628]
  0x0000024514436000 GCTaskThread "GC Thread#6" [stack: 0x000000a703d00000,0x000000a703e00000] [id=14956]
  0x0000024514436800 GCTaskThread "GC Thread#7" [stack: 0x000000a703e00000,0x000000a703f00000] [id=12712]
  0x000002456fafb800 ConcurrentGCThread "G1 Main Marker" [stack: 0x000000a701700000,0x000000a701800000] [id=21128]
  0x000002456fafe000 ConcurrentGCThread "G1 Conc#0" [stack: 0x000000a701800000,0x000000a701900000] [id=22816]
  0x00000245123aa800 ConcurrentGCThread "G1 Conc#1" [stack: 0x000000a702600000,0x000000a702700000] [id=23440]
  0x000002456fb6e800 ConcurrentGCThread "G1 Refine#0" [stack: 0x000000a701900000,0x000000a701a00000] [id=22920]
  0x000002451130b800 ConcurrentGCThread "G1 Refine#1" [stack: 0x000000a702a00000,0x000000a702b00000] [id=15032]
  0x000002457f560800 ConcurrentGCThread "G1 Young RemSet Sampling" [stack: 0x000000a701a00000,0x000000a701b00000] [id=17828]

Threads with active compile tasks:
C2 CompilerThread1  2887 %     4       org.processmining.framework.plugin.impl.PluginManagerImpl::find @ 41 (271 bytes)
C2 CompilerThread2  2843       4       org.processmining.framework.plugin.PluginParameterBinding$Factory::tryToBind (609 bytes)

VM state:not at safepoint (normal execution)

VM Mutex/Monitor currently owned by a thread: None

Heap address: 0x0000000081c00000, size: 2020 MB, Compressed Oops mode: 32-bit
Narrow klass base: 0x0000000800000000, Narrow klass shift: 3
Compressed class space size: 1073741824 Address: 0x0000000801190000

Heap:
 garbage-first heap   total 157696K, used 118812K [0x0000000081c00000, 0x0000000100000000)
  region size 1024K, 54 young (55296K), 5 survivors (5120K)
 Metaspace       used 26845K, capacity 27145K, committed 27264K, reserved 1073152K
  class space    used 4097K, capacity 4205K, committed 4224K, reserved 1048576K
Heap Regions: E=young(eden), S=young(survivor), O=old, HS=humongous(starts), HC=humongous(continues), CS=collection set, F=free, A=archive, TAMS=top-at-mark-start (previous, next)
|   0|0x0000000081c00000, 0x0000000081d00000, 0x0000000081d00000|100%|HS|  |TAMS 0x0000000081d00000, 0x0000000081c00000| Complete 
|   1|0x0000000081d00000, 0x0000000081e00000, 0x0000000081e00000|100%|HC|  |TAMS 0x0000000081e00000, 0x0000000081d00000| Complete 
|   2|0x0000000081e00000, 0x0000000081f00000, 0x0000000081f00000|100%|HS|  |TAMS 0x0000000081f00000, 0x0000000081e00000| Complete 
|   3|0x0000000081f00000, 0x0000000082000000, 0x0000000082000000|100%|HC|  |TAMS 0x0000000082000000, 0x0000000081f00000| Complete 
|   4|0x0000000082000000, 0x0000000082100000, 0x0000000082100000|100%|HS|  |TAMS 0x0000000082100000, 0x0000000082000000| Complete 
|   5|0x0000000082100000, 0x0000000082200000, 0x0000000082200000|100%|HC|  |TAMS 0x0000000082200000, 0x0000000082100000| Complete 
|   6|0x0000000082200000, 0x0000000082300000, 0x0000000082300000|100%| O|  |TAMS 0x0000000082300000, 0x0000000082200000| Untracked 
|   7|0x0000000082300000, 0x0000000082400000, 0x0000000082400000|100%| O|  |TAMS 0x0000000082400000, 0x0000000082300000| Untracked 
|   8|0x0000000082400000, 0x0000000082500000, 0x0000000082500000|100%| O|  |TAMS 0x0000000082500000, 0x0000000082400000| Untracked 
|   9|0x0000000082500000, 0x0000000082600000, 0x0000000082600000|100%|HS|  |TAMS 0x0000000082600000, 0x0000000082500000| Complete 
|  10|0x0000000082600000, 0x0000000082700000, 0x0000000082700000|100%|HC|  |TAMS 0x0000000082700000, 0x0000000082600000| Complete 
|  11|0x0000000082700000, 0x0000000082800000, 0x0000000082800000|100%|HS|  |TAMS 0x0000000082800000, 0x0000000082700000| Complete 
|  12|0x0000000082800000, 0x0000000082900000, 0x0000000082900000|100%| O|  |TAMS 0x0000000082900000, 0x0000000082800000| Untracked 
|  13|0x0000000082900000, 0x0000000082a00000, 0x0000000082a00000|100%| O|  |TAMS 0x0000000082a00000, 0x0000000082900000| Untracked 
|  14|0x0000000082a00000, 0x0000000082b00000, 0x0000000082b00000|100%| O|  |TAMS 0x0000000082b00000, 0x0000000082a00000| Untracked 
|  15|0x0000000082b00000, 0x0000000082c00000, 0x0000000082c00000|100%| O|  |TAMS 0x0000000082c00000, 0x0000000082b00000| Untracked 
|  16|0x0000000082c00000, 0x0000000082d00000, 0x0000000082d00000|100%| O|  |TAMS 0x0000000082d00000, 0x0000000082c00000| Untracked 
|  17|0x0000000082d00000, 0x0000000082e00000, 0x0000000082e00000|100%| O|  |TAMS 0x0000000082e00000, 0x0000000082d00000| Untracked 
|  18|0x0000000082e00000, 0x0000000082f00000, 0x0000000082f00000|100%|HS|  |TAMS 0x0000000082f00000, 0x0000000082e00000| Complete 
|  19|0x0000000082f00000, 0x0000000083000000, 0x0000000083000000|100%|HC|  |TAMS 0x0000000083000000, 0x0000000082f00000| Complete 
|  20|0x0000000083000000, 0x0000000083100000, 0x0000000083100000|100%|HC|  |TAMS 0x0000000083100000, 0x0000000083000000| Complete 
|  21|0x0000000083100000, 0x0000000083200000, 0x0000000083200000|100%|HS|  |TAMS 0x0000000083200000, 0x0000000083100000| Complete 
|  22|0x0000000083200000, 0x0000000083300000, 0x0000000083300000|100%|HC|  |TAMS 0x0000000083300000, 0x0000000083200000| Complete 
|  23|0x0000000083300000, 0x0000000083400000, 0x0000000083400000|100%|HC|  |TAMS 0x0000000083400000, 0x0000000083300000| Complete 
|  24|0x0000000083400000, 0x0000000083500000, 0x0000000083500000|100%|HS|  |TAMS 0x0000000083500000, 0x0000000083400000| Complete 
|  25|0x0000000083500000, 0x0000000083600000, 0x0000000083600000|100%|HC|  |TAMS 0x0000000083600000, 0x0000000083500000| Complete 
|  26|0x0000000083600000, 0x0000000083700000, 0x0000000083700000|100%|HC|  |TAMS 0x0000000083700000, 0x0000000083600000| Complete 
|  27|0x0000000083700000, 0x0000000083800000, 0x0000000083800000|100%|HS|  |TAMS 0x0000000083800000, 0x0000000083700000| Complete 
|  28|0x0000000083800000, 0x0000000083900000, 0x0000000083900000|100%|HC|  |TAMS 0x0000000083900000, 0x0000000083800000| Complete 
|  29|0x0000000083900000, 0x0000000083a00000, 0x0000000083a00000|100%|HC|  |TAMS 0x0000000083a00000, 0x0000000083900000| Complete 
|  30|0x0000000083a00000, 0x0000000083b00000, 0x0000000083b00000|100%| O|  |TAMS 0x0000000083b00000, 0x0000000083a00000| Untracked 
|  31|0x0000000083b00000, 0x0000000083c00000, 0x0000000083c00000|100%| O|  |TAMS 0x0000000083c00000, 0x0000000083b00000| Untracked 
|  32|0x0000000083c00000, 0x0000000083d00000, 0x0000000083d00000|100%| O|  |TAMS 0x0000000083d00000, 0x0000000083c00000| Untracked 
|  33|0x0000000083d00000, 0x0000000083e00000, 0x0000000083e00000|100%| O|  |TAMS 0x0000000083e00000, 0x0000000083d00000| Untracked 
|  34|0x0000000083e00000, 0x0000000083f00000, 0x0000000083f00000|100%| O|  |TAMS 0x0000000083f00000, 0x0000000083e00000| Untracked 
|  35|0x0000000083f00000, 0x0000000084000000, 0x0000000084000000|100%| O|  |TAMS 0x0000000084000000, 0x0000000083f00000| Untracked 
|  36|0x0000000084000000, 0x0000000084100000, 0x0000000084100000|100%| O|  |TAMS 0x0000000084100000, 0x0000000084000000| Untracked 
|  37|0x0000000084100000, 0x0000000084200000, 0x0000000084200000|100%| O|  |TAMS 0x0000000084200000, 0x0000000084100000| Untracked 
|  38|0x0000000084200000, 0x0000000084300000, 0x0000000084300000|100%| O|  |TAMS 0x0000000084300000, 0x0000000084200000| Untracked 
|  39|0x0000000084300000, 0x0000000084400000, 0x0000000084400000|100%|HS|  |TAMS 0x0000000084400000, 0x0000000084300000| Complete 
|  40|0x0000000084400000, 0x0000000084500000, 0x0000000084500000|100%|HC|  |TAMS 0x0000000084500000, 0x0000000084400000| Complete 
|  41|0x0000000084500000, 0x0000000084600000, 0x0000000084600000|100%|HC|  |TAMS 0x0000000084600000, 0x0000000084500000| Complete 
|  42|0x0000000084600000, 0x0000000084700000, 0x0000000084700000|100%|HS|  |TAMS 0x0000000084700000, 0x0000000084600000| Complete 
|  43|0x0000000084700000, 0x0000000084800000, 0x0000000084800000|100%|HS|  |TAMS 0x0000000084800000, 0x0000000084700000| Complete 
|  44|0x0000000084800000, 0x0000000084900000, 0x0000000084900000|100%| O|  |TAMS 0x0000000084900000, 0x0000000084800000| Untracked 
|  45|0x0000000084900000, 0x0000000084a00000, 0x0000000084a00000|100%| O|  |TAMS 0x0000000084a00000, 0x0000000084900000| Untracked 
|  46|0x0000000084a00000, 0x0000000084b00000, 0x0000000084b00000|100%| O|  |TAMS 0x0000000084ae2400, 0x0000000084a00000| Untracked 
|  47|0x0000000084b00000, 0x0000000084c00000, 0x0000000084c00000|100%| O|  |TAMS 0x0000000084b00000, 0x0000000084b00000| Untracked 
|  48|0x0000000084c00000, 0x0000000084d00000, 0x0000000084d00000|100%| O|  |TAMS 0x0000000084c00000, 0x0000000084c00000| Untracked 
|  49|0x0000000084d00000, 0x0000000084e00000, 0x0000000084e00000|100%| O|  |TAMS 0x0000000084d00000, 0x0000000084d00000| Untracked 
|  50|0x0000000084e00000, 0x0000000084f00000, 0x0000000084f00000|100%| O|  |TAMS 0x0000000084e00000, 0x0000000084e00000| Untracked 
|  51|0x0000000084f00000, 0x0000000085000000, 0x0000000085000000|100%| O|  |TAMS 0x0000000084f00000, 0x0000000084f00000| Untracked 
|  52|0x0000000085000000, 0x0000000085100000, 0x0000000085100000|100%| O|  |TAMS 0x0000000085000000, 0x0000000085000000| Untracked 
|  53|0x0000000085100000, 0x0000000085200000, 0x0000000085200000|100%| O|  |TAMS 0x0000000085100000, 0x0000000085100000| Untracked 
|  54|0x0000000085200000, 0x0000000085300000, 0x0000000085300000|100%| O|  |TAMS 0x0000000085200000, 0x0000000085200000| Untracked 
|  55|0x0000000085300000, 0x0000000085400000, 0x0000000085400000|100%| O|  |TAMS 0x0000000085300000, 0x0000000085300000| Untracked 
|  56|0x0000000085400000, 0x0000000085500000, 0x0000000085500000|100%|HS|  |TAMS 0x0000000085400000, 0x0000000085400000| Complete 
|  57|0x0000000085500000, 0x0000000085600000, 0x0000000085600000|100%| O|  |TAMS 0x0000000085500000, 0x0000000085500000| Untracked 
|  58|0x0000000085600000, 0x0000000085700000, 0x0000000085700000|100%| O|  |TAMS 0x0000000085600000, 0x0000000085600000| Untracked 
|  59|0x0000000085700000, 0x0000000085800000, 0x0000000085800000|100%| O|  |TAMS 0x0000000085700000, 0x0000000085700000| Untracked 
|  60|0x0000000085800000, 0x0000000085900000, 0x0000000085900000|100%| O|  |TAMS 0x0000000085800000, 0x0000000085800000| Untracked 
|  61|0x0000000085900000, 0x0000000085a00000, 0x0000000085a00000|100%| O|  |TAMS 0x0000000085900000, 0x0000000085900000| Untracked 
|  62|0x0000000085a00000, 0x0000000085b00000, 0x0000000085b00000|100%| O|  |TAMS 0x0000000085a00000, 0x0000000085a00000| Untracked 
|  63|0x0000000085b00000, 0x0000000085b5a400, 0x0000000085c00000| 35%| O|  |TAMS 0x0000000085b00000, 0x0000000085b00000| Untracked 
|  64|0x0000000085c00000, 0x0000000085c00000, 0x0000000085d00000|  0%| F|  |TAMS 0x0000000085c00000, 0x0000000085c00000| Untracked 
|  65|0x0000000085d00000, 0x0000000085d00000, 0x0000000085e00000|  0%| F|  |TAMS 0x0000000085d00000, 0x0000000085d00000| Untracked 
|  66|0x0000000085e00000, 0x0000000085e00000, 0x0000000085f00000|  0%| F|  |TAMS 0x0000000085e00000, 0x0000000085e00000| Untracked 
|  67|0x0000000085f00000, 0x0000000085f00000, 0x0000000086000000|  0%| F|  |TAMS 0x0000000085f00000, 0x0000000085f00000| Untracked 
|  68|0x0000000086000000, 0x0000000086000000, 0x0000000086100000|  0%| F|  |TAMS 0x0000000086000000, 0x0000000086000000| Untracked 
|  69|0x0000000086100000, 0x0000000086100000, 0x0000000086200000|  0%| F|  |TAMS 0x0000000086100000, 0x0000000086100000| Untracked 
|  70|0x0000000086200000, 0x0000000086200000, 0x0000000086300000|  0%| F|  |TAMS 0x0000000086200000, 0x0000000086200000| Untracked 
|  71|0x0000000086300000, 0x0000000086300000, 0x0000000086400000|  0%| F|  |TAMS 0x0000000086300000, 0x0000000086300000| Untracked 
|  72|0x0000000086400000, 0x0000000086400000, 0x0000000086500000|  0%| F|  |TAMS 0x0000000086400000, 0x0000000086400000| Untracked 
|  73|0x0000000086500000, 0x0000000086500000, 0x0000000086600000|  0%| F|  |TAMS 0x0000000086500000, 0x0000000086500000| Untracked 
|  74|0x0000000086600000, 0x0000000086600000, 0x0000000086700000|  0%| F|  |TAMS 0x0000000086600000, 0x0000000086600000| Untracked 
|  75|0x0000000086700000, 0x0000000086700000, 0x0000000086800000|  0%| F|  |TAMS 0x0000000086700000, 0x0000000086700000| Untracked 
|  76|0x0000000086800000, 0x0000000086800000, 0x0000000086900000|  0%| F|  |TAMS 0x0000000086800000, 0x0000000086800000| Untracked 
|  77|0x0000000086900000, 0x0000000086900000, 0x0000000086a00000|  0%| F|  |TAMS 0x0000000086900000, 0x0000000086900000| Untracked 
|  78|0x0000000086a00000, 0x0000000086a00000, 0x0000000086b00000|  0%| F|  |TAMS 0x0000000086a00000, 0x0000000086a00000| Untracked 
|  79|0x0000000086b00000, 0x0000000086b00000, 0x0000000086c00000|  0%| F|  |TAMS 0x0000000086b00000, 0x0000000086b00000| Untracked 
|  80|0x0000000086c00000, 0x0000000086cace80, 0x0000000086d00000| 67%| S|CS|TAMS 0x0000000086c00000, 0x0000000086c00000| Complete 
|  81|0x0000000086d00000, 0x0000000086d00000, 0x0000000086e00000|  0%| F|  |TAMS 0x0000000086d00000, 0x0000000086d00000| Untracked 
|  82|0x0000000086e00000, 0x0000000086e00000, 0x0000000086f00000|  0%| F|  |TAMS 0x0000000086e00000, 0x0000000086e00000| Untracked 
|  83|0x0000000086f00000, 0x0000000086f00000, 0x0000000087000000|  0%| F|  |TAMS 0x0000000086f00000, 0x0000000086f00000| Untracked 
|  84|0x0000000087000000, 0x0000000087100000, 0x0000000087100000|100%| S|CS|TAMS 0x0000000087000000, 0x0000000087000000| Complete 
|  85|0x0000000087100000, 0x0000000087200000, 0x0000000087200000|100%| S|CS|TAMS 0x0000000087100000, 0x0000000087100000| Complete 
|  86|0x0000000087200000, 0x0000000087300000, 0x0000000087300000|100%| S|CS|TAMS 0x0000000087200000, 0x0000000087200000| Complete 
|  87|0x0000000087300000, 0x0000000087300000, 0x0000000087400000|  0%| F|  |TAMS 0x0000000087300000, 0x0000000087300000| Untracked 
|  88|0x0000000087400000, 0x0000000087400000, 0x0000000087500000|  0%| F|  |TAMS 0x0000000087400000, 0x0000000087400000| Untracked 
|  89|0x0000000087500000, 0x0000000087500000, 0x0000000087600000|  0%| F|  |TAMS 0x0000000087500000, 0x0000000087500000| Untracked 
|  90|0x0000000087600000, 0x0000000087600000, 0x0000000087700000|  0%| F|  |TAMS 0x0000000087600000, 0x0000000087600000| Untracked 
|  91|0x0000000087700000, 0x0000000087800000, 0x0000000087800000|100%| S|CS|TAMS 0x0000000087700000, 0x0000000087700000| Complete 
|  92|0x0000000087800000, 0x0000000087800000, 0x0000000087900000|  0%| F|  |TAMS 0x0000000087800000, 0x0000000087800000| Untracked 
|  93|0x0000000087900000, 0x0000000087900000, 0x0000000087a00000|  0%| F|  |TAMS 0x0000000087900000, 0x0000000087900000| Untracked 
|  94|0x0000000087a00000, 0x0000000087a00000, 0x0000000087b00000|  0%| F|  |TAMS 0x0000000087a00000, 0x0000000087a00000| Untracked 
|  95|0x0000000087b00000, 0x0000000087b00000, 0x0000000087c00000|  0%| F|  |TAMS 0x0000000087b00000, 0x0000000087b00000| Untracked 
|  96|0x0000000087c00000, 0x0000000087c00000, 0x0000000087d00000|  0%| F|  |TAMS 0x0000000087c00000, 0x0000000087c00000| Untracked 
|  97|0x0000000087d00000, 0x0000000087d00000, 0x0000000087e00000|  0%| F|  |TAMS 0x0000000087d00000, 0x0000000087d00000| Untracked 
|  98|0x0000000087e00000, 0x0000000087e00000, 0x0000000087f00000|  0%| F|  |TAMS 0x0000000087e00000, 0x0000000087e00000| Untracked 
|  99|0x0000000087f00000, 0x0000000087f00000, 0x0000000088000000|  0%| F|  |TAMS 0x0000000087f00000, 0x0000000087f00000| Untracked 
| 100|0x0000000088000000, 0x0000000088000000, 0x0000000088100000|  0%| F|  |TAMS 0x0000000088000000, 0x0000000088000000| Untracked 
| 101|0x0000000088100000, 0x0000000088100000, 0x0000000088200000|  0%| F|  |TAMS 0x0000000088100000, 0x0000000088100000| Untracked 
| 102|0x0000000088200000, 0x0000000088200000, 0x0000000088300000|  0%| F|  |TAMS 0x0000000088200000, 0x0000000088200000| Untracked 
| 103|0x0000000088300000, 0x0000000088300000, 0x0000000088400000|  0%| F|  |TAMS 0x0000000088300000, 0x0000000088300000| Untracked 
| 104|0x0000000088400000, 0x0000000088400000, 0x0000000088500000|  0%| F|  |TAMS 0x0000000088400000, 0x0000000088400000| Untracked 
| 105|0x0000000088500000, 0x0000000088580800, 0x0000000088600000| 50%| E|  |TAMS 0x0000000088500000, 0x0000000088500000| Complete 
| 106|0x0000000088600000, 0x0000000088700000, 0x0000000088700000|100%| E|CS|TAMS 0x0000000088600000, 0x0000000088600000| Complete 
| 107|0x0000000088700000, 0x0000000088800000, 0x0000000088800000|100%| E|CS|TAMS 0x0000000088700000, 0x0000000088700000| Complete 
| 108|0x0000000088800000, 0x0000000088900000, 0x0000000088900000|100%| E|CS|TAMS 0x0000000088800000, 0x0000000088800000| Complete 
| 109|0x0000000088900000, 0x0000000088a00000, 0x0000000088a00000|100%| E|CS|TAMS 0x0000000088900000, 0x0000000088900000| Complete 
| 110|0x0000000088a00000, 0x0000000088b00000, 0x0000000088b00000|100%| E|CS|TAMS 0x0000000088a00000, 0x0000000088a00000| Complete 
| 111|0x0000000088b00000, 0x0000000088c00000, 0x0000000088c00000|100%| E|CS|TAMS 0x0000000088b00000, 0x0000000088b00000| Complete 
| 112|0x0000000088c00000, 0x0000000088d00000, 0x0000000088d00000|100%| E|CS|TAMS 0x0000000088c00000, 0x0000000088c00000| Complete 
| 113|0x0000000088d00000, 0x0000000088e00000, 0x0000000088e00000|100%| E|CS|TAMS 0x0000000088d00000, 0x0000000088d00000| Complete 
| 114|0x0000000088e00000, 0x0000000088f00000, 0x0000000088f00000|100%| E|CS|TAMS 0x0000000088e00000, 0x0000000088e00000| Complete 
| 115|0x0000000088f00000, 0x0000000089000000, 0x0000000089000000|100%| E|CS|TAMS 0x0000000088f00000, 0x0000000088f00000| Complete 
| 116|0x0000000089000000, 0x0000000089100000, 0x0000000089100000|100%| E|CS|TAMS 0x0000000089000000, 0x0000000089000000| Complete 
| 117|0x0000000089100000, 0x0000000089200000, 0x0000000089200000|100%| E|CS|TAMS 0x0000000089100000, 0x0000000089100000| Complete 
| 118|0x0000000089200000, 0x0000000089300000, 0x0000000089300000|100%| E|CS|TAMS 0x0000000089200000, 0x0000000089200000| Complete 
| 119|0x0000000089300000, 0x0000000089400000, 0x0000000089400000|100%| E|CS|TAMS 0x0000000089300000, 0x0000000089300000| Complete 
| 120|0x0000000089400000, 0x0000000089500000, 0x0000000089500000|100%| E|CS|TAMS 0x0000000089400000, 0x0000000089400000| Complete 
| 121|0x0000000089500000, 0x0000000089600000, 0x0000000089600000|100%| E|CS|TAMS 0x0000000089500000, 0x0000000089500000| Complete 
| 122|0x0000000089600000, 0x0000000089700000, 0x0000000089700000|100%| E|CS|TAMS 0x0000000089600000, 0x0000000089600000| Complete 
| 123|0x0000000089700000, 0x0000000089800000, 0x0000000089800000|100%| E|CS|TAMS 0x0000000089700000, 0x0000000089700000| Complete 
| 124|0x0000000089800000, 0x0000000089900000, 0x0000000089900000|100%| E|CS|TAMS 0x0000000089800000, 0x0000000089800000| Complete 
| 125|0x0000000089900000, 0x0000000089a00000, 0x0000000089a00000|100%| E|CS|TAMS 0x0000000089900000, 0x0000000089900000| Complete 
| 126|0x0000000089a00000, 0x0000000089b00000, 0x0000000089b00000|100%| E|CS|TAMS 0x0000000089a00000, 0x0000000089a00000| Complete 
| 127|0x0000000089b00000, 0x0000000089c00000, 0x0000000089c00000|100%| E|CS|TAMS 0x0000000089b00000, 0x0000000089b00000| Complete 
| 128|0x0000000089c00000, 0x0000000089d00000, 0x0000000089d00000|100%| E|CS|TAMS 0x0000000089c00000, 0x0000000089c00000| Complete 
| 129|0x0000000089d00000, 0x0000000089e00000, 0x0000000089e00000|100%| E|CS|TAMS 0x0000000089d00000, 0x0000000089d00000| Complete 
| 130|0x0000000089e00000, 0x0000000089f00000, 0x0000000089f00000|100%| E|CS|TAMS 0x0000000089e00000, 0x0000000089e00000| Complete 
| 131|0x0000000089f00000, 0x000000008a000000, 0x000000008a000000|100%| E|CS|TAMS 0x0000000089f00000, 0x0000000089f00000| Complete 
| 132|0x000000008a000000, 0x000000008a100000, 0x000000008a100000|100%| E|CS|TAMS 0x000000008a000000, 0x000000008a000000| Complete 
| 133|0x000000008a100000, 0x000000008a200000, 0x000000008a200000|100%| E|CS|TAMS 0x000000008a100000, 0x000000008a100000| Complete 
| 134|0x000000008a200000, 0x000000008a300000, 0x000000008a300000|100%| E|CS|TAMS 0x000000008a200000, 0x000000008a200000| Complete 
| 135|0x000000008a300000, 0x000000008a400000, 0x000000008a400000|100%| E|CS|TAMS 0x000000008a300000, 0x000000008a300000| Complete 
| 136|0x000000008a400000, 0x000000008a500000, 0x000000008a500000|100%| E|CS|TAMS 0x000000008a400000, 0x000000008a400000| Complete 
| 137|0x000000008a500000, 0x000000008a600000, 0x000000008a600000|100%| E|CS|TAMS 0x000000008a500000, 0x000000008a500000| Complete 
| 138|0x000000008a600000, 0x000000008a700000, 0x000000008a700000|100%| E|CS|TAMS 0x000000008a600000, 0x000000008a600000| Complete 
| 139|0x000000008a700000, 0x000000008a800000, 0x000000008a800000|100%| E|CS|TAMS 0x000000008a700000, 0x000000008a700000| Complete 
| 140|0x000000008a800000, 0x000000008a900000, 0x000000008a900000|100%| E|CS|TAMS 0x000000008a800000, 0x000000008a800000| Complete 
| 141|0x000000008a900000, 0x000000008aa00000, 0x000000008aa00000|100%| E|CS|TAMS 0x000000008a900000, 0x000000008a900000| Complete 
| 142|0x000000008aa00000, 0x000000008ab00000, 0x000000008ab00000|100%| E|CS|TAMS 0x000000008aa00000, 0x000000008aa00000| Complete 
| 143|0x000000008ab00000, 0x000000008ac00000, 0x000000008ac00000|100%| E|CS|TAMS 0x000000008ab00000, 0x000000008ab00000| Complete 
| 144|0x000000008ac00000, 0x000000008ad00000, 0x000000008ad00000|100%| E|CS|TAMS 0x000000008ac00000, 0x000000008ac00000| Complete 
| 145|0x000000008ad00000, 0x000000008ae00000, 0x000000008ae00000|100%| E|CS|TAMS 0x000000008ad00000, 0x000000008ad00000| Complete 
| 146|0x000000008ae00000, 0x000000008af00000, 0x000000008af00000|100%| E|CS|TAMS 0x000000008ae00000, 0x000000008ae00000| Complete 
| 147|0x000000008af00000, 0x000000008b000000, 0x000000008b000000|100%| E|CS|TAMS 0x000000008af00000, 0x000000008af00000| Complete 
| 148|0x000000008b000000, 0x000000008b100000, 0x000000008b100000|100%| E|CS|TAMS 0x000000008b000000, 0x000000008b000000| Complete 
| 149|0x000000008b100000, 0x000000008b200000, 0x000000008b200000|100%| E|CS|TAMS 0x000000008b100000, 0x000000008b100000| Complete 
| 150|0x000000008b200000, 0x000000008b300000, 0x000000008b300000|100%| E|CS|TAMS 0x000000008b200000, 0x000000008b200000| Complete 
| 151|0x000000008b300000, 0x000000008b400000, 0x000000008b400000|100%| E|CS|TAMS 0x000000008b300000, 0x000000008b300000| Complete 
| 152|0x000000008b400000, 0x000000008b500000, 0x000000008b500000|100%| E|CS|TAMS 0x000000008b400000, 0x000000008b400000| Complete 
| 153|0x000000008b500000, 0x000000008b600000, 0x000000008b600000|100%| E|CS|TAMS 0x000000008b500000, 0x000000008b500000| Complete 

Card table byte_map: [0x000002457a500000,0x000002457a900000] _byte_map_base: 0x000002457a0f2000

Marking Bits (Prev, Next): (CMBitMap*) 0x000002456faed598, (CMBitMap*) 0x000002456faed558
 Prev Bits: [0x000002457cc90000, 0x000002457ec20000)
 Next Bits: [0x000002457ad00000, 0x000002457cc90000)

Polling page: 0x000002456fb70000

Metaspace:

Usage:
  Non-class:     22.40 MB capacity,    22.21 MB (>99%) used,   157.98 KB ( <1%) free+waste,    34.25 KB ( <1%) overhead. 
      Class:      4.11 MB capacity,     4.00 MB ( 97%) used,    92.20 KB (  2%) free+waste,    15.56 KB ( <1%) overhead. 
       Both:     26.51 MB capacity,    26.22 MB ( 99%) used,   250.19 KB ( <1%) free+waste,    49.81 KB ( <1%) overhead. 

Virtual space:
  Non-class space:       24.00 MB reserved,      22.50 MB ( 94%) committed 
      Class space:        1.00 GB reserved,       4.13 MB ( <1%) committed 
             Both:        1.02 GB reserved,      26.63 MB (  3%) committed 

Chunk freelists:
   Non-Class:  4.50 KB
       Class:  2.38 KB
        Both:  6.88 KB

CodeHeap 'non-profiled nmethods': size=120000Kb used=1954Kb max_used=2021Kb free=118045Kb
 bounds [0x0000024507ad0000, 0x0000024507d40000, 0x000002450f000000]
CodeHeap 'profiled nmethods': size=120000Kb used=5707Kb max_used=5707Kb free=114292Kb
 bounds [0x00000245005a0000, 0x0000024500b40000, 0x0000024507ad0000]
CodeHeap 'non-nmethods': size=5760Kb used=1200Kb max_used=1285Kb free=4559Kb
 bounds [0x0000024500000000, 0x0000024500270000, 0x00000245005a0000]
 total_blobs=4389 nmethods=2458 adapters=448
 compilation: enabled
              stopped_count=0, restarted_count=0
 full_count=0

Compilation events (10 events):
Event: 21.342 Thread 0x000002457f70f800 nmethod 2883 0x0000024500b3bc10 code [0x0000024500b3bde0, 0x0000024500b3c078]
Event: 21.342 Thread 0x000002457f70f800 2884       3       java.lang.Integer::compare (20 bytes)
Event: 21.342 Thread 0x000002457f70f800 nmethod 2884 0x000002450088f810 code [0x000002450088f9e0, 0x000002450088fbd8]
Event: 21.342 Thread 0x000002457f70f800 2885       3       org.processmining.framework.plugin.PluginParameterBinding::compareTo (9 bytes)
Event: 21.342 Thread 0x000002457f70f800 nmethod 2885 0x0000024500b3c190 code [0x0000024500b3c360, 0x0000024500b3c630]
Event: 21.342 Thread 0x000002457f70f800 2886       3       org.processmining.framework.plugin.PluginParameterBinding::compareTo (59 bytes)
Event: 21.342 Thread 0x000002457f70f800 nmethod 2886 0x0000024500b3c710 code [0x0000024500b3c920, 0x0000024500b3cd20]
Event: 21.401 Thread 0x00000245152a0000 nmethod 2857% 0x0000024507c69690 code [0x0000024507c69b00, 0x0000024507c6f1f8]
Event: 21.401 Thread 0x00000245152a0000 2887 %     4       org.processmining.framework.plugin.impl.PluginManagerImpl::find @ 41 (271 bytes)
Event: 21.413 Thread 0x000002457f708000 nmethod 2881 0x0000024507c67390 code [0x0000024507c675e0, 0x0000024507c690f8]

GC Heap History (10 events):
Event: 17.622 GC heap before
{Heap before GC invocations=21 (full 0):
 garbage-first heap   total 157696K, used 135236K [0x0000000081c00000, 0x0000000100000000)
  region size 1024K, 77 young (78848K), 5 survivors (5120K)
 Metaspace       used 24735K, capacity 25017K, committed 25216K, reserved 1071104K
  class space    used 3778K, capacity 3884K, committed 3968K, reserved 1048576K
}
Event: 17.635 GC heap after
{Heap after GC invocations=22 (full 0):
 garbage-first heap   total 157696K, used 62584K [0x0000000081c00000, 0x0000000100000000)
  region size 1024K, 6 young (6144K), 6 survivors (6144K)
 Metaspace       used 24735K, capacity 25017K, committed 25216K, reserved 1071104K
  class space    used 3778K, capacity 3884K, committed 3968K, reserved 1048576K
}
Event: 18.542 GC heap before
{Heap before GC invocations=22 (full 0):
 garbage-first heap   total 157696K, used 135288K [0x0000000081c00000, 0x0000000100000000)
  region size 1024K, 76 young (77824K), 6 survivors (6144K)
 Metaspace       used 25190K, capacity 25497K, committed 25856K, reserved 1071104K
  class space    used 3870K, capacity 3980K, committed 4096K, reserved 1048576K
}
Event: 18.545 GC heap after
{Heap after GC invocations=23 (full 0):
 garbage-first heap   total 157696K, used 65111K [0x0000000081c00000, 0x0000000100000000)
  region size 1024K, 7 young (7168K), 7 survivors (7168K)
 Metaspace       used 25190K, capacity 25497K, committed 25856K, reserved 1071104K
  class space    used 3870K, capacity 3980K, committed 4096K, reserved 1048576K
}
Event: 20.181 GC heap before
{Heap before GC invocations=23 (full 0):
 garbage-first heap   total 157696K, used 132695K [0x0000000081c00000, 0x0000000100000000)
  region size 1024K, 74 young (75776K), 7 survivors (7168K)
 Metaspace       used 26543K, capacity 26856K, committed 27008K, reserved 1073152K
  class space    used 4083K, capacity 4173K, committed 4224K, reserved 1048576K
}
Event: 20.188 GC heap after
{Heap after GC invocations=24 (full 0):
 garbage-first heap   total 157696K, used 67875K [0x0000000081c00000, 0x0000000100000000)
  region size 1024K, 8 young (8192K), 8 survivors (8192K)
 Metaspace       used 26543K, capacity 26856K, committed 27008K, reserved 1073152K
  class space    used 4083K, capacity 4173K, committed 4224K, reserved 1048576K
}
Event: 21.049 GC heap before
{Heap before GC invocations=24 (full 0):
 garbage-first heap   total 157696K, used 132387K [0x0000000081c00000, 0x0000000100000000)
  region size 1024K, 71 young (72704K), 8 survivors (8192K)
 Metaspace       used 26822K, capacity 27145K, committed 27264K, reserved 1073152K
  class space    used 4097K, capacity 4205K, committed 4224K, reserved 1048576K
}
Event: 21.059 GC heap after
{Heap after GC invocations=25 (full 0):
 garbage-first heap   total 157696K, used 69642K [0x0000000081c00000, 0x0000000100000000)
  region size 1024K, 7 young (7168K), 7 survivors (7168K)
 Metaspace       used 26822K, capacity 27145K, committed 27264K, reserved 1073152K
  class space    used 4097K, capacity 4205K, committed 4224K, reserved 1048576K
}
Event: 21.263 GC heap before
{Heap before GC invocations=25 (full 0):
 garbage-first heap   total 157696K, used 133130K [0x0000000081c00000, 0x0000000100000000)
  region size 1024K, 69 young (70656K), 7 survivors (7168K)
 Metaspace       used 26838K, capacity 27145K, committed 27264K, reserved 1073152K
  class space    used 4097K, capacity 4205K, committed 4224K, reserved 1048576K
}
Event: 21.267 GC heap after
{Heap after GC invocations=26 (full 0):
 garbage-first heap   total 157696K, used 69660K [0x0000000081c00000, 0x0000000100000000)
  region size 1024K, 5 young (5120K), 5 survivors (5120K)
 Metaspace       used 26838K, capacity 27145K, committed 27264K, reserved 1073152K
  class space    used 4097K, capacity 4205K, committed 4224K, reserved 1048576K
}

Deoptimization events (10 events):
Event: 20.092 Thread 0x000002456fab3800 Uncommon trap: reason=profile_predicate action=maybe_recompile pc=0x0000024507cc829c method=sun.security.provider.HashDrbg.addBytes([BI[[B)V @ 36 c2
Event: 20.445 Thread 0x000002456fab3800 Uncommon trap: reason=unstable_if action=reinterpret pc=0x0000024507bcde4c method=java.util.concurrent.ConcurrentHashMap.putVal(Ljava/lang/Object;Ljava/lang/Object;Z)Ljava/lang/Object; @ 231 c2
Event: 20.840 Thread 0x000002456fab3800 Uncommon trap: reason=unstable_if action=reinterpret pc=0x0000024507beb194 method=java.util.prefs.WindowsPreferences.toJavaValueString([B)Ljava/lang/String; @ 131 c2
Event: 20.841 Thread 0x000002456fab3800 Uncommon trap: reason=unstable_if action=reinterpret pc=0x0000024507be0368 method=java.util.prefs.WindowsPreferences.toJavaValueString([B)Ljava/lang/String; @ 131 c2
Event: 20.849 Thread 0x000002456fab3800 Uncommon trap: reason=bimorphic_or_optimized_type_check action=maybe_recompile pc=0x0000024507ca0130 method=java.util.TreeMap.compare(Ljava/lang/Object;Ljava/lang/Object;)I @ 12 c2
Event: 20.849 Thread 0x000002456fab3800 Uncommon trap: reason=class_check action=maybe_recompile pc=0x0000024507ca02b4 method=java.util.TreeMap.put(Ljava/lang/Object;Ljava/lang/Object;)Ljava/lang/Object; @ 127 c2
Event: 20.849 Thread 0x000002456fab3800 Uncommon trap: reason=class_check action=maybe_recompile pc=0x0000024507ca02b4 method=java.util.TreeMap.put(Ljava/lang/Object;Ljava/lang/Object;)Ljava/lang/Object; @ 127 c2
Event: 20.849 Thread 0x000002456fab3800 Uncommon trap: reason=class_check action=maybe_recompile pc=0x0000024507ca02b4 method=java.util.TreeMap.put(Ljava/lang/Object;Ljava/lang/Object;)Ljava/lang/Object; @ 127 c2
Event: 20.849 Thread 0x000002456fab3800 Uncommon trap: reason=class_check action=maybe_recompile pc=0x0000024507ca02b4 method=java.util.TreeMap.put(Ljava/lang/Object;Ljava/lang/Object;)Ljava/lang/Object; @ 127 c2
Event: 21.008 Thread 0x000002456fab3800 Uncommon trap: reason=predicate action=maybe_recompile pc=0x0000024507c41d50 method=java.util.TreeMap.put(Ljava/lang/Object;Ljava/lang/Object;)Ljava/lang/Object; @ 132 c2

Classes redefined (0 events):
No events

Internal exceptions (10 events):
Event: 0.554 Thread 0x000002456fab3800 Exception <a 'java/lang/NoSuchMethodError'{0x000000008906c3f8}: java.lang.invoke.DirectMethodHandle$Holder.invokeSpecialIFC(Ljava/lang/Object;Ljava/lang/Object;I)I> (0x000000008906c3f8) thrown at [t:/workspace/open/src/hotspot/share/interpreter/linkResolv
Event: 1.307 Thread 0x0000024512143000 Exception <a 'java/lang/IncompatibleClassChangeError'{0x0000000089376790}: Found class java.lang.Object, but interface was expected> (0x0000000089376790) thrown at [t:/workspace/open/src/hotspot/share/interpreter/linkResolver.cpp, line 843]
Event: 1.583 Thread 0x0000024512143000 Exception <a 'java/lang/ClassNotFoundException'{0x0000000088685880}: sun/awt/resources/spi/awtProvider> (0x0000000088685880) thrown at [t:/workspace/open/src/hotspot/share/classfile/systemDictionary.cpp, line 235]
Event: 1.599 Thread 0x0000024512143000 Exception <a 'java/io/FileNotFoundException'{0x00000000886b0bf0}> (0x00000000886b0bf0) thrown at [t:/workspace/open/src/hotspot/share/prims/jni.cpp, line 615]
Event: 1.600 Thread 0x0000024512143000 Exception <a 'java/io/FileNotFoundException'{0x00000000886b2650}> (0x00000000886b2650) thrown at [t:/workspace/open/src/hotspot/share/prims/jni.cpp, line 615]
Event: 1.697 Thread 0x0000024512143000 Exception <a 'java/lang/NoSuchMethodError'{0x0000000088213060}: java.lang.invoke.DirectMethodHandle$Holder.invokeStaticInit(Ljava/lang/Object;IIII)Ljava/lang/Object;> (0x0000000088213060) thrown at [t:/workspace/open/src/hotspot/share/interpreter/linkReso
Event: 1.991 Thread 0x0000024512143000 Exception <a 'java/lang/NoSuchMethodError'{0x000000008826dd18}: java.lang.invoke.DirectMethodHandle$Holder.invokeStaticInit(Ljava/lang/Object;Ljava/lang/Object;IIII)Ljava/lang/Object;> (0x000000008826dd18) thrown at [t:/workspace/open/src/hotspot/share/in
Event: 2.048 Thread 0x0000024512142800 Exception <a 'java/lang/NoSuchMethodError'{0x0000000088104f98}: java.lang.invoke.DirectMethodHandle$Holder.invokeSpecial(Ljava/lang/Object;Ljava/lang/Object;)V> (0x0000000088104f98) thrown at [t:/workspace/open/src/hotspot/share/interpreter/linkResolver.c
Event: 2.051 Thread 0x0000024512143000 Exception <a 'java/lang/NoSuchMethodError'{0x000000008816ddf8}: java.lang.invoke.DirectMethodHandle$Holder.invokeStatic(Ljava/lang/Object;Ljava/lang/Object;Ljava/lang/Object;Ljava/lang/Object;Ljava/lang/Object;Ljava/lang/Object;Ljava/lang/Object;J)Ljava/l
Event: 19.384 Thread 0x000002456fab3800 Implicit null exception at 0x0000024507bd1aa6 to 0x0000024507bd21aa

Events (10 events):
Event: 21.329 Thread 0x000002456fab3800 DEOPT PACKING pc=0x0000024500b290ef sp=0x000000a7015fe110
Event: 21.329 Thread 0x000002456fab3800 DEOPT UNPACKING pc=0x00000245000299ce sp=0x000000a7015fd668 mode 0
Event: 21.339 Thread 0x000002456fab3800 DEOPT PACKING pc=0x0000024500b290ad sp=0x000000a7015fe110
Event: 21.339 Thread 0x000002456fab3800 DEOPT UNPACKING pc=0x00000245000299ce sp=0x000000a7015fd668 mode 0
Event: 21.356 Thread 0x000002456fab3800 DEOPT PACKING pc=0x0000024500b290ef sp=0x000000a7015fe110
Event: 21.356 Thread 0x000002456fab3800 DEOPT UNPACKING pc=0x00000245000299ce sp=0x000000a7015fd668 mode 0
Event: 21.368 Thread 0x000002456fab3800 DEOPT PACKING pc=0x0000024500b290ad sp=0x000000a7015fe110
Event: 21.368 Thread 0x000002456fab3800 DEOPT UNPACKING pc=0x00000245000299ce sp=0x000000a7015fd668 mode 0
Event: 21.385 Thread 0x000002456fab3800 DEOPT PACKING pc=0x0000024500b290ef sp=0x000000a7015fe110
Event: 21.385 Thread 0x000002456fab3800 DEOPT UNPACKING pc=0x00000245000299ce sp=0x000000a7015fd668 mode 0


Dynamic libraries:
0x00007ff6156f0000 - 0x00007ff6156ff000 	C:\Program Files\Java\jdk-12.0.2\bin\javaw.exe
0x00007ffdbab20000 - 0x00007ffdbad10000 	C:\WINDOWS\SYSTEM32\ntdll.dll
0x00007ffdb9240000 - 0x00007ffdb92f2000 	C:\WINDOWS\System32\KERNEL32.DLL
0x00007ffdb84e0000 - 0x00007ffdb8785000 	C:\WINDOWS\System32\KERNELBASE.dll
0x00007ffdb7be0000 - 0x00007ffdb7cda000 	C:\WINDOWS\System32\ucrtbase.dll
0x00007ffdab8f0000 - 0x00007ffdab906000 	C:\Program Files\Java\jdk-12.0.2\bin\VCRUNTIME140.dll
0x00007ffdab910000 - 0x00007ffdab928000 	C:\Program Files\Java\jdk-12.0.2\bin\jli.dll
0x00007ffdb8c90000 - 0x00007ffdb8d33000 	C:\WINDOWS\System32\ADVAPI32.dll
0x00007ffdb9b00000 - 0x00007ffdb9b9e000 	C:\WINDOWS\System32\msvcrt.dll
0x00007ffdba510000 - 0x00007ffdba5a7000 	C:\WINDOWS\System32\sechost.dll
0x00007ffdb9720000 - 0x00007ffdb983f000 	C:\WINDOWS\System32\RPCRT4.dll
0x00007ffdba300000 - 0x00007ffdba494000 	C:\WINDOWS\System32\USER32.dll
0x00007ffdb84b0000 - 0x00007ffdb84d1000 	C:\WINDOWS\System32\win32u.dll
0x00007ffd933a0000 - 0x00007ffd93624000 	C:\WINDOWS\WinSxS\amd64_microsoft.windows.common-controls_6595b64144ccf1df_6.0.18362.1440_none_9e7dbfb9e45e8e67\COMCTL32.dll
0x00007ffdb9550000 - 0x00007ffdb9576000 	C:\WINDOWS\System32\GDI32.dll
0x00007ffdb8d40000 - 0x00007ffdb9076000 	C:\WINDOWS\System32\combase.dll
0x00007ffdb8a30000 - 0x00007ffdb8bc8000 	C:\WINDOWS\System32\gdi32full.dll
0x00007ffdb7a90000 - 0x00007ffdb7b2e000 	C:\WINDOWS\System32\msvcp_win.dll
0x00007ffdb89a0000 - 0x00007ffdb8a21000 	C:\WINDOWS\System32\bcryptPrimitives.dll
0x00007ffdb3930000 - 0x00007ffdb393a000 	C:\WINDOWS\SYSTEM32\VERSION.dll
0x00007ffdb9520000 - 0x00007ffdb954e000 	C:\WINDOWS\System32\IMM32.DLL
0x00007ffdab840000 - 0x00007ffdab8ea000 	C:\Program Files\Java\jdk-12.0.2\bin\msvcp140.dll
0x00007ffd4e460000 - 0x00007ffd4efd7000 	C:\Program Files\Java\jdk-12.0.2\bin\server\jvm.dll
0x00007ffdba5b0000 - 0x00007ffdba5b8000 	C:\WINDOWS\System32\PSAPI.DLL
0x00007ffda4db0000 - 0x00007ffda4dd4000 	C:\WINDOWS\SYSTEM32\WINMM.dll
0x00007ffd95350000 - 0x00007ffd95359000 	C:\WINDOWS\SYSTEM32\WSOCK32.dll
0x00007ffdba290000 - 0x00007ffdba2ff000 	C:\WINDOWS\System32\WS2_32.dll
0x00007ffda4d80000 - 0x00007ffda4dad000 	C:\WINDOWS\SYSTEM32\WINMMBASE.dll
0x00007ffdb8460000 - 0x00007ffdb84aa000 	C:\WINDOWS\System32\cfgmgr32.dll
0x00007ffdb7a30000 - 0x00007ffdb7a41000 	C:\WINDOWS\System32\kernel.appcore.dll
0x00007ffdab010000 - 0x00007ffdab021000 	C:\Program Files\Java\jdk-12.0.2\bin\verify.dll
0x00007ffdadef0000 - 0x00007ffdae0e4000 	C:\WINDOWS\SYSTEM32\DBGHELP.DLL
0x00007ffda7440000 - 0x00007ffda746a000 	C:\WINDOWS\SYSTEM32\dbgcore.DLL
0x00007ffd939b0000 - 0x00007ffd939d6000 	C:\Program Files\Java\jdk-12.0.2\bin\java.dll
0x00007ffdaafc0000 - 0x00007ffdaafd7000 	C:\Program Files\Java\jdk-12.0.2\bin\zip.dll
0x00007ffdb33d0000 - 0x00007ffdb33da000 	C:\Program Files\Java\jdk-12.0.2\bin\jimage.dll
0x00007ffdb9ba0000 - 0x00007ffdba288000 	C:\WINDOWS\System32\SHELL32.dll
0x00007ffdb99f0000 - 0x00007ffdb9a97000 	C:\WINDOWS\System32\shcore.dll
0x00007ffdb7ce0000 - 0x00007ffdb845b000 	C:\WINDOWS\System32\windows.storage.dll
0x00007ffdb7a70000 - 0x00007ffdb7a8e000 	C:\WINDOWS\System32\profapi.dll
0x00007ffdb79e0000 - 0x00007ffdb7a2a000 	C:\WINDOWS\System32\powrprof.dll
0x00007ffdb79d0000 - 0x00007ffdb79e0000 	C:\WINDOWS\System32\UMPDC.dll
0x00007ffdb9aa0000 - 0x00007ffdb9af2000 	C:\WINDOWS\System32\shlwapi.dll
0x00007ffdb8820000 - 0x00007ffdb8837000 	C:\WINDOWS\System32\cryptsp.dll
0x00007ffdaa680000 - 0x00007ffdaa699000 	C:\Program Files\Java\jdk-12.0.2\bin\net.dll
0x00007ffdb3b40000 - 0x00007ffdb3c3a000 	C:\WINDOWS\SYSTEM32\WINHTTP.dll
0x00007ffd9cc90000 - 0x00007ffd9ce67000 	C:\WINDOWS\SYSTEM32\urlmon.dll
0x00007ffd9e910000 - 0x00007ffd9ebb7000 	C:\WINDOWS\SYSTEM32\iertutil.dll
0x00007ffdb7380000 - 0x00007ffdb738c000 	C:\WINDOWS\SYSTEM32\CRYPTBASE.DLL
0x00007ffdb71b0000 - 0x00007ffdb7217000 	C:\WINDOWS\system32\mswsock.dll
0x00007ffd99d50000 - 0x00007ffd99d63000 	C:\Program Files\Java\jdk-12.0.2\bin\nio.dll
0x00007ffdab830000 - 0x00007ffdab839000 	C:\Program Files\Java\jdk-12.0.2\bin\prefs.dll
0x00007ffdb6f00000 - 0x00007ffdb6fcb000 	C:\WINDOWS\SYSTEM32\DNSAPI.dll
0x00007ffdb9510000 - 0x00007ffdb9518000 	C:\WINDOWS\System32\NSI.dll
0x00007ffdb6ec0000 - 0x00007ffdb6efa000 	C:\WINDOWS\SYSTEM32\IPHLPAPI.DLL
0x00007ffda6440000 - 0x00007ffda644a000 	C:\Windows\System32\rasadhlp.dll
0x00007ffdabaf0000 - 0x00007ffdabb67000 	C:\WINDOWS\System32\fwpuclnt.dll
0x00007ffdb8790000 - 0x00007ffdb87b6000 	C:\WINDOWS\System32\bcrypt.dll
0x00007ffd7b650000 - 0x00007ffd7b7ef000 	C:\Program Files\Java\jdk-12.0.2\bin\awt.dll
0x00007ffdb9650000 - 0x00007ffdb9715000 	C:\WINDOWS\System32\OLEAUT32.dll
0x00007ffdb47a0000 - 0x00007ffdb4d60000 	C:\WINDOWS\SYSTEM32\d2d1.dll
0x00007ffdb5c50000 - 0x00007ffdb5cdf000 	C:\WINDOWS\SYSTEM32\apphelp.dll
0x00007ffdb6d30000 - 0x00007ffdb6d63000 	C:\WINDOWS\system32\rsaenh.dll
0x00007ffdb78b0000 - 0x00007ffdb78d5000 	C:\WINDOWS\SYSTEM32\USERENV.dll
0x00007ffdac170000 - 0x00007ffdac186000 	C:\WINDOWS\SYSTEM32\dhcpcsvc6.DLL
0x00007ffdac420000 - 0x00007ffdac43c000 	C:\WINDOWS\SYSTEM32\dhcpcsvc.DLL
0x00007ffdb5d20000 - 0x00007ffdb5db9000 	C:\WINDOWS\system32\uxtheme.dll
0x00007ffdb9080000 - 0x00007ffdb91b5000 	C:\WINDOWS\System32\MSCTF.dll
0x00007ffdb93b0000 - 0x00007ffdb9507000 	C:\WINDOWS\System32\ole32.dll

dbghelp: loaded successfully - version: 4.0.5 - missing functions: none
symbol engine: initialized successfully - sym options: 0x614 - pdb path: .;C:\Program Files\Java\jdk-12.0.2\bin;C:\WINDOWS\SYSTEM32;C:\WINDOWS\WinSxS\amd64_microsoft.windows.common-controls_6595b64144ccf1df_6.0.18362.1440_none_9e7dbfb9e45e8e67;C:\Program Files\Java\jdk-12.0.2\bin\server

VM Arguments:
jvm_args: -Djava.system.class.loader=org.processmining.framework.util.ProMClassLoader -Dfile.encoding=UTF-8 
java_command: org.processmining.contexts.uitopia.UI
java_class_path (initial): D:\prom\PromBase\tests\bin-test;D:\prom\PromBase\bin;C:\Users\Rachmadita\.ivy2\cache\prom\ProM-Plugins\jars\ProM-Plugins-latest.jar;C:\Users\Rachmadita\.ivy2\cache\prom\ProM-Contexts\jars\ProM-Contexts-latest.jar;C:\Users\Rachmadita\.ivy2\cache\prom-libs\guava\jars\guava-16.0.1.jar;C:\Users\Rachmadita\.ivy2\cache\junit\junit\jars\junit-4.12.jar;C:\Users\Rachmadita\.ivy2\cache\prom-libs\bsh\jars\bsh-2.0b4.jar;C:\Users\Rachmadita\.ivy2\cache\prom-libs\Spex\jars\Spex-1.1.jar;C:\Users\Rachmadita\.ivy2\cache\prom-libs\Uitopia\jars\Uitopia-0.6-20190913.jar;C:\Users\Rachmadita\.ivy2\cache\prom-libs\UITopiaResources\jars\UITopiaResources-0.6-20190913.jar;C:\Users\Rachmadita\.ivy2\cache\prom\ProM-Framework\jars\ProM-Framework-latest.jar;C:\Users\Rachmadita\.ivy2\cache\org.apache.commons\commons-compress\jars\commons-compress-1.13.jar;C:\Users\Rachmadita\.ivy2\cache\commons-logging\commons-logging\jars\commons-logging-1.1.3.jar;C:\Users\Rachmadita\.ivy2\cache\prom-libs\jgraph\jars\jgraph-5.13.0.4.jar;C:\Users\Rachmadita\.ivy2\cache\com.brsanthu\google-analytics-java\jars\google-analytics-java-1.1.2.jar;C:\Users\Rachmadita\.ivy2\cache\org.apache.httpcomponents\httpclient\jars\httpclient-4.5.3.jar;C:\Users\Rachmadita\.ivy2\cache\org.apache.httpcomponents\httpcore\jars\httpcore-4.4.6.jar;C:\Users\Rachmadita\.ivy2\cache\org.apache.logging.log4j\log4j-api\jars\log4j-api-2.8.1.jar;C:\Users\Rachmadita\.ivy2\cache\org.apache.logging.log4j\log4j-core\jars\log4j-core-2.8.1.jar;C:\Users\Rachmadita\.ivy2\cache\org.apache.logging.log4j\log4j-slf4j-impl\jars\log4j-slf4j-impl-2.8.1.jar;C:\Users\Rachmadita\.ivy2\cache\prom-libs\jargs\jars\jargs-latest.jar;C:\Users\Rachmadita\.ivy2\cache\tablelayout\TableLayout\jars\TableLayout-20050920.jar;C:\Users\Rachmadita\.ivy2\cache\org.slf4j\slf4j-api\jars\slf4j-api-1.7.25.jar;C:\Users\Rachmadita\.ivy2\cache\prom-libs\slickerbox\jars\slickerbox-1.0rc1.jar;C:\Users\Rachmadita\.ivy2\cache\prom\ProM-Models\jars\ProM-Models-lat
Launcher Type: SUN_STANDARD

[Global flags]
     intx CICompilerCount                          = 4                                         {product} {ergonomic}
     uint ConcGCThreads                            = 2                                         {product} {ergonomic}
     uint G1ConcRefinementThreads                  = 8                                         {product} {ergonomic}
   size_t G1HeapRegionSize                         = 1048576                                   {product} {ergonomic}
    uintx GCDrainStackTargetSize                   = 64                                        {product} {ergonomic}
   size_t InitialHeapSize                          = 134217728                                 {product} {ergonomic}
   size_t MarkStackSize                            = 4194304                                   {product} {ergonomic}
   size_t MaxHeapSize                              = 2118123520                                {product} {ergonomic}
   size_t MaxNewSize                               = 1270874112                                {product} {ergonomic}
   size_t MinHeapDeltaBytes                        = 1048576                                   {product} {ergonomic}
    uintx NonNMethodCodeHeapSize                   = 5836300                                {pd product} {ergonomic}
    uintx NonProfiledCodeHeapSize                  = 122910970                              {pd product} {ergonomic}
    uintx ProfiledCodeHeapSize                     = 122910970                              {pd product} {ergonomic}
    uintx ReservedCodeCacheSize                    = 251658240                              {pd product} {ergonomic}
     bool SegmentedCodeCache                       = true                                      {product} {ergonomic}
     bool UseCompressedClassPointers               = true                                 {lp64_product} {ergonomic}
     bool UseCompressedOops                        = true                                 {lp64_product} {ergonomic}
     bool UseG1GC                                  = true                                      {product} {ergonomic}
     bool UseLargePagesIndividualAllocation        = false                                  {pd product} {ergonomic}

Logging:
Log output configuration:
 #0: stdout all=warning uptime,level,tags
 #1: stderr all=off uptime,level,tags

Environment Variables:
JAVA_HOME=C:\Program Files\OpenJDK\openjdk-8u282-b08
PATH=C:/Program Files/Java/jdk-12.0.2/bin/server;C:/Program Files/Java/jdk-12.0.2/bin;C:\ProgramData\Anaconda3;C:\ProgramData\Anaconda3\Library\mingw-w64\bin;C:\ProgramData\Anaconda3\Library\usr\bin;C:\ProgramData\Anaconda3\Library\bin;C:\ProgramData\Anaconda3\Scripts;C:\Program Files (x86)\Common Files\Oracle\Java\javapath;C:\WINDOWS\system32;C:\WINDOWS;C:\WINDOWS\System32\Wbem;C:\WINDOWS\System32\WindowsPowerShell\v1.0\;C:\WINDOWS\System32\OpenSSH\;C:\Program Files\Intel\WiFi\bin\;C:\Program Files\Common Files\Intel\WirelessCommon\;C:\xampp\php;C:\composer;C:\Program Files\SlikSvn\bin;C:\Program Files\TortoiseSVN\bin;C:\Program Files\Git\cmd;C:\Users\Rachmadita\AppData\Roaming\nvm;C:\Program Files\nodejs;C:\Program Files (x86)\adb;C:\Users\Rachmadita\AppData\Local\Android\Sdk;C:\ProgramData\chocolatey\bin;C:\Program Files\OpenJDK\openjdk-8u282-b08\bin;C:\Users\Rachmadita\AppData\Local\Microsoft\WindowsApps;C:\Users\Rachmadita\AppData\Local\atom\bin;C:\Users\Rachmadita\AppData\Roaming\Composer\vendor\bin;C:\Users\Rachmadita\AppData\Roaming\npm;C:\Program Files\heroku\bin;C:\Users\Rachmadita\AppData\Local\Programs\Microsoft VS Code\bin;C:\Users\Rachmadita\AppData\Local\Microsoft\WindowsApps;C:\Users\Rachmadita\AppData\Roaming\nvm;C:\Program Files\nodejs;C:\WINDOWS\System32;
USERNAME=Rachmadita
OS=Windows_NT
PROCESSOR_IDENTIFIER=Intel64 Family 6 Model 142 Stepping 11, GenuineIntel



---------------  S Y S T E M  ---------------

OS: Windows 10 , 64 bit Build 18362 (10.0.18362.1350)

CPU:total 8 (initial active 8) (4 cores per cpu, 2 threads per core) family 6 model 142 stepping 11, cmov, cx8, fxsr, mmx, sse, sse2, sse3, ssse3, sse4.1, sse4.2, popcnt, avx, avx2, aes, clmul, erms, 3dnowpref, lzcnt, ht, tsc, tscinvbit, bmi1, bmi2, adx, fma

Memory: 4k page, system-wide physical 8079M (1304M free)
TotalPageFile size 16783M (AvailPageFile size 4780M)
current process WorkingSet (physical memory assigned to process): 305M, peak: 312M
current process commit charge ("private bytes"): 359M, peak: 369M

vm_info: Java HotSpot(TM) 64-Bit Server VM (12.0.2+10) for windows-amd64 JRE (12.0.2+10), built on Jul 16 2019 01:56:17 by "mach5one" with MS VC++ 15.5 (VS2017)

END.
