#
# A fatal error has been detected by the Java Runtime Environment:
#
#  EXCEPTION_ACCESS_VIOLATION (0xc0000005) at pc=0x0000023556405e04, pid=19292, tid=20808
#
# JRE version: Java(TM) SE Runtime Environment (12.0.2+10) (build 12.0.2+10)
# Java VM: Java HotSpot(TM) 64-Bit Server VM (12.0.2+10, mixed mode, sharing, tiered, compressed oops, g1 gc, windows-amd64)
# Problematic frame:
# J 2890 c2 org.processmining.framework.plugin.impl.PluginManagerImpl.checkIfRequestedReturnTypeIsPresent(Lorg/processmining/framework/plugin/PluginDescriptor;Ljava/lang/Class;)I (50 bytes) @ 0x0000023556405e04 [0x0000023556405ce0+0x0000000000000124]
#
# No core dump will be written. Minidumps are not enabled by default on client versions of Windows
#
# If you would like to submit a bug report, please visit:
#   http://bugreport.java.com/bugreport/crash.jsp
#

---------------  S U M M A R Y ------------

Command Line: -Djava.system.class.loader=org.processmining.framework.util.ProMClassLoader -Dfile.encoding=UTF-8 org.processmining.contexts.uitopia.UI

Host: Intel(R) Core(TM) i7-8565U CPU @ 1.80GHz, 8 cores, 7G,  Windows 10 , 64 bit Build 19041 (10.0.19041.804)
Time: Thu Apr 15 16:30:00 2021 SE Asia Standard Time elapsed time: 27 seconds (0d 0h 0m 27s)

---------------  T H R E A D  ---------------

Current thread (0x0000023546319000):  JavaThread "main" [_thread_in_Java, id=20808, stack(0x000000b4f8000000,0x000000b4f8100000)]

Stack: [0x000000b4f8000000,0x000000b4f8100000],  sp=0x000000b4f80fe690,  free space=1017k
Native frames: (J=compiled Java code, j=interpreted, Vv=VM code, C=native code)
C  0x0000023556405e04


siginfo: EXCEPTION_ACCESS_VIOLATION (0xc0000005), reading address 0xffffffffffffffff


Register to memory mapping:

RIP=0x0000023556405e04 is at entry_point+292 in (nmethod*)0x0000023556405a90
RAX={method} {0x0000023565431e48} 'checkIfRequestedReturnTypeIsPresent' '(Lorg/processmining/framework/plugin/PluginDescriptor;Ljava/lang/Class;)I' in 'org/processmining/framework/plugin/impl/PluginManagerImpl'
RBX=0x00000008001219f8 is pointing into metadata
RCX=0x0000000000000001 is an unknown value
RDX=0x00000000864a3e38 points into unknown readable memory: 11 00 00 00 00 00 00 00
RSP=0x000000b4f80fe690 is pointing into the stack for thread: 0x0000023546319000
RBP=0x000000b4f80fe758 is pointing into the stack for thread: 0x0000023546319000
RSI=0x0000000000000001 is an unknown value
RDI=0x00000000864a3e38 points into unknown readable memory: 11 00 00 00 00 00 00 00
R8 =0x00000008001219f8 is pointing into metadata
R9 =0x0000000082b1b4b0 points into unknown readable memory: 11 94 20 e6 17 00 00 00
R10=0x0000000000053510 is an unknown value
R11=0x82b1b66000000000 is an unknown value
R12=0x0 is NULL
R13=0x00000000864a3e20 points into unknown readable memory: 15 00 00 00 00 00 00 00
R14=0x0000000000000048 is an unknown value
R15=0x0000023546319000 is a thread


Registers:
RAX=0x0000023565431e40, RBX=0x00000008001219f8, RCX=0x0000000000000001, RDX=0x00000000864a3e38
RSP=0x000000b4f80fe690, RBP=0x000000b4f80fe758, RSI=0x0000000000000001, RDI=0x00000000864a3e38
R8 =0x00000008001219f8, R9 =0x0000000082b1b4b0, R10=0x0000000000053510, R11=0x82b1b66000000000
R12=0x0000000000000000, R13=0x00000000864a3e20, R14=0x0000000000000048, R15=0x0000023546319000
RIP=0x0000023556405e04, EFLAGS=0x0000000000010246

Top of Stack: (sp=0x000000b4f80fe690)
0x000000b4f80fe690:   00000008011cc510 82b1b66000000000
0x000000b4f80fe6a0:   0000000000000001 0000000084d4a438
0x000000b4f80fe6b0:   000002356d28c4c0 0000000088100178
0x000000b4f80fe6c0:   0000000082c7e908 0000023556350028
0x000000b4f80fe6d0:   000000b4f80fe6e8 000002354e729bc0
0x000000b4f80fe6e0:   000000b4f80fe758 000002354e729880
0x000000b4f80fe6f0:   000002354e729880 0000000082b1b4b0
0x000000b4f80fe700:   00000000864a3be0 0000000084c96b00
0x000000b4f80fe710:   000000b4f80fe710 000002356543180a
0x000000b4f80fe720:   000000b4f80fe7e8 0000023565434640
0x000000b4f80fe730:   000002356d28bff0 0000000084c96600
0x000000b4f80fe740:   0000023565431968 000000b4f80fe6f8
0x000000b4f80fe750:   000000b4f80fe7f0 000000b4f80fe988
0x000000b4f80fe760:   000002354f253094 000000008a8b2b70
0x000000b4f80fe770:   000000008a8b4d78 000000008a8b4d48
0x000000b4f80fe780:   deaddeaf00000002 deaddeafffffffff 

Instructions: (pc=0x0000023556405e04)
0x0000023556405d04:   0f 1f 84 00 00 00 00 00 66 66 66 90 89 84 24 00
0x0000023556405d14:   90 ff ff 55 48 83 ec 50 c4 e1 f9 6e d2 45 8b 50
0x0000023556405d24:   08 41 81 fa d3 18 24 00 0f 85 58 16 00 00 45 8b
0x0000023556405d34:   58 1c 45 8b 53 08 48 ba 00 00 00 00 08 00 00 00
0x0000023556405d44:   4a 8d 14 d2 48 8b 5a 20 48 b9 f8 19 12 00 08 00
0x0000023556405d54:   00 00 48 3b d9 0f 85 8b 04 00 00 4d 8b eb 41 81
0x0000023556405d64:   fa 2a 0d 06 00 74 18 41 81 fa 10 35 05 00 0f 85
0x0000023556405d74:   f9 16 00 00 49 8b cd 8b 79 10 8b 77 0c eb 06 49
0x0000023556405d84:   8b cd 8b 71 10 85 f6 0f 8e b2 05 00 00 49 8b 49
0x0000023556405d94:   50 44 8b 71 10 41 81 fa 10 35 05 00 0f 85 10 16
0x0000023556405da4:   00 00 48 89 0c 24 c4 e1 f9 6e c2 49 8b cd 8b 51
0x0000023556405db4:   10 8b 4a 0c 89 4c 24 10 c5 f9 6e e2 c4 c1 79 6e
0x0000023556405dc4:   eb c4 c1 f9 6e d9 c4 c1 f9 6e c8 4c 8b 1c 24 45
0x0000023556405dd4:   8b 5b 08 c4 c1 79 6e fb 45 8b 59 20 4d 63 c6 c4
0x0000023556405de4:   c1 f9 6e f0 49 b8 f8 19 12 00 08 00 00 00 49 3b
0x0000023556405df4:   d8 0f 85 52 05 00 00 4d 8b 5b 50 4c 89 5c 24 08
0x0000023556405e04:   45 8b 43 10 4d 63 d8 41 81 fa 2a 0d 06 00 0f 84
0x0000023556405e14:   f0 01 00 00 85 c9 0f 86 d2 16 00 00 44 8b d1 41
0x0000023556405e24:   ff ca 44 3b d1 0f 83 b9 16 00 00 41 83 fe 20 0f
0x0000023556405e34:   85 00 01 00 00 45 33 c9 45 8b e9 41 8b d1 c4 c1
0x0000023556405e44:   79 7e e1 47 8b 4c a9 10 45 8b 51 08 49 8b c1 41
0x0000023556405e54:   81 fa 9d 23 07 00 0f 85 41 18 00 00 48 8b 70 50
0x0000023556405e64:   48 85 f6 0f 84 74 15 00 00 c4 c1 f9 7e f2 4e 8b
0x0000023556405e74:   14 16 4c 8b 0c 24 4d 3b ca 0f 84 f5 0e 00 00 49
0x0000023556405e84:   3b f1 0f 84 13 02 00 00 49 8b c1 50 48 8b c0 48
0x0000023556405e94:   8b 7e 28 8b 0f 48 83 c7 08 48 85 c0 f2 48 af 58
0x0000023556405ea4:   0f 85 04 00 00 00 48 89 46 20 0f 84 9b 05 00 00
0x0000023556405eb4:   c4 c1 79 7e f9 45 85 c9 7d 49 4e 8b 14 1e 48 8b
0x0000023556405ec4:   4c 24 08 49 3b ca 0f 84 d7 02 00 00 41 83 f8 20
0x0000023556405ed4:   75 31 48 3b f1 0f 84 c9 0e 00 00 48 8b c1 50 48
0x0000023556405ee4:   8b c0 48 8b 7e 28 8b 0f 48 83 c7 08 48 85 c0 f2
0x0000023556405ef4:   48 af 58 0f 85 04 00 00 00 48 89 46 20 0f 84 d1 


Stack slot to memory mapping:
stack at sp + 0 slots: 0x00000008011cc510 is a pointer to class: 
javax.swing.JComponent {0x00000008011cc518}
stack at sp + 1 slots: 0x82b1b66000000000 is an unknown value
stack at sp + 2 slots: 0x0000000000000001 is an unknown value
stack at sp + 3 slots: 0x0000000084d4a438 points into unknown readable memory: 09 42 b0 6d 0a 00 00 00
stack at sp + 4 slots: 0x000002356d28c4c0 is pointing into metadata
stack at sp + 5 slots: 0x0000000088100178 points into unknown readable memory: 29 d0 bb 6a 62 00 00 00
stack at sp + 6 slots: 0x0000000082c7e908 is an oop: com.sun.proxy.$Proxy7 
{0x0000000082c7e908} - klass: 'com/sun/proxy/$Proxy7'
stack at sp + 7 slots: 0x0000023556350028 is at entry_point+840 in (nmethod*)0x000002355634fa90



---------------  P R O C E S S  ---------------

Threads class SMR info:
_java_thread_list=0x000002356ecb68a0, length=14, elements={
0x0000023546319000, 0x0000023564fa6800, 0x0000023564fa8000, 0x0000023564fbd000,
0x0000023564fc0800, 0x0000023564fc2000, 0x0000023564fcb000, 0x0000023564fcf000,
0x0000023565a18800, 0x0000023565b44800, 0x0000023566b90000, 0x0000023566b91000,
0x0000023567ecf800, 0x000002356e2a3800
}

Java Threads: ( => current thread )
=>0x0000023546319000 JavaThread "main" [_thread_in_Java, id=20808, stack(0x000000b4f8000000,0x000000b4f8100000)]
  0x0000023564fa6800 JavaThread "Reference Handler" daemon [_thread_blocked, id=12772, stack(0x000000b4f8700000,0x000000b4f8800000)]
  0x0000023564fa8000 JavaThread "Finalizer" daemon [_thread_blocked, id=18436, stack(0x000000b4f8800000,0x000000b4f8900000)]
  0x0000023564fbd000 JavaThread "Signal Dispatcher" daemon [_thread_blocked, id=14416, stack(0x000000b4f8900000,0x000000b4f8a00000)]
  0x0000023564fc0800 JavaThread "Attach Listener" daemon [_thread_blocked, id=5480, stack(0x000000b4f8a00000,0x000000b4f8b00000)]
  0x0000023564fc2000 JavaThread "C2 CompilerThread0" daemon [_thread_blocked, id=17980, stack(0x000000b4f8b00000,0x000000b4f8c00000)]
  0x0000023564fcb000 JavaThread "C1 CompilerThread0" daemon [_thread_blocked, id=19876, stack(0x000000b4f8c00000,0x000000b4f8d00000)]
  0x0000023564fcf000 JavaThread "Sweeper thread" daemon [_thread_blocked, id=14860, stack(0x000000b4f8d00000,0x000000b4f8e00000)]
  0x0000023565a18800 JavaThread "Common-Cleaner" daemon [_thread_blocked, id=8808, stack(0x000000b4f8e00000,0x000000b4f8f00000)]
  0x0000023565b44800 JavaThread "Service Thread" daemon [_thread_blocked, id=8144, stack(0x000000b4f8f00000,0x000000b4f9000000)]
  0x0000023566b90000 JavaThread "Java2D Disposer" daemon [_thread_blocked, id=20524, stack(0x000000b4f9700000,0x000000b4f9800000)]
  0x0000023566b91000 JavaThread "AWT-Windows" daemon [_thread_in_native, id=2684, stack(0x000000b4f9d00000,0x000000b4f9e00000)]
  0x0000023567ecf800 JavaThread "C2 CompilerThread1" daemon [_thread_in_native, id=2108, stack(0x000000b4f9100000,0x000000b4f9200000)]
  0x000002356e2a3800 JavaThread "C2 CompilerThread2" daemon [_thread_blocked, id=13840, stack(0x000000b4f9200000,0x000000b4f9300000)]

Other Threads:
  0x0000023564fa5000 VMThread "VM Thread" [stack: 0x000000b4f8600000,0x000000b4f8700000] [id=23448]
  0x0000023565bb6000 WatcherThread [stack: 0x000000b4f9000000,0x000000b4f9100000] [id=6464]
  0x0000023546358800 GCTaskThread "GC Thread#0" [stack: 0x000000b4f8100000,0x000000b4f8200000] [id=17156]
  0x0000023566670800 GCTaskThread "GC Thread#1" [stack: 0x000000b4f9300000,0x000000b4f9400000] [id=3720]
  0x0000023566671800 GCTaskThread "GC Thread#2" [stack: 0x000000b4f9400000,0x000000b4f9500000] [id=9620]
  0x0000023566b6b800 GCTaskThread "GC Thread#3" [stack: 0x000000b4f9600000,0x000000b4f9700000] [id=16860]
  0x0000023566ee1800 GCTaskThread "GC Thread#4" [stack: 0x000000b4f9900000,0x000000b4f9a00000] [id=14928]
  0x00000235669bc800 GCTaskThread "GC Thread#5" [stack: 0x000000b4f9a00000,0x000000b4f9b00000] [id=14404]
  0x00000235669bd800 GCTaskThread "GC Thread#6" [stack: 0x000000b4f9b00000,0x000000b4f9c00000] [id=12632]
  0x0000023566bca800 GCTaskThread "GC Thread#7" [stack: 0x000000b4f9c00000,0x000000b4f9d00000] [id=14176]
  0x0000023546368800 ConcurrentGCThread "G1 Main Marker" [stack: 0x000000b4f8200000,0x000000b4f8300000] [id=19352]
  0x000002354636b000 ConcurrentGCThread "G1 Conc#0" [stack: 0x000000b4f8300000,0x000000b4f8400000] [id=2376]
  0x0000023567b3d000 ConcurrentGCThread "G1 Conc#1" [stack: 0x000000b4f9f00000,0x000000b4fa000000] [id=800]
  0x0000023564e20800 ConcurrentGCThread "G1 Refine#0" [stack: 0x000000b4f8400000,0x000000b4f8500000] [id=20528]
  0x0000023565c4b800 ConcurrentGCThread "G1 Refine#1" [stack: 0x000000b4f9500000,0x000000b4f9600000] [id=17164]
  0x0000023564e21800 ConcurrentGCThread "G1 Young RemSet Sampling" [stack: 0x000000b4f8500000,0x000000b4f8600000] [id=20824]

Threads with active compile tasks:
C2 CompilerThread1  2888 %     4       org.processmining.framework.plugin.impl.PluginManagerImpl::find @ 41 (271 bytes)

VM state:not at safepoint (normal execution)

VM Mutex/Monitor currently owned by a thread: None

Heap address: 0x0000000081c00000, size: 2020 MB, Compressed Oops mode: 32-bit
Narrow klass base: 0x0000000800000000, Narrow klass shift: 3
Compressed class space size: 1073741824 Address: 0x0000000801190000

Heap:
 garbage-first heap   total 145408K, used 79093K [0x0000000081c00000, 0x0000000100000000)
  region size 1024K, 5 young (5120K), 3 survivors (3072K)
 Metaspace       used 26849K, capacity 27145K, committed 27264K, reserved 1073152K
  class space    used 4091K, capacity 4205K, committed 4224K, reserved 1048576K
Heap Regions: E=young(eden), S=young(survivor), O=old, HS=humongous(starts), HC=humongous(continues), CS=collection set, F=free, A=archive, TAMS=top-at-mark-start (previous, next)
|   0|0x0000000081c00000, 0x0000000081d00000, 0x0000000081d00000|100%|HS|  |TAMS 0x0000000081d00000, 0x0000000081c00000| Complete 
|   1|0x0000000081d00000, 0x0000000081e00000, 0x0000000081e00000|100%|HC|  |TAMS 0x0000000081e00000, 0x0000000081d00000| Complete 
|   2|0x0000000081e00000, 0x0000000081f00000, 0x0000000081f00000|100%|HS|  |TAMS 0x0000000081f00000, 0x0000000081e00000| Complete 
|   3|0x0000000081f00000, 0x0000000082000000, 0x0000000082000000|100%|HC|  |TAMS 0x0000000082000000, 0x0000000081f00000| Complete 
|   4|0x0000000082000000, 0x0000000082100000, 0x0000000082100000|100%| O|  |TAMS 0x0000000082100000, 0x0000000082000000| Untracked 
|   5|0x0000000082100000, 0x0000000082200000, 0x0000000082200000|100%| O|  |TAMS 0x0000000082200000, 0x0000000082100000| Untracked 
|   6|0x0000000082200000, 0x0000000082300000, 0x0000000082300000|100%| O|  |TAMS 0x0000000082300000, 0x0000000082200000| Untracked 
|   7|0x0000000082300000, 0x0000000082400000, 0x0000000082400000|100%|HS|  |TAMS 0x0000000082400000, 0x0000000082300000| Complete 
|   8|0x0000000082400000, 0x0000000082500000, 0x0000000082500000|100%|HC|  |TAMS 0x0000000082500000, 0x0000000082400000| Complete 
|   9|0x0000000082500000, 0x0000000082600000, 0x0000000082600000|100%|HS|  |TAMS 0x0000000082600000, 0x0000000082500000| Complete 
|  10|0x0000000082600000, 0x0000000082700000, 0x0000000082700000|100%|HC|  |TAMS 0x0000000082700000, 0x0000000082600000| Complete 
|  11|0x0000000082700000, 0x0000000082800000, 0x0000000082800000|100%| O|  |TAMS 0x0000000082800000, 0x0000000082700000| Untracked 
|  12|0x0000000082800000, 0x0000000082900000, 0x0000000082900000|100%| O|  |TAMS 0x0000000082900000, 0x0000000082800000| Untracked 
|  13|0x0000000082900000, 0x0000000082a00000, 0x0000000082a00000|100%| O|  |TAMS 0x0000000082a00000, 0x0000000082900000| Untracked 
|  14|0x0000000082a00000, 0x0000000082b00000, 0x0000000082b00000|100%|HS|  |TAMS 0x0000000082b00000, 0x0000000082a00000| Complete 
|  15|0x0000000082b00000, 0x0000000082c00000, 0x0000000082c00000|100%| O|  |TAMS 0x0000000082c00000, 0x0000000082b00000| Untracked 
|  16|0x0000000082c00000, 0x0000000082d00000, 0x0000000082d00000|100%| O|  |TAMS 0x0000000082d00000, 0x0000000082c00000| Untracked 
|  17|0x0000000082d00000, 0x0000000082e00000, 0x0000000082e00000|100%| O|  |TAMS 0x0000000082e00000, 0x0000000082d00000| Untracked 
|  18|0x0000000082e00000, 0x0000000082f00000, 0x0000000082f00000|100%| O|  |TAMS 0x0000000082f00000, 0x0000000082e00000| Untracked 
|  19|0x0000000082f00000, 0x0000000083000000, 0x0000000083000000|100%| O|  |TAMS 0x0000000083000000, 0x0000000082f00000| Untracked 
|  20|0x0000000083000000, 0x0000000083100000, 0x0000000083100000|100%| O|  |TAMS 0x0000000083100000, 0x0000000083000000| Untracked 
|  21|0x0000000083100000, 0x0000000083200000, 0x0000000083200000|100%| O|  |TAMS 0x0000000083200000, 0x0000000083100000| Untracked 
|  22|0x0000000083200000, 0x0000000083300000, 0x0000000083300000|100%|HS|  |TAMS 0x0000000083300000, 0x0000000083200000| Complete 
|  23|0x0000000083300000, 0x0000000083400000, 0x0000000083400000|100%|HC|  |TAMS 0x0000000083400000, 0x0000000083300000| Complete 
|  24|0x0000000083400000, 0x0000000083500000, 0x0000000083500000|100%|HC|  |TAMS 0x0000000083500000, 0x0000000083400000| Complete 
|  25|0x0000000083500000, 0x0000000083600000, 0x0000000083600000|100%|HS|  |TAMS 0x0000000083600000, 0x0000000083500000| Complete 
|  26|0x0000000083600000, 0x0000000083700000, 0x0000000083700000|100%|HC|  |TAMS 0x0000000083700000, 0x0000000083600000| Complete 
|  27|0x0000000083700000, 0x0000000083800000, 0x0000000083800000|100%|HC|  |TAMS 0x0000000083800000, 0x0000000083700000| Complete 
|  28|0x0000000083800000, 0x0000000083900000, 0x0000000083900000|100%|HC|  |TAMS 0x0000000083900000, 0x0000000083800000| Complete 
|  29|0x0000000083900000, 0x0000000083a00000, 0x0000000083a00000|100%|HC|  |TAMS 0x0000000083a00000, 0x0000000083900000| Complete 
|  30|0x0000000083a00000, 0x0000000083b00000, 0x0000000083b00000|100%|HS|  |TAMS 0x0000000083b00000, 0x0000000083a00000| Complete 
|  31|0x0000000083b00000, 0x0000000083c00000, 0x0000000083c00000|100%|HC|  |TAMS 0x0000000083c00000, 0x0000000083b00000| Complete 
|  32|0x0000000083c00000, 0x0000000083d00000, 0x0000000083d00000|100%|HC|  |TAMS 0x0000000083d00000, 0x0000000083c00000| Complete 
|  33|0x0000000083d00000, 0x0000000083e00000, 0x0000000083e00000|100%|HC|  |TAMS 0x0000000083e00000, 0x0000000083d00000| Complete 
|  34|0x0000000083e00000, 0x0000000083f00000, 0x0000000083f00000|100%|HC|  |TAMS 0x0000000083f00000, 0x0000000083e00000| Complete 
|  35|0x0000000083f00000, 0x0000000084000000, 0x0000000084000000|100%|HS|  |TAMS 0x0000000084000000, 0x0000000083f00000| Complete 
|  36|0x0000000084000000, 0x0000000084100000, 0x0000000084100000|100%|HC|  |TAMS 0x0000000084100000, 0x0000000084000000| Complete 
|  37|0x0000000084100000, 0x0000000084200000, 0x0000000084200000|100%|HC|  |TAMS 0x0000000084200000, 0x0000000084100000| Complete 
|  38|0x0000000084200000, 0x0000000084300000, 0x0000000084300000|100%|HC|  |TAMS 0x0000000084300000, 0x0000000084200000| Complete 
|  39|0x0000000084300000, 0x0000000084400000, 0x0000000084400000|100%|HC|  |TAMS 0x0000000084400000, 0x0000000084300000| Complete 
|  40|0x0000000084400000, 0x0000000084500000, 0x0000000084500000|100%|HS|  |TAMS 0x0000000084500000, 0x0000000084400000| Complete 
|  41|0x0000000084500000, 0x0000000084600000, 0x0000000084600000|100%|HC|  |TAMS 0x0000000084600000, 0x0000000084500000| Complete 
|  42|0x0000000084600000, 0x0000000084700000, 0x0000000084700000|100%|HC|  |TAMS 0x0000000084700000, 0x0000000084600000| Complete 
|  43|0x0000000084700000, 0x0000000084800000, 0x0000000084800000|100%|HC|  |TAMS 0x0000000084800000, 0x0000000084700000| Complete 
|  44|0x0000000084800000, 0x0000000084900000, 0x0000000084900000|100%|HC|  |TAMS 0x0000000084900000, 0x0000000084800000| Complete 
|  45|0x0000000084900000, 0x0000000084a00000, 0x0000000084a00000|100%| O|  |TAMS 0x0000000084a00000, 0x0000000084900000| Untracked 
|  46|0x0000000084a00000, 0x0000000084b00000, 0x0000000084b00000|100%| O|  |TAMS 0x0000000084b00000, 0x0000000084a00000| Untracked 
|  47|0x0000000084b00000, 0x0000000084c00000, 0x0000000084c00000|100%| O|  |TAMS 0x0000000084c00000, 0x0000000084b00000| Untracked 
|  48|0x0000000084c00000, 0x0000000084d00000, 0x0000000084d00000|100%| O|  |TAMS 0x0000000084d00000, 0x0000000084c00000| Untracked 
|  49|0x0000000084d00000, 0x0000000084e00000, 0x0000000084e00000|100%| O|  |TAMS 0x0000000084e00000, 0x0000000084d00000| Untracked 
|  50|0x0000000084e00000, 0x0000000084f00000, 0x0000000084f00000|100%|HS|  |TAMS 0x0000000084f00000, 0x0000000084e00000| Complete 
|  51|0x0000000084f00000, 0x0000000085000000, 0x0000000085000000|100%| O|  |TAMS 0x0000000085000000, 0x0000000084f00000| Untracked 
|  52|0x0000000085000000, 0x0000000085100000, 0x0000000085100000|100%|HS|  |TAMS 0x0000000085100000, 0x0000000085000000| Complete 
|  53|0x0000000085100000, 0x0000000085200000, 0x0000000085200000|100%| O|  |TAMS 0x0000000085200000, 0x0000000085100000| Untracked 
|  54|0x0000000085200000, 0x0000000085300000, 0x0000000085300000|100%| O|  |TAMS 0x0000000085300000, 0x0000000085200000| Untracked 
|  55|0x0000000085300000, 0x0000000085400000, 0x0000000085400000|100%| O|  |TAMS 0x0000000085400000, 0x0000000085300000| Untracked 
|  56|0x0000000085400000, 0x00000000854ffff8, 0x0000000085500000| 99%| O|  |TAMS 0x00000000854ffff8, 0x0000000085400000| Untracked 
|  57|0x0000000085500000, 0x0000000085600000, 0x0000000085600000|100%| O|  |TAMS 0x0000000085600000, 0x0000000085500000| Untracked 
|  58|0x0000000085600000, 0x0000000085700000, 0x0000000085700000|100%| O|  |TAMS 0x0000000085700000, 0x0000000085600000| Untracked 
|  59|0x0000000085700000, 0x0000000085800000, 0x0000000085800000|100%| O|  |TAMS 0x0000000085800000, 0x0000000085700000| Untracked 
|  60|0x0000000085800000, 0x0000000085900000, 0x0000000085900000|100%| O|  |TAMS 0x0000000085900000, 0x0000000085800000| Untracked 
|  61|0x0000000085900000, 0x0000000085a00000, 0x0000000085a00000|100%| O|  |TAMS 0x0000000085a00000, 0x0000000085900000| Untracked 
|  62|0x0000000085a00000, 0x0000000085b00000, 0x0000000085b00000|100%| O|  |TAMS 0x0000000085b00000, 0x0000000085a00000| Untracked 
|  63|0x0000000085b00000, 0x0000000085c00000, 0x0000000085c00000|100%| O|  |TAMS 0x0000000085c00000, 0x0000000085b00000| Untracked 
|  64|0x0000000085c00000, 0x0000000085d00000, 0x0000000085d00000|100%| O|  |TAMS 0x0000000085d00000, 0x0000000085c00000| Untracked 
|  65|0x0000000085d00000, 0x0000000085e00000, 0x0000000085e00000|100%| O|  |TAMS 0x0000000085e00000, 0x0000000085d00000| Untracked 
|  66|0x0000000085e00000, 0x0000000085f00000, 0x0000000085f00000|100%| O|  |TAMS 0x0000000085f00000, 0x0000000085e00000| Untracked 
|  67|0x0000000085f00000, 0x0000000086000000, 0x0000000086000000|100%|HS|  |TAMS 0x0000000086000000, 0x0000000085f00000| Complete 
|  68|0x0000000086000000, 0x0000000086100000, 0x0000000086100000|100%| O|  |TAMS 0x0000000086100000, 0x0000000086000000| Untracked 
|  69|0x0000000086100000, 0x0000000086200000, 0x0000000086200000|100%| O|  |TAMS 0x0000000086200000, 0x0000000086100000| Untracked 
|  70|0x0000000086200000, 0x0000000086300000, 0x0000000086300000|100%| O|  |TAMS 0x0000000086300000, 0x0000000086200000| Untracked 
|  71|0x0000000086300000, 0x0000000086400000, 0x0000000086400000|100%| O|  |TAMS 0x0000000086400000, 0x0000000086300000| Untracked 
|  72|0x0000000086400000, 0x0000000086500000, 0x0000000086500000|100%| O|  |TAMS 0x0000000086500000, 0x0000000086400000| Untracked 
|  73|0x0000000086500000, 0x00000000865d1800, 0x0000000086600000| 81%| O|  |TAMS 0x00000000865d1800, 0x0000000086500000| Untracked 
|  74|0x0000000086600000, 0x0000000086600000, 0x0000000086700000|  0%| F|  |TAMS 0x0000000086600000, 0x0000000086600000| Untracked 
|  75|0x0000000086700000, 0x0000000086700000, 0x0000000086800000|  0%| F|  |TAMS 0x0000000086700000, 0x0000000086700000| Untracked 
|  76|0x0000000086800000, 0x0000000086800000, 0x0000000086900000|  0%| F|  |TAMS 0x0000000086800000, 0x0000000086800000| Untracked 
|  77|0x0000000086900000, 0x0000000086900000, 0x0000000086a00000|  0%| F|  |TAMS 0x0000000086900000, 0x0000000086900000| Untracked 
|  78|0x0000000086a00000, 0x0000000086a00000, 0x0000000086b00000|  0%| F|  |TAMS 0x0000000086a00000, 0x0000000086a00000| Untracked 
|  79|0x0000000086b00000, 0x0000000086b00000, 0x0000000086c00000|  0%| F|  |TAMS 0x0000000086b00000, 0x0000000086b00000| Untracked 
|  80|0x0000000086c00000, 0x0000000086c00000, 0x0000000086d00000|  0%| F|  |TAMS 0x0000000086c00000, 0x0000000086c00000| Untracked 
|  81|0x0000000086d00000, 0x0000000086d00000, 0x0000000086e00000|  0%| F|  |TAMS 0x0000000086d00000, 0x0000000086d00000| Untracked 
|  82|0x0000000086e00000, 0x0000000086e00000, 0x0000000086f00000|  0%| F|  |TAMS 0x0000000086e00000, 0x0000000086e00000| Untracked 
|  83|0x0000000086f00000, 0x0000000086f00000, 0x0000000087000000|  0%| F|  |TAMS 0x0000000086f00000, 0x0000000086f00000| Untracked 
|  84|0x0000000087000000, 0x0000000087000000, 0x0000000087100000|  0%| F|  |TAMS 0x0000000087000000, 0x0000000087000000| Untracked 
|  85|0x0000000087100000, 0x0000000087100000, 0x0000000087200000|  0%| F|  |TAMS 0x0000000087100000, 0x0000000087100000| Untracked 
|  86|0x0000000087200000, 0x0000000087200000, 0x0000000087300000|  0%| F|  |TAMS 0x0000000087200000, 0x0000000087200000| Untracked 
|  87|0x0000000087300000, 0x0000000087300000, 0x0000000087400000|  0%| F|  |TAMS 0x0000000087300000, 0x0000000087300000| Untracked 
|  88|0x0000000087400000, 0x0000000087400000, 0x0000000087500000|  0%| F|  |TAMS 0x0000000087400000, 0x0000000087400000| Untracked 
|  89|0x0000000087500000, 0x0000000087500000, 0x0000000087600000|  0%| F|  |TAMS 0x0000000087500000, 0x0000000087500000| Untracked 
|  90|0x0000000087600000, 0x0000000087600000, 0x0000000087700000|  0%| F|  |TAMS 0x0000000087600000, 0x0000000087600000| Untracked 
|  91|0x0000000087700000, 0x0000000087700000, 0x0000000087800000|  0%| F|  |TAMS 0x0000000087700000, 0x0000000087700000| Untracked 
|  92|0x0000000087800000, 0x0000000087800000, 0x0000000087900000|  0%| F|  |TAMS 0x0000000087800000, 0x0000000087800000| Untracked 
|  93|0x0000000087900000, 0x0000000087900000, 0x0000000087a00000|  0%| F|  |TAMS 0x0000000087900000, 0x0000000087900000| Untracked 
|  94|0x0000000087a00000, 0x0000000087a00000, 0x0000000087b00000|  0%| F|  |TAMS 0x0000000087a00000, 0x0000000087a00000| Untracked 
|  95|0x0000000087b00000, 0x0000000087b00000, 0x0000000087c00000|  0%| F|  |TAMS 0x0000000087b00000, 0x0000000087b00000| Untracked 
|  96|0x0000000087c00000, 0x0000000087c00000, 0x0000000087d00000|  0%| F|  |TAMS 0x0000000087c00000, 0x0000000087c00000| Untracked 
|  97|0x0000000087d00000, 0x0000000087d00000, 0x0000000087e00000|  0%| F|  |TAMS 0x0000000087d00000, 0x0000000087d00000| Untracked 
|  98|0x0000000087e00000, 0x0000000087e00000, 0x0000000087f00000|  0%| F|  |TAMS 0x0000000087e00000, 0x0000000087e00000| Untracked 
|  99|0x0000000087f00000, 0x0000000087f6bfd0, 0x0000000088000000| 42%| S|CS|TAMS 0x0000000087f00000, 0x0000000087f00000| Complete 
| 100|0x0000000088000000, 0x0000000088100000, 0x0000000088100000|100%| S|CS|TAMS 0x0000000088000000, 0x0000000088000000| Complete 
| 101|0x0000000088100000, 0x0000000088200000, 0x0000000088200000|100%| S|CS|TAMS 0x0000000088100000, 0x0000000088100000| Complete 
| 102|0x0000000088200000, 0x0000000088200000, 0x0000000088300000|  0%| F|  |TAMS 0x0000000088200000, 0x0000000088200000| Untracked 
| 103|0x0000000088300000, 0x0000000088300000, 0x0000000088400000|  0%| F|  |TAMS 0x0000000088300000, 0x0000000088300000| Untracked 
| 104|0x0000000088400000, 0x0000000088400000, 0x0000000088500000|  0%| F|  |TAMS 0x0000000088400000, 0x0000000088400000| Untracked 
| 105|0x0000000088500000, 0x0000000088500000, 0x0000000088600000|  0%| F|  |TAMS 0x0000000088500000, 0x0000000088500000| Untracked 
| 106|0x0000000088600000, 0x0000000088600000, 0x0000000088700000|  0%| F|  |TAMS 0x0000000088600000, 0x0000000088600000| Untracked 
| 107|0x0000000088700000, 0x0000000088700000, 0x0000000088800000|  0%| F|  |TAMS 0x0000000088700000, 0x0000000088700000| Untracked 
| 108|0x0000000088800000, 0x0000000088800000, 0x0000000088900000|  0%| F|  |TAMS 0x0000000088800000, 0x0000000088800000| Untracked 
| 109|0x0000000088900000, 0x0000000088900000, 0x0000000088a00000|  0%| F|  |TAMS 0x0000000088900000, 0x0000000088900000| Untracked 
| 110|0x0000000088a00000, 0x0000000088a00000, 0x0000000088b00000|  0%| F|  |TAMS 0x0000000088a00000, 0x0000000088a00000| Untracked 
| 111|0x0000000088b00000, 0x0000000088b00000, 0x0000000088c00000|  0%| F|  |TAMS 0x0000000088b00000, 0x0000000088b00000| Untracked 
| 112|0x0000000088c00000, 0x0000000088c00000, 0x0000000088d00000|  0%| F|  |TAMS 0x0000000088c00000, 0x0000000088c00000| Untracked 
| 113|0x0000000088d00000, 0x0000000088d00000, 0x0000000088e00000|  0%| F|  |TAMS 0x0000000088d00000, 0x0000000088d00000| Untracked 
| 114|0x0000000088e00000, 0x0000000088e00000, 0x0000000088f00000|  0%| F|  |TAMS 0x0000000088e00000, 0x0000000088e00000| Untracked 
| 115|0x0000000088f00000, 0x0000000088f00000, 0x0000000089000000|  0%| F|  |TAMS 0x0000000088f00000, 0x0000000088f00000| Untracked 
| 116|0x0000000089000000, 0x0000000089000000, 0x0000000089100000|  0%| F|  |TAMS 0x0000000089000000, 0x0000000089000000| Untracked 
| 117|0x0000000089100000, 0x0000000089100000, 0x0000000089200000|  0%| F|  |TAMS 0x0000000089100000, 0x0000000089100000| Untracked 
| 118|0x0000000089200000, 0x0000000089200000, 0x0000000089300000|  0%| F|  |TAMS 0x0000000089200000, 0x0000000089200000| Untracked 
| 119|0x0000000089300000, 0x0000000089300000, 0x0000000089400000|  0%| F|  |TAMS 0x0000000089300000, 0x0000000089300000| Untracked 
| 120|0x0000000089400000, 0x0000000089400000, 0x0000000089500000|  0%| F|  |TAMS 0x0000000089400000, 0x0000000089400000| Untracked 
| 121|0x0000000089500000, 0x0000000089500000, 0x0000000089600000|  0%| F|  |TAMS 0x0000000089500000, 0x0000000089500000| Untracked 
| 122|0x0000000089600000, 0x0000000089600000, 0x0000000089700000|  0%| F|  |TAMS 0x0000000089600000, 0x0000000089600000| Untracked 
| 123|0x0000000089700000, 0x0000000089700000, 0x0000000089800000|  0%| F|  |TAMS 0x0000000089700000, 0x0000000089700000| Untracked 
| 124|0x0000000089800000, 0x0000000089800000, 0x0000000089900000|  0%| F|  |TAMS 0x0000000089800000, 0x0000000089800000| Untracked 
| 125|0x0000000089900000, 0x0000000089900000, 0x0000000089a00000|  0%| F|  |TAMS 0x0000000089900000, 0x0000000089900000| Untracked 
| 126|0x0000000089a00000, 0x0000000089a00000, 0x0000000089b00000|  0%| F|  |TAMS 0x0000000089a00000, 0x0000000089a00000| Untracked 
| 127|0x0000000089b00000, 0x0000000089b00000, 0x0000000089c00000|  0%| F|  |TAMS 0x0000000089b00000, 0x0000000089b00000| Untracked 
| 128|0x0000000089c00000, 0x0000000089c00000, 0x0000000089d00000|  0%| F|  |TAMS 0x0000000089c00000, 0x0000000089c00000| Untracked 
| 129|0x0000000089d00000, 0x0000000089d00000, 0x0000000089e00000|  0%| F|  |TAMS 0x0000000089d00000, 0x0000000089d00000| Untracked 
| 130|0x0000000089e00000, 0x0000000089e00000, 0x0000000089f00000|  0%| F|  |TAMS 0x0000000089e00000, 0x0000000089e00000| Untracked 
| 131|0x0000000089f00000, 0x0000000089f00000, 0x000000008a000000|  0%| F|  |TAMS 0x0000000089f00000, 0x0000000089f00000| Untracked 
| 132|0x000000008a000000, 0x000000008a000000, 0x000000008a100000|  0%| F|  |TAMS 0x000000008a000000, 0x000000008a000000| Untracked 
| 133|0x000000008a100000, 0x000000008a100000, 0x000000008a200000|  0%| F|  |TAMS 0x000000008a100000, 0x000000008a100000| Untracked 
| 134|0x000000008a200000, 0x000000008a200000, 0x000000008a300000|  0%| F|  |TAMS 0x000000008a200000, 0x000000008a200000| Untracked 
| 135|0x000000008a300000, 0x000000008a300000, 0x000000008a400000|  0%| F|  |TAMS 0x000000008a300000, 0x000000008a300000| Untracked 
| 136|0x000000008a400000, 0x000000008a400000, 0x000000008a500000|  0%| F|  |TAMS 0x000000008a400000, 0x000000008a400000| Untracked 
| 137|0x000000008a500000, 0x000000008a500000, 0x000000008a600000|  0%| F|  |TAMS 0x000000008a500000, 0x000000008a500000| Untracked 
| 138|0x000000008a600000, 0x000000008a600000, 0x000000008a700000|  0%| F|  |TAMS 0x000000008a600000, 0x000000008a600000| Untracked 
| 139|0x000000008a700000, 0x000000008a700000, 0x000000008a800000|  0%| F|  |TAMS 0x000000008a700000, 0x000000008a700000| Untracked 
| 140|0x000000008a800000, 0x000000008a900000, 0x000000008a900000|100%| E|  |TAMS 0x000000008a800000, 0x000000008a800000| Complete 
| 141|0x000000008a900000, 0x000000008aa00000, 0x000000008aa00000|100%| E|CS|TAMS 0x000000008a900000, 0x000000008a900000| Complete 

Card table byte_map: [0x000002355de50000,0x000002355e250000] _byte_map_base: 0x000002355da42000

Marking Bits (Prev, Next): (CMBitMap*) 0x000002354635aa08, (CMBitMap*) 0x000002354635a9c8
 Prev Bits: [0x00000235605e0000, 0x0000023562570000)
 Next Bits: [0x000002355e650000, 0x00000235605e0000)

Polling page: 0x0000023545af0000

Metaspace:

Usage:
  Non-class:     22.40 MB capacity,    22.22 MB (>99%) used,   148.59 KB ( <1%) free+waste,    34.25 KB ( <1%) overhead. 
      Class:      4.11 MB capacity,     4.00 MB ( 97%) used,    97.52 KB (  2%) free+waste,    15.56 KB ( <1%) overhead. 
       Both:     26.51 MB capacity,    26.22 MB ( 99%) used,   246.11 KB ( <1%) free+waste,    49.81 KB ( <1%) overhead. 

Virtual space:
  Non-class space:       24.00 MB reserved,      22.50 MB ( 94%) committed 
      Class space:        1.00 GB reserved,       4.13 MB ( <1%) committed 
             Both:        1.02 GB reserved,      26.63 MB (  3%) committed 

Chunk freelists:
   Non-Class:  4.50 KB
       Class:  2.38 KB
        Both:  6.88 KB

CodeHeap 'non-profiled nmethods': size=120000Kb used=2142Kb max_used=2142Kb free=117857Kb
 bounds [0x00000235561f0000, 0x0000023556460000, 0x000002355d720000]
CodeHeap 'profiled nmethods': size=120000Kb used=5731Kb max_used=5731Kb free=114268Kb
 bounds [0x000002354ecc0000, 0x000002354f270000, 0x00000235561f0000]
CodeHeap 'non-nmethods': size=5760Kb used=1199Kb max_used=1304Kb free=4560Kb
 bounds [0x000002354e720000, 0x000002354e990000, 0x000002354ecc0000]
 total_blobs=4398 nmethods=2467 adapters=448
 compilation: enabled
              stopped_count=0, restarted_count=0
 full_count=0

Compilation events (10 events):
Event: 27.235 Thread 0x0000023564fcb000 nmethod 2891 0x000002354f260990 code [0x000002354f260b60, 0x000002354f260f78]
Event: 27.235 Thread 0x0000023564fcb000 2892       3       java.lang.Integer::compareTo (12 bytes)
Event: 27.236 Thread 0x0000023564fcb000 nmethod 2892 0x000002354f261090 code [0x000002354f261260, 0x000002354f2614f8]
Event: 27.236 Thread 0x0000023564fcb000 2893       3       java.lang.Integer::compare (20 bytes)
Event: 27.236 Thread 0x0000023564fcb000 nmethod 2893 0x000002354f261610 code [0x000002354f2617e0, 0x000002354f2619d8]
Event: 27.236 Thread 0x0000023564fcb000 2894       3       org.processmining.framework.plugin.PluginParameterBinding::compareTo (9 bytes)
Event: 27.236 Thread 0x0000023564fcb000 nmethod 2894 0x000002354f261a90 code [0x000002354f261c60, 0x000002354f261f30]
Event: 27.236 Thread 0x0000023564fcb000 2895       3       org.processmining.framework.plugin.PluginParameterBinding::compareTo (59 bytes)
Event: 27.237 Thread 0x0000023564fcb000 nmethod 2895 0x000002354f262010 code [0x000002354f262220, 0x000002354f262620]
Event: 27.268 Thread 0x0000023564fc2000 nmethod 2882 0x00000235563ff090 code [0x00000235563ff4c0, 0x0000023556403440]

GC Heap History (10 events):
Event: 26.683 GC heap before
{Heap before GC invocations=43 (full 0):
 garbage-first heap   total 131072K, used 110899K [0x0000000081c00000, 0x0000000100000000)
  region size 1024K, 40 young (40960K), 6 survivors (6144K)
 Metaspace       used 26820K, capacity 27145K, committed 27264K, reserved 1073152K
  class space    used 4091K, capacity 4205K, committed 4224K, reserved 1048576K
}
Event: 26.689 GC heap after
{Heap after GC invocations=44 (full 0):
 garbage-first heap   total 131072K, used 78050K [0x0000000081c00000, 0x0000000100000000)
  region size 1024K, 5 young (5120K), 5 survivors (5120K)
 Metaspace       used 26820K, capacity 27145K, committed 27264K, reserved 1073152K
  class space    used 4091K, capacity 4205K, committed 4224K, reserved 1048576K
}
Event: 26.813 GC heap before
{Heap before GC invocations=44 (full 0):
 garbage-first heap   total 131072K, used 110818K [0x0000000081c00000, 0x0000000100000000)
  region size 1024K, 37 young (37888K), 5 survivors (5120K)
 Metaspace       used 26828K, capacity 27145K, committed 27264K, reserved 1073152K
  class space    used 4091K, capacity 4205K, committed 4224K, reserved 1048576K
}
Event: 26.817 GC heap after
{Heap after GC invocations=45 (full 0):
 garbage-first heap   total 131072K, used 78178K [0x0000000081c00000, 0x0000000100000000)
  region size 1024K, 3 young (3072K), 3 survivors (3072K)
 Metaspace       used 26828K, capacity 27145K, committed 27264K, reserved 1073152K
  class space    used 4091K, capacity 4205K, committed 4224K, reserved 1048576K
}
Event: 27.000 GC heap before
{Heap before GC invocations=46 (full 0):
 garbage-first heap   total 142336K, used 111970K [0x0000000081c00000, 0x0000000100000000)
  region size 1024K, 36 young (36864K), 3 survivors (3072K)
 Metaspace       used 26836K, capacity 27145K, committed 27264K, reserved 1073152K
  class space    used 4091K, capacity 4205K, committed 4224K, reserved 1048576K
}
Event: 27.003 GC heap after
{Heap after GC invocations=47 (full 0):
 garbage-first heap   total 142336K, used 77983K [0x0000000081c00000, 0x0000000100000000)
  region size 1024K, 3 young (3072K), 3 survivors (3072K)
 Metaspace       used 26836K, capacity 27145K, committed 27264K, reserved 1073152K
  class space    used 4091K, capacity 4205K, committed 4224K, reserved 1048576K
}
Event: 27.119 GC heap before
{Heap before GC invocations=47 (full 0):
 garbage-first heap   total 142336K, used 117919K [0x0000000081c00000, 0x0000000100000000)
  region size 1024K, 42 young (43008K), 3 survivors (3072K)
 Metaspace       used 26843K, capacity 27145K, committed 27264K, reserved 1073152K
  class space    used 4091K, capacity 4205K, committed 4224K, reserved 1048576K
}
Event: 27.121 GC heap after
{Heap after GC invocations=48 (full 0):
 garbage-first heap   total 142336K, used 78084K [0x0000000081c00000, 0x0000000100000000)
  region size 1024K, 3 young (3072K), 3 survivors (3072K)
 Metaspace       used 26843K, capacity 27145K, committed 27264K, reserved 1073152K
  class space    used 4091K, capacity 4205K, committed 4224K, reserved 1048576K
}
Event: 27.270 GC heap before
{Heap before GC invocations=49 (full 0):
 garbage-first heap   total 145408K, used 119044K [0x0000000081c00000, 0x0000000100000000)
  region size 1024K, 43 young (44032K), 3 survivors (3072K)
 Metaspace       used 26849K, capacity 27145K, committed 27264K, reserved 1073152K
  class space    used 4091K, capacity 4205K, committed 4224K, reserved 1048576K
}
Event: 27.273 GC heap after
{Heap after GC invocations=50 (full 0):
 garbage-first heap   total 145408K, used 78069K [0x0000000081c00000, 0x0000000100000000)
  region size 1024K, 3 young (3072K), 3 survivors (3072K)
 Metaspace       used 26849K, capacity 27145K, committed 27264K, reserved 1073152K
  class space    used 4091K, capacity 4205K, committed 4224K, reserved 1048576K
}

Deoptimization events (10 events):
Event: 26.605 Thread 0x0000023546319000 Uncommon trap: reason=class_check action=maybe_recompile pc=0x0000023556398ea8 method=java.util.TreeMap.put(Ljava/lang/Object;Ljava/lang/Object;)Ljava/lang/Object; @ 127 c2
Event: 26.605 Thread 0x0000023546319000 Uncommon trap: reason=class_check action=maybe_recompile pc=0x0000023556398ea8 method=java.util.TreeMap.put(Ljava/lang/Object;Ljava/lang/Object;)Ljava/lang/Object; @ 127 c2
Event: 26.605 Thread 0x0000023546319000 Uncommon trap: reason=class_check action=maybe_recompile pc=0x0000023556398ea8 method=java.util.TreeMap.put(Ljava/lang/Object;Ljava/lang/Object;)Ljava/lang/Object; @ 127 c2
Event: 26.605 Thread 0x0000023546319000 Uncommon trap: reason=class_check action=maybe_recompile pc=0x0000023556398ea8 method=java.util.TreeMap.put(Ljava/lang/Object;Ljava/lang/Object;)Ljava/lang/Object; @ 127 c2
Event: 26.760 Thread 0x0000023546319000 Uncommon trap: reason=predicate action=maybe_recompile pc=0x00000235563e5288 method=java.util.TreeMap.put(Ljava/lang/Object;Ljava/lang/Object;)Ljava/lang/Object; @ 132 c2
Event: 26.842 Thread 0x0000023546319000 Uncommon trap: reason=profile_predicate action=maybe_recompile pc=0x00000235563e8f88 method=org.processmining.framework.plugin.PluginParameterBinding$Factory.tryToBind(Lorg/processmining/framework/plugin/PluginManager;Lorg/processmining/framework/plugin/P
Event: 26.842 Thread 0x0000023546319000 Uncommon trap: reason=profile_predicate action=maybe_recompile pc=0x00000235563e8f88 method=org.processmining.framework.plugin.PluginParameterBinding$Factory.tryToBind(Lorg/processmining/framework/plugin/PluginManager;Lorg/processmining/framework/plugin/P
Event: 26.842 Thread 0x0000023546319000 Uncommon trap: reason=profile_predicate action=maybe_recompile pc=0x00000235563e8f88 method=org.processmining.framework.plugin.PluginParameterBinding$Factory.tryToBind(Lorg/processmining/framework/plugin/PluginManager;Lorg/processmining/framework/plugin/P
Event: 26.843 Thread 0x0000023546319000 Uncommon trap: reason=profile_predicate action=maybe_recompile pc=0x00000235563e8f88 method=org.processmining.framework.plugin.PluginParameterBinding$Factory.tryToBind(Lorg/processmining/framework/plugin/PluginManager;Lorg/processmining/framework/plugin/P
Event: 27.032 Thread 0x0000023546319000 Uncommon trap: reason=unstable_if action=reinterpret pc=0x00000235563f454c method=org.processmining.framework.plugin.PluginParameterBinding$Factory.tryToBind(Lorg/processmining/framework/plugin/PluginManager;Lorg/processmining/framework/plugin/PluginDescr

Classes redefined (0 events):
No events

Internal exceptions (10 events):
Event: 0.501 Thread 0x0000023546319000 Exception <a 'java/lang/NoSuchMethodError'{0x000000008906df80}: java.lang.invoke.DirectMethodHandle$Holder.invokeSpecialIFC(Ljava/lang/Object;Ljava/lang/Object;I)I> (0x000000008906df80) thrown at [t:/workspace/open/src/hotspot/share/interpreter/linkResolv
Event: 4.307 Thread 0x0000023566b8d800 Exception <a 'java/lang/IncompatibleClassChangeError'{0x0000000088d929e8}: Found class java.lang.Object, but interface was expected> (0x0000000088d929e8) thrown at [t:/workspace/open/src/hotspot/share/interpreter/linkResolver.cpp, line 843]
Event: 4.829 Thread 0x0000023566b8d800 Exception <a 'java/lang/ClassNotFoundException'{0x0000000087eb0538}: sun/awt/resources/spi/awtProvider> (0x0000000087eb0538) thrown at [t:/workspace/open/src/hotspot/share/classfile/systemDictionary.cpp, line 235]
Event: 4.861 Thread 0x0000023566b8d800 Exception <a 'java/io/FileNotFoundException'{0x0000000087decf68}> (0x0000000087decf68) thrown at [t:/workspace/open/src/hotspot/share/prims/jni.cpp, line 615]
Event: 4.862 Thread 0x0000023566b8d800 Exception <a 'java/io/FileNotFoundException'{0x0000000087dee760}> (0x0000000087dee760) thrown at [t:/workspace/open/src/hotspot/share/prims/jni.cpp, line 615]
Event: 5.000 Thread 0x0000023566b8d800 Exception <a 'java/lang/NoSuchMethodError'{0x0000000087b4e9e0}: java.lang.invoke.DirectMethodHandle$Holder.invokeStaticInit(Ljava/lang/Object;IIII)Ljava/lang/Object;> (0x0000000087b4e9e0) thrown at [t:/workspace/open/src/hotspot/share/interpreter/linkReso
Event: 5.328 Thread 0x0000023566b8d800 Exception <a 'java/lang/NoSuchMethodError'{0x0000000087ba60c8}: java.lang.invoke.DirectMethodHandle$Holder.invokeStaticInit(Ljava/lang/Object;Ljava/lang/Object;IIII)Ljava/lang/Object;> (0x0000000087ba60c8) thrown at [t:/workspace/open/src/hotspot/share/in
Event: 5.388 Thread 0x0000023566b91000 Exception <a 'java/lang/NoSuchMethodError'{0x0000000087a49e30}: java.lang.invoke.DirectMethodHandle$Holder.invokeSpecial(Ljava/lang/Object;Ljava/lang/Object;)V> (0x0000000087a49e30) thrown at [t:/workspace/open/src/hotspot/share/interpreter/linkResolver.c
Event: 5.392 Thread 0x0000023566b8d800 Exception <a 'java/lang/NoSuchMethodError'{0x0000000087a3c718}: java.lang.invoke.DirectMethodHandle$Holder.invokeStatic(Ljava/lang/Object;Ljava/lang/Object;Ljava/lang/Object;Ljava/lang/Object;Ljava/lang/Object;Ljava/lang/Object;Ljava/lang/Object;J)Ljava/l
Event: 25.295 Thread 0x0000023546319000 Implicit null exception at 0x000002355630a64a to 0x000002355630adb2

Events (10 events):
Event: 27.240 Thread 0x0000023546319000 DEOPT PACKING pc=0x000002354f24f402 sp=0x000000b4f80fe6f0
Event: 27.240 Thread 0x0000023546319000 DEOPT UNPACKING pc=0x000002354e7499ce sp=0x000000b4f80fdbd0 mode 0
Event: 27.264 Thread 0x0000023546319000 DEOPT PACKING pc=0x000002354f24f402 sp=0x000000b4f80fe6f0
Event: 27.264 Thread 0x0000023546319000 DEOPT UNPACKING pc=0x000002354e7499ce sp=0x000000b4f80fdbd0 mode 0
Event: 27.269 Thread 0x0000023546319000 DEOPT PACKING pc=0x000002354f24f402 sp=0x000000b4f80fe6f0
Event: 27.269 Thread 0x0000023546319000 DEOPT UNPACKING pc=0x000002354e7499ce sp=0x000000b4f80fdbd0 mode 0
Event: 27.270 Executing VM operation: G1CollectForAllocation
Event: 27.273 Executing VM operation: G1CollectForAllocation done
Event: 27.278 Thread 0x0000023546319000 DEOPT PACKING pc=0x000002354f24f402 sp=0x000000b4f80fe6f0
Event: 27.278 Thread 0x0000023546319000 DEOPT UNPACKING pc=0x000002354e7499ce sp=0x000000b4f80fdbd0 mode 0


Dynamic libraries:
0x00007ff607530000 - 0x00007ff60753f000 	C:\Program Files\Java\jdk-12.0.2\bin\javaw.exe
0x00007ffe4fbf0000 - 0x00007ffe4fde5000 	C:\WINDOWS\SYSTEM32\ntdll.dll
0x00007ffe4f8c0000 - 0x00007ffe4f97d000 	C:\WINDOWS\System32\KERNEL32.DLL
0x00007ffe4d690000 - 0x00007ffe4d958000 	C:\WINDOWS\System32\KERNELBASE.dll
0x00007ffe4d960000 - 0x00007ffe4da60000 	C:\WINDOWS\System32\ucrtbase.dll
0x00007ffe10100000 - 0x00007ffe10118000 	C:\Program Files\Java\jdk-12.0.2\bin\jli.dll
0x00007ffe26be0000 - 0x00007ffe26bf6000 	C:\Program Files\Java\jdk-12.0.2\bin\VCRUNTIME140.dll
0x00007ffe4f2a0000 - 0x00007ffe4f34c000 	C:\WINDOWS\System32\ADVAPI32.dll
0x00007ffe4f7c0000 - 0x00007ffe4f85e000 	C:\WINDOWS\System32\msvcrt.dll
0x00007ffe4e900000 - 0x00007ffe4e99b000 	C:\WINDOWS\System32\sechost.dll
0x00007ffe4e3a0000 - 0x00007ffe4e4cb000 	C:\WINDOWS\System32\RPCRT4.dll
0x00007ffe4e6b0000 - 0x00007ffe4e850000 	C:\WINDOWS\System32\USER32.dll
0x00007ffe4dc20000 - 0x00007ffe4dc42000 	C:\WINDOWS\System32\win32u.dll
0x00007ffe29550000 - 0x00007ffe297ea000 	C:\WINDOWS\WinSxS\amd64_microsoft.windows.common-controls_6595b64144ccf1df_6.0.19041.844_none_ca00b6081b84eb1d\COMCTL32.dll
0x00007ffe4f980000 - 0x00007ffe4f9aa000 	C:\WINDOWS\System32\GDI32.dll
0x00007ffe4da60000 - 0x00007ffe4db6b000 	C:\WINDOWS\System32\gdi32full.dll
0x00007ffe4d5f0000 - 0x00007ffe4d68d000 	C:\WINDOWS\System32\msvcp_win.dll
0x00007ffe42f70000 - 0x00007ffe42f7a000 	C:\WINDOWS\SYSTEM32\VERSION.dll
0x00007ffe4efc0000 - 0x00007ffe4eff0000 	C:\WINDOWS\System32\IMM32.DLL
0x00007ffe0ffa0000 - 0x00007ffe1004a000 	C:\Program Files\Java\jdk-12.0.2\bin\msvcp140.dll
0x00007ffdeca70000 - 0x00007ffded5e7000 	C:\Program Files\Java\jdk-12.0.2\bin\server\jvm.dll
0x00007ffe4f070000 - 0x00007ffe4f078000 	C:\WINDOWS\System32\PSAPI.DLL
0x00007ffe323a0000 - 0x00007ffe323c7000 	C:\WINDOWS\SYSTEM32\WINMM.dll
0x00007ffe2cdc0000 - 0x00007ffe2cdc9000 	C:\WINDOWS\SYSTEM32\WSOCK32.dll
0x00007ffe4e9a0000 - 0x00007ffe4ea0b000 	C:\WINDOWS\System32\WS2_32.dll
0x00007ffe4bc00000 - 0x00007ffe4bc12000 	C:\WINDOWS\SYSTEM32\kernel.appcore.dll
0x00007ffe42d40000 - 0x00007ffe42d51000 	C:\Program Files\Java\jdk-12.0.2\bin\verify.dll
0x00007ffe4b920000 - 0x00007ffe4bb04000 	C:\WINDOWS\SYSTEM32\DBGHELP.DLL
0x00007ffe359c0000 - 0x00007ffe359ec000 	C:\WINDOWS\SYSTEM32\dbgcore.DLL
0x00007ffe4dba0000 - 0x00007ffe4dc20000 	C:\WINDOWS\System32\bcryptPrimitives.dll
0x00007ffe26b70000 - 0x00007ffe26b96000 	C:\Program Files\Java\jdk-12.0.2\bin\java.dll
0x00007ffe0ff80000 - 0x00007ffe0ff97000 	C:\Program Files\Java\jdk-12.0.2\bin\zip.dll
0x00007ffe35720000 - 0x00007ffe3572a000 	C:\Program Files\Java\jdk-12.0.2\bin\jimage.dll
0x00007ffe4dc50000 - 0x00007ffe4e392000 	C:\WINDOWS\System32\SHELL32.dll
0x00007ffe4b0b0000 - 0x00007ffe4b841000 	C:\WINDOWS\SYSTEM32\windows.storage.dll
0x00007ffe4eb40000 - 0x00007ffe4ee95000 	C:\WINDOWS\System32\combase.dll
0x00007ffe4ccd0000 - 0x00007ffe4ccfc000 	C:\WINDOWS\SYSTEM32\Wldp.dll
0x00007ffe4e850000 - 0x00007ffe4e8fe000 	C:\WINDOWS\System32\SHCORE.dll
0x00007ffe4e4d0000 - 0x00007ffe4e525000 	C:\WINDOWS\System32\shlwapi.dll
0x00007ffe4d270000 - 0x00007ffe4d28f000 	C:\WINDOWS\SYSTEM32\profapi.dll
0x00007ffe0bc80000 - 0x00007ffe0bc99000 	C:\Program Files\Java\jdk-12.0.2\bin\net.dll
0x00007ffe34a50000 - 0x00007ffe34b5b000 	C:\WINDOWS\SYSTEM32\WINHTTP.dll
0x00007ffe30e60000 - 0x00007ffe3104e000 	C:\WINDOWS\SYSTEM32\urlmon.dll
0x00007ffe36280000 - 0x00007ffe36530000 	C:\WINDOWS\SYSTEM32\iertutil.dll
0x00007ffe4ca40000 - 0x00007ffe4caaa000 	C:\WINDOWS\system32\mswsock.dll
0x00007ffe0ad20000 - 0x00007ffe0ad33000 	C:\Program Files\Java\jdk-12.0.2\bin\nio.dll
0x00007ffe43200000 - 0x00007ffe43209000 	C:\Program Files\Java\jdk-12.0.2\bin\prefs.dll
0x00007ffe4c770000 - 0x00007ffe4c83c000 	C:\WINDOWS\SYSTEM32\DNSAPI.dll
0x00007ffe4c730000 - 0x00007ffe4c76b000 	C:\WINDOWS\SYSTEM32\IPHLPAPI.DLL
0x00007ffe4e530000 - 0x00007ffe4e538000 	C:\WINDOWS\System32\NSI.dll
0x00007ffe348d0000 - 0x00007ffe348da000 	C:\Windows\System32\rasadhlp.dll
0x00007ffe349d0000 - 0x00007ffe34a4f000 	C:\WINDOWS\System32\fwpuclnt.dll
0x00007ffe4db70000 - 0x00007ffe4db97000 	C:\WINDOWS\System32\bcrypt.dll
0x00007ffdff960000 - 0x00007ffdffaff000 	C:\Program Files\Java\jdk-12.0.2\bin\awt.dll
0x00007ffe4fae0000 - 0x00007ffe4fbad000 	C:\WINDOWS\System32\OLEAUT32.dll
0x00007ffe48fd0000 - 0x00007ffe49590000 	C:\WINDOWS\SYSTEM32\d2d1.dll
0x00007ffe4a840000 - 0x00007ffe4a8d0000 	C:\WINDOWS\SYSTEM32\apphelp.dll
0x00007ffe4cc10000 - 0x00007ffe4cc28000 	C:\WINDOWS\SYSTEM32\CRYPTSP.dll
0x00007ffe4c3e0000 - 0x00007ffe4c414000 	C:\WINDOWS\system32\rsaenh.dll
0x00007ffe4d1f0000 - 0x00007ffe4d21e000 	C:\WINDOWS\SYSTEM32\USERENV.dll
0x00007ffe4cc30000 - 0x00007ffe4cc3c000 	C:\WINDOWS\SYSTEM32\CRYPTBASE.dll
0x00007ffe41340000 - 0x00007ffe41357000 	C:\WINDOWS\SYSTEM32\dhcpcsvc6.DLL
0x00007ffe415e0000 - 0x00007ffe415fd000 	C:\WINDOWS\SYSTEM32\dhcpcsvc.DLL
0x00007ffe4aa10000 - 0x00007ffe4aaae000 	C:\WINDOWS\system32\uxtheme.dll
0x00007ffe4eea0000 - 0x00007ffe4efb5000 	C:\WINDOWS\System32\MSCTF.dll
0x00007ffe4ea10000 - 0x00007ffe4eb3a000 	C:\WINDOWS\System32\ole32.dll

dbghelp: loaded successfully - version: 4.0.5 - missing functions: none
symbol engine: initialized successfully - sym options: 0x614 - pdb path: .;C:\Program Files\Java\jdk-12.0.2\bin;C:\WINDOWS\SYSTEM32;C:\WINDOWS\WinSxS\amd64_microsoft.windows.common-controls_6595b64144ccf1df_6.0.19041.844_none_ca00b6081b84eb1d;C:\Program Files\Java\jdk-12.0.2\bin\server

VM Arguments:
jvm_args: -Djava.system.class.loader=org.processmining.framework.util.ProMClassLoader -Dfile.encoding=UTF-8 
java_command: org.processmining.contexts.uitopia.UI
java_class_path (initial): D:\prom\PromBase\tests\bin-test;D:\prom\PromBase\bin;C:\Users\Rachmadita\.ivy2\cache\prom\ProM-Plugins\jars\ProM-Plugins-latest.jar;C:\Users\Rachmadita\.ivy2\cache\prom\ProM-Contexts\jars\ProM-Contexts-latest.jar;C:\Users\Rachmadita\.ivy2\cache\prom-libs\guava\jars\guava-16.0.1.jar;C:\Users\Rachmadita\.ivy2\cache\junit\junit\jars\junit-4.12.jar;C:\Users\Rachmadita\.ivy2\cache\prom-libs\bsh\jars\bsh-2.0b4.jar;C:\Users\Rachmadita\.ivy2\cache\prom-libs\Spex\jars\Spex-1.1.jar;C:\Users\Rachmadita\.ivy2\cache\prom-libs\Uitopia\jars\Uitopia-0.6-20190913.jar;C:\Users\Rachmadita\.ivy2\cache\prom-libs\UITopiaResources\jars\UITopiaResources-0.6-20190913.jar;C:\Users\Rachmadita\.ivy2\cache\prom\ProM-Framework\jars\ProM-Framework-latest.jar;C:\Users\Rachmadita\.ivy2\cache\org.apache.commons\commons-compress\jars\commons-compress-1.13.jar;C:\Users\Rachmadita\.ivy2\cache\commons-logging\commons-logging\jars\commons-logging-1.1.3.jar;C:\Users\Rachmadita\.ivy2\cache\prom-libs\jgraph\jars\jgraph-5.13.0.4.jar;C:\Users\Rachmadita\.ivy2\cache\com.brsanthu\google-analytics-java\jars\google-analytics-java-1.1.2.jar;C:\Users\Rachmadita\.ivy2\cache\org.apache.httpcomponents\httpclient\jars\httpclient-4.5.3.jar;C:\Users\Rachmadita\.ivy2\cache\org.apache.httpcomponents\httpcore\jars\httpcore-4.4.6.jar;C:\Users\Rachmadita\.ivy2\cache\org.apache.logging.log4j\log4j-api\jars\log4j-api-2.8.1.jar;C:\Users\Rachmadita\.ivy2\cache\org.apache.logging.log4j\log4j-core\jars\log4j-core-2.8.1.jar;C:\Users\Rachmadita\.ivy2\cache\org.apache.logging.log4j\log4j-slf4j-impl\jars\log4j-slf4j-impl-2.8.1.jar;C:\Users\Rachmadita\.ivy2\cache\prom-libs\jargs\jars\jargs-latest.jar;C:\Users\Rachmadita\.ivy2\cache\tablelayout\TableLayout\jars\TableLayout-20050920.jar;C:\Users\Rachmadita\.ivy2\cache\org.slf4j\slf4j-api\jars\slf4j-api-1.7.25.jar;C:\Users\Rachmadita\.ivy2\cache\prom-libs\slickerbox\jars\slickerbox-1.0rc1.jar;C:\Users\Rachmadita\.ivy2\cache\prom\ProM-Models\jars\ProM-Models-lat
Launcher Type: SUN_STANDARD

[Global flags]
     intx CICompilerCount                          = 4                                         {product} {ergonomic}
     uint ConcGCThreads                            = 2                                         {product} {ergonomic}
     uint G1ConcRefinementThreads                  = 8                                         {product} {ergonomic}
   size_t G1HeapRegionSize                         = 1048576                                   {product} {ergonomic}
    uintx GCDrainStackTargetSize                   = 64                                        {product} {ergonomic}
   size_t InitialHeapSize                          = 134217728                                 {product} {ergonomic}
   size_t MarkStackSize                            = 4194304                                   {product} {ergonomic}
   size_t MaxHeapSize                              = 2118123520                                {product} {ergonomic}
   size_t MaxNewSize                               = 1270874112                                {product} {ergonomic}
   size_t MinHeapDeltaBytes                        = 1048576                                   {product} {ergonomic}
    uintx NonNMethodCodeHeapSize                   = 5836300                                {pd product} {ergonomic}
    uintx NonProfiledCodeHeapSize                  = 122910970                              {pd product} {ergonomic}
    uintx ProfiledCodeHeapSize                     = 122910970                              {pd product} {ergonomic}
    uintx ReservedCodeCacheSize                    = 251658240                              {pd product} {ergonomic}
     bool SegmentedCodeCache                       = true                                      {product} {ergonomic}
     bool UseCompressedClassPointers               = true                                 {lp64_product} {ergonomic}
     bool UseCompressedOops                        = true                                 {lp64_product} {ergonomic}
     bool UseG1GC                                  = true                                      {product} {ergonomic}
     bool UseLargePagesIndividualAllocation        = false                                  {pd product} {ergonomic}

Logging:
Log output configuration:
 #0: stdout all=warning uptime,level,tags
 #1: stderr all=off uptime,level,tags

Environment Variables:
JAVA_HOME=C:\Program Files\OpenJDK\openjdk-8u282-b08
PATH=C:/Program Files/Java/jdk-12.0.2/bin/server;C:/Program Files/Java/jdk-12.0.2/bin;C:\ProgramData\Anaconda3;C:\ProgramData\Anaconda3\Library\mingw-w64\bin;C:\ProgramData\Anaconda3\Library\usr\bin;C:\ProgramData\Anaconda3\Library\bin;C:\ProgramData\Anaconda3\Scripts;C:\Program Files (x86)\Common Files\Oracle\Java\javapath;C:\WINDOWS\system32;C:\WINDOWS;C:\WINDOWS\System32\Wbem;C:\WINDOWS\System32\WindowsPowerShell\v1.0\;C:\WINDOWS\System32\OpenSSH\;C:\Program Files\Intel\WiFi\bin\;C:\Program Files\Common Files\Intel\WirelessCommon\;C:\xampp\php;C:\composer;C:\Program Files\SlikSvn\bin;C:\Program Files\TortoiseSVN\bin;C:\Program Files\Git\cmd;C:\Users\Rachmadita\AppData\Roaming\nvm;C:\Program Files\nodejs;C:\Program Files (x86)\adb;C:\Users\Rachmadita\AppData\Local\Android\Sdk;C:\ProgramData\chocolatey\bin;C:\Program Files\OpenJDK\openjdk-8u282-b08\bin;C:\Users\Rachmadita\AppData\Local\Microsoft\WindowsApps;C:\Users\Rachmadita\AppData\Local\atom\bin;C:\Users\Rachmadita\AppData\Roaming\Composer\vendor\bin;C:\Users\Rachmadita\AppData\Roaming\npm;C:\Program Files\heroku\bin;C:\Users\Rachmadita\AppData\Local\Programs\Microsoft VS Code\bin;C:\Users\Rachmadita\AppData\Local\Microsoft\WindowsApps;C:\Users\Rachmadita\AppData\Roaming\nvm;C:\Program Files\nodejs;;C:\WINDOWS\System32;
USERNAME=Rachmadita
OS=Windows_NT
PROCESSOR_IDENTIFIER=Intel64 Family 6 Model 142 Stepping 11, GenuineIntel



---------------  S Y S T E M  ---------------

OS: Windows 10 , 64 bit Build 19041 (10.0.19041.804)

CPU:total 8 (initial active 8) (4 cores per cpu, 2 threads per core) family 6 model 142 stepping 11, cmov, cx8, fxsr, mmx, sse, sse2, sse3, ssse3, sse4.1, sse4.2, popcnt, avx, avx2, aes, clmul, erms, 3dnowpref, lzcnt, ht, tsc, tscinvbit, bmi1, bmi2, adx, fma

Memory: 4k page, system-wide physical 8079M (1170M free)
TotalPageFile size 19855M (AvailPageFile size 11202M)
current process WorkingSet (physical memory assigned to process): 309M, peak: 309M
current process commit charge ("private bytes"): 361M, peak: 361M

vm_info: Java HotSpot(TM) 64-Bit Server VM (12.0.2+10) for windows-amd64 JRE (12.0.2+10), built on Jul 16 2019 01:56:17 by "mach5one" with MS VC++ 15.5 (VS2017)

END.
