#
# A fatal error has been detected by the Java Runtime Environment:
#
#  EXCEPTION_ACCESS_VIOLATION (0xc0000005) at pc=0x0000024350e74bee, pid=12432, tid=15324
#
# JRE version: Java(TM) SE Runtime Environment (12.0.2+10) (build 12.0.2+10)
# Java VM: Java HotSpot(TM) 64-Bit Server VM (12.0.2+10, mixed mode, sharing, tiered, compressed oops, g1 gc, windows-amd64)
# Problematic frame:
# J 2906 c2 org.processmining.framework.plugin.impl.PluginManagerImpl.checkIfRequestedReturnTypeIsPresent(Lorg/processmining/framework/plugin/PluginDescriptor;Ljava/lang/Class;)I (50 bytes) @ 0x0000024350e74bee [0x0000024350e74aa0+0x000000000000014e]
#
# No core dump will be written. Minidumps are not enabled by default on client versions of Windows
#
# If you would like to submit a bug report, please visit:
#   http://bugreport.java.com/bugreport/crash.jsp
#

---------------  S U M M A R Y ------------

Command Line: -Djava.system.class.loader=org.processmining.framework.util.ProMClassLoader -Dfile.encoding=UTF-8 org.processmining.contexts.uitopia.UI

Host: Intel(R) Core(TM) i7-8565U CPU @ 1.80GHz, 8 cores, 7G,  Windows 10 , 64 bit Build 19041 (10.0.19041.804)
Time: Thu Apr 15 16:36:13 2021 SE Asia Standard Time elapsed time: 26 seconds (0d 0h 0m 26s)

---------------  T H R E A D  ---------------

Current thread (0x0000024340e15800):  JavaThread "main" [_thread_in_Java, id=15324, stack(0x0000007aadd00000,0x0000007aade00000)]

Stack: [0x0000007aadd00000,0x0000007aade00000],  sp=0x0000007aaddfe5f0,  free space=1017k
Native frames: (J=compiled Java code, j=interpreted, Vv=VM code, C=native code)
C  0x0000024350e74bee


siginfo: EXCEPTION_ACCESS_VIOLATION (0xc0000005), reading address 0xffffffffffffffff


Register to memory mapping:

RIP=0x0000024350e74bee is at entry_point+334 in (nmethod*)0x0000024350e74890
RAX=0x0000024350e74ad0 is at entry_point+48 in (nmethod*)0x0000024350e74890
RBX=0x0000000000053510 is an unknown value
RCX=0x0000000082275dd0 points into unknown readable memory: 09 00 00 00 00 00 00 00
RDX=0x00000008001219f8 is pointing into metadata
RSP=0x0000007aaddfe5f0 is pointing into the stack for thread: 0x0000024340e15800
RBP=0x00000000865f31f0 points into unknown readable memory: 0d 00 00 00 00 00 00 00
RSI=0x000000080029a880 is pointing into metadata
RDI=0x00000000865f3208 points into unknown readable memory: 09 00 00 00 00 00 00 00
R8 =0x82275e4800000000 is an unknown value
R9 =0x0 is NULL
R10=0x0 is NULL
R11=0x0000000000000048 is an unknown value
R12=0x0 is NULL
R13=0x0000000000000001 is an unknown value
R14=0x000000080029a880 is pointing into metadata
R15=0x0000024340e15800 is a thread


Registers:
RAX=0x0000024350e74ad0, RBX=0x0000000000053510, RCX=0x0000000082275dd0, RDX=0x00000008001219f8
RSP=0x0000007aaddfe5f0, RBP=0x00000000865f31f0, RSI=0x000000080029a880, RDI=0x00000000865f3208
R8 =0x82275e4800000000, R9 =0x0000000000000000, R10=0x0000000000000000, R11=0x0000000000000048
R12=0x0000000000000000, R13=0x0000000000000001, R14=0x000000080029a880, R15=0x0000024340e15800
RIP=0x0000024350e74bee, EFLAGS=0x0000000000010297

Top of Stack: (sp=0x0000007aaddfe5f0)
0x0000007aaddfe5f0:   00000008011cc308 82275e4800000000
0x0000007aaddfe600:   0000007a00000001 0000007aaddfe630
0x0000007aaddfe610:   000002435ff31e40 0000000084d59440
0x0000007aaddfe620:   0000000000000001 0000024350e74ad0
0x0000007aaddfe630:   0000000000000000 0000000000000202
0x0000007aaddfe640:   0000007aaddfe8e8 0000024349d43f44
0x0000007aaddfe650:   00000000893e08e0 000002435ff31968
0x0000007aaddfe660:   000000080120bda8 00000000822e6ec0
0x0000007aaddfe670:   0000000000000001 000000080120bfb0
0x0000007aaddfe680:   0000007a893d9738 0000000085a53140
0x0000007aaddfe690:   0000007aaddfe8e8 79d2f39749d4c8d0
0x0000007aaddfe6a0:   0000000100000000 0000000087d45974
0x0000007aaddfe6b0:   0000007aaddfe750 00000000821fa7c8
0x0000007aaddfe6c0:   00000000893d9738 00000000893d9720
0x0000007aaddfe6d0:   000000008939a500 0000000087d44b08
0x0000007aaddfe6e0:   0000000087d44ad8 0000000082275c98 

Instructions: (pc=0x0000024350e74bee)
0x0000024350e74aee:   18 24 00 0f 85 07 0b 00 00 45 8b 50 1c 41 8b 5a
0x0000024350e74afe:   08 48 be 00 00 00 00 08 00 00 00 48 8d 34 de 48
0x0000024350e74b0e:   8b 56 20 49 bb f8 19 12 00 08 00 00 00 49 3b d3
0x0000024350e74b1e:   0f 85 3a 04 00 00 49 8b ea 81 fb 10 35 05 00 74
0x0000024350e74b2e:   15 81 fb 2a 0d 06 00 0f 85 57 0b 00 00 4c 8b dd
0x0000024350e74b3e:   45 8b 6b 10 eb 0b 4c 8b dd 45 8b 5b 10 45 8b 6b
0x0000024350e74b4e:   0c 45 85 ed 0f 8e d5 01 00 00 4d 8b 49 50 45 8b
0x0000024350e74b5e:   59 10 81 fb 10 35 05 00 0f 85 b7 0a 00 00 4c 89
0x0000024350e74b6e:   0c 24 4c 8b f6 4c 8b cd 45 8b 49 10 c4 c1 79 6e
0x0000024350e74b7e:   f1 45 8b 49 0c 44 89 4c 24 10 c4 c1 79 6e da c4
0x0000024350e74b8e:   c1 f9 6e c0 4c 8b 14 24 45 8b 52 08 c4 c1 79 6e
0x0000024350e74b9e:   e2 45 33 c9 c4 c1 f9 7e d2 41 8b 4a 20 4d 63 d3
0x0000024350e74bae:   c4 c1 f9 6e ea 44 8b 54 24 10 41 ff ca 49 b8 f8
0x0000024350e74bbe:   19 12 00 08 00 00 00 49 3b d0 0f 85 e4 03 00 00
0x0000024350e74bce:   44 8b 44 24 10 45 85 c0 0f 86 6a 0a 00 00 45 3b
0x0000024350e74bde:   d0 0f 83 39 0a 00 00 4c 8b 41 50 4c 89 44 24 08
0x0000024350e74bee:   45 8b 70 10 49 63 d6 81 fb 2a 0d 06 00 0f 85 5e
0x0000024350e74bfe:   01 00 00 44 8b 45 10 45 85 c0 0f 8c 76 0a 00 00
0x0000024350e74c0e:   45 85 c0 0f 84 36 0a 00 00 45 3b d0 0f 83 56 0a
0x0000024350e74c1e:   00 00 44 8b 45 14 41 8b 58 0c 85 db 0f 86 5b 0a
0x0000024350e74c2e:   00 00 44 3b d3 0f 83 44 0a 00 00 41 83 fb 20 0f
0x0000024350e74c3e:   84 15 02 00 00 eb 1a 4d 8b 97 08 01 00 00 41 85
0x0000024350e74c4e:   02 44 3b 4c 24 10 0f 8d d3 00 00 00 c4 c1 79 6e
0x0000024350e74c5e:   e3 44 8b 54 24 10 45 2b d1 41 bb e8 03 00 00 45
0x0000024350e74c6e:   3b d3 b9 e8 03 00 00 44 0f 4f d1 45 03 d1 eb 12
0x0000024350e74c7e:   c4 c1 79 7e e3 41 ff c1 45 3b ca 7d ba c4 c1 79
0x0000024350e74c8e:   6e e3 43 8b 4c 88 10 44 8b 59 08 41 81 fb 9d 23
0x0000024350e74c9e:   07 00 0f 85 c6 0a 00 00 48 8b 71 50 48 85 f6 0f
0x0000024350e74cae:   84 f2 08 00 00 c4 c1 f9 7e eb 4e 8b 1c 1e 48 8b
0x0000024350e74cbe:   0c 24 49 3b cb 74 60 c4 c1 79 7e e3 45 85 db 7d
0x0000024350e74cce:   b4 4c 8b 1c 16 48 8b 4c 24 08 49 3b cb 0f 84 f8
0x0000024350e74cde:   08 00 00 41 83 fe 20 75 97 48 3b f1 0f 84 e9 08 


Stack slot to memory mapping:
stack at sp + 0 slots: 0x00000008011cc308 is a pointer to class: 
javax.swing.JComponent {0x00000008011cc310}
stack at sp + 1 slots: 0x82275e4800000000 is an unknown value
stack at sp + 2 slots: 0x0000007a00000001 is an unknown value
stack at sp + 3 slots: 0x0000007aaddfe630 is pointing into the stack for thread: 0x0000024340e15800
stack at sp + 4 slots: {method} {0x000002435ff31e48} 'checkIfRequestedReturnTypeIsPresent' '(Lorg/processmining/framework/plugin/PluginDescriptor;Ljava/lang/Class;)I' in 'org/processmining/framework/plugin/impl/PluginManagerImpl'
stack at sp + 5 slots: 0x0000000084d59440 is an oop: org.processmining.framework.plugin.impl.PluginManagerImpl 
{0x0000000084d59440} - klass: 'org/processmining/framework/plugin/impl/PluginManagerImpl'
stack at sp + 6 slots: 0x0000000000000001 is an unknown value
stack at sp + 7 slots: 0x0000024350e74ad0 is at entry_point+48 in (nmethod*)0x0000024350e74890



---------------  P R O C E S S  ---------------

Threads class SMR info:
_java_thread_list=0x0000024363371db0, length=14, elements={
0x0000024340e15800, 0x000002435faa8800, 0x000002435faaa000, 0x000002435fac0000,
0x000002435fac2000, 0x000002435fac4800, 0x000002435facb800, 0x000002435fad5800,
0x0000024360510800, 0x00000243605df800, 0x0000024361974800, 0x0000024361977000,
0x0000024365085800, 0x000002436154f800
}

Java Threads: ( => current thread )
=>0x0000024340e15800 JavaThread "main" [_thread_in_Java, id=15324, stack(0x0000007aadd00000,0x0000007aade00000)]
  0x000002435faa8800 JavaThread "Reference Handler" daemon [_thread_blocked, id=16096, stack(0x0000007aae400000,0x0000007aae500000)]
  0x000002435faaa000 JavaThread "Finalizer" daemon [_thread_blocked, id=2848, stack(0x0000007aae500000,0x0000007aae600000)]
  0x000002435fac0000 JavaThread "Signal Dispatcher" daemon [_thread_blocked, id=12376, stack(0x0000007aae600000,0x0000007aae700000)]
  0x000002435fac2000 JavaThread "Attach Listener" daemon [_thread_blocked, id=4084, stack(0x0000007aae700000,0x0000007aae800000)]
  0x000002435fac4800 JavaThread "C2 CompilerThread0" daemon [_thread_in_native, id=3592, stack(0x0000007aae800000,0x0000007aae900000)]
  0x000002435facb800 JavaThread "C1 CompilerThread0" daemon [_thread_blocked, id=10476, stack(0x0000007aae900000,0x0000007aaea00000)]
  0x000002435fad5800 JavaThread "Sweeper thread" daemon [_thread_blocked, id=4056, stack(0x0000007aaea00000,0x0000007aaeb00000)]
  0x0000024360510800 JavaThread "Common-Cleaner" daemon [_thread_blocked, id=18972, stack(0x0000007aaeb00000,0x0000007aaec00000)]
  0x00000243605df800 JavaThread "Service Thread" daemon [_thread_blocked, id=512, stack(0x0000007aaec00000,0x0000007aaed00000)]
  0x0000024361974800 JavaThread "Java2D Disposer" daemon [_thread_blocked, id=14464, stack(0x0000007aaee00000,0x0000007aaef00000)]
  0x0000024361977000 JavaThread "AWT-Windows" daemon [_thread_in_native, id=23504, stack(0x0000007aaf200000,0x0000007aaf300000)]
  0x0000024365085800 JavaThread "C2 CompilerThread1" daemon [_thread_blocked, id=11056, stack(0x0000007aaef00000,0x0000007aaf000000)]
  0x000002436154f800 JavaThread "C2 CompilerThread2" daemon [_thread_in_native, id=12836, stack(0x0000007aaf500000,0x0000007aaf600000)]

Other Threads:
  0x000002435faa7800 VMThread "VM Thread" [stack: 0x0000007aae300000,0x0000007aae400000] [id=12024]
  0x00000243605e0800 WatcherThread [stack: 0x0000007aaed00000,0x0000007aaee00000] [id=5972]
  0x0000024340e57000 GCTaskThread "GC Thread#0" [stack: 0x0000007aade00000,0x0000007aadf00000] [id=23152]
  0x000002436198e000 GCTaskThread "GC Thread#1" [stack: 0x0000007aaf000000,0x0000007aaf100000] [id=20844]
  0x000002436198e800 GCTaskThread "GC Thread#2" [stack: 0x0000007aaf100000,0x0000007aaf200000] [id=15832]
  0x00000243619b3000 GCTaskThread "GC Thread#3" [stack: 0x0000007aaf300000,0x0000007aaf400000] [id=15168]
  0x0000024361aff800 GCTaskThread "GC Thread#4" [stack: 0x0000007aaf400000,0x0000007aaf500000] [id=15900]
  0x0000024361b2d000 GCTaskThread "GC Thread#5" [stack: 0x0000007aaf600000,0x0000007aaf700000] [id=21832]
  0x00000243630f7000 GCTaskThread "GC Thread#6" [stack: 0x0000007ab0500000,0x0000007ab0600000] [id=19716]
  0x0000024363407800 GCTaskThread "GC Thread#7" [stack: 0x0000007ab0600000,0x0000007ab0700000] [id=2084]
  0x0000024340e67800 ConcurrentGCThread "G1 Main Marker" [stack: 0x0000007aadf00000,0x0000007aae000000] [id=6620]
  0x0000024340e6a000 ConcurrentGCThread "G1 Conc#0" [stack: 0x0000007aae000000,0x0000007aae100000] [id=7608]
  0x0000024364a75000 ConcurrentGCThread "G1 Conc#1" [stack: 0x0000007aaf900000,0x0000007aafa00000] [id=6708]
  0x000002435f920800 ConcurrentGCThread "G1 Refine#0" [stack: 0x0000007aae100000,0x0000007aae200000] [id=13148]
  0x000002435f921000 ConcurrentGCThread "G1 Young RemSet Sampling" [stack: 0x0000007aae200000,0x0000007aae300000] [id=11376]

Threads with active compile tasks:
C2 CompilerThread0  2898 %     4       org.processmining.framework.plugin.impl.PluginManagerImpl::find @ 41 (271 bytes)
C2 CompilerThread2  2861       4       org.processmining.framework.plugin.PluginParameterBinding$Factory::tryToBind (609 bytes)

VM state:not at safepoint (normal execution)

VM Mutex/Monitor currently owned by a thread: None

Heap address: 0x0000000081c00000, size: 2020 MB, Compressed Oops mode: 32-bit
Narrow klass base: 0x0000000800000000, Narrow klass shift: 3
Compressed class space size: 1073741824 Address: 0x0000000801190000

Heap:
 garbage-first heap   total 142336K, used 98251K [0x0000000081c00000, 0x0000000100000000)
  region size 1024K, 23 young (23552K), 2 survivors (2048K)
 Metaspace       used 26862K, capacity 27241K, committed 27392K, reserved 1073152K
  class space    used 4106K, capacity 4237K, committed 4352K, reserved 1048576K
Heap Regions: E=young(eden), S=young(survivor), O=old, HS=humongous(starts), HC=humongous(continues), CS=collection set, F=free, A=archive, TAMS=top-at-mark-start (previous, next)
|   0|0x0000000081c00000, 0x0000000081d00000, 0x0000000081d00000|100%|HS|  |TAMS 0x0000000081d00000, 0x0000000081c00000| Complete 
|   1|0x0000000081d00000, 0x0000000081e00000, 0x0000000081e00000|100%|HC|  |TAMS 0x0000000081e00000, 0x0000000081d00000| Complete 
|   2|0x0000000081e00000, 0x0000000081f00000, 0x0000000081f00000|100%|HS|  |TAMS 0x0000000081f00000, 0x0000000081e00000| Complete 
|   3|0x0000000081f00000, 0x0000000082000000, 0x0000000082000000|100%|HC|  |TAMS 0x0000000082000000, 0x0000000081f00000| Complete 
|   4|0x0000000082000000, 0x0000000082100000, 0x0000000082100000|100%| O|  |TAMS 0x0000000082100000, 0x0000000082000000| Untracked 
|   5|0x0000000082100000, 0x0000000082200000, 0x0000000082200000|100%| O|  |TAMS 0x0000000082200000, 0x0000000082100000| Untracked 
|   6|0x0000000082200000, 0x0000000082300000, 0x0000000082300000|100%| O|  |TAMS 0x0000000082300000, 0x0000000082200000| Untracked 
|   7|0x0000000082300000, 0x0000000082400000, 0x0000000082400000|100%|HS|  |TAMS 0x0000000082400000, 0x0000000082300000| Complete 
|   8|0x0000000082400000, 0x0000000082500000, 0x0000000082500000|100%|HC|  |TAMS 0x0000000082500000, 0x0000000082400000| Complete 
|   9|0x0000000082500000, 0x0000000082600000, 0x0000000082600000|100%|HS|  |TAMS 0x0000000082600000, 0x0000000082500000| Complete 
|  10|0x0000000082600000, 0x0000000082700000, 0x0000000082700000|100%|HC|  |TAMS 0x0000000082700000, 0x0000000082600000| Complete 
|  11|0x0000000082700000, 0x0000000082800000, 0x0000000082800000|100%| O|  |TAMS 0x0000000082800000, 0x0000000082700000| Untracked 
|  12|0x0000000082800000, 0x0000000082900000, 0x0000000082900000|100%| O|  |TAMS 0x0000000082900000, 0x0000000082800000| Untracked 
|  13|0x0000000082900000, 0x0000000082a00000, 0x0000000082a00000|100%| O|  |TAMS 0x0000000082a00000, 0x0000000082900000| Untracked 
|  14|0x0000000082a00000, 0x0000000082b00000, 0x0000000082b00000|100%| O|  |TAMS 0x0000000082b00000, 0x0000000082a00000| Untracked 
|  15|0x0000000082b00000, 0x0000000082c00000, 0x0000000082c00000|100%|HS|  |TAMS 0x0000000082c00000, 0x0000000082b00000| Complete 
|  16|0x0000000082c00000, 0x0000000082d00000, 0x0000000082d00000|100%| O|  |TAMS 0x0000000082d00000, 0x0000000082c00000| Untracked 
|  17|0x0000000082d00000, 0x0000000082e00000, 0x0000000082e00000|100%| O|  |TAMS 0x0000000082e00000, 0x0000000082d00000| Untracked 
|  18|0x0000000082e00000, 0x0000000082f00000, 0x0000000082f00000|100%| O|  |TAMS 0x0000000082f00000, 0x0000000082e00000| Untracked 
|  19|0x0000000082f00000, 0x0000000083000000, 0x0000000083000000|100%| O|  |TAMS 0x0000000083000000, 0x0000000082f00000| Untracked 
|  20|0x0000000083000000, 0x0000000083100000, 0x0000000083100000|100%| O|  |TAMS 0x0000000083100000, 0x0000000083000000| Untracked 
|  21|0x0000000083100000, 0x0000000083200000, 0x0000000083200000|100%| O|  |TAMS 0x0000000083200000, 0x0000000083100000| Untracked 
|  22|0x0000000083200000, 0x0000000083300000, 0x0000000083300000|100%|HS|  |TAMS 0x0000000083300000, 0x0000000083200000| Complete 
|  23|0x0000000083300000, 0x0000000083400000, 0x0000000083400000|100%|HC|  |TAMS 0x0000000083400000, 0x0000000083300000| Complete 
|  24|0x0000000083400000, 0x0000000083500000, 0x0000000083500000|100%|HC|  |TAMS 0x0000000083500000, 0x0000000083400000| Complete 
|  25|0x0000000083500000, 0x0000000083600000, 0x0000000083600000|100%|HS|  |TAMS 0x0000000083600000, 0x0000000083500000| Complete 
|  26|0x0000000083600000, 0x0000000083700000, 0x0000000083700000|100%|HC|  |TAMS 0x0000000083700000, 0x0000000083600000| Complete 
|  27|0x0000000083700000, 0x0000000083800000, 0x0000000083800000|100%|HC|  |TAMS 0x0000000083800000, 0x0000000083700000| Complete 
|  28|0x0000000083800000, 0x0000000083900000, 0x0000000083900000|100%|HC|  |TAMS 0x0000000083900000, 0x0000000083800000| Complete 
|  29|0x0000000083900000, 0x0000000083a00000, 0x0000000083a00000|100%|HC|  |TAMS 0x0000000083a00000, 0x0000000083900000| Complete 
|  30|0x0000000083a00000, 0x0000000083b00000, 0x0000000083b00000|100%|HS|  |TAMS 0x0000000083b00000, 0x0000000083a00000| Complete 
|  31|0x0000000083b00000, 0x0000000083c00000, 0x0000000083c00000|100%|HC|  |TAMS 0x0000000083c00000, 0x0000000083b00000| Complete 
|  32|0x0000000083c00000, 0x0000000083d00000, 0x0000000083d00000|100%|HC|  |TAMS 0x0000000083d00000, 0x0000000083c00000| Complete 
|  33|0x0000000083d00000, 0x0000000083e00000, 0x0000000083e00000|100%|HC|  |TAMS 0x0000000083e00000, 0x0000000083d00000| Complete 
|  34|0x0000000083e00000, 0x0000000083f00000, 0x0000000083f00000|100%|HC|  |TAMS 0x0000000083f00000, 0x0000000083e00000| Complete 
|  35|0x0000000083f00000, 0x0000000084000000, 0x0000000084000000|100%|HS|  |TAMS 0x0000000084000000, 0x0000000083f00000| Complete 
|  36|0x0000000084000000, 0x0000000084100000, 0x0000000084100000|100%|HC|  |TAMS 0x0000000084100000, 0x0000000084000000| Complete 
|  37|0x0000000084100000, 0x0000000084200000, 0x0000000084200000|100%|HC|  |TAMS 0x0000000084200000, 0x0000000084100000| Complete 
|  38|0x0000000084200000, 0x0000000084300000, 0x0000000084300000|100%|HC|  |TAMS 0x0000000084300000, 0x0000000084200000| Complete 
|  39|0x0000000084300000, 0x0000000084400000, 0x0000000084400000|100%|HC|  |TAMS 0x0000000084400000, 0x0000000084300000| Complete 
|  40|0x0000000084400000, 0x0000000084500000, 0x0000000084500000|100%|HS|  |TAMS 0x0000000084500000, 0x0000000084400000| Complete 
|  41|0x0000000084500000, 0x0000000084600000, 0x0000000084600000|100%|HC|  |TAMS 0x0000000084600000, 0x0000000084500000| Complete 
|  42|0x0000000084600000, 0x0000000084700000, 0x0000000084700000|100%|HC|  |TAMS 0x0000000084700000, 0x0000000084600000| Complete 
|  43|0x0000000084700000, 0x0000000084800000, 0x0000000084800000|100%|HC|  |TAMS 0x0000000084800000, 0x0000000084700000| Complete 
|  44|0x0000000084800000, 0x0000000084900000, 0x0000000084900000|100%|HC|  |TAMS 0x0000000084900000, 0x0000000084800000| Complete 
|  45|0x0000000084900000, 0x0000000084a00000, 0x0000000084a00000|100%| O|  |TAMS 0x0000000084a00000, 0x0000000084900000| Untracked 
|  46|0x0000000084a00000, 0x0000000084b00000, 0x0000000084b00000|100%| O|  |TAMS 0x0000000084b00000, 0x0000000084a00000| Untracked 
|  47|0x0000000084b00000, 0x0000000084c00000, 0x0000000084c00000|100%| O|  |TAMS 0x0000000084c00000, 0x0000000084b00000| Untracked 
|  48|0x0000000084c00000, 0x0000000084d00000, 0x0000000084d00000|100%| O|  |TAMS 0x0000000084d00000, 0x0000000084c00000| Untracked 
|  49|0x0000000084d00000, 0x0000000084e00000, 0x0000000084e00000|100%| O|  |TAMS 0x0000000084e00000, 0x0000000084d00000| Untracked 
|  50|0x0000000084e00000, 0x0000000084f00000, 0x0000000084f00000|100%|HS|  |TAMS 0x0000000084f00000, 0x0000000084e00000| Complete 
|  51|0x0000000084f00000, 0x0000000085000000, 0x0000000085000000|100%|HS|  |TAMS 0x0000000085000000, 0x0000000084f00000| Complete 
|  52|0x0000000085000000, 0x0000000085100000, 0x0000000085100000|100%| O|  |TAMS 0x0000000085100000, 0x0000000085000000| Untracked 
|  53|0x0000000085100000, 0x0000000085200000, 0x0000000085200000|100%| O|  |TAMS 0x0000000085200000, 0x0000000085100000| Untracked 
|  54|0x0000000085200000, 0x0000000085300000, 0x0000000085300000|100%| O|  |TAMS 0x0000000085300000, 0x0000000085200000| Untracked 
|  55|0x0000000085300000, 0x0000000085400000, 0x0000000085400000|100%| O|  |TAMS 0x0000000085400000, 0x0000000085300000| Untracked 
|  56|0x0000000085400000, 0x0000000085500000, 0x0000000085500000|100%| O|  |TAMS 0x0000000085500000, 0x0000000085400000| Untracked 
|  57|0x0000000085500000, 0x0000000085600000, 0x0000000085600000|100%| O|  |TAMS 0x0000000085600000, 0x0000000085500000| Untracked 
|  58|0x0000000085600000, 0x0000000085700000, 0x0000000085700000|100%| O|  |TAMS 0x0000000085700000, 0x0000000085600000| Untracked 
|  59|0x0000000085700000, 0x0000000085800000, 0x0000000085800000|100%| O|  |TAMS 0x0000000085800000, 0x0000000085700000| Untracked 
|  60|0x0000000085800000, 0x0000000085900000, 0x0000000085900000|100%| O|  |TAMS 0x0000000085900000, 0x0000000085800000| Untracked 
|  61|0x0000000085900000, 0x0000000085a00000, 0x0000000085a00000|100%| O|  |TAMS 0x0000000085a00000, 0x0000000085900000| Untracked 
|  62|0x0000000085a00000, 0x0000000085b00000, 0x0000000085b00000|100%| O|  |TAMS 0x0000000085b00000, 0x0000000085a00000| Untracked 
|  63|0x0000000085b00000, 0x0000000085c00000, 0x0000000085c00000|100%| O|  |TAMS 0x0000000085c00000, 0x0000000085b00000| Untracked 
|  64|0x0000000085c00000, 0x0000000085d00000, 0x0000000085d00000|100%| O|  |TAMS 0x0000000085d00000, 0x0000000085c00000| Untracked 
|  65|0x0000000085d00000, 0x0000000085e00000, 0x0000000085e00000|100%| O|  |TAMS 0x0000000085e00000, 0x0000000085d00000| Untracked 
|  66|0x0000000085e00000, 0x0000000085f00000, 0x0000000085f00000|100%| O|  |TAMS 0x0000000085f00000, 0x0000000085e00000| Untracked 
|  67|0x0000000085f00000, 0x0000000086000000, 0x0000000086000000|100%|HS|  |TAMS 0x0000000086000000, 0x0000000085f00000| Complete 
|  68|0x0000000086000000, 0x0000000086100000, 0x0000000086100000|100%| O|  |TAMS 0x0000000086100000, 0x0000000086000000| Untracked 
|  69|0x0000000086100000, 0x0000000086200000, 0x0000000086200000|100%| O|  |TAMS 0x0000000086200000, 0x0000000086100000| Untracked 
|  70|0x0000000086200000, 0x0000000086300000, 0x0000000086300000|100%| O|  |TAMS 0x0000000086300000, 0x0000000086200000| Untracked 
|  71|0x0000000086300000, 0x0000000086400000, 0x0000000086400000|100%| O|  |TAMS 0x0000000086400000, 0x0000000086300000| Untracked 
|  72|0x0000000086400000, 0x0000000086500000, 0x0000000086500000|100%| O|  |TAMS 0x0000000086500000, 0x0000000086400000| Untracked 
|  73|0x0000000086500000, 0x0000000086600000, 0x0000000086600000|100%| O|  |TAMS 0x0000000086600000, 0x0000000086500000| Untracked 
|  74|0x0000000086600000, 0x0000000086600000, 0x0000000086700000|  0%| F|  |TAMS 0x0000000086600000, 0x0000000086600000| Untracked 
|  75|0x0000000086700000, 0x0000000086700000, 0x0000000086800000|  0%| F|  |TAMS 0x0000000086700000, 0x0000000086700000| Untracked 
|  76|0x0000000086800000, 0x0000000086800000, 0x0000000086900000|  0%| F|  |TAMS 0x0000000086800000, 0x0000000086800000| Untracked 
|  77|0x0000000086900000, 0x0000000086900000, 0x0000000086a00000|  0%| F|  |TAMS 0x0000000086900000, 0x0000000086900000| Untracked 
|  78|0x0000000086a00000, 0x0000000086a00000, 0x0000000086b00000|  0%| F|  |TAMS 0x0000000086a00000, 0x0000000086a00000| Untracked 
|  79|0x0000000086b00000, 0x0000000086b00000, 0x0000000086c00000|  0%| F|  |TAMS 0x0000000086b00000, 0x0000000086b00000| Untracked 
|  80|0x0000000086c00000, 0x0000000086c00000, 0x0000000086d00000|  0%| F|  |TAMS 0x0000000086c00000, 0x0000000086c00000| Untracked 
|  81|0x0000000086d00000, 0x0000000086d00000, 0x0000000086e00000|  0%| F|  |TAMS 0x0000000086d00000, 0x0000000086d00000| Untracked 
|  82|0x0000000086e00000, 0x0000000086e00000, 0x0000000086f00000|  0%| F|  |TAMS 0x0000000086e00000, 0x0000000086e00000| Untracked 
|  83|0x0000000086f00000, 0x0000000086f00000, 0x0000000087000000|  0%| F|  |TAMS 0x0000000086f00000, 0x0000000086f00000| Untracked 
|  84|0x0000000087000000, 0x0000000087000000, 0x0000000087100000|  0%| F|  |TAMS 0x0000000087000000, 0x0000000087000000| Untracked 
|  85|0x0000000087100000, 0x0000000087100000, 0x0000000087200000|  0%| F|  |TAMS 0x0000000087100000, 0x0000000087100000| Untracked 
|  86|0x0000000087200000, 0x0000000087200000, 0x0000000087300000|  0%| F|  |TAMS 0x0000000087200000, 0x0000000087200000| Untracked 
|  87|0x0000000087300000, 0x0000000087300000, 0x0000000087400000|  0%| F|  |TAMS 0x0000000087300000, 0x0000000087300000| Untracked 
|  88|0x0000000087400000, 0x0000000087400000, 0x0000000087500000|  0%| F|  |TAMS 0x0000000087400000, 0x0000000087400000| Untracked 
|  89|0x0000000087500000, 0x0000000087500000, 0x0000000087600000|  0%| F|  |TAMS 0x0000000087500000, 0x0000000087500000| Untracked 
|  90|0x0000000087600000, 0x0000000087600000, 0x0000000087700000|  0%| F|  |TAMS 0x0000000087600000, 0x0000000087600000| Untracked 
|  91|0x0000000087700000, 0x0000000087700000, 0x0000000087800000|  0%| F|  |TAMS 0x0000000087700000, 0x0000000087700000| Untracked 
|  92|0x0000000087800000, 0x0000000087800000, 0x0000000087900000|  0%| F|  |TAMS 0x0000000087800000, 0x0000000087800000| Untracked 
|  93|0x0000000087900000, 0x0000000087900000, 0x0000000087a00000|  0%| F|  |TAMS 0x0000000087900000, 0x0000000087900000| Untracked 
|  94|0x0000000087a00000, 0x0000000087a00000, 0x0000000087b00000|  0%| F|  |TAMS 0x0000000087a00000, 0x0000000087a00000| Untracked 
|  95|0x0000000087b00000, 0x0000000087b00000, 0x0000000087c00000|  0%| F|  |TAMS 0x0000000087b00000, 0x0000000087b00000| Untracked 
|  96|0x0000000087c00000, 0x0000000087cf2e00, 0x0000000087d00000| 94%| S|CS|TAMS 0x0000000087c00000, 0x0000000087c00000| Complete 
|  97|0x0000000087d00000, 0x0000000087e00000, 0x0000000087e00000|100%| S|CS|TAMS 0x0000000087d00000, 0x0000000087d00000| Complete 
|  98|0x0000000087e00000, 0x0000000087e00000, 0x0000000087f00000|  0%| F|  |TAMS 0x0000000087e00000, 0x0000000087e00000| Untracked 
|  99|0x0000000087f00000, 0x0000000087f00000, 0x0000000088000000|  0%| F|  |TAMS 0x0000000087f00000, 0x0000000087f00000| Untracked 
| 100|0x0000000088000000, 0x0000000088000000, 0x0000000088100000|  0%| F|  |TAMS 0x0000000088000000, 0x0000000088000000| Untracked 
| 101|0x0000000088100000, 0x0000000088100000, 0x0000000088200000|  0%| F|  |TAMS 0x0000000088100000, 0x0000000088100000| Untracked 
| 102|0x0000000088200000, 0x0000000088200000, 0x0000000088300000|  0%| F|  |TAMS 0x0000000088200000, 0x0000000088200000| Untracked 
| 103|0x0000000088300000, 0x0000000088300000, 0x0000000088400000|  0%| F|  |TAMS 0x0000000088300000, 0x0000000088300000| Untracked 
| 104|0x0000000088400000, 0x0000000088400000, 0x0000000088500000|  0%| F|  |TAMS 0x0000000088400000, 0x0000000088400000| Untracked 
| 105|0x0000000088500000, 0x0000000088500000, 0x0000000088600000|  0%| F|  |TAMS 0x0000000088500000, 0x0000000088500000| Untracked 
| 106|0x0000000088600000, 0x0000000088600000, 0x0000000088700000|  0%| F|  |TAMS 0x0000000088600000, 0x0000000088600000| Untracked 
| 107|0x0000000088700000, 0x0000000088700000, 0x0000000088800000|  0%| F|  |TAMS 0x0000000088700000, 0x0000000088700000| Untracked 
| 108|0x0000000088800000, 0x0000000088800000, 0x0000000088900000|  0%| F|  |TAMS 0x0000000088800000, 0x0000000088800000| Untracked 
| 109|0x0000000088900000, 0x0000000088900000, 0x0000000088a00000|  0%| F|  |TAMS 0x0000000088900000, 0x0000000088900000| Untracked 
| 110|0x0000000088a00000, 0x0000000088a00000, 0x0000000088b00000|  0%| F|  |TAMS 0x0000000088a00000, 0x0000000088a00000| Untracked 
| 111|0x0000000088b00000, 0x0000000088b00000, 0x0000000088c00000|  0%| F|  |TAMS 0x0000000088b00000, 0x0000000088b00000| Untracked 
| 112|0x0000000088c00000, 0x0000000088c00000, 0x0000000088d00000|  0%| F|  |TAMS 0x0000000088c00000, 0x0000000088c00000| Untracked 
| 113|0x0000000088d00000, 0x0000000088d00000, 0x0000000088e00000|  0%| F|  |TAMS 0x0000000088d00000, 0x0000000088d00000| Untracked 
| 114|0x0000000088e00000, 0x0000000088e00000, 0x0000000088f00000|  0%| F|  |TAMS 0x0000000088e00000, 0x0000000088e00000| Untracked 
| 115|0x0000000088f00000, 0x0000000088f00000, 0x0000000089000000|  0%| F|  |TAMS 0x0000000088f00000, 0x0000000088f00000| Untracked 
| 116|0x0000000089000000, 0x0000000089000000, 0x0000000089100000|  0%| F|  |TAMS 0x0000000089000000, 0x0000000089000000| Untracked 
| 117|0x0000000089100000, 0x0000000089100000, 0x0000000089200000|  0%| F|  |TAMS 0x0000000089100000, 0x0000000089100000| Untracked 
| 118|0x0000000089200000, 0x0000000089280800, 0x0000000089300000| 50%| E|  |TAMS 0x0000000089200000, 0x0000000089200000| Complete 
| 119|0x0000000089300000, 0x0000000089400000, 0x0000000089400000|100%| E|CS|TAMS 0x0000000089300000, 0x0000000089300000| Complete 
| 120|0x0000000089400000, 0x0000000089500000, 0x0000000089500000|100%| E|CS|TAMS 0x0000000089400000, 0x0000000089400000| Complete 
| 121|0x0000000089500000, 0x0000000089600000, 0x0000000089600000|100%| E|CS|TAMS 0x0000000089500000, 0x0000000089500000| Complete 
| 122|0x0000000089600000, 0x0000000089700000, 0x0000000089700000|100%| E|CS|TAMS 0x0000000089600000, 0x0000000089600000| Complete 
| 123|0x0000000089700000, 0x0000000089800000, 0x0000000089800000|100%| E|CS|TAMS 0x0000000089700000, 0x0000000089700000| Complete 
| 124|0x0000000089800000, 0x0000000089900000, 0x0000000089900000|100%| E|CS|TAMS 0x0000000089800000, 0x0000000089800000| Complete 
| 125|0x0000000089900000, 0x0000000089a00000, 0x0000000089a00000|100%| E|CS|TAMS 0x0000000089900000, 0x0000000089900000| Complete 
| 126|0x0000000089a00000, 0x0000000089b00000, 0x0000000089b00000|100%| E|CS|TAMS 0x0000000089a00000, 0x0000000089a00000| Complete 
| 127|0x0000000089b00000, 0x0000000089c00000, 0x0000000089c00000|100%| E|CS|TAMS 0x0000000089b00000, 0x0000000089b00000| Complete 
| 128|0x0000000089c00000, 0x0000000089d00000, 0x0000000089d00000|100%| E|CS|TAMS 0x0000000089c00000, 0x0000000089c00000| Complete 
| 129|0x0000000089d00000, 0x0000000089e00000, 0x0000000089e00000|100%| E|CS|TAMS 0x0000000089d00000, 0x0000000089d00000| Complete 
| 130|0x0000000089e00000, 0x0000000089f00000, 0x0000000089f00000|100%| E|CS|TAMS 0x0000000089e00000, 0x0000000089e00000| Complete 
| 131|0x0000000089f00000, 0x000000008a000000, 0x000000008a000000|100%| E|CS|TAMS 0x0000000089f00000, 0x0000000089f00000| Complete 
| 132|0x000000008a000000, 0x000000008a100000, 0x000000008a100000|100%| E|CS|TAMS 0x000000008a000000, 0x000000008a000000| Complete 
| 133|0x000000008a100000, 0x000000008a200000, 0x000000008a200000|100%| E|CS|TAMS 0x000000008a100000, 0x000000008a100000| Complete 
| 134|0x000000008a200000, 0x000000008a300000, 0x000000008a300000|100%| E|CS|TAMS 0x000000008a200000, 0x000000008a200000| Complete 
| 135|0x000000008a300000, 0x000000008a400000, 0x000000008a400000|100%| E|CS|TAMS 0x000000008a300000, 0x000000008a300000| Complete 
| 136|0x000000008a400000, 0x000000008a500000, 0x000000008a500000|100%| E|CS|TAMS 0x000000008a400000, 0x000000008a400000| Complete 
| 137|0x000000008a500000, 0x000000008a600000, 0x000000008a600000|100%| E|CS|TAMS 0x000000008a500000, 0x000000008a500000| Complete 
| 138|0x000000008a600000, 0x000000008a700000, 0x000000008a700000|100%| E|CS|TAMS 0x000000008a600000, 0x000000008a600000| Complete 

Card table byte_map: [0x0000024358950000,0x0000024358d50000] _byte_map_base: 0x0000024358542000

Marking Bits (Prev, Next): (CMBitMap*) 0x0000024340e59078, (CMBitMap*) 0x0000024340e59038
 Prev Bits: [0x000002435b0e0000, 0x000002435d070000)
 Next Bits: [0x0000024359150000, 0x000002435b0e0000)

Polling page: 0x00000243405f0000

Metaspace:

Usage:
  Non-class:     22.46 MB capacity,    22.22 MB ( 99%) used,   213.62 KB ( <1%) free+waste,    34.31 KB ( <1%) overhead. 
      Class:      4.14 MB capacity,     4.01 MB ( 97%) used,   114.57 KB (  3%) free+waste,    15.63 KB ( <1%) overhead. 
       Both:     26.60 MB capacity,    26.23 MB ( 99%) used,   328.19 KB (  1%) free+waste,    49.94 KB ( <1%) overhead. 

Virtual space:
  Non-class space:       24.00 MB reserved,      22.50 MB ( 94%) committed 
      Class space:        1.00 GB reserved,       4.25 MB ( <1%) committed 
             Both:        1.02 GB reserved,      26.75 MB (  3%) committed 

Chunk freelists:
   Non-Class:  4.50 KB
       Class:  2.38 KB
        Both:  6.88 KB

CodeHeap 'non-profiled nmethods': size=120000Kb used=2012Kb max_used=2210Kb free=117987Kb
 bounds [0x0000024350cf0000, 0x0000024350f60000, 0x0000024358220000]
CodeHeap 'profiled nmethods': size=120000Kb used=5655Kb max_used=5655Kb free=114344Kb
 bounds [0x00000243497c0000, 0x0000024349d60000, 0x0000024350cf0000]
CodeHeap 'non-nmethods': size=5760Kb used=1199Kb max_used=1285Kb free=4560Kb
 bounds [0x0000024349220000, 0x0000024349490000, 0x00000243497c0000]
 total_blobs=4420 nmethods=2459 adapters=448
 compilation: enabled
              stopped_count=0, restarted_count=0
 full_count=0

Compilation events (10 events):
Event: 26.423 Thread 0x000002435facb800 2902       3       java.lang.Integer::compareTo (12 bytes)
Event: 26.423 Thread 0x000002435facb800 nmethod 2902 0x0000024349d4ee10 code [0x0000024349d4efe0, 0x0000024349d4f278]
Event: 26.423 Thread 0x000002435facb800 2903       3       java.lang.Integer::compare (20 bytes)
Event: 26.423 Thread 0x000002435facb800 nmethod 2903 0x0000024349d4f390 code [0x0000024349d4f560, 0x0000024349d4f758]
Event: 26.423 Thread 0x000002435facb800 2904       3       org.processmining.framework.plugin.PluginParameterBinding::compareTo (9 bytes)
Event: 26.423 Thread 0x000002435facb800 nmethod 2904 0x0000024349d4f810 code [0x0000024349d4f9e0, 0x0000024349d4fcb0]
Event: 26.423 Thread 0x000002435facb800 2905       3       org.processmining.framework.plugin.PluginParameterBinding::compareTo (59 bytes)
Event: 26.424 Thread 0x000002435facb800 nmethod 2905 0x0000024349d4fd90 code [0x0000024349d4ffa0, 0x0000024349d503a0]
Event: 26.427 Thread 0x0000024365085800 2906       4       org.processmining.framework.plugin.impl.PluginManagerImpl::checkIfRequestedReturnTypeIsPresent (50 bytes)
Event: 26.474 Thread 0x0000024365085800 nmethod 2906 0x0000024350e74890 code [0x0000024350e74aa0, 0x0000024350e75858]

GC Heap History (10 events):
Event: 25.465 GC heap before
{Heap before GC invocations=41 (full 0):
 garbage-first heap   total 131072K, used 110482K [0x0000000081c00000, 0x0000000100000000)
  region size 1024K, 42 young (43008K), 5 survivors (5120K)
 Metaspace       used 26558K, capacity 26946K, committed 27008K, reserved 1073152K
  class space    used 4092K, capacity 4204K, committed 4224K, reserved 1048576K
}
Event: 25.470 GC heap after
{Heap after GC invocations=42 (full 0):
 garbage-first heap   total 131072K, used 76321K [0x0000000081c00000, 0x0000000100000000)
  region size 1024K, 6 young (6144K), 6 survivors (6144K)
 Metaspace       used 26558K, capacity 26946K, committed 27008K, reserved 1073152K
  class space    used 4092K, capacity 4204K, committed 4224K, reserved 1048576K
}
Event: 26.085 GC heap before
{Heap before GC invocations=43 (full 0):
 garbage-first heap   total 132096K, used 111137K [0x0000000081c00000, 0x0000000100000000)
  region size 1024K, 40 young (40960K), 6 survivors (6144K)
 Metaspace       used 26833K, capacity 27177K, committed 27392K, reserved 1073152K
  class space    used 4106K, capacity 4237K, committed 4352K, reserved 1048576K
}
Event: 26.090 GC heap after
{Heap after GC invocations=44 (full 0):
 garbage-first heap   total 132096K, used 78184K [0x0000000081c00000, 0x0000000100000000)
  region size 1024K, 3 young (3072K), 3 survivors (3072K)
 Metaspace       used 26833K, capacity 27177K, committed 27392K, reserved 1073152K
  class space    used 4106K, capacity 4237K, committed 4352K, reserved 1048576K
}
Event: 26.176 GC heap before
{Heap before GC invocations=44 (full 0):
 garbage-first heap   total 132096K, used 113000K [0x0000000081c00000, 0x0000000100000000)
  region size 1024K, 37 young (37888K), 3 survivors (3072K)
 Metaspace       used 26843K, capacity 27177K, committed 27392K, reserved 1073152K
  class space    used 4106K, capacity 4237K, committed 4352K, reserved 1048576K
}
Event: 26.178 GC heap after
{Heap after GC invocations=45 (full 0):
 garbage-first heap   total 132096K, used 77824K [0x0000000081c00000, 0x0000000100000000)
  region size 1024K, 2 young (2048K), 2 survivors (2048K)
 Metaspace       used 26843K, capacity 27177K, committed 27392K, reserved 1073152K
  class space    used 4106K, capacity 4237K, committed 4352K, reserved 1048576K
}
Event: 26.299 GC heap before
{Heap before GC invocations=46 (full 0):
 garbage-first heap   total 142336K, used 113664K [0x0000000081c00000, 0x0000000100000000)
  region size 1024K, 37 young (37888K), 2 survivors (2048K)
 Metaspace       used 26850K, capacity 27177K, committed 27392K, reserved 1073152K
  class space    used 4106K, capacity 4237K, committed 4352K, reserved 1048576K
}
Event: 26.301 GC heap after
{Heap after GC invocations=47 (full 0):
 garbage-first heap   total 142336K, used 77824K [0x0000000081c00000, 0x0000000100000000)
  region size 1024K, 2 young (2048K), 2 survivors (2048K)
 Metaspace       used 26850K, capacity 27177K, committed 27392K, reserved 1073152K
  class space    used 4106K, capacity 4237K, committed 4352K, reserved 1048576K
}
Event: 26.381 GC heap before
{Heap before GC invocations=47 (full 0):
 garbage-first heap   total 142336K, used 117760K [0x0000000081c00000, 0x0000000100000000)
  region size 1024K, 41 young (41984K), 2 survivors (2048K)
 Metaspace       used 26856K, capacity 27177K, committed 27392K, reserved 1073152K
  class space    used 4106K, capacity 4237K, committed 4352K, reserved 1048576K
}
Event: 26.383 GC heap after
{Heap after GC invocations=48 (full 0):
 garbage-first heap   total 142336K, used 77771K [0x0000000081c00000, 0x0000000100000000)
  region size 1024K, 2 young (2048K), 2 survivors (2048K)
 Metaspace       used 26856K, capacity 27177K, committed 27392K, reserved 1073152K
  class space    used 4106K, capacity 4237K, committed 4352K, reserved 1048576K
}

Deoptimization events (10 events):
Event: 25.397 Thread 0x0000024340e15800 Uncommon trap: reason=profile_predicate action=maybe_recompile pc=0x0000024350f0421c method=sun.security.provider.HashDrbg.addBytes([BI[[B)V @ 36 c2
Event: 25.397 Thread 0x0000024340e15800 Uncommon trap: reason=profile_predicate action=maybe_recompile pc=0x0000024350f0421c method=sun.security.provider.HashDrbg.addBytes([BI[[B)V @ 36 c2
Event: 25.717 Thread 0x0000024340e15800 Uncommon trap: reason=unstable_if action=reinterpret pc=0x0000024350e0254c method=java.util.concurrent.ConcurrentHashMap.putVal(Ljava/lang/Object;Ljava/lang/Object;Z)Ljava/lang/Object; @ 231 c2
Event: 26.001 Thread 0x0000024340e15800 Uncommon trap: reason=unstable_if action=reinterpret pc=0x0000024350e21f10 method=java.util.prefs.WindowsPreferences.toJavaValueString([B)Ljava/lang/String; @ 131 c2
Event: 26.008 Thread 0x0000024340e15800 Uncommon trap: reason=bimorphic_or_optimized_type_check action=maybe_recompile pc=0x0000024350ee17d4 method=java.util.TreeMap.compare(Ljava/lang/Object;Ljava/lang/Object;)I @ 12 c2
Event: 26.008 Thread 0x0000024340e15800 Uncommon trap: reason=class_check action=maybe_recompile pc=0x0000024350ee1950 method=java.util.TreeMap.put(Ljava/lang/Object;Ljava/lang/Object;)Ljava/lang/Object; @ 127 c2
Event: 26.009 Thread 0x0000024340e15800 Uncommon trap: reason=class_check action=maybe_recompile pc=0x0000024350ee1950 method=java.util.TreeMap.put(Ljava/lang/Object;Ljava/lang/Object;)Ljava/lang/Object; @ 127 c2
Event: 26.009 Thread 0x0000024340e15800 Uncommon trap: reason=class_check action=maybe_recompile pc=0x0000024350ee1950 method=java.util.TreeMap.put(Ljava/lang/Object;Ljava/lang/Object;)Ljava/lang/Object; @ 127 c2
Event: 26.009 Thread 0x0000024340e15800 Uncommon trap: reason=class_check action=maybe_recompile pc=0x0000024350ee1950 method=java.util.TreeMap.put(Ljava/lang/Object;Ljava/lang/Object;)Ljava/lang/Object; @ 127 c2
Event: 26.149 Thread 0x0000024340e15800 Uncommon trap: reason=predicate action=maybe_recompile pc=0x0000024350e7d31c method=java.util.TreeMap.put(Ljava/lang/Object;Ljava/lang/Object;)Ljava/lang/Object; @ 132 c2

Classes redefined (0 events):
No events

Internal exceptions (10 events):
Event: 0.485 Thread 0x0000024340e15800 Exception <a 'java/lang/NoSuchMethodError'{0x000000008906e928}: java.lang.invoke.DirectMethodHandle$Holder.invokeSpecialIFC(Ljava/lang/Object;Ljava/lang/Object;I)I> (0x000000008906e928) thrown at [t:/workspace/open/src/hotspot/share/interpreter/linkResolv
Event: 1.092 Thread 0x0000024361977800 Exception <a 'java/lang/IncompatibleClassChangeError'{0x00000000893ec220}: Found class java.lang.Object, but interface was expected> (0x00000000893ec220) thrown at [t:/workspace/open/src/hotspot/share/interpreter/linkResolver.cpp, line 843]
Event: 1.311 Thread 0x0000024361977800 Exception <a 'java/lang/ClassNotFoundException'{0x00000000886bf1a0}: sun/awt/resources/spi/awtProvider> (0x00000000886bf1a0) thrown at [t:/workspace/open/src/hotspot/share/classfile/systemDictionary.cpp, line 235]
Event: 1.322 Thread 0x0000024361977800 Exception <a 'java/io/FileNotFoundException'{0x00000000886ea510}> (0x00000000886ea510) thrown at [t:/workspace/open/src/hotspot/share/prims/jni.cpp, line 615]
Event: 1.322 Thread 0x0000024361977800 Exception <a 'java/io/FileNotFoundException'{0x00000000886ebf70}> (0x00000000886ebf70) thrown at [t:/workspace/open/src/hotspot/share/prims/jni.cpp, line 615]
Event: 1.377 Thread 0x0000024361977800 Exception <a 'java/lang/NoSuchMethodError'{0x00000000884a9000}: java.lang.invoke.DirectMethodHandle$Holder.invokeStaticInit(Ljava/lang/Object;IIII)Ljava/lang/Object;> (0x00000000884a9000) thrown at [t:/workspace/open/src/hotspot/share/interpreter/linkReso
Event: 4.521 Thread 0x0000024361977800 Exception <a 'java/lang/NoSuchMethodError'{0x0000000088300bc0}: java.lang.invoke.DirectMethodHandle$Holder.invokeStaticInit(Ljava/lang/Object;Ljava/lang/Object;IIII)Ljava/lang/Object;> (0x0000000088300bc0) thrown at [t:/workspace/open/src/hotspot/share/in
Event: 4.607 Thread 0x0000024361977000 Exception <a 'java/lang/NoSuchMethodError'{0x00000000883bdf28}: java.lang.invoke.DirectMethodHandle$Holder.invokeSpecial(Ljava/lang/Object;Ljava/lang/Object;)V> (0x00000000883bdf28) thrown at [t:/workspace/open/src/hotspot/share/interpreter/linkResolver.c
Event: 4.611 Thread 0x0000024361977800 Exception <a 'java/lang/NoSuchMethodError'{0x00000000883974a0}: java.lang.invoke.DirectMethodHandle$Holder.invokeStatic(Ljava/lang/Object;Ljava/lang/Object;Ljava/lang/Object;Ljava/lang/Object;Ljava/lang/Object;Ljava/lang/Object;Ljava/lang/Object;J)Ljava/l
Event: 24.881 Thread 0x0000024340e15800 Implicit null exception at 0x0000024350e086ca to 0x0000024350e08e32

Events (10 events):
Event: 26.424 Thread 0x0000024340e15800 DEOPT PACKING pc=0x0000024349d40d6f sp=0x0000007aaddfe460
Event: 26.424 Thread 0x0000024340e15800 DEOPT UNPACKING pc=0x00000243492499ce sp=0x0000007aaddfd9b8 mode 0
Event: 26.437 Thread 0x0000024340e15800 DEOPT PACKING pc=0x0000024349d45102 sp=0x0000007aaddfe650
Event: 26.437 Thread 0x0000024340e15800 DEOPT UNPACKING pc=0x00000243492499ce sp=0x0000007aaddfdb30 mode 0
Event: 26.460 Thread 0x0000024340e15800 DEOPT PACKING pc=0x0000024349d45102 sp=0x0000007aaddfe650
Event: 26.460 Thread 0x0000024340e15800 DEOPT UNPACKING pc=0x00000243492499ce sp=0x0000007aaddfdb30 mode 0
Event: 26.461 Thread 0x0000024340e15800 DEOPT PACKING pc=0x0000024349d40d2d sp=0x0000007aaddfe460
Event: 26.461 Thread 0x0000024340e15800 DEOPT UNPACKING pc=0x00000243492499ce sp=0x0000007aaddfd9b8 mode 0
Event: 26.467 Thread 0x0000024340e15800 DEOPT PACKING pc=0x0000024349d45102 sp=0x0000007aaddfe650
Event: 26.467 Thread 0x0000024340e15800 DEOPT UNPACKING pc=0x00000243492499ce sp=0x0000007aaddfdb30 mode 0


Dynamic libraries:
0x00007ff607530000 - 0x00007ff60753f000 	C:\Program Files\Java\jdk-12.0.2\bin\javaw.exe
0x00007ffe4fbf0000 - 0x00007ffe4fde5000 	C:\WINDOWS\SYSTEM32\ntdll.dll
0x00007ffe4f8c0000 - 0x00007ffe4f97d000 	C:\WINDOWS\System32\KERNEL32.DLL
0x00007ffe4d690000 - 0x00007ffe4d958000 	C:\WINDOWS\System32\KERNELBASE.dll
0x00007ffe4d960000 - 0x00007ffe4da60000 	C:\WINDOWS\System32\ucrtbase.dll
0x00007ffe10100000 - 0x00007ffe10118000 	C:\Program Files\Java\jdk-12.0.2\bin\jli.dll
0x00007ffe26be0000 - 0x00007ffe26bf6000 	C:\Program Files\Java\jdk-12.0.2\bin\VCRUNTIME140.dll
0x00007ffe4f2a0000 - 0x00007ffe4f34c000 	C:\WINDOWS\System32\ADVAPI32.dll
0x00007ffe4f7c0000 - 0x00007ffe4f85e000 	C:\WINDOWS\System32\msvcrt.dll
0x00007ffe4e900000 - 0x00007ffe4e99b000 	C:\WINDOWS\System32\sechost.dll
0x00007ffe4e3a0000 - 0x00007ffe4e4cb000 	C:\WINDOWS\System32\RPCRT4.dll
0x00007ffe4e6b0000 - 0x00007ffe4e850000 	C:\WINDOWS\System32\USER32.dll
0x00007ffe4dc20000 - 0x00007ffe4dc42000 	C:\WINDOWS\System32\win32u.dll
0x00007ffe4f980000 - 0x00007ffe4f9aa000 	C:\WINDOWS\System32\GDI32.dll
0x00007ffe4da60000 - 0x00007ffe4db6b000 	C:\WINDOWS\System32\gdi32full.dll
0x00007ffe4d5f0000 - 0x00007ffe4d68d000 	C:\WINDOWS\System32\msvcp_win.dll
0x00007ffe29550000 - 0x00007ffe297ea000 	C:\WINDOWS\WinSxS\amd64_microsoft.windows.common-controls_6595b64144ccf1df_6.0.19041.844_none_ca00b6081b84eb1d\COMCTL32.dll
0x00007ffe42f70000 - 0x00007ffe42f7a000 	C:\WINDOWS\SYSTEM32\VERSION.dll
0x00007ffe4efc0000 - 0x00007ffe4eff0000 	C:\WINDOWS\System32\IMM32.DLL
0x00007ffe0ffe0000 - 0x00007ffe1008a000 	C:\Program Files\Java\jdk-12.0.2\bin\msvcp140.dll
0x00007ffdeca70000 - 0x00007ffded5e7000 	C:\Program Files\Java\jdk-12.0.2\bin\server\jvm.dll
0x00007ffe4f070000 - 0x00007ffe4f078000 	C:\WINDOWS\System32\PSAPI.DLL
0x00007ffe2cdc0000 - 0x00007ffe2cdc9000 	C:\WINDOWS\SYSTEM32\WSOCK32.dll
0x00007ffe323a0000 - 0x00007ffe323c7000 	C:\WINDOWS\SYSTEM32\WINMM.dll
0x00007ffe4e9a0000 - 0x00007ffe4ea0b000 	C:\WINDOWS\System32\WS2_32.dll
0x00007ffe4bc00000 - 0x00007ffe4bc12000 	C:\WINDOWS\SYSTEM32\kernel.appcore.dll
0x00007ffe42d40000 - 0x00007ffe42d51000 	C:\Program Files\Java\jdk-12.0.2\bin\verify.dll
0x00007ffe4b920000 - 0x00007ffe4bb04000 	C:\WINDOWS\SYSTEM32\DBGHELP.DLL
0x00007ffe359c0000 - 0x00007ffe359ec000 	C:\WINDOWS\SYSTEM32\dbgcore.DLL
0x00007ffe4dba0000 - 0x00007ffe4dc20000 	C:\WINDOWS\System32\bcryptPrimitives.dll
0x00007ffe26b70000 - 0x00007ffe26b96000 	C:\Program Files\Java\jdk-12.0.2\bin\java.dll
0x00007ffe0ff80000 - 0x00007ffe0ff97000 	C:\Program Files\Java\jdk-12.0.2\bin\zip.dll
0x00007ffe35720000 - 0x00007ffe3572a000 	C:\Program Files\Java\jdk-12.0.2\bin\jimage.dll
0x00007ffe4dc50000 - 0x00007ffe4e392000 	C:\WINDOWS\System32\SHELL32.dll
0x00007ffe4b0b0000 - 0x00007ffe4b841000 	C:\WINDOWS\SYSTEM32\windows.storage.dll
0x00007ffe4eb40000 - 0x00007ffe4ee95000 	C:\WINDOWS\System32\combase.dll
0x00007ffe4ccd0000 - 0x00007ffe4ccfc000 	C:\WINDOWS\SYSTEM32\Wldp.dll
0x00007ffe4e850000 - 0x00007ffe4e8fe000 	C:\WINDOWS\System32\SHCORE.dll
0x00007ffe4e4d0000 - 0x00007ffe4e525000 	C:\WINDOWS\System32\shlwapi.dll
0x00007ffe4d270000 - 0x00007ffe4d28f000 	C:\WINDOWS\SYSTEM32\profapi.dll
0x00007ffe0bc80000 - 0x00007ffe0bc99000 	C:\Program Files\Java\jdk-12.0.2\bin\net.dll
0x00007ffe30e60000 - 0x00007ffe3104e000 	C:\WINDOWS\SYSTEM32\urlmon.dll
0x00007ffe34a50000 - 0x00007ffe34b5b000 	C:\WINDOWS\SYSTEM32\WINHTTP.dll
0x00007ffe36280000 - 0x00007ffe36530000 	C:\WINDOWS\SYSTEM32\iertutil.dll
0x00007ffe4ca40000 - 0x00007ffe4caaa000 	C:\WINDOWS\system32\mswsock.dll
0x00007ffe0ad20000 - 0x00007ffe0ad33000 	C:\Program Files\Java\jdk-12.0.2\bin\nio.dll
0x00007ffe43200000 - 0x00007ffe43209000 	C:\Program Files\Java\jdk-12.0.2\bin\prefs.dll
0x00007ffe4c770000 - 0x00007ffe4c83c000 	C:\WINDOWS\SYSTEM32\DNSAPI.dll
0x00007ffe4c730000 - 0x00007ffe4c76b000 	C:\WINDOWS\SYSTEM32\IPHLPAPI.DLL
0x00007ffe4e530000 - 0x00007ffe4e538000 	C:\WINDOWS\System32\NSI.dll
0x00007ffe348d0000 - 0x00007ffe348da000 	C:\Windows\System32\rasadhlp.dll
0x00007ffe349d0000 - 0x00007ffe34a4f000 	C:\WINDOWS\System32\fwpuclnt.dll
0x00007ffe4db70000 - 0x00007ffe4db97000 	C:\WINDOWS\System32\bcrypt.dll
0x00007ffdff960000 - 0x00007ffdffaff000 	C:\Program Files\Java\jdk-12.0.2\bin\awt.dll
0x00007ffe4fae0000 - 0x00007ffe4fbad000 	C:\WINDOWS\System32\OLEAUT32.dll
0x00007ffe48fd0000 - 0x00007ffe49590000 	C:\WINDOWS\SYSTEM32\d2d1.dll
0x00007ffe4a840000 - 0x00007ffe4a8d0000 	C:\WINDOWS\SYSTEM32\apphelp.dll
0x00007ffe4cc10000 - 0x00007ffe4cc28000 	C:\WINDOWS\SYSTEM32\CRYPTSP.dll
0x00007ffe4c3e0000 - 0x00007ffe4c414000 	C:\WINDOWS\system32\rsaenh.dll
0x00007ffe4d1f0000 - 0x00007ffe4d21e000 	C:\WINDOWS\SYSTEM32\USERENV.dll
0x00007ffe4cc30000 - 0x00007ffe4cc3c000 	C:\WINDOWS\SYSTEM32\CRYPTBASE.dll
0x00007ffe41340000 - 0x00007ffe41357000 	C:\WINDOWS\SYSTEM32\dhcpcsvc6.DLL
0x00007ffe415e0000 - 0x00007ffe415fd000 	C:\WINDOWS\SYSTEM32\dhcpcsvc.DLL
0x00007ffe4aa10000 - 0x00007ffe4aaae000 	C:\WINDOWS\system32\uxtheme.dll
0x00007ffe4eea0000 - 0x00007ffe4efb5000 	C:\WINDOWS\System32\MSCTF.dll
0x00007ffe4ea10000 - 0x00007ffe4eb3a000 	C:\WINDOWS\System32\ole32.dll

dbghelp: loaded successfully - version: 4.0.5 - missing functions: none
symbol engine: initialized successfully - sym options: 0x614 - pdb path: .;C:\Program Files\Java\jdk-12.0.2\bin;C:\WINDOWS\SYSTEM32;C:\WINDOWS\WinSxS\amd64_microsoft.windows.common-controls_6595b64144ccf1df_6.0.19041.844_none_ca00b6081b84eb1d;C:\Program Files\Java\jdk-12.0.2\bin\server

VM Arguments:
jvm_args: -Djava.system.class.loader=org.processmining.framework.util.ProMClassLoader -Dfile.encoding=UTF-8 
java_command: org.processmining.contexts.uitopia.UI
java_class_path (initial): D:\prom\PromBase\tests\bin-test;D:\prom\PromBase\bin;C:\Users\Rachmadita\.ivy2\cache\prom\ProM-Plugins\jars\ProM-Plugins-latest.jar;C:\Users\Rachmadita\.ivy2\cache\prom\ProM-Contexts\jars\ProM-Contexts-latest.jar;C:\Users\Rachmadita\.ivy2\cache\prom-libs\guava\jars\guava-16.0.1.jar;C:\Users\Rachmadita\.ivy2\cache\junit\junit\jars\junit-4.12.jar;C:\Users\Rachmadita\.ivy2\cache\prom-libs\bsh\jars\bsh-2.0b4.jar;C:\Users\Rachmadita\.ivy2\cache\prom-libs\Spex\jars\Spex-1.1.jar;C:\Users\Rachmadita\.ivy2\cache\prom-libs\Uitopia\jars\Uitopia-0.6-20190913.jar;C:\Users\Rachmadita\.ivy2\cache\prom-libs\UITopiaResources\jars\UITopiaResources-0.6-20190913.jar;C:\Users\Rachmadita\.ivy2\cache\prom\ProM-Framework\jars\ProM-Framework-latest.jar;C:\Users\Rachmadita\.ivy2\cache\org.apache.commons\commons-compress\jars\commons-compress-1.13.jar;C:\Users\Rachmadita\.ivy2\cache\commons-logging\commons-logging\jars\commons-logging-1.1.3.jar;C:\Users\Rachmadita\.ivy2\cache\prom-libs\jgraph\jars\jgraph-5.13.0.4.jar;C:\Users\Rachmadita\.ivy2\cache\com.brsanthu\google-analytics-java\jars\google-analytics-java-1.1.2.jar;C:\Users\Rachmadita\.ivy2\cache\org.apache.httpcomponents\httpclient\jars\httpclient-4.5.3.jar;C:\Users\Rachmadita\.ivy2\cache\org.apache.httpcomponents\httpcore\jars\httpcore-4.4.6.jar;C:\Users\Rachmadita\.ivy2\cache\org.apache.logging.log4j\log4j-api\jars\log4j-api-2.8.1.jar;C:\Users\Rachmadita\.ivy2\cache\org.apache.logging.log4j\log4j-core\jars\log4j-core-2.8.1.jar;C:\Users\Rachmadita\.ivy2\cache\org.apache.logging.log4j\log4j-slf4j-impl\jars\log4j-slf4j-impl-2.8.1.jar;C:\Users\Rachmadita\.ivy2\cache\prom-libs\jargs\jars\jargs-latest.jar;C:\Users\Rachmadita\.ivy2\cache\tablelayout\TableLayout\jars\TableLayout-20050920.jar;C:\Users\Rachmadita\.ivy2\cache\org.slf4j\slf4j-api\jars\slf4j-api-1.7.25.jar;C:\Users\Rachmadita\.ivy2\cache\prom-libs\slickerbox\jars\slickerbox-1.0rc1.jar;C:\Users\Rachmadita\.ivy2\cache\prom\ProM-Models\jars\ProM-Models-lat
Launcher Type: SUN_STANDARD

[Global flags]
     intx CICompilerCount                          = 4                                         {product} {ergonomic}
     uint ConcGCThreads                            = 2                                         {product} {ergonomic}
     uint G1ConcRefinementThreads                  = 8                                         {product} {ergonomic}
   size_t G1HeapRegionSize                         = 1048576                                   {product} {ergonomic}
    uintx GCDrainStackTargetSize                   = 64                                        {product} {ergonomic}
   size_t InitialHeapSize                          = 134217728                                 {product} {ergonomic}
   size_t MarkStackSize                            = 4194304                                   {product} {ergonomic}
   size_t MaxHeapSize                              = 2118123520                                {product} {ergonomic}
   size_t MaxNewSize                               = 1270874112                                {product} {ergonomic}
   size_t MinHeapDeltaBytes                        = 1048576                                   {product} {ergonomic}
    uintx NonNMethodCodeHeapSize                   = 5836300                                {pd product} {ergonomic}
    uintx NonProfiledCodeHeapSize                  = 122910970                              {pd product} {ergonomic}
    uintx ProfiledCodeHeapSize                     = 122910970                              {pd product} {ergonomic}
    uintx ReservedCodeCacheSize                    = 251658240                              {pd product} {ergonomic}
     bool SegmentedCodeCache                       = true                                      {product} {ergonomic}
     bool UseCompressedClassPointers               = true                                 {lp64_product} {ergonomic}
     bool UseCompressedOops                        = true                                 {lp64_product} {ergonomic}
     bool UseG1GC                                  = true                                      {product} {ergonomic}
     bool UseLargePagesIndividualAllocation        = false                                  {pd product} {ergonomic}

Logging:
Log output configuration:
 #0: stdout all=warning uptime,level,tags
 #1: stderr all=off uptime,level,tags

Environment Variables:
JAVA_HOME=C:\Program Files\OpenJDK\openjdk-8u282-b08
PATH=C:/Program Files/Java/jdk-12.0.2/bin/server;C:/Program Files/Java/jdk-12.0.2/bin;C:\ProgramData\Anaconda3;C:\ProgramData\Anaconda3\Library\mingw-w64\bin;C:\ProgramData\Anaconda3\Library\usr\bin;C:\ProgramData\Anaconda3\Library\bin;C:\ProgramData\Anaconda3\Scripts;C:\Program Files (x86)\Common Files\Oracle\Java\javapath;C:\WINDOWS\system32;C:\WINDOWS;C:\WINDOWS\System32\Wbem;C:\WINDOWS\System32\WindowsPowerShell\v1.0\;C:\WINDOWS\System32\OpenSSH\;C:\Program Files\Intel\WiFi\bin\;C:\Program Files\Common Files\Intel\WirelessCommon\;C:\xampp\php;C:\composer;C:\Program Files\SlikSvn\bin;C:\Program Files\TortoiseSVN\bin;C:\Program Files\Git\cmd;C:\Users\Rachmadita\AppData\Roaming\nvm;C:\Program Files\nodejs;C:\Program Files (x86)\adb;C:\Users\Rachmadita\AppData\Local\Android\Sdk;C:\ProgramData\chocolatey\bin;C:\Program Files\OpenJDK\openjdk-8u282-b08\bin;C:\Users\Rachmadita\AppData\Local\Microsoft\WindowsApps;C:\Users\Rachmadita\AppData\Local\atom\bin;C:\Users\Rachmadita\AppData\Roaming\Composer\vendor\bin;C:\Users\Rachmadita\AppData\Roaming\npm;C:\Program Files\heroku\bin;C:\Users\Rachmadita\AppData\Local\Programs\Microsoft VS Code\bin;C:\Users\Rachmadita\AppData\Local\Microsoft\WindowsApps;C:\Users\Rachmadita\AppData\Roaming\nvm;C:\Program Files\nodejs;;C:\WINDOWS\System32;
USERNAME=Rachmadita
OS=Windows_NT
PROCESSOR_IDENTIFIER=Intel64 Family 6 Model 142 Stepping 11, GenuineIntel



---------------  S Y S T E M  ---------------

OS: Windows 10 , 64 bit Build 19041 (10.0.19041.804)

CPU:total 8 (initial active 8) (4 cores per cpu, 2 threads per core) family 6 model 142 stepping 11, cmov, cx8, fxsr, mmx, sse, sse2, sse3, ssse3, sse4.1, sse4.2, popcnt, avx, avx2, aes, clmul, erms, 3dnowpref, lzcnt, ht, tsc, tscinvbit, bmi1, bmi2, adx, fma

Memory: 4k page, system-wide physical 8079M (1217M free)
TotalPageFile size 19855M (AvailPageFile size 11212M)
current process WorkingSet (physical memory assigned to process): 297M, peak: 297M
current process commit charge ("private bytes"): 343M, peak: 345M

vm_info: Java HotSpot(TM) 64-Bit Server VM (12.0.2+10) for windows-amd64 JRE (12.0.2+10), built on Jul 16 2019 01:56:17 by "mach5one" with MS VC++ 15.5 (VS2017)

END.
